OpenROAD v2.0-19576-gec1bf1a13 
Features included (+) or not (-): +GPU +GUI +Python : None
This program is licensed under the BSD-3 license. See the LICENSE file for details.
Components of this program may be licensed under more restrictive licenses which must be honored.
[INFO ORD-0030] Using 6 thread(s).
source /OpenROAD-flow-scripts/flow/platforms/nangate45/setRC.tcl
Perform port buffering...
[INFO RSZ-0027] Inserted 257 input buffers.
[INFO RSZ-0028] Inserted 129 output buffers.
Perform buffer insertion and gate resizing...
repair_design -verbose
[INFO RSZ-0058] Using max wire length 640um.
Iteration |   Area    | Resized | Buffers | Nets repaired | Remaining
---------------------------------------------------------------------
        0 |     +0.0% |       0 |       0 |             0 |     16555
     1000 |     -0.1% |      25 |       0 |             0 |     15555
     2000 |     -0.0% |      40 |       0 |             0 |     14555
     3000 |     -0.0% |      53 |       0 |             0 |     13555
     4000 |     -0.0% |      73 |       0 |             0 |     12555
     5000 |     -0.0% |      86 |       0 |             0 |     11555
     6000 |     +0.0% |     104 |       0 |             0 |     10555
     7000 |     +0.0% |     116 |       0 |             0 |      9555
     8000 |     +0.0% |     127 |       0 |             0 |      8555
     9000 |     +0.1% |     138 |       0 |             0 |      7555
    10000 |     +0.1% |     160 |       0 |             0 |      6555
    11000 |     +0.1% |     182 |       0 |             0 |      5555
    12000 |     +0.1% |     199 |       0 |             0 |      4555
    13000 |     +0.2% |     212 |       0 |             0 |      3555
    14000 |     +0.1% |     224 |       0 |             0 |      2555
    15000 |     +0.1% |     248 |       0 |             0 |      1555
    16000 |     +0.1% |     255 |       0 |             0 |       555
    final |     +0.2% |     333 |       0 |             0 |         0
---------------------------------------------------------------------
[INFO RSZ-0039] Resized 333 instances.
Took 13 seconds: repair_design -verbose
Repair tie lo fanout...
Repair tie hi fanout...
Floating nets: 
Report metrics stage 3, resizer...

==========================================================================
resizer report_design_area
--------------------------------------------------------------------------
Design area 25561 u^2 48% utilization.
Instance count before 15482, after 15868
Pin count before 55774, after 56546
Elapsed time: 0:51.85[h:]min:sec. CPU time: user 61.10 sys 6.83 (131%). Peak memory: 330804KB.
