OpenROAD v2.0-19576-gec1bf1a13 
Features included (+) or not (-): +GPU +GUI +Python : None
This program is licensed under the BSD-3 license. See the LICENSE file for details.
Components of this program may be licensed under more restrictive licenses which must be honored.
[INFO ORD-0030] Using 6 thread(s).
source /OpenROAD-flow-scripts/flow/platforms/nangate45/setRC.tcl
Placement Analysis
---------------------------------
total displacement      12858.7 u
average displacement        0.8 u
max displacement            5.0 u
original HPWL          255152.6 u
legalized HPWL         263082.8 u
delta HPWL                    3 %

Detailed placement improvement.
Importing netlist into detailed improver.
[INFO DPO-0100] Creating network with 15868 cells, 388 terminals, 16555 edges, 56934 pins, and 0 blockages.
[INFO DPO-0109] Network stats: inst 16256, edges 16555, pins 56934
[INFO DPO-0110] Number of regions is 1
[INFO DPO-0401] Setting random seed to 1.
[INFO DPO-0402] Setting maximum displacement 5 1 to 14000 2800 units.
[INFO DPO-0320] Collected 799 fixed cells.
[INFO DPO-0318] Collected 15457 single height cells.
[INFO DPO-0321] Collected 0 wide cells.
[INFO DPO-0322] Image (20140, 22400) - (479940, 481600)
[INFO DPO-0310] Assigned 15457 cells into segments.  Movement in X-direction is 0.000000, movement in Y-direction is 0.000000.
[INFO DPO-0313] Found 0 cells in wrong regions.
[INFO DPO-0315] Found 0 row alignment problems.
[INFO DPO-0314] Found 0 site alignment problems.
[INFO DPO-0311] Found 0 overlaps between adjacent cells.
[INFO DPO-0312] Found 0 edge spacing violations and 0 padding violations.
[INFO DPO-0303] Running algorithm for independent set matching.
[INFO DPO-0300] Set matching objective is wirelength.
[INFO DPO-0301] Pass   1 of matching; objective is 5.286022e+08.
[INFO DPO-0302] End of matching; objective is 5.281921e+08, improvement is 0.08 percent.
[INFO DPO-0303] Running algorithm for global swaps.
[INFO DPO-0306] Pass   1 of global swaps; hpwl is 5.175030e+08.
[INFO DPO-0306] Pass   2 of global swaps; hpwl is 5.136247e+08.
[INFO DPO-0307] End of global swaps; objective is 5.136247e+08, improvement is 2.76 percent.
[INFO DPO-0303] Running algorithm for vertical swaps.
[INFO DPO-0308] Pass   1 of vertical swaps; hpwl is 5.116051e+08.
[INFO DPO-0309] End of vertical swaps; objective is 5.116051e+08, improvement is 0.39 percent.
[INFO DPO-0303] Running algorithm for reordering.
[INFO DPO-0304] Pass   1 of reordering; objective is 5.092074e+08.
[INFO DPO-0305] End of reordering; objective is 5.092074e+08, improvement is 0.47 percent.
[INFO DPO-0303] Running algorithm for random improvement.
[INFO DPO-0324] Random improver is using displacement generator.
[INFO DPO-0325] Random improver is using hpwl objective.
[INFO DPO-0326] Random improver cost string is (a).
[INFO DPO-0332] End of pass, Generator displacement called 309140 times.
[INFO DPO-0335] Generator displacement, Cumulative attempts 309140, swaps 51017, moves 79812 since last reset.
[INFO DPO-0333] End of pass, Objective hpwl, Initial cost 5.082898e+08, Scratch cost 4.986660e+08, Incremental cost 4.986660e+08, Mismatch? N
[INFO DPO-0338] End of pass, Total cost is 4.986660e+08.
[INFO DPO-0327] Pass   1 of random improver; improvement in cost is 1.89 percent.
[INFO DPO-0332] End of pass, Generator displacement called 309140 times.
[INFO DPO-0335] Generator displacement, Cumulative attempts 618280, swaps 99986, moves 156909 since last reset.
[INFO DPO-0333] End of pass, Objective hpwl, Initial cost 4.986660e+08, Scratch cost 4.935682e+08, Incremental cost 4.935682e+08, Mismatch? N
[INFO DPO-0338] End of pass, Total cost is 4.935682e+08.
[INFO DPO-0327] Pass   2 of random improver; improvement in cost is 1.02 percent.
[INFO DPO-0332] End of pass, Generator displacement called 309140 times.
[INFO DPO-0335] Generator displacement, Cumulative attempts 927420, swaps 147260, moves 231670 since last reset.
[INFO DPO-0333] End of pass, Objective hpwl, Initial cost 4.935682e+08, Scratch cost 4.901604e+08, Incremental cost 4.901604e+08, Mismatch? N
[INFO DPO-0338] End of pass, Total cost is 4.901604e+08.
[INFO DPO-0327] Pass   3 of random improver; improvement in cost is 0.69 percent.
[INFO DPO-0328] End of random improver; improvement is 3.566743 percent.
[INFO DPO-0380] Cell flipping.
[INFO DPO-0382] Changed 7800 cell orientations for row compatibility.
[INFO DPO-0383] Performed 4846 cell flips.
[INFO DPO-0384] End of flipping; objective is 4.878481e+08, improvement is 0.66 percent.
[INFO DPO-0313] Found 0 cells in wrong regions.
[INFO DPO-0315] Found 0 row alignment problems.
[INFO DPO-0314] Found 0 site alignment problems.
[INFO DPO-0311] Found 0 overlaps between adjacent cells.
[INFO DPO-0312] Found 0 edge spacing violations and 0 padding violations.
Detailed Improvement Results
------------------------------------------
Original HPWL           263082.8 u
Final HPWL              242334.7 u
Delta HPWL                  -7.9 %

[INFO DPL-0020] Mirrored 1768 instances
[INFO DPL-0021] HPWL before          242334.7 u
[INFO DPL-0022] HPWL after           242176.2 u
[INFO DPL-0023] HPWL delta               -0.1 %
[INFO FLW-0012] Placement violations .
Report metrics stage 3, detailed place...

==========================================================================
detailed place report_design_area
--------------------------------------------------------------------------
Design area 25561 u^2 48% utilization.
Elapsed time: 0:57.27[h:]min:sec. CPU time: user 64.23 sys 5.30 (121%). Peak memory: 228596KB.
