
==========================================================================
global place report_tns
--------------------------------------------------------------------------
tns 0.00

==========================================================================
global place report_wns
--------------------------------------------------------------------------
wns 0.00

==========================================================================
global place report_worst_slack
--------------------------------------------------------------------------
worst slack 4.39

==========================================================================
global place report_checks -path_delay min
--------------------------------------------------------------------------
Startpoint: rst (input port clocked by clk)
Endpoint: qnr.qnt_cnt[5]$_DFFE_PN0P_
          (removal check against rising-edge clock clk)
Path Group: asynchronous
Path Type: min

Fanout     Cap    Slew   Delay    Time   Description
-----------------------------------------------------------------------------
                  0.00    0.00    0.00   clock clk (rise edge)
                          0.00    0.00   clock network delay (ideal)
                        180.00  180.00 ^ input external delay
    23   30.02    0.00    0.00  180.00 ^ rst (in)
                                         rst (net)
                 25.50    8.05  188.05 ^ qnr.qnt_cnt[5]$_DFFE_PN0P_/SETN (DFFASRHQNx1_ASAP7_75t_R)
                                188.05   data arrival time

                  0.00    0.00    0.00   clock clk (rise edge)
                          0.00    0.00   clock network delay (ideal)
                          0.00    0.00   clock reconvergence pessimism
                                  0.00 ^ qnr.qnt_cnt[5]$_DFFE_PN0P_/CLK (DFFASRHQNx1_ASAP7_75t_R)
                         13.87   13.87   library removal time
                                 13.87   data required time
-----------------------------------------------------------------------------
                                 13.87   data required time
                               -188.05   data arrival time
-----------------------------------------------------------------------------
                                174.18   slack (MET)


Startpoint: fdct_zigzag.dct_mod.dct_block_5.dct_unit_2.macu.result[13]$_DFFE_PP_
            (rising edge-triggered flip-flop clocked by clk)
Endpoint: fdct_zigzag.dct_mod.dct_block_5.dct_unit_2.macu.result[13]$_DFFE_PP_
          (rising edge-triggered flip-flop clocked by clk)
Path Group: clk
Path Type: min

Fanout     Cap    Slew   Delay    Time   Description
-----------------------------------------------------------------------------
                  0.00    0.00    0.00   clock clk (rise edge)
                          0.00    0.00   clock network delay (ideal)
                  0.00    0.00    0.00 ^ fdct_zigzag.dct_mod.dct_block_5.dct_unit_2.macu.result[13]$_DFFE_PP_/CLK (DFFHQNx2_ASAP7_75t_R)
     2    1.55   15.17   38.09   38.09 ^ fdct_zigzag.dct_mod.dct_block_5.dct_unit_2.macu.result[13]$_DFFE_PP_/QN (DFFHQNx2_ASAP7_75t_R)
                                         _007906_ (net)
                 15.17    0.00   38.09 ^ _085911_/B2 (OAI22x1_ASAP7_75t_R)
     1    0.68    6.10    7.16   45.25 v _085911_/Y (OAI22x1_ASAP7_75t_R)
                                         _012832_ (net)
                  6.10    0.02   45.27 v fdct_zigzag.dct_mod.dct_block_5.dct_unit_2.macu.result[13]$_DFFE_PP_/D (DFFHQNx2_ASAP7_75t_R)
                                 45.27   data arrival time

                  0.00    0.00    0.00   clock clk (rise edge)
                          0.00    0.00   clock network delay (ideal)
                          0.00    0.00   clock reconvergence pessimism
                                  0.00 ^ fdct_zigzag.dct_mod.dct_block_5.dct_unit_2.macu.result[13]$_DFFE_PP_/CLK (DFFHQNx2_ASAP7_75t_R)
                          7.18    7.18   library hold time
                                  7.18   data required time
-----------------------------------------------------------------------------
                                  7.18   data required time
                                -45.27   data arrival time
-----------------------------------------------------------------------------
                                 38.09   slack (MET)



==========================================================================
global place report_checks -path_delay max
--------------------------------------------------------------------------
Startpoint: rst (input port clocked by clk)
Endpoint: fdct_zigzag.dct_mod.ddin[2]$_DFFE_PN0P_
          (recovery check against rising-edge clock clk)
Path Group: asynchronous
Path Type: max

Fanout     Cap    Slew   Delay    Time   Description
-----------------------------------------------------------------------------
                  0.00    0.00    0.00   clock clk (rise edge)
                          0.00    0.00   clock network delay (ideal)
                        180.00  180.00 ^ input external delay
    23   36.25    0.00    0.00  180.00 ^ rst (in)
                                         rst (net)
                 68.05   21.47  201.47 ^ load_slew19/A (BUFx16f_ASAP7_75t_R)
    43   67.16   15.33   28.04  229.50 ^ load_slew19/Y (BUFx16f_ASAP7_75t_R)
                                         net19 (net)
                216.65   68.84  298.35 ^ fdct_zigzag.dct_mod.ddin[2]$_DFFE_PN0P_/SETN (DFFASRHQNx1_ASAP7_75t_R)
                                298.35   data arrival time

                  0.00  900.00  900.00   clock clk (rise edge)
                          0.00  900.00   clock network delay (ideal)
                          0.00  900.00   clock reconvergence pessimism
                                900.00 ^ fdct_zigzag.dct_mod.ddin[2]$_DFFE_PN0P_/CLK (DFFASRHQNx1_ASAP7_75t_R)
                        -22.97  877.03   library recovery time
                                877.03   data required time
-----------------------------------------------------------------------------
                                877.03   data required time
                               -298.35   data arrival time
-----------------------------------------------------------------------------
                                578.68   slack (MET)


Startpoint: fdct_zigzag.dct_mod.ddin[2]$_DFFE_PN0P_
            (rising edge-triggered flip-flop clocked by clk)
Endpoint: fdct_zigzag.dct_mod.dct_block_4.dct_unit_6.macu.mult_res[18]$_DFFE_PP_
          (rising edge-triggered flip-flop clocked by clk)
Path Group: clk
Path Type: max

Fanout     Cap    Slew   Delay    Time   Description
-----------------------------------------------------------------------------
                  0.00    0.00    0.00   clock clk (rise edge)
                          0.00    0.00   clock network delay (ideal)
                  0.00    0.00    0.00 ^ fdct_zigzag.dct_mod.ddin[2]$_DFFE_PN0P_/CLK (DFFASRHQNx1_ASAP7_75t_R)
     1    2.62   25.68   44.07   44.07 v fdct_zigzag.dct_mod.ddin[2]$_DFFE_PN0P_/QN (DFFASRHQNx1_ASAP7_75t_R)
                                         _006978_ (net)
                 25.68    0.01   44.08 v _062933_/A (BUFx12f_ASAP7_75t_R)
     7   19.44   14.19   21.73   65.81 v _062933_/Y (BUFx12f_ASAP7_75t_R)
                                         _015266_ (net)
                 14.32    0.73   66.54 v _062936_/A (BUFx16f_ASAP7_75t_R)
    10   34.33   15.95   19.45   86.00 v _062936_/Y (BUFx16f_ASAP7_75t_R)
                                         _015268_ (net)
                 46.37   13.45   99.45 v _063276_/A (BUFx16f_ASAP7_75t_R)
    10   35.22   14.04   27.94  127.38 v _063276_/Y (BUFx16f_ASAP7_75t_R)
                                         _015389_ (net)
                 89.31   27.96  155.34 v _063277_/A (BUFx16f_ASAP7_75t_R)
    10   40.92   12.23   33.60  188.95 v _063277_/Y (BUFx16f_ASAP7_75t_R)
                                         _015390_ (net)
                197.87   62.60  251.55 v _065666_/B (NOR2x2_ASAP7_75t_R)
     7   13.57   92.62   68.26  319.80 ^ _065666_/Y (NOR2x2_ASAP7_75t_R)
                                         _050833_ (net)
                 92.69    1.52  321.32 ^ _107544_/CI (FAx1_ASAP7_75t_R)
     4    6.86  159.79  148.74  470.05 v _107544_/SN (FAx1_ASAP7_75t_R)
                                         _050924_ (net)
                159.79    0.19  470.24 v _107561_/CI (FAx1_ASAP7_75t_R)
     2    4.04  105.49  124.68  594.92 v _107561_/SN (FAx1_ASAP7_75t_R)
                                         _050967_ (net)
                105.50    0.14  595.06 v _107562_/B (FAx1_ASAP7_75t_R)
     1    1.61   59.62   48.65  643.71 ^ _107562_/CON (FAx1_ASAP7_75t_R)
                                         _004797_ (net)
     1    0.82   33.91   19.01  662.72 v _107562_/SN (FAx1_ASAP7_75t_R)
                                         _050971_ (net)
                 33.91    0.02  662.74 v _099641_/A (INVx1_ASAP7_75t_R)
     1    2.24   21.76   17.31  680.05 ^ _099641_/Y (INVx1_ASAP7_75t_R)
                                         _050968_ (net)
                 21.76    0.03  680.08 ^ _107563_/B (FAx1_ASAP7_75t_R)
     1    1.62   30.60   23.03  703.11 v _107563_/CON (FAx1_ASAP7_75t_R)
                                         _004798_ (net)
     1    0.83   32.44   17.59  720.69 ^ _107563_/SN (FAx1_ASAP7_75t_R)
                                         _004794_ (net)
                 32.44    0.02  720.71 ^ _069154_/A (INVx1_ASAP7_75t_R)
     1    1.08   12.54   10.26  730.97 v _069154_/Y (INVx1_ASAP7_75t_R)
                                         _050969_ (net)
                 12.54    0.02  730.99 v _111784_/B (HAxp5_ASAP7_75t_R)
     2    1.93   41.63   40.01  771.00 v _111784_/SN (HAxp5_ASAP7_75t_R)
                                         _004795_ (net)
                 41.63    0.06  771.06 v _084263_/A (INVx1_ASAP7_75t_R)
     2    1.22   17.21   14.42  785.48 ^ _084263_/Y (INVx1_ASAP7_75t_R)
                                         _029479_ (net)
                 17.21    0.01  785.49 ^ _084264_/C (AND3x1_ASAP7_75t_R)
     2    1.42   15.28   24.58  810.07 ^ _084264_/Y (AND3x1_ASAP7_75t_R)
                                         _029480_ (net)
                 15.28    0.04  810.11 ^ _084265_/A (AND3x1_ASAP7_75t_R)
     1    0.76   10.95   21.35  831.46 ^ _084265_/Y (AND3x1_ASAP7_75t_R)
                                         _029481_ (net)
                 10.95    0.02  831.48 ^ _084270_/A2 (AO21x1_ASAP7_75t_R)
     1    0.97    9.26   14.75  846.23 ^ _084270_/Y (AO21x1_ASAP7_75t_R)
                                         _029486_ (net)
                  9.26    0.01  846.25 ^ _084276_/A (XOR2x2_ASAP7_75t_R)
     1    3.32   15.57   26.02  872.27 v _084276_/Y (XOR2x2_ASAP7_75t_R)
                                         _029492_ (net)
                 15.75    0.91  873.18 v _084278_/A2 (OAI21x1_ASAP7_75t_R)
     1    0.69   19.44    9.75  882.93 ^ _084278_/Y (OAI21x1_ASAP7_75t_R)
                                         _012628_ (net)
                 19.44    0.01  882.94 ^ fdct_zigzag.dct_mod.dct_block_4.dct_unit_6.macu.mult_res[18]$_DFFE_PP_/D (DFFHQNx2_ASAP7_75t_R)
                                882.94   data arrival time

                  0.00  900.00  900.00   clock clk (rise edge)
                          0.00  900.00   clock network delay (ideal)
                          0.00  900.00   clock reconvergence pessimism
                                900.00 ^ fdct_zigzag.dct_mod.dct_block_4.dct_unit_6.macu.mult_res[18]$_DFFE_PP_/CLK (DFFHQNx2_ASAP7_75t_R)
                        -12.67  887.33   library setup time
                                887.33   data required time
-----------------------------------------------------------------------------
                                887.33   data required time
                               -882.94   data arrival time
-----------------------------------------------------------------------------
                                  4.39   slack (MET)



==========================================================================
global place report_checks -unconstrained
--------------------------------------------------------------------------
Startpoint: rst (input port clocked by clk)
Endpoint: fdct_zigzag.dct_mod.ddin[2]$_DFFE_PN0P_
          (recovery check against rising-edge clock clk)
Path Group: asynchronous
Path Type: max

Fanout     Cap    Slew   Delay    Time   Description
-----------------------------------------------------------------------------
                  0.00    0.00    0.00   clock clk (rise edge)
                          0.00    0.00   clock network delay (ideal)
                        180.00  180.00 ^ input external delay
    23   36.25    0.00    0.00  180.00 ^ rst (in)
                                         rst (net)
                 68.05   21.47  201.47 ^ load_slew19/A (BUFx16f_ASAP7_75t_R)
    43   67.16   15.33   28.04  229.50 ^ load_slew19/Y (BUFx16f_ASAP7_75t_R)
                                         net19 (net)
                216.65   68.84  298.35 ^ fdct_zigzag.dct_mod.ddin[2]$_DFFE_PN0P_/SETN (DFFASRHQNx1_ASAP7_75t_R)
                                298.35   data arrival time

                  0.00  900.00  900.00   clock clk (rise edge)
                          0.00  900.00   clock network delay (ideal)
                          0.00  900.00   clock reconvergence pessimism
                                900.00 ^ fdct_zigzag.dct_mod.ddin[2]$_DFFE_PN0P_/CLK (DFFASRHQNx1_ASAP7_75t_R)
                        -22.97  877.03   library recovery time
                                877.03   data required time
-----------------------------------------------------------------------------
                                877.03   data required time
                               -298.35   data arrival time
-----------------------------------------------------------------------------
                                578.68   slack (MET)


Startpoint: fdct_zigzag.dct_mod.ddin[2]$_DFFE_PN0P_
            (rising edge-triggered flip-flop clocked by clk)
Endpoint: fdct_zigzag.dct_mod.dct_block_4.dct_unit_6.macu.mult_res[18]$_DFFE_PP_
          (rising edge-triggered flip-flop clocked by clk)
Path Group: clk
Path Type: max

Fanout     Cap    Slew   Delay    Time   Description
-----------------------------------------------------------------------------
                  0.00    0.00    0.00   clock clk (rise edge)
                          0.00    0.00   clock network delay (ideal)
                  0.00    0.00    0.00 ^ fdct_zigzag.dct_mod.ddin[2]$_DFFE_PN0P_/CLK (DFFASRHQNx1_ASAP7_75t_R)
     1    2.62   25.68   44.07   44.07 v fdct_zigzag.dct_mod.ddin[2]$_DFFE_PN0P_/QN (DFFASRHQNx1_ASAP7_75t_R)
                                         _006978_ (net)
                 25.68    0.01   44.08 v _062933_/A (BUFx12f_ASAP7_75t_R)
     7   19.44   14.19   21.73   65.81 v _062933_/Y (BUFx12f_ASAP7_75t_R)
                                         _015266_ (net)
                 14.32    0.73   66.54 v _062936_/A (BUFx16f_ASAP7_75t_R)
    10   34.33   15.95   19.45   86.00 v _062936_/Y (BUFx16f_ASAP7_75t_R)
                                         _015268_ (net)
                 46.37   13.45   99.45 v _063276_/A (BUFx16f_ASAP7_75t_R)
    10   35.22   14.04   27.94  127.38 v _063276_/Y (BUFx16f_ASAP7_75t_R)
                                         _015389_ (net)
                 89.31   27.96  155.34 v _063277_/A (BUFx16f_ASAP7_75t_R)
    10   40.92   12.23   33.60  188.95 v _063277_/Y (BUFx16f_ASAP7_75t_R)
                                         _015390_ (net)
                197.87   62.60  251.55 v _065666_/B (NOR2x2_ASAP7_75t_R)
     7   13.57   92.62   68.26  319.80 ^ _065666_/Y (NOR2x2_ASAP7_75t_R)
                                         _050833_ (net)
                 92.69    1.52  321.32 ^ _107544_/CI (FAx1_ASAP7_75t_R)
     4    6.86  159.79  148.74  470.05 v _107544_/SN (FAx1_ASAP7_75t_R)
                                         _050924_ (net)
                159.79    0.19  470.24 v _107561_/CI (FAx1_ASAP7_75t_R)
     2    4.04  105.49  124.68  594.92 v _107561_/SN (FAx1_ASAP7_75t_R)
                                         _050967_ (net)
                105.50    0.14  595.06 v _107562_/B (FAx1_ASAP7_75t_R)
     1    1.61   59.62   48.65  643.71 ^ _107562_/CON (FAx1_ASAP7_75t_R)
                                         _004797_ (net)
     1    0.82   33.91   19.01  662.72 v _107562_/SN (FAx1_ASAP7_75t_R)
                                         _050971_ (net)
                 33.91    0.02  662.74 v _099641_/A (INVx1_ASAP7_75t_R)
     1    2.24   21.76   17.31  680.05 ^ _099641_/Y (INVx1_ASAP7_75t_R)
                                         _050968_ (net)
                 21.76    0.03  680.08 ^ _107563_/B (FAx1_ASAP7_75t_R)
     1    1.62   30.60   23.03  703.11 v _107563_/CON (FAx1_ASAP7_75t_R)
                                         _004798_ (net)
     1    0.83   32.44   17.59  720.69 ^ _107563_/SN (FAx1_ASAP7_75t_R)
                                         _004794_ (net)
                 32.44    0.02  720.71 ^ _069154_/A (INVx1_ASAP7_75t_R)
     1    1.08   12.54   10.26  730.97 v _069154_/Y (INVx1_ASAP7_75t_R)
                                         _050969_ (net)
                 12.54    0.02  730.99 v _111784_/B (HAxp5_ASAP7_75t_R)
     2    1.93   41.63   40.01  771.00 v _111784_/SN (HAxp5_ASAP7_75t_R)
                                         _004795_ (net)
                 41.63    0.06  771.06 v _084263_/A (INVx1_ASAP7_75t_R)
     2    1.22   17.21   14.42  785.48 ^ _084263_/Y (INVx1_ASAP7_75t_R)
                                         _029479_ (net)
                 17.21    0.01  785.49 ^ _084264_/C (AND3x1_ASAP7_75t_R)
     2    1.42   15.28   24.58  810.07 ^ _084264_/Y (AND3x1_ASAP7_75t_R)
                                         _029480_ (net)
                 15.28    0.04  810.11 ^ _084265_/A (AND3x1_ASAP7_75t_R)
     1    0.76   10.95   21.35  831.46 ^ _084265_/Y (AND3x1_ASAP7_75t_R)
                                         _029481_ (net)
                 10.95    0.02  831.48 ^ _084270_/A2 (AO21x1_ASAP7_75t_R)
     1    0.97    9.26   14.75  846.23 ^ _084270_/Y (AO21x1_ASAP7_75t_R)
                                         _029486_ (net)
                  9.26    0.01  846.25 ^ _084276_/A (XOR2x2_ASAP7_75t_R)
     1    3.32   15.57   26.02  872.27 v _084276_/Y (XOR2x2_ASAP7_75t_R)
                                         _029492_ (net)
                 15.75    0.91  873.18 v _084278_/A2 (OAI21x1_ASAP7_75t_R)
     1    0.69   19.44    9.75  882.93 ^ _084278_/Y (OAI21x1_ASAP7_75t_R)
                                         _012628_ (net)
                 19.44    0.01  882.94 ^ fdct_zigzag.dct_mod.dct_block_4.dct_unit_6.macu.mult_res[18]$_DFFE_PP_/D (DFFHQNx2_ASAP7_75t_R)
                                882.94   data arrival time

                  0.00  900.00  900.00   clock clk (rise edge)
                          0.00  900.00   clock network delay (ideal)
                          0.00  900.00   clock reconvergence pessimism
                                900.00 ^ fdct_zigzag.dct_mod.dct_block_4.dct_unit_6.macu.mult_res[18]$_DFFE_PP_/CLK (DFFHQNx2_ASAP7_75t_R)
                        -12.67  887.33   library setup time
                                887.33   data required time
-----------------------------------------------------------------------------
                                887.33   data required time
                               -882.94   data arrival time
-----------------------------------------------------------------------------
                                  4.39   slack (MET)



==========================================================================
global place report_power
--------------------------------------------------------------------------
Group                  Internal  Switching    Leakage      Total
                          Power      Power      Power      Power (Watts)
----------------------------------------------------------------
Sequential             1.56e-02   2.91e-03   8.44e-07   1.85e-02  19.2%
Combinational          3.17e-02   4.62e-02   3.93e-06   7.78e-02  80.8%
Clock                  0.00e+00   0.00e+00   0.00e+00   0.00e+00   0.0%
Macro                  0.00e+00   0.00e+00   0.00e+00   0.00e+00   0.0%
Pad                    0.00e+00   0.00e+00   0.00e+00   0.00e+00   0.0%
----------------------------------------------------------------
Total                  4.72e-02   4.91e-02   4.77e-06   9.63e-02 100.0%
                          49.0%      51.0%       0.0%
