OpenROAD v2.0-19576-gec1bf1a13 
Features included (+) or not (-): +GPU +GUI +Python : None
This program is licensed under the BSD-3 license. See the LICENSE file for details.
Components of this program may be licensed under more restrictive licenses which must be honored.
[INFO ORD-0030] Using 6 thread(s).
source /OpenROAD-flow-scripts/flow/platforms/nangate45/setRC.tcl
Perform port buffering...
[INFO RSZ-0027] Inserted 141 input buffers.
[INFO RSZ-0028] Inserted 100 output buffers.
Perform buffer insertion and gate resizing...
repair_design -verbose
[INFO RSZ-0058] Using max wire length 640um.
Iteration |   Area    | Resized | Buffers | Nets repaired | Remaining
---------------------------------------------------------------------
        0 |     +0.0% |       0 |       0 |             0 |     19032
     1000 |     +0.0% |       6 |       0 |             0 |     18032
     2000 |     +0.0% |      12 |       0 |             0 |     17032
     3000 |     +0.0% |      26 |       0 |             0 |     16032
     4000 |     +0.0% |      27 |       0 |             0 |     15032
     5000 |     +0.0% |      30 |       0 |             0 |     14032
     6000 |     +0.0% |      33 |       0 |             0 |     13032
     7000 |     -0.0% |      47 |       0 |             0 |     12032
     8000 |     -0.1% |      70 |       0 |             0 |     11032
     9000 |     -0.0% |      82 |       0 |             0 |     10032
    10000 |     -0.1% |     102 |       0 |             0 |      9032
    11000 |     -0.1% |     116 |       0 |             0 |      8032
    12000 |     -0.1% |     120 |       0 |             0 |      7032
    13000 |     -0.0% |     123 |       0 |             0 |      6032
    14000 |     -0.1% |     128 |       0 |             0 |      5032
    15000 |     -0.1% |     131 |       0 |             0 |      4032
    16000 |     -0.1% |     143 |       0 |             0 |      3032
    17000 |     -0.1% |     145 |       0 |             0 |      2032
    18000 |     -0.1% |     145 |       0 |             0 |      1032
    19000 |     +0.1% |     200 |      22 |             1 |        32
    final |     +0.1% |     200 |      22 |             1 |         0
---------------------------------------------------------------------
[INFO RSZ-0034] Found 1 slew violations.
[INFO RSZ-0036] Found 1 capacitance violations.
[INFO RSZ-0039] Resized 200 instances.
[INFO RSZ-0038] Inserted 22 buffers in 1 nets.
Took 14 seconds: repair_design -verbose
Repair tie lo fanout...
[INFO RSZ-0042] Inserted 6 tie LOGIC0_X1 instances.
Repair tie hi fanout...
Floating nets: 
Report metrics stage 3, resizer...

==========================================================================
resizer report_design_area
--------------------------------------------------------------------------
Design area 33460 u^2 59% utilization.
Instance count before 16580, after 16848
Pin count before 60910, after 61441
Elapsed time: 1:18.57[h:]min:sec. CPU time: user 88.79 sys 9.22 (124%). Peak memory: 333928KB.
