OpenROAD v2.0-19576-gec1bf1a13 
Features included (+) or not (-): +GPU +GUI +Python : None
This program is licensed under the BSD-3 license. See the LICENSE file for details.
Components of this program may be licensed under more restrictive licenses which must be honored.
[INFO ORD-0030] Using 6 thread(s).
source /OpenROAD-flow-scripts/flow/platforms/nangate45/setRC.tcl
clock_tree_synthesis -sink_clustering_enable -balance_levels -sink_clustering_size 50 -sink_clustering_max_diameter 20
[INFO CTS-0050] Root buffer is CLKBUF_X3.
[INFO CTS-0051] Sink buffer is CLKBUF_X3.
[INFO CTS-0052] The following clock buffers will be used for CTS:
                    CLKBUF_X3
[INFO CTS-0049] Characterization buffer is CLKBUF_X3.
[INFO CTS-0007] Net "clk_i" found for clock "core_clock".
[INFO CTS-0011]  Clock net "clk_i" for macros has 1 sinks.
[INFO CTS-0011]  Clock net "clk_i_regs" for registers has 995 sinks.
[INFO CTS-0010]  Clock net "clk" has 937 sinks.
[INFO CTS-0008] TritonCTS found 3 clock nets.
[INFO CTS-0097] Characterization used 1 buffer(s) types.
[INFO CTS-0200] 0 placement blockages have been identified.
[INFO CTS-0201] 0 placed hard macros will be treated like blockages.
[INFO CTS-0027] Generating H-Tree topology for net clk_i.
[INFO CTS-0028]  Total number of sinks: 1.
[INFO CTS-0029]  Sinks will be clustered in groups of up to 50 and with maximum cluster diameter of 20.0 um.
[INFO CTS-0030]  Number of static layers: 0.
[INFO CTS-0020]  Wire segment unit: 14000  dbu (7 um).
[INFO CTS-0023]  Original sink region: [(216085, 9625), (216085, 9625)].
[INFO CTS-0024]  Normalized sink region: [(15.4346, 0.6875), (15.4346, 0.6875)].
[INFO CTS-0025]     Width:  0.0000.
[INFO CTS-0026]     Height: 0.0000.
 Level 1
    Direction: Vertical
    Sinks per sub-region: 1
    Sub-region size: 0.0000 X 0.0000
[INFO CTS-0034]     Segment length (rounded): 1.
[INFO CTS-0032]  Stop criterion found. Max number of sinks is 15.
[INFO CTS-0035]  Number of sinks covered: 1.
[INFO CTS-0200] 0 placement blockages have been identified.
[INFO CTS-0201] 0 placed hard macros will be treated like blockages.
[INFO CTS-0027] Generating H-Tree topology for net clk_i_regs.
[INFO CTS-0028]  Total number of sinks: 995.
[INFO CTS-0029]  Sinks will be clustered in groups of up to 50 and with maximum cluster diameter of 20.0 um.
[INFO CTS-0030]  Number of static layers: 0.
[INFO CTS-0020]  Wire segment unit: 14000  dbu (7 um).
[INFO CTS-0204] A clustering solution was found from clustering size of 50 and clustering diameter of 20.
[INFO CTS-0205] Better solution may be possible if either -sink_clustering_size, -sink_clustering_max_diameter, or both options are omitted to enable automatic clustering.
[INFO CTS-0019]  Total number of sinks after clustering: 76.
[INFO CTS-0024]  Normalized sink region: [(0.533429, 0.884167), (15.2343, 30.3027)].
[INFO CTS-0025]     Width:  14.7008.
[INFO CTS-0026]     Height: 29.4186.
 Level 1
    Direction: Vertical
    Sinks per sub-region: 38
    Sub-region size: 14.7008 X 14.7093
[INFO CTS-0034]     Segment length (rounded): 8.
 Level 2
    Direction: Horizontal
    Sinks per sub-region: 19
    Sub-region size: 7.3504 X 14.7093
[INFO CTS-0034]     Segment length (rounded): 4.
 Level 3
    Direction: Vertical
    Sinks per sub-region: 10
    Sub-region size: 7.3504 X 7.3546
[INFO CTS-0034]     Segment length (rounded): 4.
[INFO CTS-0032]  Stop criterion found. Max number of sinks is 15.
[INFO CTS-0035]  Number of sinks covered: 76.
[INFO CTS-0200] 0 placement blockages have been identified.
[INFO CTS-0201] 0 placed hard macros will be treated like blockages.
[INFO CTS-0027] Generating H-Tree topology for net clk.
[INFO CTS-0028]  Total number of sinks: 937.
[INFO CTS-0029]  Sinks will be clustered in groups of up to 50 and with maximum cluster diameter of 20.0 um.
[INFO CTS-0030]  Number of static layers: 0.
[INFO CTS-0020]  Wire segment unit: 14000  dbu (7 um).
[INFO CTS-0204] A clustering solution was found from clustering size of 50 and clustering diameter of 20.
[INFO CTS-0205] Better solution may be possible if either -sink_clustering_size, -sink_clustering_max_diameter, or both options are omitted to enable automatic clustering.
[INFO CTS-0019]  Total number of sinks after clustering: 118.
[INFO CTS-0024]  Normalized sink region: [(8.41881, 0.721667), (33.8554, 28.53)].
[INFO CTS-0025]     Width:  25.4366.
[INFO CTS-0026]     Height: 27.8083.
 Level 1
    Direction: Vertical
    Sinks per sub-region: 59
    Sub-region size: 25.4366 X 13.9042
[INFO CTS-0034]     Segment length (rounded): 6.
 Level 2
    Direction: Horizontal
    Sinks per sub-region: 30
    Sub-region size: 12.7183 X 13.9042
[INFO CTS-0034]     Segment length (rounded): 6.
 Level 3
    Direction: Vertical
    Sinks per sub-region: 15
    Sub-region size: 12.7183 X 6.9521
[INFO CTS-0034]     Segment length (rounded): 4.
 Level 4
    Direction: Horizontal
    Sinks per sub-region: 8
    Sub-region size: 6.3592 X 6.9521
[INFO CTS-0034]     Segment length (rounded): 4.
[INFO CTS-0032]  Stop criterion found. Max number of sinks is 15.
[INFO CTS-0035]  Number of sinks covered: 118.
[INFO CTS-0018]     Created 2 clock buffers.
[INFO CTS-0012]     Minimum number of buffers in the clock path: 2.
[INFO CTS-0013]     Maximum number of buffers in the clock path: 2.
[INFO CTS-0015]     Created 2 clock nets.
[INFO CTS-0016]     Fanout distribution for the current clock = 1:1..
[INFO CTS-0017]     Max level of the clock tree: 1.
[INFO CTS-0018]     Created 85 clock buffers.
[INFO CTS-0012]     Minimum number of buffers in the clock path: 3.
[INFO CTS-0013]     Maximum number of buffers in the clock path: 3.
[INFO CTS-0015]     Created 85 clock nets.
[INFO CTS-0016]     Fanout distribution for the current clock = 2:1, 3:2, 5:4, 6:3, 7:4, 8:1, 9:5, 10:9, 11:9, 12:7, 13:4, 14:5, 15:6, 16:5, 17:4, 18:2, 19:2, 20:3, 21:3, 22:2, 23:2, 24:1..
[INFO CTS-0017]     Max level of the clock tree: 3.
[INFO CTS-0018]     Created 131 clock buffers.
[INFO CTS-0012]     Minimum number of buffers in the clock path: 2.
[INFO CTS-0013]     Maximum number of buffers in the clock path: 3.
[INFO CTS-0015]     Created 131 clock nets.
[INFO CTS-0016]     Fanout distribution for the current clock = 2:7, 3:6, 4:11, 5:7, 6:18, 7:15, 8:11, 9:15, 10:5, 11:11, 12:8, 13:5, 14:3, 15:3, 16:3, 18:1, 19:1..
[INFO CTS-0017]     Max level of the clock tree: 4.
[INFO CTS-0124] Clock net "clk_i"
[INFO CTS-0125]  Sinks 1
[INFO CTS-0098] Clock net "clk_i_regs"
[INFO CTS-0099]  Sinks 1067
[INFO CTS-0100]  Leaf buffers 76
[INFO CTS-0101]  Average sink wire length 112.42 um
[INFO CTS-0102]  Path depth 2 - 3
[INFO CTS-0207]  Leaf load cells 183
[INFO CTS-0098] Clock net "clk"
[INFO CTS-0099]  Sinks 1048
[INFO CTS-0100]  Leaf buffers 114
[INFO CTS-0101]  Average sink wire length 262.00 um
[INFO CTS-0102]  Path depth 2 - 3
[INFO CTS-0207]  Leaf load cells 183
Took 8 seconds: clock_tree_synthesis -sink_clustering_enable -balance_levels -sink_clustering_size 50 -sink_clustering_max_diameter 20
[INFO RSZ-0058] Using max wire length 640um.
Placement Analysis
---------------------------------
total displacement       1184.6 u
average displacement        0.1 u
max displacement            4.8 u
original HPWL          275423.8 u
legalized HPWL         279207.3 u
delta HPWL                    1 %

