OpenROAD v2.0-19576-gec1bf1a13 
Features included (+) or not (-): +GPU +GUI +Python : None
This program is licensed under the BSD-3 license. See the LICENSE file for details.
Components of this program may be licensed under more restrictive licenses which must be honored.
[INFO ORD-0030] Using 6 thread(s).
[INFO ODB-0227] LEF file: /OpenROAD-flow-scripts/flow/platforms/nangate45/lef/NangateOpenCellLibrary.tech.lef, created 22 layers, 27 vias
[INFO ODB-0227] LEF file: /OpenROAD-flow-scripts/flow/platforms/nangate45/lef/NangateOpenCellLibrary.macro.mod.lef, created 135 library cells
source /OpenROAD-flow-scripts/flow/platforms/nangate45/setRC.tcl

==========================================================================
Floorplan check_setup
--------------------------------------------------------------------------
number instances in verilog is 503
[WARNING IFP-0028] Core area lower left (1.000, 1.000) snapped to (1.140, 1.400).
[INFO IFP-0001] Added 24 rows of 180 site FreePDK45_38x28_10R_NP_162NW_34O.
source /OpenROAD-flow-scripts/flow/platforms/nangate45/make_tracks.tcl
repair_timing -verbose -setup_margin 0 -repair_tns 100
[WARNING RSZ-0021] no estimated parasitics. Using wire load models.
[INFO RSZ-0098] No setup violations found
[INFO RSZ-0033] No hold violations found.
Default units for flow
 time 1ns
 capacitance 1fF
 resistance 1kohm
 voltage 1v
 current 1mA
 power 1nW
 distance 1um
Report metrics stage 2, floorplan final...

==========================================================================
floorplan final report_design_area
--------------------------------------------------------------------------
Design area 650 u^2 57% utilization.
Writing DEF File
Elapsed time: 0:02.02[h:]min:sec. CPU time: user 1.77 sys 0.17 (96%). Peak memory: 122204KB.
