OpenROAD v2.0-19576-gec1bf1a13 
Features included (+) or not (-): +GPU +GUI +Python : None
This program is licensed under the BSD-3 license. See the LICENSE file for details.
Components of this program may be licensed under more restrictive licenses which must be honored.
[INFO ORD-0030] Using 6 thread(s).
source /OpenROAD-flow-scripts/flow/platforms/nangate45/setRC.tcl
[INFO GPL-0002] DBU: 2000
[INFO GPL-0003] SiteSize: (  0.190  1.400 ) um
[INFO GPL-0004] CoreBBox: (  1.140  1.400 ) ( 35.340 35.000 ) um
[WARNING GPL-0001] clk toplevel port is not placed!
       Replace will regard clk is placed in (0, 0)
[WARNING GPL-0001] req_msg[0] toplevel port is not placed!
       Replace will regard req_msg[0] is placed in (0, 0)
[WARNING GPL-0001] req_msg[10] toplevel port is not placed!
       Replace will regard req_msg[10] is placed in (0, 0)
[WARNING GPL-0001] req_msg[11] toplevel port is not placed!
       Replace will regard req_msg[11] is placed in (0, 0)
[WARNING GPL-0001] req_msg[12] toplevel port is not placed!
       Replace will regard req_msg[12] is placed in (0, 0)
[WARNING GPL-0001] req_msg[13] toplevel port is not placed!
       Replace will regard req_msg[13] is placed in (0, 0)
[WARNING GPL-0001] req_msg[14] toplevel port is not placed!
       Replace will regard req_msg[14] is placed in (0, 0)
[WARNING GPL-0001] req_msg[15] toplevel port is not placed!
       Replace will regard req_msg[15] is placed in (0, 0)
[WARNING GPL-0001] req_msg[16] toplevel port is not placed!
       Replace will regard req_msg[16] is placed in (0, 0)
[WARNING GPL-0001] req_msg[17] toplevel port is not placed!
       Replace will regard req_msg[17] is placed in (0, 0)
[WARNING GPL-0001] req_msg[18] toplevel port is not placed!
       Replace will regard req_msg[18] is placed in (0, 0)
[WARNING GPL-0001] req_msg[19] toplevel port is not placed!
       Replace will regard req_msg[19] is placed in (0, 0)
[WARNING GPL-0001] req_msg[1] toplevel port is not placed!
       Replace will regard req_msg[1] is placed in (0, 0)
[WARNING GPL-0001] req_msg[20] toplevel port is not placed!
       Replace will regard req_msg[20] is placed in (0, 0)
[WARNING GPL-0001] req_msg[21] toplevel port is not placed!
       Replace will regard req_msg[21] is placed in (0, 0)
[WARNING GPL-0001] req_msg[22] toplevel port is not placed!
       Replace will regard req_msg[22] is placed in (0, 0)
[WARNING GPL-0001] req_msg[23] toplevel port is not placed!
       Replace will regard req_msg[23] is placed in (0, 0)
[WARNING GPL-0001] req_msg[24] toplevel port is not placed!
       Replace will regard req_msg[24] is placed in (0, 0)
[WARNING GPL-0001] req_msg[25] toplevel port is not placed!
       Replace will regard req_msg[25] is placed in (0, 0)
[WARNING GPL-0001] req_msg[26] toplevel port is not placed!
       Replace will regard req_msg[26] is placed in (0, 0)
[WARNING GPL-0001] req_msg[27] toplevel port is not placed!
       Replace will regard req_msg[27] is placed in (0, 0)
[WARNING GPL-0001] req_msg[28] toplevel port is not placed!
       Replace will regard req_msg[28] is placed in (0, 0)
[WARNING GPL-0001] req_msg[29] toplevel port is not placed!
       Replace will regard req_msg[29] is placed in (0, 0)
[WARNING GPL-0001] req_msg[2] toplevel port is not placed!
       Replace will regard req_msg[2] is placed in (0, 0)
[WARNING GPL-0001] req_msg[30] toplevel port is not placed!
       Replace will regard req_msg[30] is placed in (0, 0)
[WARNING GPL-0001] req_msg[31] toplevel port is not placed!
       Replace will regard req_msg[31] is placed in (0, 0)
[WARNING GPL-0001] req_msg[3] toplevel port is not placed!
       Replace will regard req_msg[3] is placed in (0, 0)
[WARNING GPL-0001] req_msg[4] toplevel port is not placed!
       Replace will regard req_msg[4] is placed in (0, 0)
[WARNING GPL-0001] req_msg[5] toplevel port is not placed!
       Replace will regard req_msg[5] is placed in (0, 0)
[WARNING GPL-0001] req_msg[6] toplevel port is not placed!
       Replace will regard req_msg[6] is placed in (0, 0)
[WARNING GPL-0001] req_msg[7] toplevel port is not placed!
       Replace will regard req_msg[7] is placed in (0, 0)
[WARNING GPL-0001] req_msg[8] toplevel port is not placed!
       Replace will regard req_msg[8] is placed in (0, 0)
[WARNING GPL-0001] req_msg[9] toplevel port is not placed!
       Replace will regard req_msg[9] is placed in (0, 0)
[WARNING GPL-0001] req_rdy toplevel port is not placed!
       Replace will regard req_rdy is placed in (0, 0)
[WARNING GPL-0001] req_val toplevel port is not placed!
       Replace will regard req_val is placed in (0, 0)
[WARNING GPL-0001] reset toplevel port is not placed!
       Replace will regard reset is placed in (0, 0)
[WARNING GPL-0001] resp_msg[0] toplevel port is not placed!
       Replace will regard resp_msg[0] is placed in (0, 0)
[WARNING GPL-0001] resp_msg[10] toplevel port is not placed!
       Replace will regard resp_msg[10] is placed in (0, 0)
[WARNING GPL-0001] resp_msg[11] toplevel port is not placed!
       Replace will regard resp_msg[11] is placed in (0, 0)
[WARNING GPL-0001] resp_msg[12] toplevel port is not placed!
       Replace will regard resp_msg[12] is placed in (0, 0)
[WARNING GPL-0001] resp_msg[13] toplevel port is not placed!
       Replace will regard resp_msg[13] is placed in (0, 0)
[WARNING GPL-0001] resp_msg[14] toplevel port is not placed!
       Replace will regard resp_msg[14] is placed in (0, 0)
[WARNING GPL-0001] resp_msg[15] toplevel port is not placed!
       Replace will regard resp_msg[15] is placed in (0, 0)
[WARNING GPL-0001] resp_msg[1] toplevel port is not placed!
       Replace will regard resp_msg[1] is placed in (0, 0)
[WARNING GPL-0001] resp_msg[2] toplevel port is not placed!
       Replace will regard resp_msg[2] is placed in (0, 0)
[WARNING GPL-0001] resp_msg[3] toplevel port is not placed!
       Replace will regard resp_msg[3] is placed in (0, 0)
[WARNING GPL-0001] resp_msg[4] toplevel port is not placed!
       Replace will regard resp_msg[4] is placed in (0, 0)
[WARNING GPL-0001] resp_msg[5] toplevel port is not placed!
       Replace will regard resp_msg[5] is placed in (0, 0)
[WARNING GPL-0001] resp_msg[6] toplevel port is not placed!
       Replace will regard resp_msg[6] is placed in (0, 0)
[WARNING GPL-0001] resp_msg[7] toplevel port is not placed!
       Replace will regard resp_msg[7] is placed in (0, 0)
[WARNING GPL-0001] resp_msg[8] toplevel port is not placed!
       Replace will regard resp_msg[8] is placed in (0, 0)
[WARNING GPL-0001] resp_msg[9] toplevel port is not placed!
       Replace will regard resp_msg[9] is placed in (0, 0)
[WARNING GPL-0001] resp_rdy toplevel port is not placed!
       Replace will regard resp_rdy is placed in (0, 0)
[WARNING GPL-0001] resp_val toplevel port is not placed!
       Replace will regard resp_val is placed in (0, 0)
[INFO GPL-0006] NumInstances:               551
[INFO GPL-0007] NumPlaceInstances:          503
[INFO GPL-0008] NumFixedInstances:           48
[INFO GPL-0009] NumDummyInstances:            0
[INFO GPL-0010] NumNets:                    574
[INFO GPL-0011] NumPins:                   1626
[INFO GPL-0012] DieBBox:  (  0.000  0.000 ) ( 36.380 36.380 ) um
[INFO GPL-0013] CoreBBox: (  1.140  1.400 ) ( 35.340 35.000 ) um
[INFO GPL-0016] CoreArea:              1149.120 um^2
[INFO GPL-0017] NonPlaceInstsArea:       12.768 um^2
[INFO GPL-0018] PlaceInstsArea:         650.104 um^2
[INFO GPL-0019] Util:                    57.210 %
[INFO GPL-0020] StdInstsArea:           650.104 um^2
[INFO GPL-0021] MacroInstsArea:           0.000 um^2
[INFO GPL-0031] FillerInit:NumGCells:       926
[INFO GPL-0032] FillerInit:NumGNets:        574
[INFO GPL-0033] FillerInit:NumGPins:       1626
[INFO GPL-0023] TargetDensity:            1.000
[INFO GPL-0024] AvrgPlaceInstArea:        1.292 um^2
[INFO GPL-0025] IdealBinArea:             1.292 um^2
[INFO GPL-0026] IdealBinCnt:                889
[INFO GPL-0027] TotalBinArea:          1149.120 um^2
[INFO GPL-0028] BinCnt:        16     16
[INFO GPL-0029] BinSize: (  2.138  2.100 )
[INFO GPL-0030] NumBins: 256
Placement density is 0.6676778888702393, computed from PLACE_DENSITY_LB_ADDON 0.20 and lower bound 0.5720973610877991
global_placement -skip_io -density 0.6676778888702393 -pad_left 0 -pad_right 0
[INFO GPL-0002] DBU: 2000
[INFO GPL-0003] SiteSize: (  0.190  1.400 ) um
[INFO GPL-0004] CoreBBox: (  1.140  1.400 ) ( 35.340 35.000 ) um
[INFO GPL-0006] NumInstances:               551
[INFO GPL-0007] NumPlaceInstances:          503
[INFO GPL-0008] NumFixedInstances:           48
[INFO GPL-0009] NumDummyInstances:            0
[INFO GPL-0010] NumNets:                    574
[INFO GPL-0011] NumPins:                   1572
[INFO GPL-0012] DieBBox:  (  0.000  0.000 ) ( 36.380 36.380 ) um
[INFO GPL-0013] CoreBBox: (  1.140  1.400 ) ( 35.340 35.000 ) um
[INFO GPL-0016] CoreArea:              1149.120 um^2
[INFO GPL-0017] NonPlaceInstsArea:       12.768 um^2
[INFO GPL-0018] PlaceInstsArea:         650.104 um^2
[INFO GPL-0019] Util:                    57.210 %
[INFO GPL-0020] StdInstsArea:           650.104 um^2
[INFO GPL-0021] MacroInstsArea:           0.000 um^2
[INFO GPL-0031] FillerInit:NumGCells:       597
[INFO GPL-0032] FillerInit:NumGNets:        574
[INFO GPL-0033] FillerInit:NumGPins:       1572
[INFO GPL-0023] TargetDensity:            0.668
[INFO GPL-0024] AvrgPlaceInstArea:        1.292 um^2
[INFO GPL-0025] IdealBinArea:             1.936 um^2
[INFO GPL-0026] IdealBinCnt:                593
[INFO GPL-0027] TotalBinArea:          1149.120 um^2
[INFO GPL-0028] BinCnt:        16     16
[INFO GPL-0029] BinSize: (  2.138  2.100 )
[INFO GPL-0030] NumBins: 256
[NesterovSolve] Iter:    1 overflow: 0.976 HPWL: 884819
[NesterovSolve] Iter:   10 overflow: 0.980 HPWL: 458625
[NesterovSolve] Iter:   20 overflow: 0.978 HPWL: 457125
[NesterovSolve] Iter:   30 overflow: 0.978 HPWL: 456825
[NesterovSolve] Iter:   40 overflow: 0.978 HPWL: 456355
[NesterovSolve] Iter:   50 overflow: 0.978 HPWL: 456674
[NesterovSolve] Iter:   60 overflow: 0.978 HPWL: 457149
[NesterovSolve] Iter:   70 overflow: 0.978 HPWL: 457877
[NesterovSolve] Iter:   80 overflow: 0.977 HPWL: 459493
[NesterovSolve] Iter:   90 overflow: 0.976 HPWL: 462442
[NesterovSolve] Iter:  100 overflow: 0.973 HPWL: 467126
[NesterovSolve] Iter:  110 overflow: 0.972 HPWL: 474448
[NesterovSolve] Iter:  120 overflow: 0.971 HPWL: 488453
[NesterovSolve] Iter:  130 overflow: 0.968 HPWL: 528289
[NesterovSolve] Iter:  140 overflow: 0.960 HPWL: 698946
[NesterovSolve] Iter:  150 overflow: 0.923 HPWL: 1033176
[NesterovSolve] Iter:  160 overflow: 0.894 HPWL: 1320917
[NesterovSolve] Iter:  170 overflow: 0.877 HPWL: 1492915
[NesterovSolve] Iter:  180 overflow: 0.836 HPWL: 1812333
[NesterovSolve] Iter:  190 overflow: 0.807 HPWL: 2039985
[NesterovSolve] Iter:  200 overflow: 0.760 HPWL: 2367973
[NesterovSolve] Iter:  210 overflow: 0.719 HPWL: 2531112
[NesterovSolve] Iter:  220 overflow: 0.672 HPWL: 2823989
[NesterovSolve] Iter:  230 overflow: 0.626 HPWL: 3089370
[NesterovSolve] Iter:  240 overflow: 0.572 HPWL: 3318163
[NesterovSolve] Iter:  250 overflow: 0.522 HPWL: 3568738
[NesterovSolve] Iter:  260 overflow: 0.469 HPWL: 3806223
[NesterovSolve] Iter:  270 overflow: 0.412 HPWL: 3983684
[NesterovSolve] Iter:  280 overflow: 0.355 HPWL: 4126400
[NesterovSolve] Iter:  290 overflow: 0.315 HPWL: 4193192
[NesterovSolve] Iter:  300 overflow: 0.269 HPWL: 4259745
[NesterovSolve] Iter:  310 overflow: 0.243 HPWL: 4337571
[NesterovSolve] Iter:  320 overflow: 0.205 HPWL: 4394669
[NesterovSolve] Iter:  330 overflow: 0.170 HPWL: 4431176
[NesterovSolve] Iter:  340 overflow: 0.147 HPWL: 4459200
[NesterovSolve] Iter:  350 overflow: 0.121 HPWL: 4485915
[NesterovSolve] Iter:  360 overflow: 0.102 HPWL: 4505576
[NesterovSolve] Finished with Overflow: 0.099660
Took 24 seconds: global_placement -skip_io -density 0.6676778888702393 -pad_left 0 -pad_right 0
Elapsed time: 0:26.15[h:]min:sec. CPU time: user 48.11 sys 0.58 (186%). Peak memory: 117884KB.
