OpenROAD v2.0-19576-gec1bf1a13 
Features included (+) or not (-): +GPU +GUI +Python : None
This program is licensed under the BSD-3 license. See the LICENSE file for details.
Components of this program may be licensed under more restrictive licenses which must be honored.
[INFO ORD-0030] Using 6 thread(s).
source /OpenROAD-flow-scripts/flow/platforms/nangate45/setRC.tcl
Perform port buffering...
[INFO RSZ-0027] Inserted 35 input buffers.
[INFO RSZ-0028] Inserted 18 output buffers.
Perform buffer insertion and gate resizing...
repair_design -verbose
[INFO RSZ-0058] Using max wire length 640um.
Iteration |   Area    | Resized | Buffers | Nets repaired | Remaining
---------------------------------------------------------------------
        0 |     +0.0% |       0 |       0 |             0 |       627
       10 |     +0.0% |       0 |       0 |             0 |       617
       20 |     +0.0% |       0 |       0 |             0 |       607
       30 |     +0.0% |       0 |       0 |             0 |       597
       40 |     +0.0% |       0 |       0 |             0 |       587
       50 |     +0.0% |       0 |       0 |             0 |       577
       60 |     +0.0% |       0 |       0 |             0 |       567
       70 |     +0.0% |       0 |       0 |             0 |       557
       80 |     +0.0% |       0 |       0 |             0 |       547
       90 |     +0.0% |       0 |       0 |             0 |       537
      100 |     +0.0% |       0 |       0 |             0 |       527
      110 |     +0.0% |       0 |       0 |             0 |       517
      120 |     +0.0% |       0 |       0 |             0 |       507
      130 |     +0.0% |       0 |       0 |             0 |       497
      140 |     -0.2% |       1 |       0 |             0 |       487
      150 |     -0.2% |       1 |       0 |             0 |       477
      160 |     -0.2% |       1 |       0 |             0 |       467
      170 |     -0.2% |       1 |       0 |             0 |       457
      180 |     -0.2% |       1 |       0 |             0 |       447
      190 |     -0.2% |       1 |       0 |             0 |       437
      200 |     -0.2% |       1 |       0 |             0 |       427
      210 |     -0.2% |       1 |       0 |             0 |       417
      220 |     -0.2% |       1 |       0 |             0 |       407
      230 |     -0.2% |       1 |       0 |             0 |       397
      240 |     -0.2% |       1 |       0 |             0 |       387
      250 |     -0.2% |       1 |       0 |             0 |       377
      260 |     -0.2% |       1 |       0 |             0 |       367
      270 |     -0.2% |       1 |       0 |             0 |       357
      280 |     -0.2% |       1 |       0 |             0 |       347
      290 |     -0.2% |       1 |       0 |             0 |       337
      300 |     -0.2% |       1 |       0 |             0 |       327
      310 |     -0.2% |       1 |       0 |             0 |       317
      320 |     -0.2% |       1 |       0 |             0 |       307
      330 |     -0.2% |       1 |       0 |             0 |       297
      340 |     -0.2% |       1 |       0 |             0 |       287
      350 |     -0.2% |       1 |       0 |             0 |       277
      360 |     -0.2% |       1 |       0 |             0 |       267
      370 |     -0.2% |       1 |       0 |             0 |       257
      380 |     -0.2% |       1 |       0 |             0 |       247
      390 |     -0.1% |       2 |       0 |             0 |       237
      400 |     -0.1% |       2 |       0 |             0 |       227
      410 |     -0.1% |       2 |       0 |             0 |       217
      420 |     -0.1% |       2 |       0 |             0 |       207
      430 |     -0.1% |       2 |       0 |             0 |       197
      440 |     -0.1% |       2 |       0 |             0 |       187
      450 |     -0.1% |       2 |       0 |             0 |       177
      460 |     -0.1% |       2 |       0 |             0 |       167
      470 |     -0.1% |       2 |       0 |             0 |       157
      480 |     -0.1% |       2 |       0 |             0 |       147
      490 |     -0.1% |       2 |       0 |             0 |       137
      500 |     -0.1% |       2 |       0 |             0 |       127
      510 |     -0.1% |       2 |       0 |             0 |       117
      520 |     -0.1% |       2 |       0 |             0 |       107
      530 |     -0.1% |       2 |       0 |             0 |        97
      540 |     -0.1% |       2 |       0 |             0 |        87
      550 |     -0.1% |       2 |       0 |             0 |        77
      560 |     -0.1% |       2 |       0 |             0 |        67
      570 |     -0.1% |       2 |       0 |             0 |        57
      580 |     -0.1% |       2 |       0 |             0 |        47
      590 |     -0.1% |       2 |       0 |             0 |        37
      600 |     -0.1% |       2 |       0 |             0 |        27
      610 |     -0.1% |       2 |       0 |             0 |        17
      620 |     -0.1% |       2 |       0 |             0 |         7
    final |     -0.1% |       2 |       0 |             0 |         0
---------------------------------------------------------------------
[INFO RSZ-0039] Resized 2 instances.
Repair tie lo fanout...
Repair tie hi fanout...
Floating nets: 
Report metrics stage 3, resizer...

==========================================================================
resizer report_design_area
--------------------------------------------------------------------------
Design area 646 u^2 56% utilization.
Instance count before 551, after 604
Pin count before 1572, after 1678
Elapsed time: 0:03.32[h:]min:sec. CPU time: user 2.56 sys 0.44 (90%). Peak memory: 264164KB.
