OpenROAD v2.0-19576-gec1bf1a13 
Features included (+) or not (-): +GPU +GUI +Python : None
This program is licensed under the BSD-3 license. See the LICENSE file for details.
Components of this program may be licensed under more restrictive licenses which must be honored.
[INFO ORD-0030] Using 6 thread(s).
source /OpenROAD-flow-scripts/flow/platforms/nangate45/setRC.tcl
detailed_route -output_drc ./reports/nangate45/gcd/base/5_route_drc.rpt -output_maze ./results/nangate45/gcd/base/maze.log -bottom_routing_layer metal2 -top_routing_layer metal10 -droute_end_iter 64 -verbose 1 -drc_report_iter_step 5
[INFO DRT-0149] Reading tech and libs.

Units:                2000
Number of layers:     21
Number of macros:     135
Number of vias:       30
Number of viarulegen: 19

[INFO DRT-0150] Reading design.

Design:                   gcd
Die area:                 ( 0 0 ) ( 72760 72760 )
Number of track patterns: 20
Number of DEF vias:       0
Number of components:     635
Number of terminals:      54
Number of snets:          2
Number of nets:           655

[INFO DRT-0167] List of default vias:
  Layer via2
    default via: via2_5
  Layer via3
    default via: via3_2
  Layer via4
    default via: via4_0
  Layer via5
    default via: via5_0
  Layer via6
    default via: via6_0
  Layer via7
    default via: via7_0
  Layer via8
    default via: via8_0
  Layer via9
    default via: via9_0
[INFO DRT-0162] Library cell analysis.
[INFO DRT-0163] Instance analysis.
[INFO DRT-0164] Number of unique instances = 66.
[INFO DRT-0168] Init region query.
[INFO DRT-0024]   Complete active.
[INFO DRT-0024]   Complete Fr_VIA.
[INFO DRT-0024]   Complete metal1.
[INFO DRT-0024]   Complete via1.
[INFO DRT-0024]   Complete metal2.
[INFO DRT-0024]   Complete via2.
[INFO DRT-0024]   Complete metal3.
[INFO DRT-0024]   Complete via3.
[INFO DRT-0024]   Complete metal4.
[INFO DRT-0024]   Complete via4.
[INFO DRT-0024]   Complete metal5.
[INFO DRT-0024]   Complete via5.
[INFO DRT-0024]   Complete metal6.
[INFO DRT-0024]   Complete via6.
[INFO DRT-0024]   Complete metal7.
[INFO DRT-0024]   Complete via7.
[INFO DRT-0024]   Complete metal8.
[INFO DRT-0024]   Complete via8.
[INFO DRT-0024]   Complete metal9.
[INFO DRT-0024]   Complete via9.
[INFO DRT-0024]   Complete metal10.
[INFO DRT-0033] active shape region query size = 0.
[INFO DRT-0033] FR_VIA shape region query size = 0.
[INFO DRT-0033] metal1 shape region query size = 8895.
[INFO DRT-0033] via1 shape region query size = 75.
[INFO DRT-0033] metal2 shape region query size = 50.
[INFO DRT-0033] via2 shape region query size = 75.
[INFO DRT-0033] metal3 shape region query size = 50.
[INFO DRT-0033] via3 shape region query size = 75.
[INFO DRT-0033] metal4 shape region query size = 27.
[INFO DRT-0033] via4 shape region query size = 0.
[INFO DRT-0033] metal5 shape region query size = 28.
[INFO DRT-0033] via5 shape region query size = 0.
[INFO DRT-0033] metal6 shape region query size = 26.
[INFO DRT-0033] via6 shape region query size = 0.
[INFO DRT-0033] metal7 shape region query size = 0.
[INFO DRT-0033] via7 shape region query size = 0.
[INFO DRT-0033] metal8 shape region query size = 0.
[INFO DRT-0033] via8 shape region query size = 0.
[INFO DRT-0033] metal9 shape region query size = 0.
[INFO DRT-0033] via9 shape region query size = 0.
[INFO DRT-0033] metal10 shape region query size = 0.
[INFO DRT-0165] Start pin access.
[INFO DRT-0078]   Complete 335 pins.
[INFO DRT-0081]   Complete 66 unique inst patterns.
[INFO DRT-0084]   Complete 176 groups.
#scanned instances     = 635
#unique  instances     = 66
#stdCellGenAp          = 1745
#stdCellValidPlanarAp  = 0
#stdCellValidViaAp     = 1258
#stdCellPinNoAp        = 0
#stdCellPinCnt         = 1737
#instTermValidViaApCnt = 0
#macroGenAp            = 0
#macroValidPlanarAp    = 0
#macroValidViaAp       = 0
#macroNoAp             = 0
[INFO DRT-0166] Complete pin access.
[INFO DRT-0267] cpu time = 00:00:48, elapsed time = 00:00:20, memory = 208.73 (MB), peak = 208.73 (MB)

[INFO DRT-0157] Number of guides:     4582

[INFO DRT-0169] Post process guides.
[INFO DRT-0176] GCELLGRID X 0 DO 17 STEP 4200 ;
[INFO DRT-0177] GCELLGRID Y 0 DO 17 STEP 4200 ;
[INFO DRT-0028]   Complete active.
[INFO DRT-0028]   Complete Fr_VIA.
[INFO DRT-0028]   Complete metal1.
[INFO DRT-0028]   Complete via1.
[INFO DRT-0028]   Complete metal2.
[INFO DRT-0028]   Complete via2.
[INFO DRT-0028]   Complete metal3.
[INFO DRT-0028]   Complete via3.
[INFO DRT-0028]   Complete metal4.
[INFO DRT-0028]   Complete via4.
[INFO DRT-0028]   Complete metal5.
[INFO DRT-0028]   Complete via5.
[INFO DRT-0028]   Complete metal6.
[INFO DRT-0028]   Complete via6.
[INFO DRT-0028]   Complete metal7.
[INFO DRT-0028]   Complete via7.
[INFO DRT-0028]   Complete metal8.
[INFO DRT-0028]   Complete via8.
[INFO DRT-0028]   Complete metal9.
[INFO DRT-0028]   Complete via9.
[INFO DRT-0028]   Complete metal10.
[INFO DRT-0178] Init guide query.
[INFO DRT-0035]   Complete active (guide).
[INFO DRT-0035]   Complete Fr_VIA (guide).
[INFO DRT-0035]   Complete metal1 (guide).
[INFO DRT-0035]   Complete via1 (guide).
[INFO DRT-0035]   Complete metal2 (guide).
[INFO DRT-0035]   Complete via2 (guide).
[INFO DRT-0035]   Complete metal3 (guide).
[INFO DRT-0035]   Complete via3 (guide).
[INFO DRT-0035]   Complete metal4 (guide).
[INFO DRT-0035]   Complete via4 (guide).
[INFO DRT-0035]   Complete metal5 (guide).
[INFO DRT-0035]   Complete via5 (guide).
[INFO DRT-0035]   Complete metal6 (guide).
[INFO DRT-0035]   Complete via6 (guide).
[INFO DRT-0035]   Complete metal7 (guide).
[INFO DRT-0035]   Complete via7 (guide).
[INFO DRT-0035]   Complete metal8 (guide).
[INFO DRT-0035]   Complete via8 (guide).
[INFO DRT-0035]   Complete metal9 (guide).
[INFO DRT-0035]   Complete via9 (guide).
[INFO DRT-0035]   Complete metal10 (guide).
[INFO DRT-0036] active guide region query size = 0.
[INFO DRT-0036] FR_VIA guide region query size = 0.
[INFO DRT-0036] metal1 guide region query size = 1474.
[INFO DRT-0036] via1 guide region query size = 0.
[INFO DRT-0036] metal2 guide region query size = 1272.
[INFO DRT-0036] via2 guide region query size = 0.
[INFO DRT-0036] metal3 guide region query size = 725.
[INFO DRT-0036] via3 guide region query size = 0.
[INFO DRT-0036] metal4 guide region query size = 179.
[INFO DRT-0036] via4 guide region query size = 0.
[INFO DRT-0036] metal5 guide region query size = 86.
[INFO DRT-0036] via5 guide region query size = 0.
[INFO DRT-0036] metal6 guide region query size = 26.
[INFO DRT-0036] via6 guide region query size = 0.
[INFO DRT-0036] metal7 guide region query size = 0.
[INFO DRT-0036] via7 guide region query size = 0.
[INFO DRT-0036] metal8 guide region query size = 0.
[INFO DRT-0036] via8 guide region query size = 0.
[INFO DRT-0036] metal9 guide region query size = 0.
[INFO DRT-0036] via9 guide region query size = 0.
[INFO DRT-0036] metal10 guide region query size = 0.
[INFO DRT-0179] Init gr pin query.
[INFO DRT-0267] cpu time = 00:00:00, elapsed time = 00:00:00, memory = 209.98 (MB), peak = 209.98 (MB)
[INFO DRT-0245] skipped writing guide updates to database.
[INFO DRT-0185] Post process initialize RPin region query.
[INFO DRT-0181] Start track assignment.
[INFO DRT-0184] Done with 1477 vertical wires in 1 frboxes and 2285 horizontal wires in 1 frboxes.
[INFO DRT-0186] Done with 476 vertical wires in 1 frboxes and 533 horizontal wires in 1 frboxes.
[INFO DRT-0182] Complete track assignment.
[INFO DRT-0267] cpu time = 00:00:00, elapsed time = 00:00:00, memory = 222.90 (MB), peak = 222.90 (MB)
[INFO DRT-0187] Start routing data preparation.
[INFO DRT-0267] cpu time = 00:00:00, elapsed time = 00:00:00, memory = 223.15 (MB), peak = 223.15 (MB)
[INFO DRT-0194] Start detail routing.
[INFO DRT-0195] Start 0th optimization iteration.
    Completing 10% with 0 violations.
    elapsed time = 00:00:00, memory = 223.65 (MB).
    Completing 20% with 0 violations.
    elapsed time = 00:00:00, memory = 234.08 (MB).
    Completing 30% with 0 violations.
    elapsed time = 00:00:00, memory = 232.99 (MB).
    Completing 40% with 0 violations.
    elapsed time = 00:00:01, memory = 230.36 (MB).
    Completing 50% with 3 violations.
    elapsed time = 00:00:02, memory = 244.36 (MB).
    Completing 60% with 3 violations.
    elapsed time = 00:00:05, memory = 242.89 (MB).
    Completing 70% with 34 violations.
    elapsed time = 00:00:06, memory = 255.77 (MB).
    Completing 80% with 34 violations.
    elapsed time = 00:00:10, memory = 246.89 (MB).
    Completing 100% with 51 violations.
    elapsed time = 00:00:15, memory = 251.36 (MB).
[INFO DRT-0199]   Number of violations = 67.
Viol/Layer      metal2 metal3   via4
Cut Spacing          0      0      1
Metal Spacing        3      0      0
Recheck             13      3      0
Short               41      6      0
[INFO DRT-0267] cpu time = 00:00:19, elapsed time = 00:00:16, memory = 796.29 (MB), peak = 796.29 (MB)
Total wire length = 4220 um.
Total wire length on LAYER metal1 = 0 um.
Total wire length on LAYER metal2 = 1591 um.
Total wire length on LAYER metal3 = 1823 um.
Total wire length on LAYER metal4 = 482 um.
Total wire length on LAYER metal5 = 297 um.
Total wire length on LAYER metal6 = 25 um.
Total wire length on LAYER metal7 = 0 um.
Total wire length on LAYER metal8 = 0 um.
Total wire length on LAYER metal9 = 0 um.
Total wire length on LAYER metal10 = 0 um.
Total number of vias = 3609.
Up-via summary (total 3609):

---------------
 active       0
 metal1    1727
 metal2    1527
 metal3     219
 metal4     110
 metal5      26
 metal6       0
 metal7       0
 metal8       0
 metal9       0
---------------
       3609


[INFO DRT-0195] Start 1st optimization iteration.
    Completing 10% with 67 violations.
    elapsed time = 00:00:00, memory = 801.92 (MB).
    Completing 20% with 67 violations.
    elapsed time = 00:00:00, memory = 801.92 (MB).
    Completing 30% with 67 violations.
    elapsed time = 00:00:00, memory = 801.92 (MB).
    Completing 40% with 67 violations.
    elapsed time = 00:00:01, memory = 801.92 (MB).
    Completing 50% with 63 violations.
    elapsed time = 00:00:02, memory = 811.04 (MB).
    Completing 60% with 63 violations.
    elapsed time = 00:00:04, memory = 814.04 (MB).
    Completing 70% with 34 violations.
    elapsed time = 00:00:07, memory = 814.04 (MB).
    Completing 80% with 34 violations.
    elapsed time = 00:00:07, memory = 814.04 (MB).
    Completing 100% with 16 violations.
    elapsed time = 00:00:11, memory = 814.04 (MB).
[INFO DRT-0199]   Number of violations = 16.
Viol/Layer      metal2
Metal Spacing        5
Short               11
[INFO DRT-0267] cpu time = 00:00:17, elapsed time = 00:00:12, memory = 817.04 (MB), peak = 817.04 (MB)
Total wire length = 4151 um.
Total wire length on LAYER metal1 = 0 um.
Total wire length on LAYER metal2 = 1545 um.
Total wire length on LAYER metal3 = 1811 um.
Total wire length on LAYER metal4 = 479 um.
Total wire length on LAYER metal5 = 288 um.
Total wire length on LAYER metal6 = 25 um.
Total wire length on LAYER metal7 = 0 um.
Total wire length on LAYER metal8 = 0 um.
Total wire length on LAYER metal9 = 0 um.
Total wire length on LAYER metal10 = 0 um.
Total number of vias = 3560.
Up-via summary (total 3560):

---------------
 active       0
 metal1    1725
 metal2    1495
 metal3     212
 metal4     102
 metal5      26
 metal6       0
 metal7       0
 metal8       0
 metal9       0
---------------
       3560


[INFO DRT-0195] Start 2nd optimization iteration.
    Completing 10% with 16 violations.
    elapsed time = 00:00:00, memory = 817.04 (MB).
    Completing 20% with 16 violations.
    elapsed time = 00:00:02, memory = 817.04 (MB).
    Completing 30% with 13 violations.
    elapsed time = 00:00:02, memory = 817.04 (MB).
    Completing 40% with 13 violations.
    elapsed time = 00:00:02, memory = 817.04 (MB).
    Completing 50% with 13 violations.
    elapsed time = 00:00:09, memory = 817.04 (MB).
    Completing 60% with 10 violations.
    elapsed time = 00:00:09, memory = 817.04 (MB).
    Completing 70% with 10 violations.
    elapsed time = 00:00:14, memory = 829.67 (MB).
    Completing 80% with 12 violations.
    elapsed time = 00:00:14, memory = 829.67 (MB).
    Completing 90% with 12 violations.
    elapsed time = 00:00:14, memory = 829.67 (MB).
    Completing 100% with 11 violations.
    elapsed time = 00:00:18, memory = 831.67 (MB).
[INFO DRT-0199]   Number of violations = 11.
Viol/Layer      metal2
Metal Spacing        3
Short                8
[INFO DRT-0267] cpu time = 00:00:19, elapsed time = 00:00:19, memory = 831.67 (MB), peak = 831.67 (MB)
Total wire length = 4158 um.
Total wire length on LAYER metal1 = 0 um.
Total wire length on LAYER metal2 = 1556 um.
Total wire length on LAYER metal3 = 1822 um.
Total wire length on LAYER metal4 = 468 um.
Total wire length on LAYER metal5 = 284 um.
Total wire length on LAYER metal6 = 25 um.
Total wire length on LAYER metal7 = 0 um.
Total wire length on LAYER metal8 = 0 um.
Total wire length on LAYER metal9 = 0 um.
Total wire length on LAYER metal10 = 0 um.
Total number of vias = 3575.
Up-via summary (total 3575):

---------------
 active       0
 metal1    1721
 metal2    1524
 metal3     203
 metal4     101
 metal5      26
 metal6       0
 metal7       0
 metal8       0
 metal9       0
---------------
       3575


[INFO DRT-0195] Start 3rd stubborn tiles iteration.
    Completing 10% with 11 violations.
    elapsed time = 00:00:07, memory = 904.67 (MB).
    Completing 20% with 11 violations.
    elapsed time = 00:00:17, memory = 968.34 (MB).
    Completing 30% with 11 violations.
    elapsed time = 00:00:26, memory = 1032.21 (MB).
    Completing 40% with 10 violations.
    elapsed time = 00:00:33, memory = 1045.64 (MB).
    Completing 50% with 10 violations.
    elapsed time = 00:00:37, memory = 1055.52 (MB).
    Completing 60% with 10 violations.
    elapsed time = 00:00:44, memory = 1062.39 (MB).
    Completing 70% with 2 violations.
    elapsed time = 00:00:55, memory = 1062.39 (MB).
    Completing 80% with 2 violations.
    elapsed time = 00:00:57, memory = 1062.39 (MB).
    Completing 90% with 2 violations.
    elapsed time = 00:01:04, memory = 1062.39 (MB).
    Completing 100% with 0 violations.
    elapsed time = 00:01:09, memory = 1062.39 (MB).
[INFO DRT-0199]   Number of violations = 0.
[INFO DRT-0267] cpu time = 00:03:48, elapsed time = 00:01:09, memory = 1062.39 (MB), peak = 1062.39 (MB)
Total wire length = 4158 um.
Total wire length on LAYER metal1 = 0 um.
Total wire length on LAYER metal2 = 1554 um.
Total wire length on LAYER metal3 = 1824 um.
Total wire length on LAYER metal4 = 468 um.
Total wire length on LAYER metal5 = 284 um.
Total wire length on LAYER metal6 = 25 um.
Total wire length on LAYER metal7 = 0 um.
Total wire length on LAYER metal8 = 0 um.
Total wire length on LAYER metal9 = 0 um.
Total wire length on LAYER metal10 = 0 um.
Total number of vias = 3580.
Up-via summary (total 3580):

---------------
 active       0
 metal1    1721
 metal2    1529
 metal3     203
 metal4     101
 metal5      26
 metal6       0
 metal7       0
 metal8       0
 metal9       0
---------------
       3580


[INFO DRT-0198] Complete detail routing.
Total wire length = 4158 um.
Total wire length on LAYER metal1 = 0 um.
Total wire length on LAYER metal2 = 1554 um.
Total wire length on LAYER metal3 = 1824 um.
Total wire length on LAYER metal4 = 468 um.
Total wire length on LAYER metal5 = 284 um.
Total wire length on LAYER metal6 = 25 um.
Total wire length on LAYER metal7 = 0 um.
Total wire length on LAYER metal8 = 0 um.
Total wire length on LAYER metal9 = 0 um.
Total wire length on LAYER metal10 = 0 um.
Total number of vias = 3580.
Up-via summary (total 3580):

---------------
 active       0
 metal1    1721
 metal2    1529
 metal3     203
 metal4     101
 metal5      26
 metal6       0
 metal7       0
 metal8       0
 metal9       0
---------------
       3580


[INFO DRT-0267] cpu time = 00:04:44, elapsed time = 00:01:58, memory = 1062.52 (MB), peak = 1062.52 (MB)

[INFO DRT-0180] Post processing.
Took 140 seconds: detailed_route -output_drc ./reports/nangate45/gcd/base/5_route_drc.rpt -output_maze ./results/nangate45/gcd/base/maze.log -bottom_routing_layer metal2 -top_routing_layer metal10 -droute_end_iter 64 -verbose 1 -drc_report_iter_step 5
source /OpenROAD-flow-scripts/flow/platforms/nangate45/fastroute.tcl
[WARNING GRT-0246] No diode with LEF class CORE ANTENNACELL found.
[INFO ANT-0002] Found 0 net violations.
[INFO ANT-0001] Found 0 pin violations.
[INFO ANT-0002] Found 0 net violations.
[INFO ANT-0001] Found 0 pin violations.
Elapsed time: 2:22.88[h:]min:sec. CPU time: user 335.80 sys 1.83 (236%). Peak memory: 1088372KB.
