OpenROAD v2.0-19576-gec1bf1a13 
Features included (+) or not (-): +GPU +GUI +Python : None
This program is licensed under the BSD-3 license. See the LICENSE file for details.
Components of this program may be licensed under more restrictive licenses which must be honored.
[INFO ORD-0030] Using 6 thread(s).
source /OpenROAD-flow-scripts/flow/platforms/nangate45/setRC.tcl
Deleted 0 routing obstructions
[INFO RCX-0431] Defined process_corner X with ext_model_index 0
[INFO RCX-0029] Defined extraction corner X
[INFO RCX-0435] Reading extraction model file /OpenROAD-flow-scripts/flow/platforms/nangate45/rcx_patterns.rules ...
[INFO RCX-0436] RC segment generation gcd (max_merge_res 50.0) ...
[INFO RCX-0040] Final 1675 rc segments
[INFO RCX-0439] Coupling Cap extraction gcd ...
[INFO RCX-0440] Coupling threshhold is 0.1000 fF, coupling capacitance less than 0.1000 fF will be grounded.
[INFO RCX-0442] 48% of 3270 wires extracted
[INFO RCX-0442] 100% of 3270 wires extracted
[INFO RCX-0045] Extract 655 nets, 2296 rsegs, 2296 caps, 4847 ccs
[INFO RCX-0443] 655 nets finished
[INFO PSM-0040] All shapes on net VDD are connected.
[INFO PSM-0073] Using bump pattern with x-pitch 140.0000um, y-pitch 140.0000um, and size 70.0000um with an reduction factor of 3x.
########## IR report #################
Net              : VDD
Corner           : default
Supply voltage   : 1.10e+00 V
Worstcase voltage: 1.09e+00 V
Average voltage  : 1.10e+00 V
Average IR drop  : 3.39e-03 V
Worstcase IR drop: 9.52e-03 V
Percentage drop  : 0.87 %
######################################
[INFO PSM-0040] All shapes on net VSS are connected.
[INFO PSM-0073] Using bump pattern with x-pitch 140.0000um, y-pitch 140.0000um, and size 70.0000um with an reduction factor of 3x.
########## IR report #################
Net              : VSS
Corner           : default
Supply voltage   : 0.00e+00 V
Worstcase voltage: 8.70e-03 V
Average voltage  : 3.93e-03 V
Average IR drop  : 3.93e-03 V
Worstcase IR drop: 8.70e-03 V
Percentage drop  : 0.79 %
######################################
Cell type report:                       Count       Area
  Fill cell                               308     359.10
  Tap cell                                 48      12.77
  Buffer                                   14      25.54
  Clock buffer                              5       6.65
  Timing Repair Buffer                     76      71.29
  Inverter                                 85      55.06
  Clock inverter                            3       2.66
  Sequential cell                          35     158.80
  Multi-Input combinational cell          369     457.25
  Total                                   943    1149.12
Report metrics stage 6, finish...

==========================================================================
finish report_design_area
--------------------------------------------------------------------------
Design area 777 u^2 68% utilization.
[WARNING GUI-0076] QStandardPaths: XDG_RUNTIME_DIR not set, defaulting to '/tmp/runtime-root'
[WARNING GUI-0010] File path does not end with a valid extension, new path is: ./reports/nangate45/gcd/base/final_all.webp.png
[WARNING GUI-0010] File path does not end with a valid extension, new path is: ./reports/nangate45/gcd/base/final_routing.webp.png
[WARNING GUI-0010] File path does not end with a valid extension, new path is: ./reports/nangate45/gcd/base/final_placement.webp.png
[WARNING GUI-0010] File path does not end with a valid extension, new path is: ./reports/nangate45/gcd/base/final_ir_drop.webp.png
[WARNING GUI-0010] File path does not end with a valid extension, new path is: ./reports/nangate45/gcd/base/final_clocks.webp.png
[WARNING GUI-0076] QXcbConnection: XCB error: 13 (BadGC), sequence: 419, resource id: 0, major code: 72 (PutImage), minor code: 0
[WARNING GUI-0010] File path does not end with a valid extension, new path is: ./reports/nangate45/gcd/base/cts_core_clock.webp.png
[WARNING GUI-0010] File path does not end with a valid extension, new path is: ./reports/nangate45/gcd/base/cts_core_clock_layout.webp.png
[WARNING GUI-0010] File path does not end with a valid extension, new path is: ./reports/nangate45/gcd/base/final_resizer.webp.png
Elapsed time: 0:08.90[h:]min:sec. CPU time: user 8.18 sys 0.51 (97%). Peak memory: 271472KB.
