OpenROAD v2.0-19576-gec1bf1a13 
Features included (+) or not (-): +GPU +GUI +Python : None
This program is licensed under the BSD-3 license. See the LICENSE file for details.
Components of this program may be licensed under more restrictive licenses which must be honored.
[INFO ORD-0030] Using 6 thread(s).
[INFO ODB-0227] LEF file: /OpenROAD-flow-scripts/flow/platforms/asap7/lef/asap7_tech_1x_201209.lef, created 24 layers, 9 vias
[INFO ODB-0227] LEF file: /OpenROAD-flow-scripts/flow/platforms/asap7/lef/asap7sc7p5t_28_R_1x_220121a.lef, created 212 library cells
source /OpenROAD-flow-scripts/flow/platforms/asap7/setRC.tcl

==========================================================================
Floorplan check_setup
--------------------------------------------------------------------------
Warning: There are 6 unconstrained endpoints.
number instances in verilog is 18530
[WARNING IFP-0028] Core area lower left (2.000, 2.000) snapped to (2.052, 2.160).
[INFO IFP-0001] Added 279 rows of 1397 site asap7sc7p5t.
source /OpenROAD-flow-scripts/flow/platforms/asap7/openRoad/make_tracks.tcl
repair_timing -verbose -setup_margin 0 -repair_tns 100
[WARNING RSZ-0021] no estimated parasitics. Using wire load models.
[INFO RSZ-0094] Found 344 endpoints with setup violations.
[INFO RSZ-0099] Repairing 344 out of 344 (100.00%) violating endpoints...
   Iter   | Removed | Resized | Inserted | Cloned |  Pin  |   Area   |    WNS   |   TNS      |  Viol  | Worst
          | Buffers |  Gates  | Buffers  |  Gates | Swaps |          |          |            | Endpts | Endpt
--------------------------------------------------------------------------------------------------------------
        0 |       0 |       0 |        0 |      0 |     0 |    +0.0% |  -88.518 |   -14755.9 |    344 | gen_regfile_ff.register_file_i.rf_reg\[1023\]$_DFFE_PN0P_/D
[WARNING RSZ-0075] makeBufferedNet failed for driver _35101_/SN
[WARNING RSZ-0075] makeBufferedNet failed for driver _35163_/SN
[WARNING RSZ-0075] makeBufferedNet failed for driver _35163_/SN
[WARNING RSZ-0075] makeBufferedNet failed for driver _35148_/SN
[WARNING RSZ-0075] makeBufferedNet failed for driver _35163_/SN
[WARNING RSZ-0075] makeBufferedNet failed for driver _35148_/SN
[WARNING RSZ-0075] makeBufferedNet failed for driver _35380_/SN
[WARNING RSZ-0075] makeBufferedNet failed for driver _35163_/SN
[WARNING RSZ-0075] makeBufferedNet failed for driver _35148_/SN
[WARNING RSZ-0075] makeBufferedNet failed for driver _35380_/SN
[WARNING RSZ-0075] makeBufferedNet failed for driver _35163_/SN
[WARNING RSZ-0075] makeBufferedNet failed for driver _35148_/SN
[WARNING RSZ-0075] makeBufferedNet failed for driver _35380_/SN
[WARNING RSZ-0075] makeBufferedNet failed for driver _35163_/SN
[WARNING RSZ-0075] makeBufferedNet failed for driver _35148_/SN
[WARNING RSZ-0075] makeBufferedNet failed for driver _35380_/SN
       10 |       1 |       2 |        0 |      0 |     6 |    -0.0% |  -53.921 |    -4753.8 |    344 | gen_regfile_ff.register_file_i.rf_reg\[1023\]$_DFFE_PN0P_/D
[WARNING RSZ-0075] makeBufferedNet failed for driver _35163_/SN
[WARNING RSZ-0075] makeBufferedNet failed for driver _35148_/SN
[WARNING RSZ-0075] makeBufferedNet failed for driver _35380_/SN
[WARNING RSZ-0075] makeBufferedNet failed for driver _35163_/SN
[WARNING RSZ-0075] makeBufferedNet failed for driver _35148_/SN
[WARNING RSZ-0075] makeBufferedNet failed for driver _35380_/SN
[WARNING RSZ-0075] makeBufferedNet failed for driver _35163_/SN
[WARNING RSZ-0075] makeBufferedNet failed for driver _35148_/SN
[WARNING RSZ-0075] makeBufferedNet failed for driver _35380_/SN
[WARNING RSZ-0075] makeBufferedNet failed for driver _35163_/SN
[WARNING RSZ-0075] makeBufferedNet failed for driver _35148_/SN
[WARNING RSZ-0075] makeBufferedNet failed for driver _35380_/SN
[WARNING RSZ-0075] makeBufferedNet failed for driver _35163_/SN
[WARNING RSZ-0075] makeBufferedNet failed for driver _35148_/SN
[WARNING RSZ-0075] makeBufferedNet failed for driver _35380_/SN
[WARNING RSZ-0075] makeBufferedNet failed for driver _35163_/SN
[WARNING RSZ-0075] makeBufferedNet failed for driver _35148_/SN
[WARNING RSZ-0075] makeBufferedNet failed for driver _35380_/SN
[WARNING RSZ-0075] makeBufferedNet failed for driver _35163_/SN
[WARNING RSZ-0075] makeBufferedNet failed for driver _35148_/SN
[WARNING RSZ-0075] makeBufferedNet failed for driver _35380_/SN
[WARNING RSZ-0075] makeBufferedNet failed for driver _35163_/SN
[WARNING RSZ-0075] makeBufferedNet failed for driver _35148_/SN
[WARNING RSZ-0075] makeBufferedNet failed for driver _35380_/SN
[WARNING RSZ-0075] makeBufferedNet failed for driver _35163_/SN
[WARNING RSZ-0075] makeBufferedNet failed for driver _35148_/SN
[WARNING RSZ-0075] makeBufferedNet failed for driver _35380_/SN
[WARNING RSZ-0075] makeBufferedNet failed for driver _35163_/SN
[WARNING RSZ-0075] makeBufferedNet failed for driver _35148_/SN
[WARNING RSZ-0075] makeBufferedNet failed for driver _35380_/SN
       20 |       1 |      11 |        0 |      0 |     7 |    +0.0% |  -41.344 |    -2949.6 |    344 | gen_regfile_ff.register_file_i.rf_reg\[1023\]$_DFFE_PN0P_/D
[WARNING RSZ-0075] makeBufferedNet failed for driver _35163_/SN
[WARNING RSZ-0075] makeBufferedNet failed for driver _35148_/SN
[WARNING RSZ-0075] makeBufferedNet failed for driver _35380_/SN
[WARNING RSZ-0075] makeBufferedNet failed for driver _35163_/SN
[WARNING RSZ-0075] makeBufferedNet failed for driver _35148_/SN
[WARNING RSZ-0075] makeBufferedNet failed for driver _35380_/SN
[WARNING RSZ-0075] makeBufferedNet failed for driver _35163_/SN
[WARNING RSZ-0075] makeBufferedNet failed for driver _35148_/SN
[WARNING RSZ-0075] makeBufferedNet failed for driver _35380_/SN
[WARNING RSZ-0075] makeBufferedNet failed for driver _35163_/SN
[WARNING RSZ-0075] makeBufferedNet failed for driver _35148_/SN
[WARNING RSZ-0075] makeBufferedNet failed for driver _35380_/SN
[WARNING RSZ-0075] makeBufferedNet failed for driver _35163_/SN
[WARNING RSZ-0075] makeBufferedNet failed for driver _35148_/SN
[WARNING RSZ-0075] makeBufferedNet failed for driver _35380_/SN
[WARNING RSZ-0075] makeBufferedNet failed for driver _35163_/SN
[WARNING RSZ-0075] makeBufferedNet failed for driver _35148_/SN
[WARNING RSZ-0075] makeBufferedNet failed for driver _35380_/SN
[WARNING RSZ-0075] makeBufferedNet failed for driver _35163_/SN
[WARNING RSZ-0075] makeBufferedNet failed for driver _35148_/SN
[WARNING RSZ-0075] makeBufferedNet failed for driver _35380_/SN
[WARNING RSZ-0075] makeBufferedNet failed for driver _35163_/SN
[WARNING RSZ-0075] makeBufferedNet failed for driver _35148_/SN
[WARNING RSZ-0075] makeBufferedNet failed for driver _35380_/SN
[WARNING RSZ-0075] makeBufferedNet failed for driver _35163_/SN
[WARNING RSZ-0075] makeBufferedNet failed for driver _35148_/SN
[WARNING RSZ-0075] makeBufferedNet failed for driver _35380_/SN
[WARNING RSZ-0075] makeBufferedNet failed for driver _35163_/SN
[WARNING RSZ-0075] makeBufferedNet failed for driver _35148_/SN
[WARNING RSZ-0075] makeBufferedNet failed for driver _35380_/SN
       30 |       3 |      18 |        0 |      0 |     8 |    +0.0% |   -5.870 |     -149.1 |    344 | gen_regfile_ff.register_file_i.rf_reg\[1023\]$_DFFE_PN0P_/D
[WARNING RSZ-0075] makeBufferedNet failed for driver _35163_/SN
[WARNING RSZ-0075] makeBufferedNet failed for driver _35380_/SN
[WARNING RSZ-0075] makeBufferedNet failed for driver _35101_/CON
[WARNING RSZ-0075] makeBufferedNet failed for driver _35163_/SN
[WARNING RSZ-0075] makeBufferedNet failed for driver _35148_/SN
[WARNING RSZ-0075] makeBufferedNet failed for driver _35380_/SN
[WARNING RSZ-0075] makeBufferedNet failed for driver _35163_/SN
[WARNING RSZ-0075] makeBufferedNet failed for driver _35148_/SN
[WARNING RSZ-0075] makeBufferedNet failed for driver _35380_/SN
[WARNING RSZ-0075] makeBufferedNet failed for driver _35163_/SN
[WARNING RSZ-0075] makeBufferedNet failed for driver _35148_/SN
[WARNING RSZ-0075] makeBufferedNet failed for driver _35380_/SN
[WARNING RSZ-0075] makeBufferedNet failed for driver _35163_/SN
[WARNING RSZ-0075] makeBufferedNet failed for driver _35148_/SN
[WARNING RSZ-0075] makeBufferedNet failed for driver _35380_/SN
[WARNING RSZ-0075] makeBufferedNet failed for driver _35163_/SN
[WARNING RSZ-0075] makeBufferedNet failed for driver _35148_/SN
[WARNING RSZ-0075] makeBufferedNet failed for driver _35380_/SN
[WARNING RSZ-0075] makeBufferedNet failed for driver _20098_/Y
       36 |       3 |      23 |        0 |      1 |     8 |    +0.0% |    0.995 |        0.0 |    342 | gen_regfile_ff.register_file_i.rf_reg\[1023\]$_DFFE_PN0P_/D
       37 |       3 |      23 |        0 |      1 |     8 |    +0.0% |    0.995 |        0.0 |    341 | gen_regfile_ff.register_file_i.rf_reg\[1023\]$_DFFE_PN0P_/D
       38 |       3 |      23 |        0 |      1 |     8 |    +0.0% |    0.995 |        0.0 |    340 | gen_regfile_ff.register_file_i.rf_reg\[1023\]$_DFFE_PN0P_/D
       39 |       3 |      23 |        0 |      1 |     8 |    +0.0% |    0.995 |        0.0 |    339 | gen_regfile_ff.register_file_i.rf_reg\[1023\]$_DFFE_PN0P_/D
       40 |       3 |      23 |        0 |      1 |     8 |    +0.0% |    0.995 |        0.0 |    339 | gen_regfile_ff.register_file_i.rf_reg\[1023\]$_DFFE_PN0P_/D
       40 |       3 |      23 |        0 |      1 |     8 |    +0.0% |    0.995 |        0.0 |    338 | gen_regfile_ff.register_file_i.rf_reg\[1023\]$_DFFE_PN0P_/D
       41 |       3 |      23 |        0 |      1 |     8 |    +0.0% |    0.995 |        0.0 |    337 | gen_regfile_ff.register_file_i.rf_reg\[1023\]$_DFFE_PN0P_/D
       42 |       3 |      23 |        0 |      1 |     8 |    +0.0% |    0.995 |        0.0 |    336 | gen_regfile_ff.register_file_i.rf_reg\[1023\]$_DFFE_PN0P_/D
       43 |       3 |      23 |        0 |      1 |     8 |    +0.0% |    0.995 |        0.0 |    335 | gen_regfile_ff.register_file_i.rf_reg\[1023\]$_DFFE_PN0P_/D
       44 |       3 |      23 |        0 |      1 |     8 |    +0.0% |    0.995 |        0.0 |    334 | gen_regfile_ff.register_file_i.rf_reg\[1023\]$_DFFE_PN0P_/D
       45 |       3 |      23 |        0 |      1 |     8 |    +0.0% |    0.995 |        0.0 |    333 | gen_regfile_ff.register_file_i.rf_reg\[1023\]$_DFFE_PN0P_/D
       46 |       3 |      23 |        0 |      1 |     8 |    +0.0% |    0.995 |        0.0 |    332 | gen_regfile_ff.register_file_i.rf_reg\[1023\]$_DFFE_PN0P_/D
       47 |       3 |      23 |        0 |      1 |     8 |    +0.0% |    0.995 |        0.0 |    331 | gen_regfile_ff.register_file_i.rf_reg\[1023\]$_DFFE_PN0P_/D
       48 |       3 |      23 |        0 |      1 |     8 |    +0.0% |    0.995 |        0.0 |    330 | gen_regfile_ff.register_file_i.rf_reg\[1023\]$_DFFE_PN0P_/D
       49 |       3 |      23 |        0 |      1 |     8 |    +0.0% |    0.995 |        0.0 |    329 | gen_regfile_ff.register_file_i.rf_reg\[1023\]$_DFFE_PN0P_/D
       50 |       3 |      23 |        0 |      1 |     8 |    +0.0% |    0.995 |        0.0 |    329 | gen_regfile_ff.register_file_i.rf_reg\[1023\]$_DFFE_PN0P_/D
       50 |       3 |      23 |        0 |      1 |     8 |    +0.0% |    0.995 |        0.0 |    328 | gen_regfile_ff.register_file_i.rf_reg\[1023\]$_DFFE_PN0P_/D
       51 |       3 |      23 |        0 |      1 |     8 |    +0.0% |    0.995 |        0.0 |    327 | gen_regfile_ff.register_file_i.rf_reg\[1023\]$_DFFE_PN0P_/D
       52 |       3 |      23 |        0 |      1 |     8 |    +0.0% |    0.995 |        0.0 |    326 | gen_regfile_ff.register_file_i.rf_reg\[1023\]$_DFFE_PN0P_/D
       53 |       3 |      23 |        0 |      1 |     8 |    +0.0% |    0.995 |        0.0 |    325 | gen_regfile_ff.register_file_i.rf_reg\[1023\]$_DFFE_PN0P_/D
       54 |       3 |      23 |        0 |      1 |     8 |    +0.0% |    0.995 |        0.0 |    324 | gen_regfile_ff.register_file_i.rf_reg\[1023\]$_DFFE_PN0P_/D
       55 |       3 |      23 |        0 |      1 |     8 |    +0.0% |    0.995 |        0.0 |    323 | gen_regfile_ff.register_file_i.rf_reg\[1023\]$_DFFE_PN0P_/D
       56 |       3 |      23 |        0 |      1 |     8 |    +0.0% |    0.995 |        0.0 |    322 | gen_regfile_ff.register_file_i.rf_reg\[1023\]$_DFFE_PN0P_/D
       57 |       3 |      23 |        0 |      1 |     8 |    +0.0% |    0.995 |        0.0 |    321 | gen_regfile_ff.register_file_i.rf_reg\[1023\]$_DFFE_PN0P_/D
       58 |       3 |      23 |        0 |      1 |     8 |    +0.0% |    0.995 |        0.0 |    320 | gen_regfile_ff.register_file_i.rf_reg\[1023\]$_DFFE_PN0P_/D
       59 |       3 |      23 |        0 |      1 |     8 |    +0.0% |    0.995 |        0.0 |    319 | gen_regfile_ff.register_file_i.rf_reg\[1023\]$_DFFE_PN0P_/D
       60 |       3 |      23 |        0 |      1 |     8 |    +0.0% |    0.995 |        0.0 |    319 | gen_regfile_ff.register_file_i.rf_reg\[1023\]$_DFFE_PN0P_/D
       60 |       3 |      23 |        0 |      1 |     8 |    +0.0% |    0.995 |        0.0 |    318 | gen_regfile_ff.register_file_i.rf_reg\[1023\]$_DFFE_PN0P_/D
       61 |       3 |      23 |        0 |      1 |     8 |    +0.0% |    0.995 |        0.0 |    317 | gen_regfile_ff.register_file_i.rf_reg\[1023\]$_DFFE_PN0P_/D
       62 |       3 |      23 |        0 |      1 |     8 |    +0.0% |    0.995 |        0.0 |    316 | gen_regfile_ff.register_file_i.rf_reg\[1023\]$_DFFE_PN0P_/D
       63 |       3 |      23 |        0 |      1 |     8 |    +0.0% |    0.995 |        0.0 |    315 | gen_regfile_ff.register_file_i.rf_reg\[1023\]$_DFFE_PN0P_/D
       64 |       3 |      23 |        0 |      1 |     8 |    +0.0% |    0.995 |        0.0 |    314 | gen_regfile_ff.register_file_i.rf_reg\[1023\]$_DFFE_PN0P_/D
       65 |       3 |      23 |        0 |      1 |     8 |    +0.0% |    0.995 |        0.0 |    313 | gen_regfile_ff.register_file_i.rf_reg\[1023\]$_DFFE_PN0P_/D
       66 |       3 |      23 |        0 |      1 |     8 |    +0.0% |    0.995 |        0.0 |    312 | gen_regfile_ff.register_file_i.rf_reg\[1023\]$_DFFE_PN0P_/D
       67 |       3 |      23 |        0 |      1 |     8 |    +0.0% |    0.995 |        0.0 |    311 | gen_regfile_ff.register_file_i.rf_reg\[1023\]$_DFFE_PN0P_/D
       68 |       3 |      23 |        0 |      1 |     8 |    +0.0% |    0.995 |        0.0 |    310 | gen_regfile_ff.register_file_i.rf_reg\[1023\]$_DFFE_PN0P_/D
       69 |       3 |      23 |        0 |      1 |     8 |    +0.0% |    0.995 |        0.0 |    309 | gen_regfile_ff.register_file_i.rf_reg\[1023\]$_DFFE_PN0P_/D
       70 |       3 |      23 |        0 |      1 |     8 |    +0.0% |    0.995 |        0.0 |    309 | gen_regfile_ff.register_file_i.rf_reg\[1023\]$_DFFE_PN0P_/D
       70 |       3 |      23 |        0 |      1 |     8 |    +0.0% |    0.995 |        0.0 |    308 | gen_regfile_ff.register_file_i.rf_reg\[1023\]$_DFFE_PN0P_/D
       71 |       3 |      23 |        0 |      1 |     8 |    +0.0% |    0.995 |        0.0 |    307 | gen_regfile_ff.register_file_i.rf_reg\[1023\]$_DFFE_PN0P_/D
       72 |       3 |      23 |        0 |      1 |     8 |    +0.0% |    0.995 |        0.0 |    306 | gen_regfile_ff.register_file_i.rf_reg\[1023\]$_DFFE_PN0P_/D
       73 |       3 |      23 |        0 |      1 |     8 |    +0.0% |    0.995 |        0.0 |    305 | gen_regfile_ff.register_file_i.rf_reg\[1023\]$_DFFE_PN0P_/D
       74 |       3 |      23 |        0 |      1 |     8 |    +0.0% |    0.995 |        0.0 |    304 | gen_regfile_ff.register_file_i.rf_reg\[1023\]$_DFFE_PN0P_/D
       75 |       3 |      23 |        0 |      1 |     8 |    +0.0% |    0.995 |        0.0 |    303 | gen_regfile_ff.register_file_i.rf_reg\[1023\]$_DFFE_PN0P_/D
       76 |       3 |      23 |        0 |      1 |     8 |    +0.0% |    0.995 |        0.0 |    302 | gen_regfile_ff.register_file_i.rf_reg\[1023\]$_DFFE_PN0P_/D
       77 |       3 |      23 |        0 |      1 |     8 |    +0.0% |    0.995 |        0.0 |    301 | gen_regfile_ff.register_file_i.rf_reg\[1023\]$_DFFE_PN0P_/D
       78 |       3 |      23 |        0 |      1 |     8 |    +0.0% |    0.995 |        0.0 |    300 | gen_regfile_ff.register_file_i.rf_reg\[1023\]$_DFFE_PN0P_/D
       79 |       3 |      23 |        0 |      1 |     8 |    +0.0% |    0.995 |        0.0 |    299 | gen_regfile_ff.register_file_i.rf_reg\[1023\]$_DFFE_PN0P_/D
       80 |       3 |      23 |        0 |      1 |     8 |    +0.0% |    0.995 |        0.0 |    299 | gen_regfile_ff.register_file_i.rf_reg\[1023\]$_DFFE_PN0P_/D
       80 |       3 |      23 |        0 |      1 |     8 |    +0.0% |    0.995 |        0.0 |    298 | gen_regfile_ff.register_file_i.rf_reg\[1023\]$_DFFE_PN0P_/D
       81 |       3 |      23 |        0 |      1 |     8 |    +0.0% |    0.995 |        0.0 |    297 | gen_regfile_ff.register_file_i.rf_reg\[1023\]$_DFFE_PN0P_/D
       82 |       3 |      23 |        0 |      1 |     8 |    +0.0% |    0.995 |        0.0 |    296 | gen_regfile_ff.register_file_i.rf_reg\[1023\]$_DFFE_PN0P_/D
       83 |       3 |      23 |        0 |      1 |     8 |    +0.0% |    0.995 |        0.0 |    295 | gen_regfile_ff.register_file_i.rf_reg\[1023\]$_DFFE_PN0P_/D
       84 |       3 |      23 |        0 |      1 |     8 |    +0.0% |    0.995 |        0.0 |    294 | gen_regfile_ff.register_file_i.rf_reg\[1023\]$_DFFE_PN0P_/D
       85 |       3 |      23 |        0 |      1 |     8 |    +0.0% |    0.995 |        0.0 |    293 | gen_regfile_ff.register_file_i.rf_reg\[1023\]$_DFFE_PN0P_/D
       86 |       3 |      23 |        0 |      1 |     8 |    +0.0% |    0.995 |        0.0 |    292 | gen_regfile_ff.register_file_i.rf_reg\[1023\]$_DFFE_PN0P_/D
       87 |       3 |      23 |        0 |      1 |     8 |    +0.0% |    0.995 |        0.0 |    291 | gen_regfile_ff.register_file_i.rf_reg\[1023\]$_DFFE_PN0P_/D
       88 |       3 |      23 |        0 |      1 |     8 |    +0.0% |    0.995 |        0.0 |    290 | gen_regfile_ff.register_file_i.rf_reg\[1023\]$_DFFE_PN0P_/D
       89 |       3 |      23 |        0 |      1 |     8 |    +0.0% |    0.995 |        0.0 |    289 | gen_regfile_ff.register_file_i.rf_reg\[1023\]$_DFFE_PN0P_/D
       90 |       3 |      23 |        0 |      1 |     8 |    +0.0% |    0.995 |        0.0 |    289 | gen_regfile_ff.register_file_i.rf_reg\[1023\]$_DFFE_PN0P_/D
       90 |       3 |      23 |        0 |      1 |     8 |    +0.0% |    0.995 |        0.0 |    288 | gen_regfile_ff.register_file_i.rf_reg\[1023\]$_DFFE_PN0P_/D
       91 |       3 |      23 |        0 |      1 |     8 |    +0.0% |    0.995 |        0.0 |    287 | gen_regfile_ff.register_file_i.rf_reg\[1023\]$_DFFE_PN0P_/D
       92 |       3 |      23 |        0 |      1 |     8 |    +0.0% |    0.995 |        0.0 |    286 | gen_regfile_ff.register_file_i.rf_reg\[1023\]$_DFFE_PN0P_/D
       93 |       3 |      23 |        0 |      1 |     8 |    +0.0% |    0.995 |        0.0 |    285 | gen_regfile_ff.register_file_i.rf_reg\[1023\]$_DFFE_PN0P_/D
       94 |       3 |      23 |        0 |      1 |     8 |    +0.0% |    0.995 |        0.0 |    284 | gen_regfile_ff.register_file_i.rf_reg\[1023\]$_DFFE_PN0P_/D
       95 |       3 |      23 |        0 |      1 |     8 |    +0.0% |    0.995 |        0.0 |    283 | gen_regfile_ff.register_file_i.rf_reg\[1023\]$_DFFE_PN0P_/D
       96 |       3 |      23 |        0 |      1 |     8 |    +0.0% |    0.995 |        0.0 |    282 | gen_regfile_ff.register_file_i.rf_reg\[1023\]$_DFFE_PN0P_/D
       97 |       3 |      23 |        0 |      1 |     8 |    +0.0% |    0.995 |        0.0 |    281 | gen_regfile_ff.register_file_i.rf_reg\[1023\]$_DFFE_PN0P_/D
       98 |       3 |      23 |        0 |      1 |     8 |    +0.0% |    0.995 |        0.0 |    280 | gen_regfile_ff.register_file_i.rf_reg\[1023\]$_DFFE_PN0P_/D
       99 |       3 |      23 |        0 |      1 |     8 |    +0.0% |    0.995 |        0.0 |    279 | gen_regfile_ff.register_file_i.rf_reg\[1023\]$_DFFE_PN0P_/D
      100 |       3 |      23 |        0 |      1 |     8 |    +0.0% |    0.995 |        0.0 |    279 | gen_regfile_ff.register_file_i.rf_reg\[1023\]$_DFFE_PN0P_/D
      100 |       3 |      23 |        0 |      1 |     8 |    +0.0% |    0.995 |        0.0 |    278 | gen_regfile_ff.register_file_i.rf_reg\[1023\]$_DFFE_PN0P_/D
      101 |       3 |      23 |        0 |      1 |     8 |    +0.0% |    0.995 |        0.0 |    277 | gen_regfile_ff.register_file_i.rf_reg\[1023\]$_DFFE_PN0P_/D
      102 |       3 |      23 |        0 |      1 |     8 |    +0.0% |    0.995 |        0.0 |    276 | gen_regfile_ff.register_file_i.rf_reg\[1023\]$_DFFE_PN0P_/D
      103 |       3 |      23 |        0 |      1 |     8 |    +0.0% |    0.995 |        0.0 |    275 | gen_regfile_ff.register_file_i.rf_reg\[1023\]$_DFFE_PN0P_/D
      104 |       3 |      23 |        0 |      1 |     8 |    +0.0% |    0.995 |        0.0 |    274 | gen_regfile_ff.register_file_i.rf_reg\[1023\]$_DFFE_PN0P_/D
      105 |       3 |      23 |        0 |      1 |     8 |    +0.0% |    0.995 |        0.0 |    273 | gen_regfile_ff.register_file_i.rf_reg\[1023\]$_DFFE_PN0P_/D
      106 |       3 |      23 |        0 |      1 |     8 |    +0.0% |    0.995 |        0.0 |    272 | gen_regfile_ff.register_file_i.rf_reg\[1023\]$_DFFE_PN0P_/D
      107 |       3 |      23 |        0 |      1 |     8 |    +0.0% |    0.995 |        0.0 |    271 | gen_regfile_ff.register_file_i.rf_reg\[1023\]$_DFFE_PN0P_/D
      108 |       3 |      23 |        0 |      1 |     8 |    +0.0% |    0.995 |        0.0 |    270 | gen_regfile_ff.register_file_i.rf_reg\[1023\]$_DFFE_PN0P_/D
      109 |       3 |      23 |        0 |      1 |     8 |    +0.0% |    0.995 |        0.0 |    269 | gen_regfile_ff.register_file_i.rf_reg\[1023\]$_DFFE_PN0P_/D
      110 |       3 |      23 |        0 |      1 |     8 |    +0.0% |    0.995 |        0.0 |    269 | gen_regfile_ff.register_file_i.rf_reg\[1023\]$_DFFE_PN0P_/D
      110 |       3 |      23 |        0 |      1 |     8 |    +0.0% |    0.995 |        0.0 |    268 | gen_regfile_ff.register_file_i.rf_reg\[1023\]$_DFFE_PN0P_/D
      111 |       3 |      23 |        0 |      1 |     8 |    +0.0% |    0.995 |        0.0 |    267 | gen_regfile_ff.register_file_i.rf_reg\[1023\]$_DFFE_PN0P_/D
      112 |       3 |      23 |        0 |      1 |     8 |    +0.0% |    0.995 |        0.0 |    266 | gen_regfile_ff.register_file_i.rf_reg\[1023\]$_DFFE_PN0P_/D
      113 |       3 |      23 |        0 |      1 |     8 |    +0.0% |    0.995 |        0.0 |    265 | gen_regfile_ff.register_file_i.rf_reg\[1023\]$_DFFE_PN0P_/D
      114 |       3 |      23 |        0 |      1 |     8 |    +0.0% |    0.995 |        0.0 |    264 | gen_regfile_ff.register_file_i.rf_reg\[1023\]$_DFFE_PN0P_/D
      115 |       3 |      23 |        0 |      1 |     8 |    +0.0% |    0.995 |        0.0 |    263 | gen_regfile_ff.register_file_i.rf_reg\[1023\]$_DFFE_PN0P_/D
      116 |       3 |      23 |        0 |      1 |     8 |    +0.0% |    0.995 |        0.0 |    262 | gen_regfile_ff.register_file_i.rf_reg\[1023\]$_DFFE_PN0P_/D
      117 |       3 |      23 |        0 |      1 |     8 |    +0.0% |    0.995 |        0.0 |    261 | gen_regfile_ff.register_file_i.rf_reg\[1023\]$_DFFE_PN0P_/D
      118 |       3 |      23 |        0 |      1 |     8 |    +0.0% |    0.995 |        0.0 |    260 | gen_regfile_ff.register_file_i.rf_reg\[1023\]$_DFFE_PN0P_/D
      119 |       3 |      23 |        0 |      1 |     8 |    +0.0% |    0.995 |        0.0 |    259 | gen_regfile_ff.register_file_i.rf_reg\[1023\]$_DFFE_PN0P_/D
      120 |       3 |      23 |        0 |      1 |     8 |    +0.0% |    0.995 |        0.0 |    259 | gen_regfile_ff.register_file_i.rf_reg\[1023\]$_DFFE_PN0P_/D
      120 |       3 |      23 |        0 |      1 |     8 |    +0.0% |    0.995 |        0.0 |    258 | gen_regfile_ff.register_file_i.rf_reg\[1023\]$_DFFE_PN0P_/D
      121 |       3 |      23 |        0 |      1 |     8 |    +0.0% |    0.995 |        0.0 |    257 | gen_regfile_ff.register_file_i.rf_reg\[1023\]$_DFFE_PN0P_/D
      122 |       3 |      23 |        0 |      1 |     8 |    +0.0% |    0.995 |        0.0 |    256 | gen_regfile_ff.register_file_i.rf_reg\[1023\]$_DFFE_PN0P_/D
      123 |       3 |      23 |        0 |      1 |     8 |    +0.0% |    0.995 |        0.0 |    255 | gen_regfile_ff.register_file_i.rf_reg\[1023\]$_DFFE_PN0P_/D
      124 |       3 |      23 |        0 |      1 |     8 |    +0.0% |    0.995 |        0.0 |    254 | gen_regfile_ff.register_file_i.rf_reg\[1023\]$_DFFE_PN0P_/D
      125 |       3 |      23 |        0 |      1 |     8 |    +0.0% |    0.995 |        0.0 |    253 | gen_regfile_ff.register_file_i.rf_reg\[1023\]$_DFFE_PN0P_/D
      126 |       3 |      23 |        0 |      1 |     8 |    +0.0% |    0.995 |        0.0 |    252 | gen_regfile_ff.register_file_i.rf_reg\[1023\]$_DFFE_PN0P_/D
      127 |       3 |      23 |        0 |      1 |     8 |    +0.0% |    0.995 |        0.0 |    251 | gen_regfile_ff.register_file_i.rf_reg\[1023\]$_DFFE_PN0P_/D
      128 |       3 |      23 |        0 |      1 |     8 |    +0.0% |    0.995 |        0.0 |    250 | gen_regfile_ff.register_file_i.rf_reg\[1023\]$_DFFE_PN0P_/D
      129 |       3 |      23 |        0 |      1 |     8 |    +0.0% |    0.995 |        0.0 |    249 | gen_regfile_ff.register_file_i.rf_reg\[1023\]$_DFFE_PN0P_/D
      130 |       3 |      23 |        0 |      1 |     8 |    +0.0% |    0.995 |        0.0 |    249 | gen_regfile_ff.register_file_i.rf_reg\[1023\]$_DFFE_PN0P_/D
      130 |       3 |      23 |        0 |      1 |     8 |    +0.0% |    0.995 |        0.0 |    248 | gen_regfile_ff.register_file_i.rf_reg\[1023\]$_DFFE_PN0P_/D
      131 |       3 |      23 |        0 |      1 |     8 |    +0.0% |    0.995 |        0.0 |    247 | gen_regfile_ff.register_file_i.rf_reg\[1023\]$_DFFE_PN0P_/D
      132 |       3 |      23 |        0 |      1 |     8 |    +0.0% |    0.995 |        0.0 |    246 | gen_regfile_ff.register_file_i.rf_reg\[1023\]$_DFFE_PN0P_/D
      133 |       3 |      23 |        0 |      1 |     8 |    +0.0% |    0.995 |        0.0 |    245 | gen_regfile_ff.register_file_i.rf_reg\[1023\]$_DFFE_PN0P_/D
      134 |       3 |      23 |        0 |      1 |     8 |    +0.0% |    0.995 |        0.0 |    244 | gen_regfile_ff.register_file_i.rf_reg\[1023\]$_DFFE_PN0P_/D
      135 |       3 |      23 |        0 |      1 |     8 |    +0.0% |    0.995 |        0.0 |    243 | gen_regfile_ff.register_file_i.rf_reg\[1023\]$_DFFE_PN0P_/D
      136 |       3 |      23 |        0 |      1 |     8 |    +0.0% |    0.995 |        0.0 |    242 | gen_regfile_ff.register_file_i.rf_reg\[1023\]$_DFFE_PN0P_/D
      137 |       3 |      23 |        0 |      1 |     8 |    +0.0% |    0.995 |        0.0 |    241 | gen_regfile_ff.register_file_i.rf_reg\[1023\]$_DFFE_PN0P_/D
      138 |       3 |      23 |        0 |      1 |     8 |    +0.0% |    0.995 |        0.0 |    240 | gen_regfile_ff.register_file_i.rf_reg\[1023\]$_DFFE_PN0P_/D
      139 |       3 |      23 |        0 |      1 |     8 |    +0.0% |    0.995 |        0.0 |    239 | gen_regfile_ff.register_file_i.rf_reg\[1023\]$_DFFE_PN0P_/D
      140 |       3 |      23 |        0 |      1 |     8 |    +0.0% |    0.995 |        0.0 |    239 | gen_regfile_ff.register_file_i.rf_reg\[1023\]$_DFFE_PN0P_/D
      140 |       3 |      23 |        0 |      1 |     8 |    +0.0% |    0.995 |        0.0 |    238 | gen_regfile_ff.register_file_i.rf_reg\[1023\]$_DFFE_PN0P_/D
      141 |       3 |      23 |        0 |      1 |     8 |    +0.0% |    0.995 |        0.0 |    237 | gen_regfile_ff.register_file_i.rf_reg\[1023\]$_DFFE_PN0P_/D
      142 |       3 |      23 |        0 |      1 |     8 |    +0.0% |    0.995 |        0.0 |    236 | gen_regfile_ff.register_file_i.rf_reg\[1023\]$_DFFE_PN0P_/D
      143 |       3 |      23 |        0 |      1 |     8 |    +0.0% |    0.995 |        0.0 |    235 | gen_regfile_ff.register_file_i.rf_reg\[1023\]$_DFFE_PN0P_/D
      144 |       3 |      23 |        0 |      1 |     8 |    +0.0% |    0.995 |        0.0 |    234 | gen_regfile_ff.register_file_i.rf_reg\[1023\]$_DFFE_PN0P_/D
      145 |       3 |      23 |        0 |      1 |     8 |    +0.0% |    0.995 |        0.0 |    233 | gen_regfile_ff.register_file_i.rf_reg\[1023\]$_DFFE_PN0P_/D
      146 |       3 |      23 |        0 |      1 |     8 |    +0.0% |    0.995 |        0.0 |    232 | gen_regfile_ff.register_file_i.rf_reg\[1023\]$_DFFE_PN0P_/D
      147 |       3 |      23 |        0 |      1 |     8 |    +0.0% |    0.995 |        0.0 |    231 | gen_regfile_ff.register_file_i.rf_reg\[1023\]$_DFFE_PN0P_/D
      148 |       3 |      23 |        0 |      1 |     8 |    +0.0% |    0.995 |        0.0 |    230 | gen_regfile_ff.register_file_i.rf_reg\[1023\]$_DFFE_PN0P_/D
      149 |       3 |      23 |        0 |      1 |     8 |    +0.0% |    0.995 |        0.0 |    229 | gen_regfile_ff.register_file_i.rf_reg\[1023\]$_DFFE_PN0P_/D
      150 |       3 |      23 |        0 |      1 |     8 |    +0.0% |    0.995 |        0.0 |    229 | gen_regfile_ff.register_file_i.rf_reg\[1023\]$_DFFE_PN0P_/D
      150 |       3 |      23 |        0 |      1 |     8 |    +0.0% |    0.995 |        0.0 |    228 | gen_regfile_ff.register_file_i.rf_reg\[1023\]$_DFFE_PN0P_/D
      151 |       3 |      23 |        0 |      1 |     8 |    +0.0% |    0.995 |        0.0 |    227 | gen_regfile_ff.register_file_i.rf_reg\[1023\]$_DFFE_PN0P_/D
      152 |       3 |      23 |        0 |      1 |     8 |    +0.0% |    0.995 |        0.0 |    226 | gen_regfile_ff.register_file_i.rf_reg\[1023\]$_DFFE_PN0P_/D
      153 |       3 |      23 |        0 |      1 |     8 |    +0.0% |    0.995 |        0.0 |    225 | gen_regfile_ff.register_file_i.rf_reg\[1023\]$_DFFE_PN0P_/D
      154 |       3 |      23 |        0 |      1 |     8 |    +0.0% |    0.995 |        0.0 |    224 | gen_regfile_ff.register_file_i.rf_reg\[1023\]$_DFFE_PN0P_/D
      155 |       3 |      23 |        0 |      1 |     8 |    +0.0% |    0.995 |        0.0 |    223 | gen_regfile_ff.register_file_i.rf_reg\[1023\]$_DFFE_PN0P_/D
      156 |       3 |      23 |        0 |      1 |     8 |    +0.0% |    0.995 |        0.0 |    222 | gen_regfile_ff.register_file_i.rf_reg\[1023\]$_DFFE_PN0P_/D
      157 |       3 |      23 |        0 |      1 |     8 |    +0.0% |    0.995 |        0.0 |    221 | gen_regfile_ff.register_file_i.rf_reg\[1023\]$_DFFE_PN0P_/D
      158 |       3 |      23 |        0 |      1 |     8 |    +0.0% |    0.995 |        0.0 |    220 | gen_regfile_ff.register_file_i.rf_reg\[1023\]$_DFFE_PN0P_/D
      159 |       3 |      23 |        0 |      1 |     8 |    +0.0% |    0.995 |        0.0 |    219 | gen_regfile_ff.register_file_i.rf_reg\[1023\]$_DFFE_PN0P_/D
      160 |       3 |      23 |        0 |      1 |     8 |    +0.0% |    0.995 |        0.0 |    219 | gen_regfile_ff.register_file_i.rf_reg\[1023\]$_DFFE_PN0P_/D
      160 |       3 |      23 |        0 |      1 |     8 |    +0.0% |    0.995 |        0.0 |    218 | gen_regfile_ff.register_file_i.rf_reg\[1023\]$_DFFE_PN0P_/D
      161 |       3 |      23 |        0 |      1 |     8 |    +0.0% |    0.995 |        0.0 |    217 | gen_regfile_ff.register_file_i.rf_reg\[1023\]$_DFFE_PN0P_/D
      162 |       3 |      23 |        0 |      1 |     8 |    +0.0% |    0.995 |        0.0 |    216 | gen_regfile_ff.register_file_i.rf_reg\[1023\]$_DFFE_PN0P_/D
      163 |       3 |      23 |        0 |      1 |     8 |    +0.0% |    0.995 |        0.0 |    215 | gen_regfile_ff.register_file_i.rf_reg\[1023\]$_DFFE_PN0P_/D
      164 |       3 |      23 |        0 |      1 |     8 |    +0.0% |    0.995 |        0.0 |    214 | gen_regfile_ff.register_file_i.rf_reg\[1023\]$_DFFE_PN0P_/D
      165 |       3 |      23 |        0 |      1 |     8 |    +0.0% |    0.995 |        0.0 |    213 | gen_regfile_ff.register_file_i.rf_reg\[1023\]$_DFFE_PN0P_/D
      166 |       3 |      23 |        0 |      1 |     8 |    +0.0% |    0.995 |        0.0 |    212 | gen_regfile_ff.register_file_i.rf_reg\[1023\]$_DFFE_PN0P_/D
      167 |       3 |      23 |        0 |      1 |     8 |    +0.0% |    0.995 |        0.0 |    211 | gen_regfile_ff.register_file_i.rf_reg\[1023\]$_DFFE_PN0P_/D
      168 |       3 |      23 |        0 |      1 |     8 |    +0.0% |    0.995 |        0.0 |    210 | gen_regfile_ff.register_file_i.rf_reg\[1023\]$_DFFE_PN0P_/D
      169 |       3 |      23 |        0 |      1 |     8 |    +0.0% |    0.995 |        0.0 |    209 | gen_regfile_ff.register_file_i.rf_reg\[1023\]$_DFFE_PN0P_/D
      170 |       3 |      23 |        0 |      1 |     8 |    +0.0% |    0.995 |        0.0 |    209 | gen_regfile_ff.register_file_i.rf_reg\[1023\]$_DFFE_PN0P_/D
      170 |       3 |      23 |        0 |      1 |     8 |    +0.0% |    0.995 |        0.0 |    208 | gen_regfile_ff.register_file_i.rf_reg\[1023\]$_DFFE_PN0P_/D
      171 |       3 |      23 |        0 |      1 |     8 |    +0.0% |    0.995 |        0.0 |    207 | gen_regfile_ff.register_file_i.rf_reg\[1023\]$_DFFE_PN0P_/D
      172 |       3 |      23 |        0 |      1 |     8 |    +0.0% |    0.995 |        0.0 |    206 | gen_regfile_ff.register_file_i.rf_reg\[1023\]$_DFFE_PN0P_/D
      173 |       3 |      23 |        0 |      1 |     8 |    +0.0% |    0.995 |        0.0 |    205 | gen_regfile_ff.register_file_i.rf_reg\[1023\]$_DFFE_PN0P_/D
      174 |       3 |      23 |        0 |      1 |     8 |    +0.0% |    0.995 |        0.0 |    204 | gen_regfile_ff.register_file_i.rf_reg\[1023\]$_DFFE_PN0P_/D
      175 |       3 |      23 |        0 |      1 |     8 |    +0.0% |    0.995 |        0.0 |    203 | gen_regfile_ff.register_file_i.rf_reg\[1023\]$_DFFE_PN0P_/D
      176 |       3 |      23 |        0 |      1 |     8 |    +0.0% |    0.995 |        0.0 |    202 | gen_regfile_ff.register_file_i.rf_reg\[1023\]$_DFFE_PN0P_/D
      177 |       3 |      23 |        0 |      1 |     8 |    +0.0% |    0.995 |        0.0 |    201 | gen_regfile_ff.register_file_i.rf_reg\[1023\]$_DFFE_PN0P_/D
      178 |       3 |      23 |        0 |      1 |     8 |    +0.0% |    0.995 |        0.0 |    200 | gen_regfile_ff.register_file_i.rf_reg\[1023\]$_DFFE_PN0P_/D
      179 |       3 |      23 |        0 |      1 |     8 |    +0.0% |    0.995 |        0.0 |    199 | gen_regfile_ff.register_file_i.rf_reg\[1023\]$_DFFE_PN0P_/D
      180 |       3 |      23 |        0 |      1 |     8 |    +0.0% |    0.995 |        0.0 |    199 | gen_regfile_ff.register_file_i.rf_reg\[1023\]$_DFFE_PN0P_/D
      180 |       3 |      23 |        0 |      1 |     8 |    +0.0% |    0.995 |        0.0 |    198 | gen_regfile_ff.register_file_i.rf_reg\[1023\]$_DFFE_PN0P_/D
      181 |       3 |      23 |        0 |      1 |     8 |    +0.0% |    0.995 |        0.0 |    197 | gen_regfile_ff.register_file_i.rf_reg\[1023\]$_DFFE_PN0P_/D
      182 |       3 |      23 |        0 |      1 |     8 |    +0.0% |    0.995 |        0.0 |    196 | gen_regfile_ff.register_file_i.rf_reg\[1023\]$_DFFE_PN0P_/D
      183 |       3 |      23 |        0 |      1 |     8 |    +0.0% |    0.995 |        0.0 |    195 | gen_regfile_ff.register_file_i.rf_reg\[1023\]$_DFFE_PN0P_/D
      184 |       3 |      23 |        0 |      1 |     8 |    +0.0% |    0.995 |        0.0 |    194 | gen_regfile_ff.register_file_i.rf_reg\[1023\]$_DFFE_PN0P_/D
      185 |       3 |      23 |        0 |      1 |     8 |    +0.0% |    0.995 |        0.0 |    193 | gen_regfile_ff.register_file_i.rf_reg\[1023\]$_DFFE_PN0P_/D
      186 |       3 |      23 |        0 |      1 |     8 |    +0.0% |    0.995 |        0.0 |    192 | gen_regfile_ff.register_file_i.rf_reg\[1023\]$_DFFE_PN0P_/D
      187 |       3 |      23 |        0 |      1 |     8 |    +0.0% |    0.995 |        0.0 |    191 | gen_regfile_ff.register_file_i.rf_reg\[1023\]$_DFFE_PN0P_/D
      188 |       3 |      23 |        0 |      1 |     8 |    +0.0% |    0.995 |        0.0 |    190 | gen_regfile_ff.register_file_i.rf_reg\[1023\]$_DFFE_PN0P_/D
      189 |       3 |      23 |        0 |      1 |     8 |    +0.0% |    0.995 |        0.0 |    189 | gen_regfile_ff.register_file_i.rf_reg\[1023\]$_DFFE_PN0P_/D
      190 |       3 |      23 |        0 |      1 |     8 |    +0.0% |    0.995 |        0.0 |    189 | gen_regfile_ff.register_file_i.rf_reg\[1023\]$_DFFE_PN0P_/D
      190 |       3 |      23 |        0 |      1 |     8 |    +0.0% |    0.995 |        0.0 |    188 | gen_regfile_ff.register_file_i.rf_reg\[1023\]$_DFFE_PN0P_/D
      191 |       3 |      23 |        0 |      1 |     8 |    +0.0% |    0.995 |        0.0 |    187 | gen_regfile_ff.register_file_i.rf_reg\[1023\]$_DFFE_PN0P_/D
      192 |       3 |      23 |        0 |      1 |     8 |    +0.0% |    0.995 |        0.0 |    186 | gen_regfile_ff.register_file_i.rf_reg\[1023\]$_DFFE_PN0P_/D
      193 |       3 |      23 |        0 |      1 |     8 |    +0.0% |    0.995 |        0.0 |    185 | gen_regfile_ff.register_file_i.rf_reg\[1023\]$_DFFE_PN0P_/D
      194 |       3 |      23 |        0 |      1 |     8 |    +0.0% |    0.995 |        0.0 |    184 | gen_regfile_ff.register_file_i.rf_reg\[1023\]$_DFFE_PN0P_/D
      195 |       3 |      23 |        0 |      1 |     8 |    +0.0% |    0.995 |        0.0 |    183 | gen_regfile_ff.register_file_i.rf_reg\[1023\]$_DFFE_PN0P_/D
      196 |       3 |      23 |        0 |      1 |     8 |    +0.0% |    0.995 |        0.0 |    182 | gen_regfile_ff.register_file_i.rf_reg\[1023\]$_DFFE_PN0P_/D
      197 |       3 |      23 |        0 |      1 |     8 |    +0.0% |    0.995 |        0.0 |    181 | gen_regfile_ff.register_file_i.rf_reg\[1023\]$_DFFE_PN0P_/D
      198 |       3 |      23 |        0 |      1 |     8 |    +0.0% |    0.995 |        0.0 |    180 | gen_regfile_ff.register_file_i.rf_reg\[1023\]$_DFFE_PN0P_/D
      199 |       3 |      23 |        0 |      1 |     8 |    +0.0% |    0.995 |        0.0 |    179 | gen_regfile_ff.register_file_i.rf_reg\[1023\]$_DFFE_PN0P_/D
      200 |       3 |      23 |        0 |      1 |     8 |    +0.0% |    0.995 |        0.0 |    179 | gen_regfile_ff.register_file_i.rf_reg\[1023\]$_DFFE_PN0P_/D
      200 |       3 |      23 |        0 |      1 |     8 |    +0.0% |    0.995 |        0.0 |    178 | gen_regfile_ff.register_file_i.rf_reg\[1023\]$_DFFE_PN0P_/D
      201 |       3 |      23 |        0 |      1 |     8 |    +0.0% |    0.995 |        0.0 |    177 | gen_regfile_ff.register_file_i.rf_reg\[1023\]$_DFFE_PN0P_/D
      202 |       3 |      23 |        0 |      1 |     8 |    +0.0% |    0.995 |        0.0 |    176 | gen_regfile_ff.register_file_i.rf_reg\[1023\]$_DFFE_PN0P_/D
      203 |       3 |      23 |        0 |      1 |     8 |    +0.0% |    0.995 |        0.0 |    175 | gen_regfile_ff.register_file_i.rf_reg\[1023\]$_DFFE_PN0P_/D
      204 |       3 |      23 |        0 |      1 |     8 |    +0.0% |    0.995 |        0.0 |    174 | gen_regfile_ff.register_file_i.rf_reg\[1023\]$_DFFE_PN0P_/D
      205 |       3 |      23 |        0 |      1 |     8 |    +0.0% |    0.995 |        0.0 |    173 | gen_regfile_ff.register_file_i.rf_reg\[1023\]$_DFFE_PN0P_/D
      206 |       3 |      23 |        0 |      1 |     8 |    +0.0% |    0.995 |        0.0 |    172 | gen_regfile_ff.register_file_i.rf_reg\[1023\]$_DFFE_PN0P_/D
      207 |       3 |      23 |        0 |      1 |     8 |    +0.0% |    0.995 |        0.0 |    171 | gen_regfile_ff.register_file_i.rf_reg\[1023\]$_DFFE_PN0P_/D
      208 |       3 |      23 |        0 |      1 |     8 |    +0.0% |    0.995 |        0.0 |    170 | gen_regfile_ff.register_file_i.rf_reg\[1023\]$_DFFE_PN0P_/D
      209 |       3 |      23 |        0 |      1 |     8 |    +0.0% |    0.995 |        0.0 |    169 | gen_regfile_ff.register_file_i.rf_reg\[1023\]$_DFFE_PN0P_/D
      210 |       3 |      23 |        0 |      1 |     8 |    +0.0% |    0.995 |        0.0 |    169 | gen_regfile_ff.register_file_i.rf_reg\[1023\]$_DFFE_PN0P_/D
      210 |       3 |      23 |        0 |      1 |     8 |    +0.0% |    0.995 |        0.0 |    168 | gen_regfile_ff.register_file_i.rf_reg\[1023\]$_DFFE_PN0P_/D
      211 |       3 |      23 |        0 |      1 |     8 |    +0.0% |    0.995 |        0.0 |    167 | gen_regfile_ff.register_file_i.rf_reg\[1023\]$_DFFE_PN0P_/D
      212 |       3 |      23 |        0 |      1 |     8 |    +0.0% |    0.995 |        0.0 |    166 | gen_regfile_ff.register_file_i.rf_reg\[1023\]$_DFFE_PN0P_/D
      213 |       3 |      23 |        0 |      1 |     8 |    +0.0% |    0.995 |        0.0 |    165 | gen_regfile_ff.register_file_i.rf_reg\[1023\]$_DFFE_PN0P_/D
      214 |       3 |      23 |        0 |      1 |     8 |    +0.0% |    0.995 |        0.0 |    164 | gen_regfile_ff.register_file_i.rf_reg\[1023\]$_DFFE_PN0P_/D
      215 |       3 |      23 |        0 |      1 |     8 |    +0.0% |    0.995 |        0.0 |    163 | gen_regfile_ff.register_file_i.rf_reg\[1023\]$_DFFE_PN0P_/D
      216 |       3 |      23 |        0 |      1 |     8 |    +0.0% |    0.995 |        0.0 |    162 | gen_regfile_ff.register_file_i.rf_reg\[1023\]$_DFFE_PN0P_/D
      217 |       3 |      23 |        0 |      1 |     8 |    +0.0% |    0.995 |        0.0 |    161 | gen_regfile_ff.register_file_i.rf_reg\[1023\]$_DFFE_PN0P_/D
      218 |       3 |      23 |        0 |      1 |     8 |    +0.0% |    0.995 |        0.0 |    160 | gen_regfile_ff.register_file_i.rf_reg\[1023\]$_DFFE_PN0P_/D
      219 |       3 |      23 |        0 |      1 |     8 |    +0.0% |    0.995 |        0.0 |    159 | gen_regfile_ff.register_file_i.rf_reg\[1023\]$_DFFE_PN0P_/D
      220 |       3 |      23 |        0 |      1 |     8 |    +0.0% |    0.995 |        0.0 |    159 | gen_regfile_ff.register_file_i.rf_reg\[1023\]$_DFFE_PN0P_/D
      220 |       3 |      23 |        0 |      1 |     8 |    +0.0% |    0.995 |        0.0 |    158 | gen_regfile_ff.register_file_i.rf_reg\[1023\]$_DFFE_PN0P_/D
      221 |       3 |      23 |        0 |      1 |     8 |    +0.0% |    0.995 |        0.0 |    157 | gen_regfile_ff.register_file_i.rf_reg\[1023\]$_DFFE_PN0P_/D
      222 |       3 |      23 |        0 |      1 |     8 |    +0.0% |    0.995 |        0.0 |    156 | gen_regfile_ff.register_file_i.rf_reg\[1023\]$_DFFE_PN0P_/D
      223 |       3 |      23 |        0 |      1 |     8 |    +0.0% |    0.995 |        0.0 |    155 | gen_regfile_ff.register_file_i.rf_reg\[1023\]$_DFFE_PN0P_/D
      224 |       3 |      23 |        0 |      1 |     8 |    +0.0% |    0.995 |        0.0 |    154 | gen_regfile_ff.register_file_i.rf_reg\[1023\]$_DFFE_PN0P_/D
      225 |       3 |      23 |        0 |      1 |     8 |    +0.0% |    0.995 |        0.0 |    153 | gen_regfile_ff.register_file_i.rf_reg\[1023\]$_DFFE_PN0P_/D
      226 |       3 |      23 |        0 |      1 |     8 |    +0.0% |    0.995 |        0.0 |    152 | gen_regfile_ff.register_file_i.rf_reg\[1023\]$_DFFE_PN0P_/D
      227 |       3 |      23 |        0 |      1 |     8 |    +0.0% |    0.995 |        0.0 |    151 | gen_regfile_ff.register_file_i.rf_reg\[1023\]$_DFFE_PN0P_/D
      228 |       3 |      23 |        0 |      1 |     8 |    +0.0% |    0.995 |        0.0 |    150 | gen_regfile_ff.register_file_i.rf_reg\[1023\]$_DFFE_PN0P_/D
      229 |       3 |      23 |        0 |      1 |     8 |    +0.0% |    0.995 |        0.0 |    149 | gen_regfile_ff.register_file_i.rf_reg\[1023\]$_DFFE_PN0P_/D
      230 |       3 |      23 |        0 |      1 |     8 |    +0.0% |    0.995 |        0.0 |    149 | gen_regfile_ff.register_file_i.rf_reg\[1023\]$_DFFE_PN0P_/D
      230 |       3 |      23 |        0 |      1 |     8 |    +0.0% |    0.995 |        0.0 |    148 | gen_regfile_ff.register_file_i.rf_reg\[1023\]$_DFFE_PN0P_/D
      231 |       3 |      23 |        0 |      1 |     8 |    +0.0% |    0.995 |        0.0 |    147 | gen_regfile_ff.register_file_i.rf_reg\[1023\]$_DFFE_PN0P_/D
      232 |       3 |      23 |        0 |      1 |     8 |    +0.0% |    0.995 |        0.0 |    146 | gen_regfile_ff.register_file_i.rf_reg\[1023\]$_DFFE_PN0P_/D
      233 |       3 |      23 |        0 |      1 |     8 |    +0.0% |    0.995 |        0.0 |    145 | gen_regfile_ff.register_file_i.rf_reg\[1023\]$_DFFE_PN0P_/D
      234 |       3 |      23 |        0 |      1 |     8 |    +0.0% |    0.995 |        0.0 |    144 | gen_regfile_ff.register_file_i.rf_reg\[1023\]$_DFFE_PN0P_/D
      235 |       3 |      23 |        0 |      1 |     8 |    +0.0% |    0.995 |        0.0 |    143 | gen_regfile_ff.register_file_i.rf_reg\[1023\]$_DFFE_PN0P_/D
      236 |       3 |      23 |        0 |      1 |     8 |    +0.0% |    0.995 |        0.0 |    142 | gen_regfile_ff.register_file_i.rf_reg\[1023\]$_DFFE_PN0P_/D
      237 |       3 |      23 |        0 |      1 |     8 |    +0.0% |    0.995 |        0.0 |    141 | gen_regfile_ff.register_file_i.rf_reg\[1023\]$_DFFE_PN0P_/D
      238 |       3 |      23 |        0 |      1 |     8 |    +0.0% |    0.995 |        0.0 |    140 | gen_regfile_ff.register_file_i.rf_reg\[1023\]$_DFFE_PN0P_/D
      239 |       3 |      23 |        0 |      1 |     8 |    +0.0% |    0.995 |        0.0 |    139 | gen_regfile_ff.register_file_i.rf_reg\[1023\]$_DFFE_PN0P_/D
      240 |       3 |      23 |        0 |      1 |     8 |    +0.0% |    0.995 |        0.0 |    139 | gen_regfile_ff.register_file_i.rf_reg\[1023\]$_DFFE_PN0P_/D
      240 |       3 |      23 |        0 |      1 |     8 |    +0.0% |    0.995 |        0.0 |    138 | gen_regfile_ff.register_file_i.rf_reg\[1023\]$_DFFE_PN0P_/D
      241 |       3 |      23 |        0 |      1 |     8 |    +0.0% |    0.995 |        0.0 |    137 | gen_regfile_ff.register_file_i.rf_reg\[1023\]$_DFFE_PN0P_/D
      242 |       3 |      23 |        0 |      1 |     8 |    +0.0% |    0.995 |        0.0 |    136 | gen_regfile_ff.register_file_i.rf_reg\[1023\]$_DFFE_PN0P_/D
      243 |       3 |      23 |        0 |      1 |     8 |    +0.0% |    0.995 |        0.0 |    135 | gen_regfile_ff.register_file_i.rf_reg\[1023\]$_DFFE_PN0P_/D
      244 |       3 |      23 |        0 |      1 |     8 |    +0.0% |    0.995 |        0.0 |    134 | gen_regfile_ff.register_file_i.rf_reg\[1023\]$_DFFE_PN0P_/D
      245 |       3 |      23 |        0 |      1 |     8 |    +0.0% |    0.995 |        0.0 |    133 | gen_regfile_ff.register_file_i.rf_reg\[1023\]$_DFFE_PN0P_/D
      246 |       3 |      23 |        0 |      1 |     8 |    +0.0% |    0.995 |        0.0 |    132 | gen_regfile_ff.register_file_i.rf_reg\[1023\]$_DFFE_PN0P_/D
      247 |       3 |      23 |        0 |      1 |     8 |    +0.0% |    0.995 |        0.0 |    131 | gen_regfile_ff.register_file_i.rf_reg\[1023\]$_DFFE_PN0P_/D
      248 |       3 |      23 |        0 |      1 |     8 |    +0.0% |    0.995 |        0.0 |    130 | gen_regfile_ff.register_file_i.rf_reg\[1023\]$_DFFE_PN0P_/D
      249 |       3 |      23 |        0 |      1 |     8 |    +0.0% |    0.995 |        0.0 |    129 | gen_regfile_ff.register_file_i.rf_reg\[1023\]$_DFFE_PN0P_/D
      250 |       3 |      23 |        0 |      1 |     8 |    +0.0% |    0.995 |        0.0 |    129 | gen_regfile_ff.register_file_i.rf_reg\[1023\]$_DFFE_PN0P_/D
      250 |       3 |      23 |        0 |      1 |     8 |    +0.0% |    0.995 |        0.0 |    128 | gen_regfile_ff.register_file_i.rf_reg\[1023\]$_DFFE_PN0P_/D
      251 |       3 |      23 |        0 |      1 |     8 |    +0.0% |    0.995 |        0.0 |    127 | gen_regfile_ff.register_file_i.rf_reg\[1023\]$_DFFE_PN0P_/D
      252 |       3 |      23 |        0 |      1 |     8 |    +0.0% |    0.995 |        0.0 |    126 | gen_regfile_ff.register_file_i.rf_reg\[1023\]$_DFFE_PN0P_/D
      253 |       3 |      23 |        0 |      1 |     8 |    +0.0% |    0.995 |        0.0 |    125 | gen_regfile_ff.register_file_i.rf_reg\[1023\]$_DFFE_PN0P_/D
      254 |       3 |      23 |        0 |      1 |     8 |    +0.0% |    0.995 |        0.0 |    124 | gen_regfile_ff.register_file_i.rf_reg\[1023\]$_DFFE_PN0P_/D
      255 |       3 |      23 |        0 |      1 |     8 |    +0.0% |    0.995 |        0.0 |    123 | gen_regfile_ff.register_file_i.rf_reg\[1023\]$_DFFE_PN0P_/D
      256 |       3 |      23 |        0 |      1 |     8 |    +0.0% |    0.995 |        0.0 |    122 | gen_regfile_ff.register_file_i.rf_reg\[1023\]$_DFFE_PN0P_/D
      257 |       3 |      23 |        0 |      1 |     8 |    +0.0% |    0.995 |        0.0 |    121 | gen_regfile_ff.register_file_i.rf_reg\[1023\]$_DFFE_PN0P_/D
      258 |       3 |      23 |        0 |      1 |     8 |    +0.0% |    0.995 |        0.0 |    120 | gen_regfile_ff.register_file_i.rf_reg\[1023\]$_DFFE_PN0P_/D
      259 |       3 |      23 |        0 |      1 |     8 |    +0.0% |    0.995 |        0.0 |    119 | gen_regfile_ff.register_file_i.rf_reg\[1023\]$_DFFE_PN0P_/D
      260 |       3 |      23 |        0 |      1 |     8 |    +0.0% |    0.995 |        0.0 |    119 | gen_regfile_ff.register_file_i.rf_reg\[1023\]$_DFFE_PN0P_/D
      260 |       3 |      23 |        0 |      1 |     8 |    +0.0% |    0.995 |        0.0 |    118 | gen_regfile_ff.register_file_i.rf_reg\[1023\]$_DFFE_PN0P_/D
      261 |       3 |      23 |        0 |      1 |     8 |    +0.0% |    0.995 |        0.0 |    117 | gen_regfile_ff.register_file_i.rf_reg\[1023\]$_DFFE_PN0P_/D
      262 |       3 |      23 |        0 |      1 |     8 |    +0.0% |    0.995 |        0.0 |    116 | gen_regfile_ff.register_file_i.rf_reg\[1023\]$_DFFE_PN0P_/D
      263 |       3 |      23 |        0 |      1 |     8 |    +0.0% |    0.995 |        0.0 |    115 | gen_regfile_ff.register_file_i.rf_reg\[1023\]$_DFFE_PN0P_/D
      264 |       3 |      23 |        0 |      1 |     8 |    +0.0% |    0.995 |        0.0 |    114 | gen_regfile_ff.register_file_i.rf_reg\[1023\]$_DFFE_PN0P_/D
      265 |       3 |      23 |        0 |      1 |     8 |    +0.0% |    0.995 |        0.0 |    113 | gen_regfile_ff.register_file_i.rf_reg\[1023\]$_DFFE_PN0P_/D
      266 |       3 |      23 |        0 |      1 |     8 |    +0.0% |    0.995 |        0.0 |    112 | gen_regfile_ff.register_file_i.rf_reg\[1023\]$_DFFE_PN0P_/D
      267 |       3 |      23 |        0 |      1 |     8 |    +0.0% |    0.995 |        0.0 |    111 | gen_regfile_ff.register_file_i.rf_reg\[1023\]$_DFFE_PN0P_/D
      268 |       3 |      23 |        0 |      1 |     8 |    +0.0% |    0.995 |        0.0 |    110 | gen_regfile_ff.register_file_i.rf_reg\[1023\]$_DFFE_PN0P_/D
      269 |       3 |      23 |        0 |      1 |     8 |    +0.0% |    0.995 |        0.0 |    109 | gen_regfile_ff.register_file_i.rf_reg\[1023\]$_DFFE_PN0P_/D
      270 |       3 |      23 |        0 |      1 |     8 |    +0.0% |    0.995 |        0.0 |    109 | gen_regfile_ff.register_file_i.rf_reg\[1023\]$_DFFE_PN0P_/D
      270 |       3 |      23 |        0 |      1 |     8 |    +0.0% |    0.995 |        0.0 |    108 | gen_regfile_ff.register_file_i.rf_reg\[1023\]$_DFFE_PN0P_/D
      271 |       3 |      23 |        0 |      1 |     8 |    +0.0% |    0.995 |        0.0 |    107 | gen_regfile_ff.register_file_i.rf_reg\[1023\]$_DFFE_PN0P_/D
      272 |       3 |      23 |        0 |      1 |     8 |    +0.0% |    0.995 |        0.0 |    106 | gen_regfile_ff.register_file_i.rf_reg\[1023\]$_DFFE_PN0P_/D
      273 |       3 |      23 |        0 |      1 |     8 |    +0.0% |    0.995 |        0.0 |    105 | gen_regfile_ff.register_file_i.rf_reg\[1023\]$_DFFE_PN0P_/D
      274 |       3 |      23 |        0 |      1 |     8 |    +0.0% |    0.995 |        0.0 |    104 | gen_regfile_ff.register_file_i.rf_reg\[1023\]$_DFFE_PN0P_/D
      275 |       3 |      23 |        0 |      1 |     8 |    +0.0% |    0.995 |        0.0 |    103 | gen_regfile_ff.register_file_i.rf_reg\[1023\]$_DFFE_PN0P_/D
      276 |       3 |      23 |        0 |      1 |     8 |    +0.0% |    0.995 |        0.0 |    102 | gen_regfile_ff.register_file_i.rf_reg\[1023\]$_DFFE_PN0P_/D
      277 |       3 |      23 |        0 |      1 |     8 |    +0.0% |    0.995 |        0.0 |    101 | gen_regfile_ff.register_file_i.rf_reg\[1023\]$_DFFE_PN0P_/D
      278 |       3 |      23 |        0 |      1 |     8 |    +0.0% |    0.995 |        0.0 |    100 | gen_regfile_ff.register_file_i.rf_reg\[1023\]$_DFFE_PN0P_/D
      279 |       3 |      23 |        0 |      1 |     8 |    +0.0% |    0.995 |        0.0 |     99 | gen_regfile_ff.register_file_i.rf_reg\[1023\]$_DFFE_PN0P_/D
      280 |       3 |      23 |        0 |      1 |     8 |    +0.0% |    0.995 |        0.0 |     99 | gen_regfile_ff.register_file_i.rf_reg\[1023\]$_DFFE_PN0P_/D
      280 |       3 |      23 |        0 |      1 |     8 |    +0.0% |    0.995 |        0.0 |     98 | gen_regfile_ff.register_file_i.rf_reg\[1023\]$_DFFE_PN0P_/D
      281 |       3 |      23 |        0 |      1 |     8 |    +0.0% |    0.995 |        0.0 |     97 | gen_regfile_ff.register_file_i.rf_reg\[1023\]$_DFFE_PN0P_/D
      282 |       3 |      23 |        0 |      1 |     8 |    +0.0% |    0.995 |        0.0 |     96 | gen_regfile_ff.register_file_i.rf_reg\[1023\]$_DFFE_PN0P_/D
      283 |       3 |      23 |        0 |      1 |     8 |    +0.0% |    0.995 |        0.0 |     95 | gen_regfile_ff.register_file_i.rf_reg\[1023\]$_DFFE_PN0P_/D
      284 |       3 |      23 |        0 |      1 |     8 |    +0.0% |    0.995 |        0.0 |     94 | gen_regfile_ff.register_file_i.rf_reg\[1023\]$_DFFE_PN0P_/D
      285 |       3 |      23 |        0 |      1 |     8 |    +0.0% |    0.995 |        0.0 |     93 | gen_regfile_ff.register_file_i.rf_reg\[1023\]$_DFFE_PN0P_/D
      286 |       3 |      23 |        0 |      1 |     8 |    +0.0% |    0.995 |        0.0 |     92 | gen_regfile_ff.register_file_i.rf_reg\[1023\]$_DFFE_PN0P_/D
      287 |       3 |      23 |        0 |      1 |     8 |    +0.0% |    0.995 |        0.0 |     91 | gen_regfile_ff.register_file_i.rf_reg\[1023\]$_DFFE_PN0P_/D
      288 |       3 |      23 |        0 |      1 |     8 |    +0.0% |    0.995 |        0.0 |     90 | gen_regfile_ff.register_file_i.rf_reg\[1023\]$_DFFE_PN0P_/D
      289 |       3 |      23 |        0 |      1 |     8 |    +0.0% |    0.995 |        0.0 |     89 | gen_regfile_ff.register_file_i.rf_reg\[1023\]$_DFFE_PN0P_/D
      290 |       3 |      23 |        0 |      1 |     8 |    +0.0% |    0.995 |        0.0 |     89 | gen_regfile_ff.register_file_i.rf_reg\[1023\]$_DFFE_PN0P_/D
      290 |       3 |      23 |        0 |      1 |     8 |    +0.0% |    0.995 |        0.0 |     88 | gen_regfile_ff.register_file_i.rf_reg\[1023\]$_DFFE_PN0P_/D
      291 |       3 |      23 |        0 |      1 |     8 |    +0.0% |    0.995 |        0.0 |     87 | gen_regfile_ff.register_file_i.rf_reg\[1023\]$_DFFE_PN0P_/D
      292 |       3 |      23 |        0 |      1 |     8 |    +0.0% |    0.995 |        0.0 |     86 | gen_regfile_ff.register_file_i.rf_reg\[1023\]$_DFFE_PN0P_/D
      293 |       3 |      23 |        0 |      1 |     8 |    +0.0% |    0.995 |        0.0 |     85 | gen_regfile_ff.register_file_i.rf_reg\[1023\]$_DFFE_PN0P_/D
      294 |       3 |      23 |        0 |      1 |     8 |    +0.0% |    0.995 |        0.0 |     84 | gen_regfile_ff.register_file_i.rf_reg\[1023\]$_DFFE_PN0P_/D
      295 |       3 |      23 |        0 |      1 |     8 |    +0.0% |    0.995 |        0.0 |     83 | gen_regfile_ff.register_file_i.rf_reg\[1023\]$_DFFE_PN0P_/D
      296 |       3 |      23 |        0 |      1 |     8 |    +0.0% |    0.995 |        0.0 |     82 | gen_regfile_ff.register_file_i.rf_reg\[1023\]$_DFFE_PN0P_/D
      297 |       3 |      23 |        0 |      1 |     8 |    +0.0% |    0.995 |        0.0 |     81 | gen_regfile_ff.register_file_i.rf_reg\[1023\]$_DFFE_PN0P_/D
      298 |       3 |      23 |        0 |      1 |     8 |    +0.0% |    0.995 |        0.0 |     80 | gen_regfile_ff.register_file_i.rf_reg\[1023\]$_DFFE_PN0P_/D
      299 |       3 |      23 |        0 |      1 |     8 |    +0.0% |    0.995 |        0.0 |     79 | gen_regfile_ff.register_file_i.rf_reg\[1023\]$_DFFE_PN0P_/D
      300 |       3 |      23 |        0 |      1 |     8 |    +0.0% |    0.995 |        0.0 |     79 | gen_regfile_ff.register_file_i.rf_reg\[1023\]$_DFFE_PN0P_/D
      300 |       3 |      23 |        0 |      1 |     8 |    +0.0% |    0.995 |        0.0 |     78 | gen_regfile_ff.register_file_i.rf_reg\[1023\]$_DFFE_PN0P_/D
      301 |       3 |      23 |        0 |      1 |     8 |    +0.0% |    0.995 |        0.0 |     77 | gen_regfile_ff.register_file_i.rf_reg\[1023\]$_DFFE_PN0P_/D
      302 |       3 |      23 |        0 |      1 |     8 |    +0.0% |    0.995 |        0.0 |     76 | gen_regfile_ff.register_file_i.rf_reg\[1023\]$_DFFE_PN0P_/D
      303 |       3 |      23 |        0 |      1 |     8 |    +0.0% |    0.995 |        0.0 |     75 | gen_regfile_ff.register_file_i.rf_reg\[1023\]$_DFFE_PN0P_/D
      304 |       3 |      23 |        0 |      1 |     8 |    +0.0% |    0.995 |        0.0 |     74 | gen_regfile_ff.register_file_i.rf_reg\[1023\]$_DFFE_PN0P_/D
      305 |       3 |      23 |        0 |      1 |     8 |    +0.0% |    0.995 |        0.0 |     73 | gen_regfile_ff.register_file_i.rf_reg\[1023\]$_DFFE_PN0P_/D
      306 |       3 |      23 |        0 |      1 |     8 |    +0.0% |    0.995 |        0.0 |     72 | gen_regfile_ff.register_file_i.rf_reg\[1023\]$_DFFE_PN0P_/D
      307 |       3 |      23 |        0 |      1 |     8 |    +0.0% |    0.995 |        0.0 |     71 | gen_regfile_ff.register_file_i.rf_reg\[1023\]$_DFFE_PN0P_/D
      308 |       3 |      23 |        0 |      1 |     8 |    +0.0% |    0.995 |        0.0 |     70 | gen_regfile_ff.register_file_i.rf_reg\[1023\]$_DFFE_PN0P_/D
      309 |       3 |      23 |        0 |      1 |     8 |    +0.0% |    0.995 |        0.0 |     69 | gen_regfile_ff.register_file_i.rf_reg\[1023\]$_DFFE_PN0P_/D
      310 |       3 |      23 |        0 |      1 |     8 |    +0.0% |    0.995 |        0.0 |     69 | gen_regfile_ff.register_file_i.rf_reg\[1023\]$_DFFE_PN0P_/D
      310 |       3 |      23 |        0 |      1 |     8 |    +0.0% |    0.995 |        0.0 |     68 | gen_regfile_ff.register_file_i.rf_reg\[1023\]$_DFFE_PN0P_/D
      311 |       3 |      23 |        0 |      1 |     8 |    +0.0% |    0.995 |        0.0 |     67 | gen_regfile_ff.register_file_i.rf_reg\[1023\]$_DFFE_PN0P_/D
      312 |       3 |      23 |        0 |      1 |     8 |    +0.0% |    0.995 |        0.0 |     66 | gen_regfile_ff.register_file_i.rf_reg\[1023\]$_DFFE_PN0P_/D
      313 |       3 |      23 |        0 |      1 |     8 |    +0.0% |    0.995 |        0.0 |     65 | gen_regfile_ff.register_file_i.rf_reg\[1023\]$_DFFE_PN0P_/D
      314 |       3 |      23 |        0 |      1 |     8 |    +0.0% |    0.995 |        0.0 |     64 | gen_regfile_ff.register_file_i.rf_reg\[1023\]$_DFFE_PN0P_/D
      315 |       3 |      23 |        0 |      1 |     8 |    +0.0% |    0.995 |        0.0 |     63 | gen_regfile_ff.register_file_i.rf_reg\[1023\]$_DFFE_PN0P_/D
      316 |       3 |      23 |        0 |      1 |     8 |    +0.0% |    0.995 |        0.0 |     62 | gen_regfile_ff.register_file_i.rf_reg\[1023\]$_DFFE_PN0P_/D
      317 |       3 |      23 |        0 |      1 |     8 |    +0.0% |    0.995 |        0.0 |     61 | gen_regfile_ff.register_file_i.rf_reg\[1023\]$_DFFE_PN0P_/D
      318 |       3 |      23 |        0 |      1 |     8 |    +0.0% |    0.995 |        0.0 |     60 | gen_regfile_ff.register_file_i.rf_reg\[1023\]$_DFFE_PN0P_/D
      319 |       3 |      23 |        0 |      1 |     8 |    +0.0% |    0.995 |        0.0 |     59 | gen_regfile_ff.register_file_i.rf_reg\[1023\]$_DFFE_PN0P_/D
      320 |       3 |      23 |        0 |      1 |     8 |    +0.0% |    0.995 |        0.0 |     59 | gen_regfile_ff.register_file_i.rf_reg\[1023\]$_DFFE_PN0P_/D
      320 |       3 |      23 |        0 |      1 |     8 |    +0.0% |    0.995 |        0.0 |     58 | gen_regfile_ff.register_file_i.rf_reg\[1023\]$_DFFE_PN0P_/D
      321 |       3 |      23 |        0 |      1 |     8 |    +0.0% |    0.995 |        0.0 |     57 | gen_regfile_ff.register_file_i.rf_reg\[1023\]$_DFFE_PN0P_/D
      322 |       3 |      23 |        0 |      1 |     8 |    +0.0% |    0.995 |        0.0 |     56 | gen_regfile_ff.register_file_i.rf_reg\[1023\]$_DFFE_PN0P_/D
      323 |       3 |      23 |        0 |      1 |     8 |    +0.0% |    0.995 |        0.0 |     55 | gen_regfile_ff.register_file_i.rf_reg\[1023\]$_DFFE_PN0P_/D
      324 |       3 |      23 |        0 |      1 |     8 |    +0.0% |    0.995 |        0.0 |     54 | gen_regfile_ff.register_file_i.rf_reg\[1023\]$_DFFE_PN0P_/D
      325 |       3 |      23 |        0 |      1 |     8 |    +0.0% |    0.995 |        0.0 |     53 | gen_regfile_ff.register_file_i.rf_reg\[1023\]$_DFFE_PN0P_/D
      326 |       3 |      23 |        0 |      1 |     8 |    +0.0% |    0.995 |        0.0 |     52 | gen_regfile_ff.register_file_i.rf_reg\[1023\]$_DFFE_PN0P_/D
      327 |       3 |      23 |        0 |      1 |     8 |    +0.0% |    0.995 |        0.0 |     51 | gen_regfile_ff.register_file_i.rf_reg\[1023\]$_DFFE_PN0P_/D
      328 |       3 |      23 |        0 |      1 |     8 |    +0.0% |    0.995 |        0.0 |     50 | gen_regfile_ff.register_file_i.rf_reg\[1023\]$_DFFE_PN0P_/D
      329 |       3 |      23 |        0 |      1 |     8 |    +0.0% |    0.995 |        0.0 |     49 | gen_regfile_ff.register_file_i.rf_reg\[1023\]$_DFFE_PN0P_/D
      330 |       3 |      23 |        0 |      1 |     8 |    +0.0% |    0.995 |        0.0 |     49 | gen_regfile_ff.register_file_i.rf_reg\[1023\]$_DFFE_PN0P_/D
      330 |       3 |      23 |        0 |      1 |     8 |    +0.0% |    0.995 |        0.0 |     48 | gen_regfile_ff.register_file_i.rf_reg\[1023\]$_DFFE_PN0P_/D
      331 |       3 |      23 |        0 |      1 |     8 |    +0.0% |    0.995 |        0.0 |     47 | gen_regfile_ff.register_file_i.rf_reg\[1023\]$_DFFE_PN0P_/D
      332 |       3 |      23 |        0 |      1 |     8 |    +0.0% |    0.995 |        0.0 |     46 | gen_regfile_ff.register_file_i.rf_reg\[1023\]$_DFFE_PN0P_/D
      333 |       3 |      23 |        0 |      1 |     8 |    +0.0% |    0.995 |        0.0 |     45 | gen_regfile_ff.register_file_i.rf_reg\[1023\]$_DFFE_PN0P_/D
      334 |       3 |      23 |        0 |      1 |     8 |    +0.0% |    0.995 |        0.0 |     44 | gen_regfile_ff.register_file_i.rf_reg\[1023\]$_DFFE_PN0P_/D
      335 |       3 |      23 |        0 |      1 |     8 |    +0.0% |    0.995 |        0.0 |     43 | gen_regfile_ff.register_file_i.rf_reg\[1023\]$_DFFE_PN0P_/D
      336 |       3 |      23 |        0 |      1 |     8 |    +0.0% |    0.995 |        0.0 |     42 | gen_regfile_ff.register_file_i.rf_reg\[1023\]$_DFFE_PN0P_/D
      337 |       3 |      23 |        0 |      1 |     8 |    +0.0% |    0.995 |        0.0 |     41 | gen_regfile_ff.register_file_i.rf_reg\[1023\]$_DFFE_PN0P_/D
      338 |       3 |      23 |        0 |      1 |     8 |    +0.0% |    0.995 |        0.0 |     40 | gen_regfile_ff.register_file_i.rf_reg\[1023\]$_DFFE_PN0P_/D
      339 |       3 |      23 |        0 |      1 |     8 |    +0.0% |    0.995 |        0.0 |     39 | gen_regfile_ff.register_file_i.rf_reg\[1023\]$_DFFE_PN0P_/D
      340 |       3 |      23 |        0 |      1 |     8 |    +0.0% |    0.995 |        0.0 |     39 | gen_regfile_ff.register_file_i.rf_reg\[1023\]$_DFFE_PN0P_/D
      340 |       3 |      23 |        0 |      1 |     8 |    +0.0% |    0.995 |        0.0 |     38 | gen_regfile_ff.register_file_i.rf_reg\[1023\]$_DFFE_PN0P_/D
      341 |       3 |      23 |        0 |      1 |     8 |    +0.0% |    0.995 |        0.0 |     37 | gen_regfile_ff.register_file_i.rf_reg\[1023\]$_DFFE_PN0P_/D
      342 |       3 |      23 |        0 |      1 |     8 |    +0.0% |    0.995 |        0.0 |     36 | gen_regfile_ff.register_file_i.rf_reg\[1023\]$_DFFE_PN0P_/D
      343 |       3 |      23 |        0 |      1 |     8 |    +0.0% |    0.995 |        0.0 |     35 | gen_regfile_ff.register_file_i.rf_reg\[1023\]$_DFFE_PN0P_/D
      344 |       3 |      23 |        0 |      1 |     8 |    +0.0% |    0.995 |        0.0 |     34 | gen_regfile_ff.register_file_i.rf_reg\[1023\]$_DFFE_PN0P_/D
      345 |       3 |      23 |        0 |      1 |     8 |    +0.0% |    0.995 |        0.0 |     33 | gen_regfile_ff.register_file_i.rf_reg\[1023\]$_DFFE_PN0P_/D
      346 |       3 |      23 |        0 |      1 |     8 |    +0.0% |    0.995 |        0.0 |     32 | gen_regfile_ff.register_file_i.rf_reg\[1023\]$_DFFE_PN0P_/D
      347 |       3 |      23 |        0 |      1 |     8 |    +0.0% |    0.995 |        0.0 |     31 | gen_regfile_ff.register_file_i.rf_reg\[1023\]$_DFFE_PN0P_/D
      348 |       3 |      23 |        0 |      1 |     8 |    +0.0% |    0.995 |        0.0 |     30 | gen_regfile_ff.register_file_i.rf_reg\[1023\]$_DFFE_PN0P_/D
      349 |       3 |      23 |        0 |      1 |     8 |    +0.0% |    0.995 |        0.0 |     29 | gen_regfile_ff.register_file_i.rf_reg\[1023\]$_DFFE_PN0P_/D
      350 |       3 |      23 |        0 |      1 |     8 |    +0.0% |    0.995 |        0.0 |     29 | gen_regfile_ff.register_file_i.rf_reg\[1023\]$_DFFE_PN0P_/D
      350 |       3 |      23 |        0 |      1 |     8 |    +0.0% |    0.995 |        0.0 |     28 | gen_regfile_ff.register_file_i.rf_reg\[1023\]$_DFFE_PN0P_/D
      351 |       3 |      23 |        0 |      1 |     8 |    +0.0% |    0.995 |        0.0 |     27 | gen_regfile_ff.register_file_i.rf_reg\[1023\]$_DFFE_PN0P_/D
      352 |       3 |      23 |        0 |      1 |     8 |    +0.0% |    0.995 |        0.0 |     26 | gen_regfile_ff.register_file_i.rf_reg\[1023\]$_DFFE_PN0P_/D
      353 |       3 |      23 |        0 |      1 |     8 |    +0.0% |    0.995 |        0.0 |     25 | gen_regfile_ff.register_file_i.rf_reg\[1023\]$_DFFE_PN0P_/D
      354 |       3 |      23 |        0 |      1 |     8 |    +0.0% |    0.995 |        0.0 |     24 | gen_regfile_ff.register_file_i.rf_reg\[1023\]$_DFFE_PN0P_/D
      355 |       3 |      23 |        0 |      1 |     8 |    +0.0% |    0.995 |        0.0 |     23 | gen_regfile_ff.register_file_i.rf_reg\[1023\]$_DFFE_PN0P_/D
      356 |       3 |      23 |        0 |      1 |     8 |    +0.0% |    0.995 |        0.0 |     22 | gen_regfile_ff.register_file_i.rf_reg\[1023\]$_DFFE_PN0P_/D
      357 |       3 |      23 |        0 |      1 |     8 |    +0.0% |    0.995 |        0.0 |     21 | gen_regfile_ff.register_file_i.rf_reg\[1023\]$_DFFE_PN0P_/D
      358 |       3 |      23 |        0 |      1 |     8 |    +0.0% |    0.995 |        0.0 |     20 | gen_regfile_ff.register_file_i.rf_reg\[1023\]$_DFFE_PN0P_/D
      359 |       3 |      23 |        0 |      1 |     8 |    +0.0% |    0.995 |        0.0 |     19 | gen_regfile_ff.register_file_i.rf_reg\[1023\]$_DFFE_PN0P_/D
      360 |       3 |      23 |        0 |      1 |     8 |    +0.0% |    0.995 |        0.0 |     19 | gen_regfile_ff.register_file_i.rf_reg\[1023\]$_DFFE_PN0P_/D
      360 |       3 |      23 |        0 |      1 |     8 |    +0.0% |    0.995 |        0.0 |     18 | gen_regfile_ff.register_file_i.rf_reg\[1023\]$_DFFE_PN0P_/D
      361 |       3 |      23 |        0 |      1 |     8 |    +0.0% |    0.995 |        0.0 |     17 | gen_regfile_ff.register_file_i.rf_reg\[1023\]$_DFFE_PN0P_/D
      362 |       3 |      23 |        0 |      1 |     8 |    +0.0% |    0.995 |        0.0 |     16 | gen_regfile_ff.register_file_i.rf_reg\[1023\]$_DFFE_PN0P_/D
      363 |       3 |      23 |        0 |      1 |     8 |    +0.0% |    0.995 |        0.0 |     15 | gen_regfile_ff.register_file_i.rf_reg\[1023\]$_DFFE_PN0P_/D
      364 |       3 |      23 |        0 |      1 |     8 |    +0.0% |    0.995 |        0.0 |     14 | gen_regfile_ff.register_file_i.rf_reg\[1023\]$_DFFE_PN0P_/D
      365 |       3 |      23 |        0 |      1 |     8 |    +0.0% |    0.995 |        0.0 |     13 | gen_regfile_ff.register_file_i.rf_reg\[1023\]$_DFFE_PN0P_/D
      366 |       3 |      23 |        0 |      1 |     8 |    +0.0% |    0.995 |        0.0 |     12 | gen_regfile_ff.register_file_i.rf_reg\[1023\]$_DFFE_PN0P_/D
      367 |       3 |      23 |        0 |      1 |     8 |    +0.0% |    0.995 |        0.0 |     11 | gen_regfile_ff.register_file_i.rf_reg\[1023\]$_DFFE_PN0P_/D
      368 |       3 |      23 |        0 |      1 |     8 |    +0.0% |    0.995 |        0.0 |     10 | gen_regfile_ff.register_file_i.rf_reg\[1023\]$_DFFE_PN0P_/D
      369 |       3 |      23 |        0 |      1 |     8 |    +0.0% |    0.995 |        0.0 |      9 | gen_regfile_ff.register_file_i.rf_reg\[1023\]$_DFFE_PN0P_/D
      370 |       3 |      23 |        0 |      1 |     8 |    +0.0% |    0.995 |        0.0 |      9 | gen_regfile_ff.register_file_i.rf_reg\[1023\]$_DFFE_PN0P_/D
      370 |       3 |      23 |        0 |      1 |     8 |    +0.0% |    0.995 |        0.0 |      8 | gen_regfile_ff.register_file_i.rf_reg\[1023\]$_DFFE_PN0P_/D
      371 |       3 |      23 |        0 |      1 |     8 |    +0.0% |    0.995 |        0.0 |      7 | gen_regfile_ff.register_file_i.rf_reg\[1023\]$_DFFE_PN0P_/D
      372 |       3 |      23 |        0 |      1 |     8 |    +0.0% |    0.995 |        0.0 |      6 | gen_regfile_ff.register_file_i.rf_reg\[1023\]$_DFFE_PN0P_/D
      373 |       3 |      23 |        0 |      1 |     8 |    +0.0% |    0.995 |        0.0 |      5 | gen_regfile_ff.register_file_i.rf_reg\[1023\]$_DFFE_PN0P_/D
      374 |       3 |      23 |        0 |      1 |     8 |    +0.0% |    0.995 |        0.0 |      4 | gen_regfile_ff.register_file_i.rf_reg\[1023\]$_DFFE_PN0P_/D
      375 |       3 |      23 |        0 |      1 |     8 |    +0.0% |    0.995 |        0.0 |      3 | gen_regfile_ff.register_file_i.rf_reg\[1023\]$_DFFE_PN0P_/D
      376 |       3 |      23 |        0 |      1 |     8 |    +0.0% |    0.995 |        0.0 |      2 | gen_regfile_ff.register_file_i.rf_reg\[1023\]$_DFFE_PN0P_/D
      377 |       3 |      23 |        0 |      1 |     8 |    +0.0% |    0.995 |        0.0 |      1 | gen_regfile_ff.register_file_i.rf_reg\[1023\]$_DFFE_PN0P_/D
      378 |       3 |      23 |        0 |      1 |     8 |    +0.0% |    0.995 |        0.0 |      0 | gen_regfile_ff.register_file_i.rf_reg\[1023\]$_DFFE_PN0P_/D
      379 |       3 |      23 |        0 |      1 |     8 |    +0.0% |    0.995 |        0.0 |      0 | gen_regfile_ff.register_file_i.rf_reg\[1023\]$_DFFE_PN0P_/D
    final |       3 |      23 |        0 |      1 |     8 |    +0.0% |    0.995 |        0.0 |      0 | gen_regfile_ff.register_file_i.rf_reg\[1023\]$_DFFE_PN0P_/D
--------------------------------------------------------------------------------------------------------------
[INFO RSZ-0059] Removed 3 buffers.
[INFO RSZ-0041] Resized 23 instances.
[INFO RSZ-0043] Swapped pins on 8 instances.
[INFO RSZ-0049] Cloned 1 instances.
[INFO RSZ-0033] No hold violations found.
Took 25 seconds: repair_timing -verbose -setup_margin 0 -repair_tns 100
Default units for flow
 time 1ps
 capacitance 1fF
 resistance 1kohm
 voltage 1v
 current 1mA
 power 1pW
 distance 1um
Report metrics stage 2, floorplan final...

==========================================================================
floorplan final report_design_area
--------------------------------------------------------------------------
Design area 2283 u^2 40% utilization.
Writing DEF File
Elapsed time: 1:42.37[h:]min:sec. CPU time: user 106.77 sys 11.00 (115%). Peak memory: 309524KB.
