OpenROAD v2.0-19576-gec1bf1a13 
Features included (+) or not (-): +GPU +GUI +Python : None
This program is licensed under the BSD-3 license. See the LICENSE file for details.
Components of this program may be licensed under more restrictive licenses which must be honored.
[INFO ORD-0030] Using 6 thread(s).
source /OpenROAD-flow-scripts/flow/platforms/asap7/setRC.tcl
[INFO GPL-0002] DBU: 1000
[INFO GPL-0003] SiteSize: (  0.054  0.270 ) um
[INFO GPL-0004] CoreBBox: (  2.052  2.160 ) ( 77.490 77.490 ) um
[WARNING GPL-0001] alert_major_o toplevel port is not placed!
       Replace will regard alert_major_o is placed in (0, 0)
[WARNING GPL-0001] alert_minor_o toplevel port is not placed!
       Replace will regard alert_minor_o is placed in (0, 0)
[WARNING GPL-0001] boot_addr_i[0] toplevel port is not placed!
       Replace will regard boot_addr_i[0] is placed in (0, 0)
[WARNING GPL-0001] boot_addr_i[10] toplevel port is not placed!
       Replace will regard boot_addr_i[10] is placed in (0, 0)
[WARNING GPL-0001] boot_addr_i[11] toplevel port is not placed!
       Replace will regard boot_addr_i[11] is placed in (0, 0)
[WARNING GPL-0001] boot_addr_i[12] toplevel port is not placed!
       Replace will regard boot_addr_i[12] is placed in (0, 0)
[WARNING GPL-0001] boot_addr_i[13] toplevel port is not placed!
       Replace will regard boot_addr_i[13] is placed in (0, 0)
[WARNING GPL-0001] boot_addr_i[14] toplevel port is not placed!
       Replace will regard boot_addr_i[14] is placed in (0, 0)
[WARNING GPL-0001] boot_addr_i[15] toplevel port is not placed!
       Replace will regard boot_addr_i[15] is placed in (0, 0)
[WARNING GPL-0001] boot_addr_i[16] toplevel port is not placed!
       Replace will regard boot_addr_i[16] is placed in (0, 0)
[WARNING GPL-0001] boot_addr_i[17] toplevel port is not placed!
       Replace will regard boot_addr_i[17] is placed in (0, 0)
[WARNING GPL-0001] boot_addr_i[18] toplevel port is not placed!
       Replace will regard boot_addr_i[18] is placed in (0, 0)
[WARNING GPL-0001] boot_addr_i[19] toplevel port is not placed!
       Replace will regard boot_addr_i[19] is placed in (0, 0)
[WARNING GPL-0001] boot_addr_i[1] toplevel port is not placed!
       Replace will regard boot_addr_i[1] is placed in (0, 0)
[WARNING GPL-0001] boot_addr_i[20] toplevel port is not placed!
       Replace will regard boot_addr_i[20] is placed in (0, 0)
[WARNING GPL-0001] boot_addr_i[21] toplevel port is not placed!
       Replace will regard boot_addr_i[21] is placed in (0, 0)
[WARNING GPL-0001] boot_addr_i[22] toplevel port is not placed!
       Replace will regard boot_addr_i[22] is placed in (0, 0)
[WARNING GPL-0001] boot_addr_i[23] toplevel port is not placed!
       Replace will regard boot_addr_i[23] is placed in (0, 0)
[WARNING GPL-0001] boot_addr_i[24] toplevel port is not placed!
       Replace will regard boot_addr_i[24] is placed in (0, 0)
[WARNING GPL-0001] boot_addr_i[25] toplevel port is not placed!
       Replace will regard boot_addr_i[25] is placed in (0, 0)
[WARNING GPL-0001] boot_addr_i[26] toplevel port is not placed!
       Replace will regard boot_addr_i[26] is placed in (0, 0)
[WARNING GPL-0001] boot_addr_i[27] toplevel port is not placed!
       Replace will regard boot_addr_i[27] is placed in (0, 0)
[WARNING GPL-0001] boot_addr_i[28] toplevel port is not placed!
       Replace will regard boot_addr_i[28] is placed in (0, 0)
[WARNING GPL-0001] boot_addr_i[29] toplevel port is not placed!
       Replace will regard boot_addr_i[29] is placed in (0, 0)
[WARNING GPL-0001] boot_addr_i[2] toplevel port is not placed!
       Replace will regard boot_addr_i[2] is placed in (0, 0)
[WARNING GPL-0001] boot_addr_i[30] toplevel port is not placed!
       Replace will regard boot_addr_i[30] is placed in (0, 0)
[WARNING GPL-0001] boot_addr_i[31] toplevel port is not placed!
       Replace will regard boot_addr_i[31] is placed in (0, 0)
[WARNING GPL-0001] boot_addr_i[3] toplevel port is not placed!
       Replace will regard boot_addr_i[3] is placed in (0, 0)
[WARNING GPL-0001] boot_addr_i[4] toplevel port is not placed!
       Replace will regard boot_addr_i[4] is placed in (0, 0)
[WARNING GPL-0001] boot_addr_i[5] toplevel port is not placed!
       Replace will regard boot_addr_i[5] is placed in (0, 0)
[WARNING GPL-0001] boot_addr_i[6] toplevel port is not placed!
       Replace will regard boot_addr_i[6] is placed in (0, 0)
[WARNING GPL-0001] boot_addr_i[7] toplevel port is not placed!
       Replace will regard boot_addr_i[7] is placed in (0, 0)
[WARNING GPL-0001] boot_addr_i[8] toplevel port is not placed!
       Replace will regard boot_addr_i[8] is placed in (0, 0)
[WARNING GPL-0001] boot_addr_i[9] toplevel port is not placed!
       Replace will regard boot_addr_i[9] is placed in (0, 0)
[WARNING GPL-0001] clk_i toplevel port is not placed!
       Replace will regard clk_i is placed in (0, 0)
[WARNING GPL-0001] core_sleep_o toplevel port is not placed!
       Replace will regard core_sleep_o is placed in (0, 0)
[WARNING GPL-0001] data_addr_o[0] toplevel port is not placed!
       Replace will regard data_addr_o[0] is placed in (0, 0)
[WARNING GPL-0001] data_addr_o[10] toplevel port is not placed!
       Replace will regard data_addr_o[10] is placed in (0, 0)
[WARNING GPL-0001] data_addr_o[11] toplevel port is not placed!
       Replace will regard data_addr_o[11] is placed in (0, 0)
[WARNING GPL-0001] data_addr_o[12] toplevel port is not placed!
       Replace will regard data_addr_o[12] is placed in (0, 0)
[WARNING GPL-0001] data_addr_o[13] toplevel port is not placed!
       Replace will regard data_addr_o[13] is placed in (0, 0)
[WARNING GPL-0001] data_addr_o[14] toplevel port is not placed!
       Replace will regard data_addr_o[14] is placed in (0, 0)
[WARNING GPL-0001] data_addr_o[15] toplevel port is not placed!
       Replace will regard data_addr_o[15] is placed in (0, 0)
[WARNING GPL-0001] data_addr_o[16] toplevel port is not placed!
       Replace will regard data_addr_o[16] is placed in (0, 0)
[WARNING GPL-0001] data_addr_o[17] toplevel port is not placed!
       Replace will regard data_addr_o[17] is placed in (0, 0)
[WARNING GPL-0001] data_addr_o[18] toplevel port is not placed!
       Replace will regard data_addr_o[18] is placed in (0, 0)
[WARNING GPL-0001] data_addr_o[19] toplevel port is not placed!
       Replace will regard data_addr_o[19] is placed in (0, 0)
[WARNING GPL-0001] data_addr_o[1] toplevel port is not placed!
       Replace will regard data_addr_o[1] is placed in (0, 0)
[WARNING GPL-0001] data_addr_o[20] toplevel port is not placed!
       Replace will regard data_addr_o[20] is placed in (0, 0)
[WARNING GPL-0001] data_addr_o[21] toplevel port is not placed!
       Replace will regard data_addr_o[21] is placed in (0, 0)
[WARNING GPL-0001] data_addr_o[22] toplevel port is not placed!
       Replace will regard data_addr_o[22] is placed in (0, 0)
[WARNING GPL-0001] data_addr_o[23] toplevel port is not placed!
       Replace will regard data_addr_o[23] is placed in (0, 0)
[WARNING GPL-0001] data_addr_o[24] toplevel port is not placed!
       Replace will regard data_addr_o[24] is placed in (0, 0)
[WARNING GPL-0001] data_addr_o[25] toplevel port is not placed!
       Replace will regard data_addr_o[25] is placed in (0, 0)
[WARNING GPL-0001] data_addr_o[26] toplevel port is not placed!
       Replace will regard data_addr_o[26] is placed in (0, 0)
[WARNING GPL-0001] data_addr_o[27] toplevel port is not placed!
       Replace will regard data_addr_o[27] is placed in (0, 0)
[WARNING GPL-0001] data_addr_o[28] toplevel port is not placed!
       Replace will regard data_addr_o[28] is placed in (0, 0)
[WARNING GPL-0001] data_addr_o[29] toplevel port is not placed!
       Replace will regard data_addr_o[29] is placed in (0, 0)
[WARNING GPL-0001] data_addr_o[2] toplevel port is not placed!
       Replace will regard data_addr_o[2] is placed in (0, 0)
[WARNING GPL-0001] data_addr_o[30] toplevel port is not placed!
       Replace will regard data_addr_o[30] is placed in (0, 0)
[WARNING GPL-0001] data_addr_o[31] toplevel port is not placed!
       Replace will regard data_addr_o[31] is placed in (0, 0)
[WARNING GPL-0001] data_addr_o[3] toplevel port is not placed!
       Replace will regard data_addr_o[3] is placed in (0, 0)
[WARNING GPL-0001] data_addr_o[4] toplevel port is not placed!
       Replace will regard data_addr_o[4] is placed in (0, 0)
[WARNING GPL-0001] data_addr_o[5] toplevel port is not placed!
       Replace will regard data_addr_o[5] is placed in (0, 0)
[WARNING GPL-0001] data_addr_o[6] toplevel port is not placed!
       Replace will regard data_addr_o[6] is placed in (0, 0)
[WARNING GPL-0001] data_addr_o[7] toplevel port is not placed!
       Replace will regard data_addr_o[7] is placed in (0, 0)
[WARNING GPL-0001] data_addr_o[8] toplevel port is not placed!
       Replace will regard data_addr_o[8] is placed in (0, 0)
[WARNING GPL-0001] data_addr_o[9] toplevel port is not placed!
       Replace will regard data_addr_o[9] is placed in (0, 0)
[WARNING GPL-0001] data_be_o[0] toplevel port is not placed!
       Replace will regard data_be_o[0] is placed in (0, 0)
[WARNING GPL-0001] data_be_o[1] toplevel port is not placed!
       Replace will regard data_be_o[1] is placed in (0, 0)
[WARNING GPL-0001] data_be_o[2] toplevel port is not placed!
       Replace will regard data_be_o[2] is placed in (0, 0)
[WARNING GPL-0001] data_be_o[3] toplevel port is not placed!
       Replace will regard data_be_o[3] is placed in (0, 0)
[WARNING GPL-0001] data_err_i toplevel port is not placed!
       Replace will regard data_err_i is placed in (0, 0)
[WARNING GPL-0001] data_gnt_i toplevel port is not placed!
       Replace will regard data_gnt_i is placed in (0, 0)
[WARNING GPL-0001] data_rdata_i[0] toplevel port is not placed!
       Replace will regard data_rdata_i[0] is placed in (0, 0)
[WARNING GPL-0001] data_rdata_i[10] toplevel port is not placed!
       Replace will regard data_rdata_i[10] is placed in (0, 0)
[WARNING GPL-0001] data_rdata_i[11] toplevel port is not placed!
       Replace will regard data_rdata_i[11] is placed in (0, 0)
[WARNING GPL-0001] data_rdata_i[12] toplevel port is not placed!
       Replace will regard data_rdata_i[12] is placed in (0, 0)
[WARNING GPL-0001] data_rdata_i[13] toplevel port is not placed!
       Replace will regard data_rdata_i[13] is placed in (0, 0)
[WARNING GPL-0001] data_rdata_i[14] toplevel port is not placed!
       Replace will regard data_rdata_i[14] is placed in (0, 0)
[WARNING GPL-0001] data_rdata_i[15] toplevel port is not placed!
       Replace will regard data_rdata_i[15] is placed in (0, 0)
[WARNING GPL-0001] data_rdata_i[16] toplevel port is not placed!
       Replace will regard data_rdata_i[16] is placed in (0, 0)
[WARNING GPL-0001] data_rdata_i[17] toplevel port is not placed!
       Replace will regard data_rdata_i[17] is placed in (0, 0)
[WARNING GPL-0001] data_rdata_i[18] toplevel port is not placed!
       Replace will regard data_rdata_i[18] is placed in (0, 0)
[WARNING GPL-0001] data_rdata_i[19] toplevel port is not placed!
       Replace will regard data_rdata_i[19] is placed in (0, 0)
[WARNING GPL-0001] data_rdata_i[1] toplevel port is not placed!
       Replace will regard data_rdata_i[1] is placed in (0, 0)
[WARNING GPL-0001] data_rdata_i[20] toplevel port is not placed!
       Replace will regard data_rdata_i[20] is placed in (0, 0)
[WARNING GPL-0001] data_rdata_i[21] toplevel port is not placed!
       Replace will regard data_rdata_i[21] is placed in (0, 0)
[WARNING GPL-0001] data_rdata_i[22] toplevel port is not placed!
       Replace will regard data_rdata_i[22] is placed in (0, 0)
[WARNING GPL-0001] data_rdata_i[23] toplevel port is not placed!
       Replace will regard data_rdata_i[23] is placed in (0, 0)
[WARNING GPL-0001] data_rdata_i[24] toplevel port is not placed!
       Replace will regard data_rdata_i[24] is placed in (0, 0)
[WARNING GPL-0001] data_rdata_i[25] toplevel port is not placed!
       Replace will regard data_rdata_i[25] is placed in (0, 0)
[WARNING GPL-0001] data_rdata_i[26] toplevel port is not placed!
       Replace will regard data_rdata_i[26] is placed in (0, 0)
[WARNING GPL-0001] data_rdata_i[27] toplevel port is not placed!
       Replace will regard data_rdata_i[27] is placed in (0, 0)
[WARNING GPL-0001] data_rdata_i[28] toplevel port is not placed!
       Replace will regard data_rdata_i[28] is placed in (0, 0)
[WARNING GPL-0001] data_rdata_i[29] toplevel port is not placed!
       Replace will regard data_rdata_i[29] is placed in (0, 0)
[WARNING GPL-0001] data_rdata_i[2] toplevel port is not placed!
       Replace will regard data_rdata_i[2] is placed in (0, 0)
[WARNING GPL-0001] data_rdata_i[30] toplevel port is not placed!
       Replace will regard data_rdata_i[30] is placed in (0, 0)
[WARNING GPL-0001] data_rdata_i[31] toplevel port is not placed!
       Replace will regard data_rdata_i[31] is placed in (0, 0)
[WARNING GPL-0001] data_rdata_i[3] toplevel port is not placed!
       Replace will regard data_rdata_i[3] is placed in (0, 0)
[WARNING GPL-0001] data_rdata_i[4] toplevel port is not placed!
       Replace will regard data_rdata_i[4] is placed in (0, 0)
[WARNING GPL-0001] data_rdata_i[5] toplevel port is not placed!
       Replace will regard data_rdata_i[5] is placed in (0, 0)
[WARNING GPL-0001] data_rdata_i[6] toplevel port is not placed!
       Replace will regard data_rdata_i[6] is placed in (0, 0)
[WARNING GPL-0001] data_rdata_i[7] toplevel port is not placed!
       Replace will regard data_rdata_i[7] is placed in (0, 0)
[WARNING GPL-0001] data_rdata_i[8] toplevel port is not placed!
       Replace will regard data_rdata_i[8] is placed in (0, 0)
[WARNING GPL-0001] data_rdata_i[9] toplevel port is not placed!
       Replace will regard data_rdata_i[9] is placed in (0, 0)
[WARNING GPL-0001] data_req_o toplevel port is not placed!
       Replace will regard data_req_o is placed in (0, 0)
[WARNING GPL-0001] data_rvalid_i toplevel port is not placed!
       Replace will regard data_rvalid_i is placed in (0, 0)
[WARNING GPL-0001] data_wdata_o[0] toplevel port is not placed!
       Replace will regard data_wdata_o[0] is placed in (0, 0)
[WARNING GPL-0001] data_wdata_o[10] toplevel port is not placed!
       Replace will regard data_wdata_o[10] is placed in (0, 0)
[WARNING GPL-0001] data_wdata_o[11] toplevel port is not placed!
       Replace will regard data_wdata_o[11] is placed in (0, 0)
[WARNING GPL-0001] data_wdata_o[12] toplevel port is not placed!
       Replace will regard data_wdata_o[12] is placed in (0, 0)
[WARNING GPL-0001] data_wdata_o[13] toplevel port is not placed!
       Replace will regard data_wdata_o[13] is placed in (0, 0)
[WARNING GPL-0001] data_wdata_o[14] toplevel port is not placed!
       Replace will regard data_wdata_o[14] is placed in (0, 0)
[WARNING GPL-0001] data_wdata_o[15] toplevel port is not placed!
       Replace will regard data_wdata_o[15] is placed in (0, 0)
[WARNING GPL-0001] data_wdata_o[16] toplevel port is not placed!
       Replace will regard data_wdata_o[16] is placed in (0, 0)
[WARNING GPL-0001] data_wdata_o[17] toplevel port is not placed!
       Replace will regard data_wdata_o[17] is placed in (0, 0)
[WARNING GPL-0001] data_wdata_o[18] toplevel port is not placed!
       Replace will regard data_wdata_o[18] is placed in (0, 0)
[WARNING GPL-0001] data_wdata_o[19] toplevel port is not placed!
       Replace will regard data_wdata_o[19] is placed in (0, 0)
[WARNING GPL-0001] data_wdata_o[1] toplevel port is not placed!
       Replace will regard data_wdata_o[1] is placed in (0, 0)
[WARNING GPL-0001] data_wdata_o[20] toplevel port is not placed!
       Replace will regard data_wdata_o[20] is placed in (0, 0)
[WARNING GPL-0001] data_wdata_o[21] toplevel port is not placed!
       Replace will regard data_wdata_o[21] is placed in (0, 0)
[WARNING GPL-0001] data_wdata_o[22] toplevel port is not placed!
       Replace will regard data_wdata_o[22] is placed in (0, 0)
[WARNING GPL-0001] data_wdata_o[23] toplevel port is not placed!
       Replace will regard data_wdata_o[23] is placed in (0, 0)
[WARNING GPL-0001] data_wdata_o[24] toplevel port is not placed!
       Replace will regard data_wdata_o[24] is placed in (0, 0)
[WARNING GPL-0001] data_wdata_o[25] toplevel port is not placed!
       Replace will regard data_wdata_o[25] is placed in (0, 0)
[WARNING GPL-0001] data_wdata_o[26] toplevel port is not placed!
       Replace will regard data_wdata_o[26] is placed in (0, 0)
[WARNING GPL-0001] data_wdata_o[27] toplevel port is not placed!
       Replace will regard data_wdata_o[27] is placed in (0, 0)
[WARNING GPL-0001] data_wdata_o[28] toplevel port is not placed!
       Replace will regard data_wdata_o[28] is placed in (0, 0)
[WARNING GPL-0001] data_wdata_o[29] toplevel port is not placed!
       Replace will regard data_wdata_o[29] is placed in (0, 0)
[WARNING GPL-0001] data_wdata_o[2] toplevel port is not placed!
       Replace will regard data_wdata_o[2] is placed in (0, 0)
[WARNING GPL-0001] data_wdata_o[30] toplevel port is not placed!
       Replace will regard data_wdata_o[30] is placed in (0, 0)
[WARNING GPL-0001] data_wdata_o[31] toplevel port is not placed!
       Replace will regard data_wdata_o[31] is placed in (0, 0)
[WARNING GPL-0001] data_wdata_o[3] toplevel port is not placed!
       Replace will regard data_wdata_o[3] is placed in (0, 0)
[WARNING GPL-0001] data_wdata_o[4] toplevel port is not placed!
       Replace will regard data_wdata_o[4] is placed in (0, 0)
[WARNING GPL-0001] data_wdata_o[5] toplevel port is not placed!
       Replace will regard data_wdata_o[5] is placed in (0, 0)
[WARNING GPL-0001] data_wdata_o[6] toplevel port is not placed!
       Replace will regard data_wdata_o[6] is placed in (0, 0)
[WARNING GPL-0001] data_wdata_o[7] toplevel port is not placed!
       Replace will regard data_wdata_o[7] is placed in (0, 0)
[WARNING GPL-0001] data_wdata_o[8] toplevel port is not placed!
       Replace will regard data_wdata_o[8] is placed in (0, 0)
[WARNING GPL-0001] data_wdata_o[9] toplevel port is not placed!
       Replace will regard data_wdata_o[9] is placed in (0, 0)
[WARNING GPL-0001] data_we_o toplevel port is not placed!
       Replace will regard data_we_o is placed in (0, 0)
[WARNING GPL-0001] debug_req_i toplevel port is not placed!
       Replace will regard debug_req_i is placed in (0, 0)
[WARNING GPL-0001] fetch_enable_i toplevel port is not placed!
       Replace will regard fetch_enable_i is placed in (0, 0)
[WARNING GPL-0001] hart_id_i[0] toplevel port is not placed!
       Replace will regard hart_id_i[0] is placed in (0, 0)
[WARNING GPL-0001] hart_id_i[10] toplevel port is not placed!
       Replace will regard hart_id_i[10] is placed in (0, 0)
[WARNING GPL-0001] hart_id_i[11] toplevel port is not placed!
       Replace will regard hart_id_i[11] is placed in (0, 0)
[WARNING GPL-0001] hart_id_i[12] toplevel port is not placed!
       Replace will regard hart_id_i[12] is placed in (0, 0)
[WARNING GPL-0001] hart_id_i[13] toplevel port is not placed!
       Replace will regard hart_id_i[13] is placed in (0, 0)
[WARNING GPL-0001] hart_id_i[14] toplevel port is not placed!
       Replace will regard hart_id_i[14] is placed in (0, 0)
[WARNING GPL-0001] hart_id_i[15] toplevel port is not placed!
       Replace will regard hart_id_i[15] is placed in (0, 0)
[WARNING GPL-0001] hart_id_i[16] toplevel port is not placed!
       Replace will regard hart_id_i[16] is placed in (0, 0)
[WARNING GPL-0001] hart_id_i[17] toplevel port is not placed!
       Replace will regard hart_id_i[17] is placed in (0, 0)
[WARNING GPL-0001] hart_id_i[18] toplevel port is not placed!
       Replace will regard hart_id_i[18] is placed in (0, 0)
[WARNING GPL-0001] hart_id_i[19] toplevel port is not placed!
       Replace will regard hart_id_i[19] is placed in (0, 0)
[WARNING GPL-0001] hart_id_i[1] toplevel port is not placed!
       Replace will regard hart_id_i[1] is placed in (0, 0)
[WARNING GPL-0001] hart_id_i[20] toplevel port is not placed!
       Replace will regard hart_id_i[20] is placed in (0, 0)
[WARNING GPL-0001] hart_id_i[21] toplevel port is not placed!
       Replace will regard hart_id_i[21] is placed in (0, 0)
[WARNING GPL-0001] hart_id_i[22] toplevel port is not placed!
       Replace will regard hart_id_i[22] is placed in (0, 0)
[WARNING GPL-0001] hart_id_i[23] toplevel port is not placed!
       Replace will regard hart_id_i[23] is placed in (0, 0)
[WARNING GPL-0001] hart_id_i[24] toplevel port is not placed!
       Replace will regard hart_id_i[24] is placed in (0, 0)
[WARNING GPL-0001] hart_id_i[25] toplevel port is not placed!
       Replace will regard hart_id_i[25] is placed in (0, 0)
[WARNING GPL-0001] hart_id_i[26] toplevel port is not placed!
       Replace will regard hart_id_i[26] is placed in (0, 0)
[WARNING GPL-0001] hart_id_i[27] toplevel port is not placed!
       Replace will regard hart_id_i[27] is placed in (0, 0)
[WARNING GPL-0001] hart_id_i[28] toplevel port is not placed!
       Replace will regard hart_id_i[28] is placed in (0, 0)
[WARNING GPL-0001] hart_id_i[29] toplevel port is not placed!
       Replace will regard hart_id_i[29] is placed in (0, 0)
[WARNING GPL-0001] hart_id_i[2] toplevel port is not placed!
       Replace will regard hart_id_i[2] is placed in (0, 0)
[WARNING GPL-0001] hart_id_i[30] toplevel port is not placed!
       Replace will regard hart_id_i[30] is placed in (0, 0)
[WARNING GPL-0001] hart_id_i[31] toplevel port is not placed!
       Replace will regard hart_id_i[31] is placed in (0, 0)
[WARNING GPL-0001] hart_id_i[3] toplevel port is not placed!
       Replace will regard hart_id_i[3] is placed in (0, 0)
[WARNING GPL-0001] hart_id_i[4] toplevel port is not placed!
       Replace will regard hart_id_i[4] is placed in (0, 0)
[WARNING GPL-0001] hart_id_i[5] toplevel port is not placed!
       Replace will regard hart_id_i[5] is placed in (0, 0)
[WARNING GPL-0001] hart_id_i[6] toplevel port is not placed!
       Replace will regard hart_id_i[6] is placed in (0, 0)
[WARNING GPL-0001] hart_id_i[7] toplevel port is not placed!
       Replace will regard hart_id_i[7] is placed in (0, 0)
[WARNING GPL-0001] hart_id_i[8] toplevel port is not placed!
       Replace will regard hart_id_i[8] is placed in (0, 0)
[WARNING GPL-0001] hart_id_i[9] toplevel port is not placed!
       Replace will regard hart_id_i[9] is placed in (0, 0)
[WARNING GPL-0001] instr_addr_o[0] toplevel port is not placed!
       Replace will regard instr_addr_o[0] is placed in (0, 0)
[WARNING GPL-0001] instr_addr_o[10] toplevel port is not placed!
       Replace will regard instr_addr_o[10] is placed in (0, 0)
[WARNING GPL-0001] instr_addr_o[11] toplevel port is not placed!
       Replace will regard instr_addr_o[11] is placed in (0, 0)
[WARNING GPL-0001] instr_addr_o[12] toplevel port is not placed!
       Replace will regard instr_addr_o[12] is placed in (0, 0)
[WARNING GPL-0001] instr_addr_o[13] toplevel port is not placed!
       Replace will regard instr_addr_o[13] is placed in (0, 0)
[WARNING GPL-0001] instr_addr_o[14] toplevel port is not placed!
       Replace will regard instr_addr_o[14] is placed in (0, 0)
[WARNING GPL-0001] instr_addr_o[15] toplevel port is not placed!
       Replace will regard instr_addr_o[15] is placed in (0, 0)
[WARNING GPL-0001] instr_addr_o[16] toplevel port is not placed!
       Replace will regard instr_addr_o[16] is placed in (0, 0)
[WARNING GPL-0001] instr_addr_o[17] toplevel port is not placed!
       Replace will regard instr_addr_o[17] is placed in (0, 0)
[WARNING GPL-0001] instr_addr_o[18] toplevel port is not placed!
       Replace will regard instr_addr_o[18] is placed in (0, 0)
[WARNING GPL-0001] instr_addr_o[19] toplevel port is not placed!
       Replace will regard instr_addr_o[19] is placed in (0, 0)
[WARNING GPL-0001] instr_addr_o[1] toplevel port is not placed!
       Replace will regard instr_addr_o[1] is placed in (0, 0)
[WARNING GPL-0001] instr_addr_o[20] toplevel port is not placed!
       Replace will regard instr_addr_o[20] is placed in (0, 0)
[WARNING GPL-0001] instr_addr_o[21] toplevel port is not placed!
       Replace will regard instr_addr_o[21] is placed in (0, 0)
[WARNING GPL-0001] instr_addr_o[22] toplevel port is not placed!
       Replace will regard instr_addr_o[22] is placed in (0, 0)
[WARNING GPL-0001] instr_addr_o[23] toplevel port is not placed!
       Replace will regard instr_addr_o[23] is placed in (0, 0)
[WARNING GPL-0001] instr_addr_o[24] toplevel port is not placed!
       Replace will regard instr_addr_o[24] is placed in (0, 0)
[WARNING GPL-0001] instr_addr_o[25] toplevel port is not placed!
       Replace will regard instr_addr_o[25] is placed in (0, 0)
[WARNING GPL-0001] instr_addr_o[26] toplevel port is not placed!
       Replace will regard instr_addr_o[26] is placed in (0, 0)
[WARNING GPL-0001] instr_addr_o[27] toplevel port is not placed!
       Replace will regard instr_addr_o[27] is placed in (0, 0)
[WARNING GPL-0001] instr_addr_o[28] toplevel port is not placed!
       Replace will regard instr_addr_o[28] is placed in (0, 0)
[WARNING GPL-0001] instr_addr_o[29] toplevel port is not placed!
       Replace will regard instr_addr_o[29] is placed in (0, 0)
[WARNING GPL-0001] instr_addr_o[2] toplevel port is not placed!
       Replace will regard instr_addr_o[2] is placed in (0, 0)
[WARNING GPL-0001] instr_addr_o[30] toplevel port is not placed!
       Replace will regard instr_addr_o[30] is placed in (0, 0)
[WARNING GPL-0001] instr_addr_o[31] toplevel port is not placed!
       Replace will regard instr_addr_o[31] is placed in (0, 0)
[WARNING GPL-0001] instr_addr_o[3] toplevel port is not placed!
       Replace will regard instr_addr_o[3] is placed in (0, 0)
[WARNING GPL-0001] instr_addr_o[4] toplevel port is not placed!
       Replace will regard instr_addr_o[4] is placed in (0, 0)
[WARNING GPL-0001] instr_addr_o[5] toplevel port is not placed!
       Replace will regard instr_addr_o[5] is placed in (0, 0)
[WARNING GPL-0001] instr_addr_o[6] toplevel port is not placed!
       Replace will regard instr_addr_o[6] is placed in (0, 0)
[WARNING GPL-0001] instr_addr_o[7] toplevel port is not placed!
       Replace will regard instr_addr_o[7] is placed in (0, 0)
[WARNING GPL-0001] instr_addr_o[8] toplevel port is not placed!
       Replace will regard instr_addr_o[8] is placed in (0, 0)
[WARNING GPL-0001] instr_addr_o[9] toplevel port is not placed!
       Replace will regard instr_addr_o[9] is placed in (0, 0)
[WARNING GPL-0001] instr_err_i toplevel port is not placed!
       Replace will regard instr_err_i is placed in (0, 0)
[WARNING GPL-0001] instr_gnt_i toplevel port is not placed!
       Replace will regard instr_gnt_i is placed in (0, 0)
[WARNING GPL-0001] instr_rdata_i[0] toplevel port is not placed!
       Replace will regard instr_rdata_i[0] is placed in (0, 0)
[WARNING GPL-0001] instr_rdata_i[10] toplevel port is not placed!
       Replace will regard instr_rdata_i[10] is placed in (0, 0)
[WARNING GPL-0001] instr_rdata_i[11] toplevel port is not placed!
       Replace will regard instr_rdata_i[11] is placed in (0, 0)
[WARNING GPL-0001] instr_rdata_i[12] toplevel port is not placed!
       Replace will regard instr_rdata_i[12] is placed in (0, 0)
[WARNING GPL-0001] instr_rdata_i[13] toplevel port is not placed!
       Replace will regard instr_rdata_i[13] is placed in (0, 0)
[WARNING GPL-0001] instr_rdata_i[14] toplevel port is not placed!
       Replace will regard instr_rdata_i[14] is placed in (0, 0)
[WARNING GPL-0001] instr_rdata_i[15] toplevel port is not placed!
       Replace will regard instr_rdata_i[15] is placed in (0, 0)
[WARNING GPL-0001] instr_rdata_i[16] toplevel port is not placed!
       Replace will regard instr_rdata_i[16] is placed in (0, 0)
[WARNING GPL-0001] instr_rdata_i[17] toplevel port is not placed!
       Replace will regard instr_rdata_i[17] is placed in (0, 0)
[WARNING GPL-0001] instr_rdata_i[18] toplevel port is not placed!
       Replace will regard instr_rdata_i[18] is placed in (0, 0)
[WARNING GPL-0001] instr_rdata_i[19] toplevel port is not placed!
       Replace will regard instr_rdata_i[19] is placed in (0, 0)
[WARNING GPL-0001] instr_rdata_i[1] toplevel port is not placed!
       Replace will regard instr_rdata_i[1] is placed in (0, 0)
[WARNING GPL-0001] instr_rdata_i[20] toplevel port is not placed!
       Replace will regard instr_rdata_i[20] is placed in (0, 0)
[WARNING GPL-0001] instr_rdata_i[21] toplevel port is not placed!
       Replace will regard instr_rdata_i[21] is placed in (0, 0)
[WARNING GPL-0001] instr_rdata_i[22] toplevel port is not placed!
       Replace will regard instr_rdata_i[22] is placed in (0, 0)
[WARNING GPL-0001] instr_rdata_i[23] toplevel port is not placed!
       Replace will regard instr_rdata_i[23] is placed in (0, 0)
[WARNING GPL-0001] instr_rdata_i[24] toplevel port is not placed!
       Replace will regard instr_rdata_i[24] is placed in (0, 0)
[WARNING GPL-0001] instr_rdata_i[25] toplevel port is not placed!
       Replace will regard instr_rdata_i[25] is placed in (0, 0)
[WARNING GPL-0001] instr_rdata_i[26] toplevel port is not placed!
       Replace will regard instr_rdata_i[26] is placed in (0, 0)
[WARNING GPL-0001] instr_rdata_i[27] toplevel port is not placed!
       Replace will regard instr_rdata_i[27] is placed in (0, 0)
[WARNING GPL-0001] instr_rdata_i[28] toplevel port is not placed!
       Replace will regard instr_rdata_i[28] is placed in (0, 0)
[WARNING GPL-0001] instr_rdata_i[29] toplevel port is not placed!
       Replace will regard instr_rdata_i[29] is placed in (0, 0)
[WARNING GPL-0001] instr_rdata_i[2] toplevel port is not placed!
       Replace will regard instr_rdata_i[2] is placed in (0, 0)
[WARNING GPL-0001] instr_rdata_i[30] toplevel port is not placed!
       Replace will regard instr_rdata_i[30] is placed in (0, 0)
[WARNING GPL-0001] instr_rdata_i[31] toplevel port is not placed!
       Replace will regard instr_rdata_i[31] is placed in (0, 0)
[WARNING GPL-0001] instr_rdata_i[3] toplevel port is not placed!
       Replace will regard instr_rdata_i[3] is placed in (0, 0)
[WARNING GPL-0001] instr_rdata_i[4] toplevel port is not placed!
       Replace will regard instr_rdata_i[4] is placed in (0, 0)
[WARNING GPL-0001] instr_rdata_i[5] toplevel port is not placed!
       Replace will regard instr_rdata_i[5] is placed in (0, 0)
[WARNING GPL-0001] instr_rdata_i[6] toplevel port is not placed!
       Replace will regard instr_rdata_i[6] is placed in (0, 0)
[WARNING GPL-0001] instr_rdata_i[7] toplevel port is not placed!
       Replace will regard instr_rdata_i[7] is placed in (0, 0)
[WARNING GPL-0001] instr_rdata_i[8] toplevel port is not placed!
       Replace will regard instr_rdata_i[8] is placed in (0, 0)
[WARNING GPL-0001] instr_rdata_i[9] toplevel port is not placed!
       Replace will regard instr_rdata_i[9] is placed in (0, 0)
[WARNING GPL-0001] instr_req_o toplevel port is not placed!
       Replace will regard instr_req_o is placed in (0, 0)
[WARNING GPL-0001] instr_rvalid_i toplevel port is not placed!
       Replace will regard instr_rvalid_i is placed in (0, 0)
[WARNING GPL-0001] irq_external_i toplevel port is not placed!
       Replace will regard irq_external_i is placed in (0, 0)
[WARNING GPL-0001] irq_fast_i[0] toplevel port is not placed!
       Replace will regard irq_fast_i[0] is placed in (0, 0)
[WARNING GPL-0001] irq_fast_i[10] toplevel port is not placed!
       Replace will regard irq_fast_i[10] is placed in (0, 0)
[WARNING GPL-0001] irq_fast_i[11] toplevel port is not placed!
       Replace will regard irq_fast_i[11] is placed in (0, 0)
[WARNING GPL-0001] irq_fast_i[12] toplevel port is not placed!
       Replace will regard irq_fast_i[12] is placed in (0, 0)
[WARNING GPL-0001] irq_fast_i[13] toplevel port is not placed!
       Replace will regard irq_fast_i[13] is placed in (0, 0)
[WARNING GPL-0001] irq_fast_i[14] toplevel port is not placed!
       Replace will regard irq_fast_i[14] is placed in (0, 0)
[WARNING GPL-0001] irq_fast_i[1] toplevel port is not placed!
       Replace will regard irq_fast_i[1] is placed in (0, 0)
[WARNING GPL-0001] irq_fast_i[2] toplevel port is not placed!
       Replace will regard irq_fast_i[2] is placed in (0, 0)
[WARNING GPL-0001] irq_fast_i[3] toplevel port is not placed!
       Replace will regard irq_fast_i[3] is placed in (0, 0)
[WARNING GPL-0001] irq_fast_i[4] toplevel port is not placed!
       Replace will regard irq_fast_i[4] is placed in (0, 0)
[WARNING GPL-0001] irq_fast_i[5] toplevel port is not placed!
       Replace will regard irq_fast_i[5] is placed in (0, 0)
[WARNING GPL-0001] irq_fast_i[6] toplevel port is not placed!
       Replace will regard irq_fast_i[6] is placed in (0, 0)
[WARNING GPL-0001] irq_fast_i[7] toplevel port is not placed!
       Replace will regard irq_fast_i[7] is placed in (0, 0)
[WARNING GPL-0001] irq_fast_i[8] toplevel port is not placed!
       Replace will regard irq_fast_i[8] is placed in (0, 0)
[WARNING GPL-0001] irq_fast_i[9] toplevel port is not placed!
       Replace will regard irq_fast_i[9] is placed in (0, 0)
[WARNING GPL-0001] irq_nm_i toplevel port is not placed!
       Replace will regard irq_nm_i is placed in (0, 0)
[WARNING GPL-0001] irq_software_i toplevel port is not placed!
       Replace will regard irq_software_i is placed in (0, 0)
[WARNING GPL-0001] irq_timer_i toplevel port is not placed!
       Replace will regard irq_timer_i is placed in (0, 0)
[WARNING GPL-0001] rst_ni toplevel port is not placed!
       Replace will regard rst_ni is placed in (0, 0)
[WARNING GPL-0001] test_en_i toplevel port is not placed!
       Replace will regard test_en_i is placed in (0, 0)
[INFO GPL-0006] NumInstances:             19507
[INFO GPL-0007] NumPlaceInstances:        18528
[INFO GPL-0008] NumFixedInstances:          979
[INFO GPL-0009] NumDummyInstances:            0
[INFO GPL-0010] NumNets:                  19234
[INFO GPL-0011] NumPins:                  68651
[INFO GPL-0012] DieBBox:  (  0.000  0.000 ) ( 79.538 79.538 ) um
[INFO GPL-0013] CoreBBox: (  2.052  2.160 ) ( 77.490 77.490 ) um
[INFO GPL-0016] CoreArea:              5682.745 um^2
[INFO GPL-0017] NonPlaceInstsArea:       28.548 um^2
[INFO GPL-0018] PlaceInstsArea:        2282.761 um^2
[INFO GPL-0019] Util:                    40.373 %
[INFO GPL-0020] StdInstsArea:          2282.761 um^2
[INFO GPL-0021] MacroInstsArea:           0.000 um^2
[INFO GPL-0031] FillerInit:NumGCells:     48329
[INFO GPL-0032] FillerInit:NumGNets:      19234
[INFO GPL-0033] FillerInit:NumGPins:      68651
[INFO GPL-0023] TargetDensity:            1.000
[INFO GPL-0024] AvrgPlaceInstArea:        0.123 um^2
[INFO GPL-0025] IdealBinArea:             0.123 um^2
[INFO GPL-0026] IdealBinCnt:              46123
[INFO GPL-0027] TotalBinArea:          5682.745 um^2
[INFO GPL-0028] BinCnt:       128    128
[INFO GPL-0029] BinSize: (  0.590  0.589 )
[INFO GPL-0030] NumBins: 16384
Placement density is 0.5329829549789429, computed from PLACE_DENSITY_LB_ADDON 0.20 and lower bound 0.4037286937236786
global_placement -skip_io -density 0.5329829549789429 -pad_left 0 -pad_right 0
[INFO GPL-0002] DBU: 1000
[INFO GPL-0003] SiteSize: (  0.054  0.270 ) um
[INFO GPL-0004] CoreBBox: (  2.052  2.160 ) ( 77.490 77.490 ) um
[INFO GPL-0006] NumInstances:             19507
[INFO GPL-0007] NumPlaceInstances:        18528
[INFO GPL-0008] NumFixedInstances:          979
[INFO GPL-0009] NumDummyInstances:            0
[INFO GPL-0010] NumNets:                  19234
[INFO GPL-0011] NumPins:                  68387
[INFO GPL-0012] DieBBox:  (  0.000  0.000 ) ( 79.538 79.538 ) um
[INFO GPL-0013] CoreBBox: (  2.052  2.160 ) ( 77.490 77.490 ) um
[INFO GPL-0016] CoreArea:              5682.745 um^2
[INFO GPL-0017] NonPlaceInstsArea:       28.548 um^2
[INFO GPL-0018] PlaceInstsArea:        2282.761 um^2
[INFO GPL-0019] Util:                    40.373 %
[INFO GPL-0020] StdInstsArea:          2282.761 um^2
[INFO GPL-0021] MacroInstsArea:           0.000 um^2
[INFO GPL-0031] FillerInit:NumGCells:     24988
[INFO GPL-0032] FillerInit:NumGNets:      19234
[INFO GPL-0033] FillerInit:NumGPins:      68387
[INFO GPL-0023] TargetDensity:            0.533
[INFO GPL-0024] AvrgPlaceInstArea:        0.123 um^2
[INFO GPL-0025] IdealBinArea:             0.231 um^2
[INFO GPL-0026] IdealBinCnt:              24583
[INFO GPL-0027] TotalBinArea:          5682.745 um^2
[INFO GPL-0028] BinCnt:       128    128
[INFO GPL-0029] BinSize: (  0.590  0.589 )
[INFO GPL-0030] NumBins: 16384
[NesterovSolve] Iter:    1 overflow: 0.996 HPWL: 14275193
[NesterovSolve] Iter:   10 overflow: 0.998 HPWL: 4562471
[NesterovSolve] Iter:   20 overflow: 0.998 HPWL: 4298224
[NesterovSolve] Iter:   30 overflow: 0.998 HPWL: 4253568
[NesterovSolve] Iter:   40 overflow: 0.998 HPWL: 4233358
[NesterovSolve] Iter:   50 overflow: 0.998 HPWL: 4221446
[NesterovSolve] Iter:   60 overflow: 0.998 HPWL: 4213318
[NesterovSolve] Iter:   70 overflow: 0.997 HPWL: 4212866
[NesterovSolve] Iter:   80 overflow: 0.997 HPWL: 4231712
[NesterovSolve] Iter:   90 overflow: 0.997 HPWL: 4301372
[NesterovSolve] Iter:  100 overflow: 0.997 HPWL: 4492947
[NesterovSolve] Iter:  110 overflow: 0.997 HPWL: 4856477
[NesterovSolve] Iter:  120 overflow: 0.996 HPWL: 5412325
[NesterovSolve] Iter:  130 overflow: 0.995 HPWL: 6265611
[NesterovSolve] Iter:  140 overflow: 0.992 HPWL: 7705921
[NesterovSolve] Iter:  150 overflow: 0.986 HPWL: 10446511
[NesterovSolve] Iter:  160 overflow: 0.975 HPWL: 13729280
[NesterovSolve] Iter:  170 overflow: 0.965 HPWL: 16650136
[NesterovSolve] Iter:  180 overflow: 0.956 HPWL: 19751780
[NesterovSolve] Iter:  190 overflow: 0.940 HPWL: 23589958
[NesterovSolve] Iter:  200 overflow: 0.921 HPWL: 27959609
[NesterovSolve] Iter:  210 overflow: 0.896 HPWL: 32599784
[NesterovSolve] Iter:  220 overflow: 0.868 HPWL: 37398739
[NesterovSolve] Iter:  230 overflow: 0.836 HPWL: 42522910
[NesterovSolve] Iter:  240 overflow: 0.800 HPWL: 47437177
[NesterovSolve] Iter:  250 overflow: 0.762 HPWL: 51902053
[NesterovSolve] Iter:  260 overflow: 0.720 HPWL: 56651732
[NesterovSolve] Iter:  270 overflow: 0.676 HPWL: 60961656
[NesterovSolve] Iter:  280 overflow: 0.629 HPWL: 64801692
[NesterovSolve] Iter:  290 overflow: 0.577 HPWL: 68121577
[NesterovSolve] Iter:  300 overflow: 0.522 HPWL: 70958234
[NesterovSolve] Iter:  310 overflow: 0.466 HPWL: 73243025
[NesterovSolve] Iter:  320 overflow: 0.413 HPWL: 75038027
[NesterovSolve] Iter:  330 overflow: 0.364 HPWL: 76510110
[NesterovSolve] Iter:  340 overflow: 0.325 HPWL: 77512171
[NesterovSolve] Iter:  350 overflow: 0.291 HPWL: 77992920
[NesterovSolve] Iter:  360 overflow: 0.255 HPWL: 78574546
[NesterovSolve] Iter:  370 overflow: 0.225 HPWL: 78957538
[NesterovSolve] Iter:  380 overflow: 0.196 HPWL: 79258050
[NesterovSolve] Iter:  390 overflow: 0.172 HPWL: 79484493
[NesterovSolve] Iter:  400 overflow: 0.148 HPWL: 79649701
[NesterovSolve] Iter:  410 overflow: 0.129 HPWL: 79799149
[NesterovSolve] Iter:  420 overflow: 0.111 HPWL: 79900030
[NesterovSolve] Finished with Overflow: 0.099098
Took 40 seconds: global_placement -skip_io -density 0.5329829549789429 -pad_left 0 -pad_right 0
Elapsed time: 0:47.40[h:]min:sec. CPU time: user 80.48 sys 1.18 (172%). Peak memory: 276456KB.
