OpenROAD v2.0-19576-gec1bf1a13 
Features included (+) or not (-): +GPU +GUI +Python : None
This program is licensed under the BSD-3 license. See the LICENSE file for details.
Components of this program may be licensed under more restrictive licenses which must be honored.
[INFO ORD-0030] Using 6 thread(s).
source /OpenROAD-flow-scripts/flow/platforms/asap7/setRC.tcl
Placement Analysis
---------------------------------
total displacement       4682.9 u
average displacement        0.2 u
max displacement            2.6 u
original HPWL           88211.9 u
legalized HPWL          92054.7 u
delta HPWL                    4 %

[INFO DPL-0020] Mirrored 8754 instances
[INFO DPL-0021] HPWL before           92054.7 u
[INFO DPL-0022] HPWL after            90410.3 u
[INFO DPL-0023] HPWL delta               -1.8 %
[INFO FLW-0012] Placement violations .
Report metrics stage 3, detailed place...

==========================================================================
detailed place report_design_area
--------------------------------------------------------------------------
Design area 2540 u^2 45% utilization.
Elapsed time: 1:46.30[h:]min:sec. CPU time: user 114.79 sys 10.15 (117%). Peak memory: 376840KB.
