OpenROAD v2.0-19576-gec1bf1a13 
Features included (+) or not (-): +GPU +GUI +Python : None
This program is licensed under the BSD-3 license. See the LICENSE file for details.
Components of this program may be licensed under more restrictive licenses which must be honored.
[INFO ORD-0030] Using 6 thread(s).
[INFO ODB-0227] LEF file: /OpenROAD-flow-scripts/flow/platforms/asap7/lef/asap7_tech_1x_201209.lef, created 24 layers, 9 vias
[INFO ODB-0227] LEF file: /OpenROAD-flow-scripts/flow/platforms/asap7/lef/asap7sc7p5t_28_R_1x_220121a.lef, created 212 library cells
source /OpenROAD-flow-scripts/flow/platforms/asap7/setRC.tcl

==========================================================================
Floorplan check_setup
--------------------------------------------------------------------------
number instances in verilog is 315
[INFO IFP-0001] Added 52 rows of 260 site asap7sc7p5t.
source /OpenROAD-flow-scripts/flow/platforms/asap7/openRoad/make_tracks.tcl
repair_timing -verbose -setup_margin 0 -repair_tns 100 -skip_last_gasp
[WARNING RSZ-0021] no estimated parasitics. Using wire load models.
[INFO RSZ-0094] Found 1 endpoints with setup violations.
[INFO RSZ-0099] Repairing 1 out of 1 (100.00%) violating endpoints...
   Iter   | Removed | Resized | Inserted | Cloned |  Pin  |   Area   |    WNS   |   TNS      |  Viol  | Worst
          | Buffers |  Gates  | Buffers  |  Gates | Swaps |          |          |            | Endpts | Endpt
--------------------------------------------------------------------------------------------------------------
        0 |       0 |       0 |        0 |      0 |     0 |    +0.0% |  -10.759 |      -10.8 |      1 | resp_msg[13]
[WARNING RSZ-0075] makeBufferedNet failed for driver _572_/SN
[WARNING RSZ-0075] makeBufferedNet failed for driver dpath.b_reg.out\[4\]$_DFFE_PP_/QN
[WARNING RSZ-0075] makeBufferedNet failed for driver _572_/SN
[WARNING RSZ-0075] makeBufferedNet failed for driver dpath.b_reg.out\[4\]$_DFFE_PP_/QN
[WARNING RSZ-0075] makeBufferedNet failed for driver _572_/SN
[WARNING RSZ-0075] makeBufferedNet failed for driver dpath.b_reg.out\[4\]$_DFFE_PP_/QN
[WARNING RSZ-0075] makeBufferedNet failed for driver _402_/Y
[WARNING RSZ-0075] makeBufferedNet failed for driver _572_/SN
[WARNING RSZ-0075] makeBufferedNet failed for driver dpath.b_reg.out\[4\]$_DFFE_PP_/QN
[WARNING RSZ-0075] makeBufferedNet failed for driver _402_/Y
[WARNING RSZ-0075] makeBufferedNet failed for driver _395_/Y
[WARNING RSZ-0075] makeBufferedNet failed for driver _572_/SN
[WARNING RSZ-0075] makeBufferedNet failed for driver dpath.b_reg.out\[4\]$_DFFE_PP_/QN
[WARNING RSZ-0075] makeBufferedNet failed for driver _402_/Y
[WARNING RSZ-0075] makeBufferedNet failed for driver _395_/Y
[WARNING RSZ-0075] makeBufferedNet failed for driver _572_/SN
[WARNING RSZ-0075] makeBufferedNet failed for driver dpath.b_reg.out\[4\]$_DFFE_PP_/QN
[WARNING RSZ-0075] makeBufferedNet failed for driver _402_/Y
[WARNING RSZ-0075] makeBufferedNet failed for driver _400_/Y
[WARNING RSZ-0075] makeBufferedNet failed for driver _395_/Y
[WARNING RSZ-0075] makeBufferedNet failed for driver _572_/SN
[WARNING RSZ-0075] makeBufferedNet failed for driver dpath.b_reg.out\[4\]$_DFFE_PP_/QN
[WARNING RSZ-0075] makeBufferedNet failed for driver _402_/Y
[WARNING RSZ-0075] makeBufferedNet failed for driver _400_/Y
[WARNING RSZ-0075] makeBufferedNet failed for driver _395_/Y
        8 |       0 |       0 |        0 |      0 |     4 |    +0.0% |   -7.078 |       -7.1 |      1 | resp_msg[13]
    final |       0 |       0 |        0 |      0 |     4 |    +0.0% |   -7.078 |       -7.1 |      1 | resp_msg[13]
--------------------------------------------------------------------------------------------------------------
[INFO RSZ-0043] Swapped pins on 4 instances.
[WARNING RSZ-0062] Unable to repair all setup violations.
[INFO RSZ-0033] No hold violations found.
Default units for flow
 time 1ps
 capacitance 1fF
 resistance 1kohm
 voltage 1v
 current 1mA
 power 1pW
 distance 1um
Report metrics stage 2, floorplan final...

==========================================================================
floorplan final report_design_area
--------------------------------------------------------------------------
Design area 38 u^2 19% utilization.
Writing DEF File
Elapsed time: 0:07.80[h:]min:sec. CPU time: user 7.11 sys 0.39 (96%). Peak memory: 212700KB.
