OpenROAD v2.0-19576-gec1bf1a13 
Features included (+) or not (-): +GPU +GUI +Python : None
This program is licensed under the BSD-3 license. See the LICENSE file for details.
Components of this program may be licensed under more restrictive licenses which must be honored.
[INFO ORD-0030] Using 6 thread(s).
source /OpenROAD-flow-scripts/flow/platforms/asap7/setRC.tcl
global_placement -skip_io -density 0.35 -pad_left 0 -pad_right 0
[INFO GPL-0002] DBU: 1000
[INFO GPL-0003] SiteSize: (  0.054  0.270 ) um
[INFO GPL-0004] CoreBBox: (  1.080  1.080 ) ( 15.120 15.120 ) um
[INFO GPL-0006] NumInstances:               419
[INFO GPL-0007] NumPlaceInstances:          315
[INFO GPL-0008] NumFixedInstances:          104
[INFO GPL-0009] NumDummyInstances:            0
[INFO GPL-0010] NumNets:                    368
[INFO GPL-0011] NumPins:                   1117
[INFO GPL-0012] DieBBox:  (  0.000  0.000 ) ( 16.200 16.200 ) um
[INFO GPL-0013] CoreBBox: (  1.080  1.080 ) ( 15.120 15.120 ) um
[INFO GPL-0016] CoreArea:               197.122 um^2
[INFO GPL-0017] NonPlaceInstsArea:        3.033 um^2
[INFO GPL-0018] PlaceInstsArea:          37.718 um^2
[INFO GPL-0019] Util:                    19.434 %
[INFO GPL-0020] StdInstsArea:            37.718 um^2
[INFO GPL-0021] MacroInstsArea:           0.000 um^2
[INFO GPL-0031] FillerInit:NumGCells:       580
[INFO GPL-0032] FillerInit:NumGNets:        368
[INFO GPL-0033] FillerInit:NumGPins:       1117
[INFO GPL-0023] TargetDensity:            0.350
[INFO GPL-0024] AvrgPlaceInstArea:        0.120 um^2
[INFO GPL-0025] IdealBinArea:             0.342 um^2
[INFO GPL-0026] IdealBinCnt:                576
[INFO GPL-0027] TotalBinArea:           197.122 um^2
[INFO GPL-0028] BinCnt:        16     16
[INFO GPL-0029] BinSize: (  0.878  0.878 )
[INFO GPL-0030] NumBins: 256
[NesterovSolve] Iter:    1 overflow: 0.909 HPWL: 235799
[NesterovSolve] Iter:   10 overflow: 0.968 HPWL: 68019
[NesterovSolve] Iter:   20 overflow: 0.968 HPWL: 65776
[NesterovSolve] Iter:   30 overflow: 0.968 HPWL: 65554
[NesterovSolve] Iter:   40 overflow: 0.968 HPWL: 65694
[NesterovSolve] Iter:   50 overflow: 0.968 HPWL: 65891
[NesterovSolve] Iter:   60 overflow: 0.968 HPWL: 66246
[NesterovSolve] Iter:   70 overflow: 0.968 HPWL: 66910
[NesterovSolve] Iter:   80 overflow: 0.968 HPWL: 67862
[NesterovSolve] Iter:   90 overflow: 0.968 HPWL: 68817
[NesterovSolve] Iter:  100 overflow: 0.967 HPWL: 69796
[NesterovSolve] Iter:  110 overflow: 0.966 HPWL: 70212
[NesterovSolve] Iter:  120 overflow: 0.958 HPWL: 70599
[NesterovSolve] Iter:  130 overflow: 0.940 HPWL: 83284
[NesterovSolve] Iter:  140 overflow: 0.921 HPWL: 128572
[NesterovSolve] Iter:  150 overflow: 0.909 HPWL: 136224
[NesterovSolve] Iter:  160 overflow: 0.835 HPWL: 217841
[NesterovSolve] Iter:  170 overflow: 0.803 HPWL: 253202
[NesterovSolve] Iter:  180 overflow: 0.770 HPWL: 292072
[NesterovSolve] Iter:  190 overflow: 0.725 HPWL: 330110
[NesterovSolve] Iter:  200 overflow: 0.681 HPWL: 360130
[NesterovSolve] Iter:  210 overflow: 0.635 HPWL: 399515
[NesterovSolve] Iter:  220 overflow: 0.586 HPWL: 435188
[NesterovSolve] Iter:  230 overflow: 0.532 HPWL: 469772
[NesterovSolve] Iter:  240 overflow: 0.480 HPWL: 502318
[NesterovSolve] Iter:  250 overflow: 0.424 HPWL: 529130
[NesterovSolve] Iter:  260 overflow: 0.366 HPWL: 555277
[NesterovSolve] Iter:  270 overflow: 0.315 HPWL: 572223
[NesterovSolve] Iter:  280 overflow: 0.266 HPWL: 580994
[NesterovSolve] Iter:  290 overflow: 0.229 HPWL: 593790
[NesterovSolve] Iter:  300 overflow: 0.193 HPWL: 604763
[NesterovSolve] Iter:  310 overflow: 0.164 HPWL: 613713
[NesterovSolve] Iter:  320 overflow: 0.142 HPWL: 621208
[NesterovSolve] Iter:  330 overflow: 0.113 HPWL: 626253
[NesterovSolve] Finished with Overflow: 0.099770
Took 24 seconds: global_placement -skip_io -density 0.35 -pad_left 0 -pad_right 0
Elapsed time: 0:30.15[h:]min:sec. CPU time: user 50.79 sys 0.68 (170%). Peak memory: 209128KB.
