OpenROAD v2.0-19576-gec1bf1a13 
Features included (+) or not (-): +GPU +GUI +Python : None
This program is licensed under the BSD-3 license. See the LICENSE file for details.
Components of this program may be licensed under more restrictive licenses which must be honored.
[INFO ORD-0030] Using 6 thread(s).
source /OpenROAD-flow-scripts/flow/platforms/asap7/setRC.tcl
Perform port buffering...
[INFO RSZ-0027] Inserted 35 input buffers.
[INFO RSZ-0028] Inserted 18 output buffers.
Perform buffer insertion and gate resizing...
repair_design -verbose
[INFO RSZ-0058] Using max wire length 162um.
Iteration |   Area    | Resized | Buffers | Nets repaired | Remaining
---------------------------------------------------------------------
        0 |     +0.0% |       0 |       0 |             0 |       421
       10 |     +0.0% |       0 |       0 |             0 |       411
       20 |     +0.0% |       0 |       0 |             0 |       401
       30 |     +0.0% |       0 |       0 |             0 |       391
       40 |     +0.0% |       0 |       0 |             0 |       381
       50 |     +0.0% |       0 |       0 |             0 |       371
       60 |     +0.0% |       0 |       0 |             0 |       361
       70 |     +0.0% |       0 |       0 |             0 |       351
       80 |     +0.0% |       0 |       0 |             0 |       341
       90 |     +0.0% |       0 |       0 |             0 |       331
      100 |     +0.0% |       0 |       0 |             0 |       321
      110 |     +0.0% |       0 |       0 |             0 |       311
      120 |     +0.0% |       0 |       0 |             0 |       301
      130 |     +0.0% |       0 |       0 |             0 |       291
      140 |     +0.0% |       0 |       0 |             0 |       281
      150 |     +0.0% |       0 |       0 |             0 |       271
      160 |     +0.0% |       0 |       0 |             0 |       261
      170 |     +0.0% |       0 |       0 |             0 |       251
      180 |     +0.0% |       0 |       0 |             0 |       241
      190 |     +0.0% |       0 |       0 |             0 |       231
      200 |     +0.0% |       0 |       0 |             0 |       221
      210 |     +0.0% |       0 |       0 |             0 |       211
      220 |     +0.0% |       0 |       0 |             0 |       201
      230 |     +0.0% |       0 |       0 |             0 |       191
      240 |     +0.0% |       0 |       0 |             0 |       181
      250 |     +0.0% |       0 |       0 |             0 |       171
      260 |     +0.0% |       0 |       0 |             0 |       161
      270 |     +0.0% |       0 |       0 |             0 |       151
      280 |     +0.0% |       0 |       0 |             0 |       141
      290 |     +0.0% |       0 |       0 |             0 |       131
      300 |     +0.0% |       0 |       0 |             0 |       121
      310 |     +0.0% |       0 |       0 |             0 |       111
      320 |     +0.0% |       0 |       0 |             0 |       101
      330 |     +0.0% |       0 |       0 |             0 |        91
      340 |     +0.0% |       0 |       0 |             0 |        81
      350 |     +0.0% |       0 |       0 |             0 |        71
      360 |     +0.0% |       0 |       0 |             0 |        61
      370 |     +0.0% |       0 |       0 |             0 |        51
      380 |     +0.0% |       0 |       0 |             0 |        41
      390 |     +0.0% |       0 |       0 |             0 |        31
      400 |     +0.0% |       0 |       0 |             0 |        21
      410 |     +0.0% |       0 |       0 |             0 |        11
      420 |     +0.0% |       0 |       0 |             0 |         1
    final |     +0.0% |       0 |       0 |             0 |         0
---------------------------------------------------------------------
Repair tie lo fanout...
Repair tie hi fanout...
Floating nets: 
Report metrics stage 3, resizer...

==========================================================================
resizer report_design_area
--------------------------------------------------------------------------
Design area 43 u^2 22% utilization.
Instance count before 419, after 472
Pin count before 1117, after 1223
Elapsed time: 0:08.61[h:]min:sec. CPU time: user 7.59 sys 0.83 (97%). Peak memory: 479248KB.
