OpenROAD v2.0-19576-gec1bf1a13 
Features included (+) or not (-): +GPU +GUI +Python : None
This program is licensed under the BSD-3 license. See the LICENSE file for details.
Components of this program may be licensed under more restrictive licenses which must be honored.
[INFO ORD-0030] Using 6 thread(s).
source /OpenROAD-flow-scripts/flow/platforms/asap7/setRC.tcl
Placement Analysis
---------------------------------
total displacement         71.5 u
average displacement        0.2 u
max displacement            0.7 u
original HPWL             937.7 u
legalized HPWL            987.2 u
delta HPWL                    5 %

Detailed placement improvement.
Importing netlist into detailed improver.
[INFO DPO-0100] Creating network with 472 cells, 54 terminals, 421 edges, 1277 pins, and 0 blockages.
[INFO DPO-0109] Network stats: inst 526, edges 421, pins 1277
[INFO DPO-0110] Number of regions is 1
[INFO DPO-0401] Setting random seed to 1.
[INFO DPO-0402] Setting maximum displacement 5 1 to 1350 270 units.
[INFO DPO-0320] Collected 158 fixed cells.
[INFO DPO-0318] Collected 368 single height cells.
[INFO DPO-0321] Collected 0 wide cells.
[INFO DPO-0322] Image (1080, 1080) - (15120, 15120)
[INFO DPO-0310] Assigned 368 cells into segments.  Movement in X-direction is 0.000000, movement in Y-direction is 0.000000.
[INFO DPO-0313] Found 0 cells in wrong regions.
[INFO DPO-0315] Found 0 row alignment problems.
[INFO DPO-0314] Found 0 site alignment problems.
[INFO DPO-0311] Found 0 overlaps between adjacent cells.
[INFO DPO-0312] Found 0 edge spacing violations and 0 padding violations.
[INFO DPO-0303] Running algorithm for independent set matching.
[INFO DPO-0300] Set matching objective is wirelength.
[INFO DPO-0301] Pass   1 of matching; objective is 9.879655e+05.
[INFO DPO-0302] End of matching; objective is 9.877910e+05, improvement is 0.02 percent.
[INFO DPO-0303] Running algorithm for global swaps.
[INFO DPO-0306] Pass   1 of global swaps; hpwl is 9.615940e+05.
[INFO DPO-0306] Pass   2 of global swaps; hpwl is 9.580575e+05.
[INFO DPO-0307] End of global swaps; objective is 9.580575e+05, improvement is 3.01 percent.
[INFO DPO-0303] Running algorithm for vertical swaps.
[INFO DPO-0308] Pass   1 of vertical swaps; hpwl is 9.503230e+05.
[INFO DPO-0309] End of vertical swaps; objective is 9.503230e+05, improvement is 0.81 percent.
[INFO DPO-0303] Running algorithm for reordering.
[INFO DPO-0304] Pass   1 of reordering; objective is 9.495080e+05.
[INFO DPO-0305] End of reordering; objective is 9.495080e+05, improvement is 0.09 percent.
[INFO DPO-0303] Running algorithm for random improvement.
[INFO DPO-0324] Random improver is using displacement generator.
[INFO DPO-0325] Random improver is using hpwl objective.
[INFO DPO-0326] Random improver cost string is (a).
[INFO DPO-0332] End of pass, Generator displacement called 7360 times.
[INFO DPO-0335] Generator displacement, Cumulative attempts 7360, swaps 653, moves  2988 since last reset.
[INFO DPO-0333] End of pass, Objective hpwl, Initial cost 9.495080e+05, Scratch cost 9.374445e+05, Incremental cost 9.374445e+05, Mismatch? N
[INFO DPO-0338] End of pass, Total cost is 9.374445e+05.
[INFO DPO-0327] Pass   1 of random improver; improvement in cost is 1.27 percent.
[INFO DPO-0332] End of pass, Generator displacement called 7360 times.
[INFO DPO-0335] Generator displacement, Cumulative attempts 14720, swaps 1210, moves  5950 since last reset.
[INFO DPO-0333] End of pass, Objective hpwl, Initial cost 9.374445e+05, Scratch cost 9.321995e+05, Incremental cost 9.321995e+05, Mismatch? N
[INFO DPO-0338] End of pass, Total cost is 9.321995e+05.
[INFO DPO-0327] Pass   2 of random improver; improvement in cost is 0.56 percent.
[INFO DPO-0328] End of random improver; improvement is 1.822891 percent.
[INFO DPO-0380] Cell flipping.
[INFO DPO-0382] Changed 182 cell orientations for row compatibility.
[INFO DPO-0383] Performed 131 cell flips.
[INFO DPO-0384] End of flipping; objective is 9.061820e+05, improvement is 2.79 percent.
[INFO DPO-0313] Found 0 cells in wrong regions.
[INFO DPO-0315] Found 0 row alignment problems.
[INFO DPO-0314] Found 0 site alignment problems.
[INFO DPO-0311] Found 0 overlaps between adjacent cells.
[INFO DPO-0312] Found 0 edge spacing violations and 0 padding violations.
Detailed Improvement Results
------------------------------------------
Original HPWL              987.2 u
Final HPWL                 903.5 u
Delta HPWL                  -8.5 %

[INFO DPL-0020] Mirrored 34 instances
[INFO DPL-0021] HPWL before             903.5 u
[INFO DPL-0022] HPWL after              902.7 u
[INFO DPL-0023] HPWL delta               -0.1 %
[INFO FLW-0012] Placement violations .
Report metrics stage 3, detailed place...

==========================================================================
detailed place report_design_area
--------------------------------------------------------------------------
Design area 43 u^2 22% utilization.
Elapsed time: 0:07.87[h:]min:sec. CPU time: user 7.37 sys 0.34 (97%). Peak memory: 214708KB.
