OpenROAD v2.0-19576-gec1bf1a13 
Features included (+) or not (-): +GPU +GUI +Python : None
This program is licensed under the BSD-3 license. See the LICENSE file for details.
Components of this program may be licensed under more restrictive licenses which must be honored.
[INFO ORD-0030] Using 6 thread(s).
source /OpenROAD-flow-scripts/flow/platforms/asap7/setRC.tcl
source /OpenROAD-flow-scripts/flow/platforms/asap7/fastroute.tcl
[INFO DRT-0149] Reading tech and libs.

Units:                1000
Number of layers:     21
Number of macros:     212
Number of vias:       14
Number of viarulegen: 11

[INFO DRT-0150] Reading design.

Design:                   gcd
Die area:                 ( 0 0 ) ( 16200 16200 )
Number of track patterns: 32
Number of DEF vias:       0
Number of components:     532
Number of terminals:      54
Number of snets:          2
Number of nets:           478

[INFO DRT-0167] List of default vias:
  Layer V2
    default via: VIA23
  Layer V3
    default via: VIA34
  Layer V4
    default via: VIA45
  Layer V5
    default via: VIA56
  Layer V6
    default via: VIA67
  Layer V7
    default via: VIA78
  Layer V8
    default via: VIA89
  Layer V9
    default via: VIA9Pad
[INFO DRT-0162] Library cell analysis.
[INFO DRT-0163] Instance analysis.
[INFO DRT-0164] Number of unique instances = 110.
[INFO DRT-0168] Init region query.
[INFO DRT-0024]   Complete Active.
[INFO DRT-0024]   Complete V0.
[INFO DRT-0024]   Complete M1.
[INFO DRT-0024]   Complete V1.
[INFO DRT-0024]   Complete M2.
[INFO DRT-0024]   Complete V2.
[INFO DRT-0024]   Complete M3.
[INFO DRT-0024]   Complete V3.
[INFO DRT-0024]   Complete M4.
[INFO DRT-0024]   Complete V4.
[INFO DRT-0024]   Complete M5.
[INFO DRT-0024]   Complete V5.
[INFO DRT-0024]   Complete M6.
[INFO DRT-0024]   Complete V6.
[INFO DRT-0024]   Complete M7.
[INFO DRT-0024]   Complete V7.
[INFO DRT-0024]   Complete M8.
[INFO DRT-0024]   Complete V8.
[INFO DRT-0024]   Complete M9.
[INFO DRT-0024]   Complete V9.
[INFO DRT-0024]   Complete Pad.
[INFO DRT-0033] Active shape region query size = 0.
[INFO DRT-0033] V0 shape region query size = 0.
[INFO DRT-0033] M1 shape region query size = 7410.
[INFO DRT-0033] V1 shape region query size = 21048.
[INFO DRT-0033] M2 shape region query size = 400.
[INFO DRT-0033] V2 shape region query size = 477.
[INFO DRT-0033] M3 shape region query size = 477.
[INFO DRT-0033] V3 shape region query size = 318.
[INFO DRT-0033] M4 shape region query size = 344.
[INFO DRT-0033] V4 shape region query size = 318.
[INFO DRT-0033] M5 shape region query size = 211.
[INFO DRT-0033] V5 shape region query size = 36.
[INFO DRT-0033] M6 shape region query size = 24.
[INFO DRT-0033] V6 shape region query size = 0.
[INFO DRT-0033] M7 shape region query size = 0.
[INFO DRT-0033] V7 shape region query size = 0.
[INFO DRT-0033] M8 shape region query size = 0.
[INFO DRT-0033] V8 shape region query size = 0.
[INFO DRT-0033] M9 shape region query size = 0.
[INFO DRT-0033] V9 shape region query size = 0.
[INFO DRT-0033] Pad shape region query size = 0.
[INFO DRT-0165] Start pin access.
[INFO DRT-0078]   Complete 594 pins.
[INFO DRT-0079]   Complete 100 unique inst patterns.
[INFO DRT-0081]   Complete 110 unique inst patterns.
[INFO DRT-0084]   Complete 269 groups.
#scanned instances     = 532
#unique  instances     = 110
#stdCellGenAp          = 2795
#stdCellValidPlanarAp  = 48
#stdCellValidViaAp     = 2273
#stdCellPinNoAp        = 0
#stdCellPinCnt         = 1340
#instTermValidViaApCnt = 0
#macroGenAp            = 0
#macroValidPlanarAp    = 0
#macroValidViaAp       = 0
#macroNoAp             = 0
[INFO DRT-0166] Complete pin access.
[INFO DRT-0267] cpu time = 00:01:03, elapsed time = 00:00:27, memory = 212.76 (MB), peak = 212.76 (MB)
global_route -congestion_report_file ./reports/asap7/gcd/base/congestion.rpt -congestion_iterations 30 -congestion_report_iter_step 5 -verbose
[INFO GRT-0020] Min routing layer: M2
[INFO GRT-0021] Max routing layer: M7
[INFO GRT-0022] Global adjustment: 0%
[INFO GRT-0023] Grid origin: (0, 0)
[INFO GRT-0043] No OR_DEFAULT vias defined.
[INFO GRT-0088] Layer M1      Track-Pitch = 0.0360  line-2-Via Pitch: 0.0360
[INFO GRT-0088] Layer M2      Track-Pitch = 0.0390  line-2-Via Pitch: 0.0360
[INFO GRT-0088] Layer M3      Track-Pitch = 0.0360  line-2-Via Pitch: 0.0360
[INFO GRT-0088] Layer M4      Track-Pitch = 0.0480  line-2-Via Pitch: 0.0480
[INFO GRT-0088] Layer M5      Track-Pitch = 0.0480  line-2-Via Pitch: 0.0480
[INFO GRT-0088] Layer M6      Track-Pitch = 0.0640  line-2-Via Pitch: 0.0640
[INFO GRT-0088] Layer M7      Track-Pitch = 0.0640  line-2-Via Pitch: 0.0640
[INFO GRT-0003] Macros: 0
[INFO GRT-0043] No OR_DEFAULT vias defined.
[INFO GRT-0004] Blockages: 105
[INFO GRT-0019] Found 6 clock nets.
[INFO GRT-0001] Minimum degree: 2
[INFO GRT-0002] Maximum degree: 11

[INFO GRT-0053] Routing resources analysis:
          Routing      Original      Derated      Resource
Layer     Direction    Resources     Resources    Reduction (%)
---------------------------------------------------------------
M1         Vertical            0             0          0.00%
M2         Horizontal      11700          6375          45.51%
M3         Vertical        13500          9174          32.04%
M4         Horizontal       9900          6798          31.33%
M5         Vertical         9900          6486          34.48%
M6         Horizontal       7200          4716          34.50%
M7         Vertical         7200          5220          27.50%
---------------------------------------------------------------

[INFO GRT-0197] Via related to pin nodes: 2488
[INFO GRT-0198] Via related Steiner nodes: 61
[INFO GRT-0199] Via filling finished.
[INFO GRT-0111] Final number of vias: 3223
[INFO GRT-0112] Final usage 3D: 11855

[INFO GRT-0096] Final congestion report:
Layer         Resource        Demand        Usage (%)    Max H / Max V / Total Overflow
---------------------------------------------------------------------------------------
M1                   0             0            0.00%             0 /  0 /  0
M2                6375           960           15.06%             0 /  0 /  0
M3                9174          1043           11.37%             0 /  0 /  0
M4                6798           124            1.82%             0 /  0 /  0
M5                6486            59            0.91%             0 /  0 /  0
M6                4716             0            0.00%             0 /  0 /  0
M7                5220             0            0.00%             0 /  0 /  0
---------------------------------------------------------------------------------------
Total            38769          2186            5.64%             0 /  0 /  0

[INFO GRT-0018] Total wirelength: 1787 um
[INFO GRT-0014] Routed nets: 478
Perform buffer insertion and gate resizing...
repair_design -verbose
[INFO RSZ-0058] Using max wire length 162um.
Iteration |   Area    | Resized | Buffers | Nets repaired | Remaining
---------------------------------------------------------------------
        0 |     +0.0% |       0 |       0 |             0 |       481
       10 |     +0.0% |       0 |       0 |             0 |       471
       20 |     +0.0% |       0 |       0 |             0 |       461
       30 |     +0.0% |       0 |       0 |             0 |       451
       40 |     +0.0% |       0 |       0 |             0 |       441
       50 |     +0.0% |       0 |       0 |             0 |       431
       60 |     +0.0% |       0 |       0 |             0 |       421
       70 |     +0.0% |       0 |       0 |             0 |       411
       80 |     +0.0% |       0 |       0 |             0 |       401
       90 |     +0.0% |       0 |       0 |             0 |       391
      100 |     +0.0% |       0 |       0 |             0 |       381
      110 |     +0.0% |       0 |       0 |             0 |       371
      120 |     +0.0% |       0 |       0 |             0 |       361
      130 |     +0.0% |       0 |       0 |             0 |       351
      140 |     +0.0% |       0 |       0 |             0 |       341
      150 |     +0.0% |       0 |       0 |             0 |       331
      160 |     +0.0% |       0 |       0 |             0 |       321
      170 |     +0.0% |       0 |       0 |             0 |       311
      180 |     +0.0% |       0 |       0 |             0 |       301
      190 |     +0.0% |       0 |       0 |             0 |       291
      200 |     +0.0% |       0 |       0 |             0 |       281
      210 |     +0.0% |       0 |       0 |             0 |       271
      220 |     +0.0% |       0 |       0 |             0 |       261
      230 |     +0.0% |       0 |       0 |             0 |       251
      240 |     +0.0% |       0 |       0 |             0 |       241
      250 |     +0.0% |       0 |       0 |             0 |       231
      260 |     +0.0% |       0 |       0 |             0 |       221
      270 |     +0.0% |       0 |       0 |             0 |       211
      280 |     +0.0% |       0 |       0 |             0 |       201
      290 |     +0.0% |       0 |       0 |             0 |       191
      300 |     +0.0% |       0 |       0 |             0 |       181
      310 |     +0.0% |       0 |       0 |             0 |       171
      320 |     +0.0% |       0 |       0 |             0 |       161
      330 |     +0.0% |       0 |       0 |             0 |       151
      340 |     +0.0% |       0 |       0 |             0 |       141
      350 |     +0.0% |       0 |       0 |             0 |       131
      360 |     +0.0% |       0 |       0 |             0 |       121
      370 |     +0.0% |       0 |       0 |             0 |       111
      380 |     +0.0% |       0 |       0 |             0 |       101
      390 |     +0.0% |       0 |       0 |             0 |        91
      400 |     +0.0% |       0 |       0 |             0 |        81
      410 |     +0.0% |       0 |       0 |             0 |        71
      420 |     +0.0% |       0 |       0 |             0 |        61
      430 |     +0.0% |       0 |       0 |             0 |        51
      440 |     +0.0% |       0 |       0 |             0 |        41
      450 |     +0.0% |       0 |       0 |             0 |        31
      460 |     +0.0% |       0 |       0 |             0 |        21
      470 |     +0.0% |       0 |       0 |             0 |        11
      480 |     +0.0% |       0 |       0 |             0 |         1
    final |     +0.0% |       0 |       0 |             0 |         0
---------------------------------------------------------------------
global_route -start_incremental
detailed_placement
Placement Analysis
---------------------------------
total displacement          0.0 u
average displacement        0.0 u
max displacement            0.0 u
original HPWL            1004.6 u
legalized HPWL           1004.6 u
delta HPWL                    0 %

global_route -end_incremental -congestion_report_file ./reports/asap7/gcd/base/congestion_post_repair_design.rpt
Repair setup and hold violations...
repair_timing -verbose -setup_margin 0 -hold_margin 0 -repair_tns 100 -skip_last_gasp
[INFO RSZ-0094] Found 28 endpoints with setup violations.
[INFO RSZ-0099] Repairing 28 out of 28 (100.00%) violating endpoints...
   Iter   | Removed | Resized | Inserted | Cloned |  Pin  |   Area   |    WNS   |   TNS      |  Viol  | Worst
          | Buffers |  Gates  | Buffers  |  Gates | Swaps |          |          |            | Endpts | Endpt
--------------------------------------------------------------------------------------------------------------
        0 |       0 |       0 |        0 |      0 |     0 |    +0.0% |  -63.637 |     -496.5 |     28 | resp_msg[13]
       10 |       0 |       0 |        4 |      0 |     7 |    +0.3% |  -61.668 |     -503.5 |     28 | resp_msg[13]
       12 |       0 |       0 |        4 |      0 |     6 |    +0.3% |  -60.182 |     -497.5 |     28 | resp_msg[13]
       15 |       0 |       0 |        4 |      0 |     6 |    +0.3% |  -60.182 |     -497.5 |     28 | resp_msg[13]
       20 |       0 |       1 |        6 |      0 |     8 |    +0.5% |  -60.182 |     -492.3 |     28 | resp_msg[13]
       23 |       0 |       0 |        5 |      0 |     6 |    +0.3% |  -60.182 |     -497.5 |     28 | resp_msg[13]
       26 |       0 |       0 |        5 |      0 |     6 |    +0.3% |  -60.182 |     -497.5 |     28 | resp_msg[13]
       30 |       0 |       1 |        7 |      0 |     7 |    +0.6% |  -60.182 |     -528.1 |     28 | resp_msg[13]
       35 |       0 |       1 |        7 |      0 |     7 |    +0.4% |  -60.182 |     -542.8 |     28 | resp_msg[13]
       39 |       0 |       1 |        7 |      0 |     8 |    +0.4% |  -60.182 |     -542.7 |     28 | resp_msg[13]
       40 |       0 |       1 |        7 |      0 |     8 |    +0.4% |  -60.182 |     -542.7 |     28 | resp_msg[13]
       47 |       0 |       1 |        9 |      0 |    11 |    +0.6% |  -60.182 |     -542.6 |     28 | resp_msg[13]
       50 |       0 |       2 |        9 |      0 |    12 |    +0.7% |  -62.935 |     -547.7 |     28 | resp_msg[13]
       52 |       0 |       1 |        9 |      0 |    11 |    +0.6% |  -60.182 |     -542.6 |     28 | resp_msg[13]
       56 |       0 |       1 |        9 |      0 |    11 |    +0.6% |  -60.182 |     -542.6 |     28 | resp_msg[13]
       60 |       0 |       3 |        9 |      0 |    12 |    +0.6% |  -60.182 |     -539.9 |     28 | resp_msg[13]
       60 |       0 |       3 |        9 |      0 |    12 |    +0.6% |  -60.182 |     -539.9 |     28 | resp_msg[13]
       63 |       0 |       3 |        9 |      0 |    12 |    +0.6% |  -60.182 |     -539.9 |     28 | resp_msg[13]
       70 |       0 |       3 |       14 |      2 |    14 |    +1.5% |  -60.090 |     -602.4 |     28 | resp_msg[13]
       72 |       0 |       4 |       16 |      2 |    14 |    +1.7% |  -60.090 |     -539.4 |     26 | resp_msg[13]
       74 |       0 |       4 |       16 |      3 |    14 |    +1.8% |  -60.090 |     -600.9 |     24 | resp_msg[13]
       80 |       0 |       7 |       18 |      4 |    14 |    +2.8% |  -60.090 |     -529.0 |     24 | resp_msg[13]
       86 |       0 |       8 |       22 |      4 |    15 |    +3.1% |  -60.090 |     -498.9 |     24 | resp_msg[13]
       90 |       1 |      10 |       22 |      4 |    15 |    +3.4% |  -60.090 |     -495.3 |     24 | resp_msg[13]
       91 |       1 |      10 |       22 |      4 |    16 |    +3.4% |  -60.090 |     -495.1 |     24 | resp_msg[13]
       93 |       1 |      10 |       22 |      4 |    16 |    +3.4% |  -60.090 |     -495.1 |     24 | resp_msg[13]
       95 |       1 |      10 |       22 |      4 |    16 |    +3.4% |  -60.090 |     -495.1 |     24 | resp_msg[13]
       97 |       1 |      10 |       22 |      4 |    16 |    +3.4% |  -60.090 |     -495.1 |     24 | resp_msg[13]
       99 |       1 |      10 |       22 |      4 |    16 |    +3.4% |  -60.090 |     -495.1 |     24 | resp_msg[13]
      100 |       1 |      10 |       22 |      4 |    16 |    +3.4% |  -60.090 |     -495.1 |     24 | resp_msg[13]
      100 |       1 |      10 |       22 |      4 |    16 |    +3.4% |  -60.090 |     -495.1 |     23 | resp_msg[13]
      105 |       1 |      13 |       22 |      5 |    16 |    +3.9% |  -60.090 |     -522.2 |     21 | resp_msg[13]
      106 |       1 |      13 |       22 |      5 |    16 |    +3.9% |  -60.090 |     -522.2 |     20 | resp_msg[13]
      107 |       1 |      13 |       22 |      5 |    16 |    +3.9% |  -60.090 |     -522.2 |     19 | resp_msg[13]
      108 |       1 |      13 |       22 |      5 |    16 |    +3.9% |  -60.090 |     -522.2 |     18 | resp_msg[13]
      109 |       1 |      13 |       22 |      5 |    16 |    +3.9% |  -60.090 |     -522.2 |     17 | resp_msg[13]
      110 |       1 |      13 |       22 |      5 |    16 |    +3.9% |  -60.090 |     -522.2 |     17 | resp_msg[13]
      110 |       1 |      13 |       22 |      5 |    16 |    +3.9% |  -60.090 |     -522.2 |     16 | resp_msg[13]
      114 |       1 |      15 |       22 |      5 |    17 |    +4.3% |  -60.090 |     -529.7 |     14 | resp_msg[13]
      117 |       1 |      16 |       22 |      5 |    17 |    +4.4% |  -60.090 |     -530.9 |     14 | resp_msg[13]
    final |       1 |      16 |       22 |      5 |    17 |    +4.4% |  -60.090 |     -530.9 |     14 | resp_msg[13]
--------------------------------------------------------------------------------------------------------------
[INFO RSZ-0059] Removed 1 buffers.
[INFO RSZ-0040] Inserted 10 buffers.
[INFO RSZ-0041] Resized 16 instances.
[INFO RSZ-0043] Swapped pins on 17 instances.
[INFO RSZ-0049] Cloned 5 instances.
[WARNING RSZ-0062] Unable to repair all setup violations.
[INFO RSZ-0033] No hold violations found.
Took 5 seconds: repair_timing -verbose -setup_margin 0 -hold_margin 0 -repair_tns 100 -skip_last_gasp
global_route -start_incremental
detailed_placement
Placement Analysis
---------------------------------
total displacement          9.2 u
average displacement        0.0 u
max displacement            1.0 u
original HPWL            1085.1 u
legalized HPWL           1093.2 u
delta HPWL                    1 %

global_route -end_incremental -congestion_report_file ./reports/asap7/gcd/base/congestion_post_repair_timing.rpt
global_route -start_incremental
global_route -end_incremental -congestion_report_file ./reports/asap7/gcd/base/congestion_post_recover_power.rpt
Repair antennas...
[WARNING GRT-0246] No diode with LEF class CORE ANTENNACELL found.
[INFO ANT-0002] Found 0 net violations.
[INFO ANT-0001] Found 0 pin violations.
Estimate parasitics...
Report metrics stage 5, global route...

==========================================================================
global route report_design_area
--------------------------------------------------------------------------
Design area 50 u^2 26% utilization.
[INFO FLW-0007] clock core_clock period 310.000000
[INFO FLW-0008] Clock core_clock period 352.939
[INFO FLW-0009] Clock core_clock slack -61.515
[INFO FLW-0011] Path endpoint path count 56
Elapsed time: 0:43.26[h:]min:sec. CPU time: user 76.95 sys 1.97 (182%). Peak memory: 554912KB.
