OpenROAD v2.0-19576-gec1bf1a13 
Features included (+) or not (-): +GPU +GUI +Python : None
This program is licensed under the BSD-3 license. See the LICENSE file for details.
Components of this program may be licensed under more restrictive licenses which must be honored.
[INFO ORD-0030] Using 6 thread(s).
source /OpenROAD-flow-scripts/flow/platforms/asap7/setRC.tcl
detailed_route -output_drc ./reports/asap7/gcd/base/5_route_drc.rpt -output_maze ./results/asap7/gcd/base/maze.log -bottom_routing_layer M2 -top_routing_layer M7 -droute_end_iter 64 -verbose 1 -drc_report_iter_step 5
[INFO DRT-0149] Reading tech and libs.

Units:                1000
Number of layers:     21
Number of macros:     212
Number of vias:       14
Number of viarulegen: 11

[INFO DRT-0150] Reading design.

Design:                   gcd
Die area:                 ( 0 0 ) ( 16200 16200 )
Number of track patterns: 32
Number of DEF vias:       0
Number of components:     546
Number of terminals:      54
Number of snets:          2
Number of nets:           492

[INFO DRT-0167] List of default vias:
  Layer V2
    default via: VIA23
  Layer V3
    default via: VIA34
  Layer V4
    default via: VIA45
  Layer V5
    default via: VIA56
  Layer V6
    default via: VIA67
  Layer V7
    default via: VIA78
  Layer V8
    default via: VIA89
  Layer V9
    default via: VIA9Pad
[INFO DRT-0162] Library cell analysis.
[INFO DRT-0163] Instance analysis.
[INFO DRT-0164] Number of unique instances = 115.
[INFO DRT-0168] Init region query.
[INFO DRT-0024]   Complete Active.
[INFO DRT-0024]   Complete V0.
[INFO DRT-0024]   Complete M1.
[INFO DRT-0024]   Complete V1.
[INFO DRT-0024]   Complete M2.
[INFO DRT-0024]   Complete V2.
[INFO DRT-0024]   Complete M3.
[INFO DRT-0024]   Complete V3.
[INFO DRT-0024]   Complete M4.
[INFO DRT-0024]   Complete V4.
[INFO DRT-0024]   Complete M5.
[INFO DRT-0024]   Complete V5.
[INFO DRT-0024]   Complete M6.
[INFO DRT-0024]   Complete V6.
[INFO DRT-0024]   Complete M7.
[INFO DRT-0024]   Complete V7.
[INFO DRT-0024]   Complete M8.
[INFO DRT-0024]   Complete V8.
[INFO DRT-0024]   Complete M9.
[INFO DRT-0024]   Complete V9.
[INFO DRT-0024]   Complete Pad.
[INFO DRT-0033] Active shape region query size = 0.
[INFO DRT-0033] V0 shape region query size = 0.
[INFO DRT-0033] M1 shape region query size = 7615.
[INFO DRT-0033] V1 shape region query size = 21048.
[INFO DRT-0033] M2 shape region query size = 400.
[INFO DRT-0033] V2 shape region query size = 477.
[INFO DRT-0033] M3 shape region query size = 477.
[INFO DRT-0033] V3 shape region query size = 318.
[INFO DRT-0033] M4 shape region query size = 344.
[INFO DRT-0033] V4 shape region query size = 318.
[INFO DRT-0033] M5 shape region query size = 211.
[INFO DRT-0033] V5 shape region query size = 36.
[INFO DRT-0033] M6 shape region query size = 24.
[INFO DRT-0033] V6 shape region query size = 0.
[INFO DRT-0033] M7 shape region query size = 0.
[INFO DRT-0033] V7 shape region query size = 0.
[INFO DRT-0033] M8 shape region query size = 0.
[INFO DRT-0033] V8 shape region query size = 0.
[INFO DRT-0033] M9 shape region query size = 0.
[INFO DRT-0033] V9 shape region query size = 0.
[INFO DRT-0033] Pad shape region query size = 0.
[INFO DRT-0165] Start pin access.
[INFO DRT-0078]   Complete 616 pins.
[INFO DRT-0079]   Complete 100 unique inst patterns.
[INFO DRT-0081]   Complete 115 unique inst patterns.
[INFO DRT-0084]   Complete 276 groups.
#scanned instances     = 546
#unique  instances     = 115
#stdCellGenAp          = 3027
#stdCellValidPlanarAp  = 48
#stdCellValidViaAp     = 2467
#stdCellPinNoAp        = 0
#stdCellPinCnt         = 1370
#instTermValidViaApCnt = 0
#macroGenAp            = 0
#macroValidPlanarAp    = 0
#macroValidViaAp       = 0
#macroNoAp             = 0
[INFO DRT-0166] Complete pin access.
[INFO DRT-0267] cpu time = 00:01:05, elapsed time = 00:00:28, memory = 277.35 (MB), peak = 277.35 (MB)

[INFO DRT-0157] Number of guides:     3534

[INFO DRT-0169] Post process guides.
[INFO DRT-0176] GCELLGRID X 0 DO 30 STEP 540 ;
[INFO DRT-0177] GCELLGRID Y 0 DO 30 STEP 540 ;
[INFO DRT-0028]   Complete Active.
[INFO DRT-0028]   Complete V0.
[INFO DRT-0028]   Complete M1.
[INFO DRT-0028]   Complete V1.
[INFO DRT-0028]   Complete M2.
[INFO DRT-0028]   Complete V2.
[INFO DRT-0028]   Complete M3.
[INFO DRT-0028]   Complete V3.
[INFO DRT-0028]   Complete M4.
[INFO DRT-0028]   Complete V4.
[INFO DRT-0028]   Complete M5.
[INFO DRT-0028]   Complete V5.
[INFO DRT-0028]   Complete M6.
[INFO DRT-0028]   Complete V6.
[INFO DRT-0028]   Complete M7.
[INFO DRT-0028]   Complete V7.
[INFO DRT-0028]   Complete M8.
[INFO DRT-0028]   Complete V8.
[INFO DRT-0028]   Complete M9.
[INFO DRT-0028]   Complete V9.
[INFO DRT-0028]   Complete Pad.
[INFO DRT-0178] Init guide query.
[INFO DRT-0035]   Complete Active (guide).
[INFO DRT-0035]   Complete V0 (guide).
[INFO DRT-0035]   Complete M1 (guide).
[INFO DRT-0035]   Complete V1 (guide).
[INFO DRT-0035]   Complete M2 (guide).
[INFO DRT-0035]   Complete V2 (guide).
[INFO DRT-0035]   Complete M3 (guide).
[INFO DRT-0035]   Complete V3 (guide).
[INFO DRT-0035]   Complete M4 (guide).
[INFO DRT-0035]   Complete V4 (guide).
[INFO DRT-0035]   Complete M5 (guide).
[INFO DRT-0035]   Complete V5 (guide).
[INFO DRT-0035]   Complete M6 (guide).
[INFO DRT-0035]   Complete V6 (guide).
[INFO DRT-0035]   Complete M7 (guide).
[INFO DRT-0035]   Complete V7 (guide).
[INFO DRT-0035]   Complete M8 (guide).
[INFO DRT-0035]   Complete V8 (guide).
[INFO DRT-0035]   Complete M9 (guide).
[INFO DRT-0035]   Complete V9 (guide).
[INFO DRT-0035]   Complete Pad (guide).
[INFO DRT-0036] Active guide region query size = 0.
[INFO DRT-0036] V0 guide region query size = 0.
[INFO DRT-0036] M1 guide region query size = 1234.
[INFO DRT-0036] V1 guide region query size = 0.
[INFO DRT-0036] M2 guide region query size = 1106.
[INFO DRT-0036] V2 guide region query size = 0.
[INFO DRT-0036] M3 guide region query size = 574.
[INFO DRT-0036] V3 guide region query size = 0.
[INFO DRT-0036] M4 guide region query size = 81.
[INFO DRT-0036] V4 guide region query size = 0.
[INFO DRT-0036] M5 guide region query size = 35.
[INFO DRT-0036] V5 guide region query size = 0.
[INFO DRT-0036] M6 guide region query size = 0.
[INFO DRT-0036] V6 guide region query size = 0.
[INFO DRT-0036] M7 guide region query size = 0.
[INFO DRT-0036] V7 guide region query size = 0.
[INFO DRT-0036] M8 guide region query size = 0.
[INFO DRT-0036] V8 guide region query size = 0.
[INFO DRT-0036] M9 guide region query size = 0.
[INFO DRT-0036] V9 guide region query size = 0.
[INFO DRT-0036] Pad guide region query size = 0.
[INFO DRT-0179] Init gr pin query.
[INFO DRT-0267] cpu time = 00:00:00, elapsed time = 00:00:00, memory = 278.10 (MB), peak = 278.10 (MB)
[INFO DRT-0245] skipped writing guide updates to database.
[INFO DRT-0185] Post process initialize RPin region query.
[INFO DRT-0181] Start track assignment.
[INFO DRT-0184] Done with 1843 vertical wires in 1 frboxes and 1187 horizontal wires in 1 frboxes.
[INFO DRT-0186] Done with 165 vertical wires in 1 frboxes and 285 horizontal wires in 1 frboxes.
[INFO DRT-0182] Complete track assignment.
[INFO DRT-0267] cpu time = 00:00:00, elapsed time = 00:00:00, memory = 293.28 (MB), peak = 293.28 (MB)
[INFO DRT-0187] Start routing data preparation.
[INFO DRT-0267] cpu time = 00:00:00, elapsed time = 00:00:00, memory = 293.28 (MB), peak = 293.28 (MB)
[INFO DRT-0194] Start detail routing.
[INFO DRT-0195] Start 0th optimization iteration.
    Completing 10% with 0 violations.
    elapsed time = 00:00:00, memory = 296.96 (MB).
    Completing 20% with 0 violations.
    elapsed time = 00:00:00, memory = 500.78 (MB).
    Completing 30% with 0 violations.
    elapsed time = 00:00:02, memory = 401.02 (MB).
    Completing 40% with 11 violations.
    elapsed time = 00:00:05, memory = 612.62 (MB).
    Completing 50% with 11 violations.
    elapsed time = 00:00:08, memory = 536.41 (MB).
    Completing 60% with 11 violations.
    elapsed time = 00:00:10, memory = 407.84 (MB).
    Completing 70% with 16 violations.
    elapsed time = 00:00:11, memory = 629.20 (MB).
    Completing 80% with 16 violations.
    elapsed time = 00:00:14, memory = 524.89 (MB).
    Completing 90% with 26 violations.
    elapsed time = 00:00:21, memory = 606.53 (MB).
    Completing 100% with 50 violations.
    elapsed time = 00:00:25, memory = 460.83 (MB).
[INFO DRT-0199]   Number of violations = 50.
Viol/Layer          M1     M2     M3     V4
CutSpcTbl            0      0      0      3
EOL                  0      5      0      0
Metal Spacing        2      3      1      0
Short                0      2      1      0
eolKeepOut           0     33      0      0
[INFO DRT-0267] cpu time = 00:00:44, elapsed time = 00:00:26, memory = 993.00 (MB), peak = 993.00 (MB)
Total wire length = 1277 um.
Total wire length on LAYER M1 = 0 um.
Total wire length on LAYER M2 = 497 um.
Total wire length on LAYER M3 = 615 um.
Total wire length on LAYER M4 = 126 um.
Total wire length on LAYER M5 = 38 um.
Total wire length on LAYER M6 = 0 um.
Total wire length on LAYER M7 = 0 um.
Total wire length on LAYER M8 = 0 um.
Total wire length on LAYER M9 = 0 um.
Total wire length on LAYER Pad = 0 um.
Total number of vias = 3677.
Up-via summary (total 3677):

---------------
 Active       0
     M1    1346
     M2    2024
     M3     244
     M4      63
     M5       0
     M6       0
     M7       0
     M8       0
     M9       0
---------------
       3677


[INFO DRT-0195] Start 1st optimization iteration.
    Completing 10% with 50 violations.
    elapsed time = 00:00:01, memory = 1221.25 (MB).
    Completing 20% with 50 violations.
    elapsed time = 00:00:02, memory = 1200.29 (MB).
    Completing 30% with 50 violations.
    elapsed time = 00:00:03, memory = 1075.41 (MB).
    Completing 40% with 41 violations.
    elapsed time = 00:00:09, memory = 1202.14 (MB).
    Completing 50% with 41 violations.
    elapsed time = 00:00:10, memory = 1074.34 (MB).
    Completing 60% with 41 violations.
    elapsed time = 00:00:13, memory = 993.36 (MB).
    Completing 70% with 37 violations.
    elapsed time = 00:00:15, memory = 1186.94 (MB).
    Completing 80% with 37 violations.
    elapsed time = 00:00:19, memory = 1072.45 (MB).
    Completing 90% with 21 violations.
    elapsed time = 00:00:24, memory = 1070.55 (MB).
    Completing 100% with 8 violations.
    elapsed time = 00:00:26, memory = 576.67 (MB).
[INFO DRT-0199]   Number of violations = 8.
Viol/Layer          M2     M3
Metal Spacing        0      1
Short                1      0
eolKeepOut           6      0
[INFO DRT-0267] cpu time = 00:00:50, elapsed time = 00:00:27, memory = 993.55 (MB), peak = 1264.23 (MB)
Total wire length = 1264 um.
Total wire length on LAYER M1 = 0 um.
Total wire length on LAYER M2 = 487 um.
Total wire length on LAYER M3 = 604 um.
Total wire length on LAYER M4 = 133 um.
Total wire length on LAYER M5 = 38 um.
Total wire length on LAYER M6 = 0 um.
Total wire length on LAYER M7 = 0 um.
Total wire length on LAYER M8 = 0 um.
Total wire length on LAYER M9 = 0 um.
Total wire length on LAYER Pad = 0 um.
Total number of vias = 3516.
Up-via summary (total 3516):

---------------
 Active       0
     M1    1346
     M2    1894
     M3     229
     M4      47
     M5       0
     M6       0
     M7       0
     M8       0
     M9       0
---------------
       3516


[INFO DRT-0195] Start 2nd optimization iteration.
    Completing 10% with 8 violations.
    elapsed time = 00:00:00, memory = 993.55 (MB).
    Completing 20% with 8 violations.
    elapsed time = 00:00:00, memory = 993.55 (MB).
    Completing 30% with 8 violations.
    elapsed time = 00:00:01, memory = 1075.51 (MB).
    Completing 40% with 9 violations.
    elapsed time = 00:00:05, memory = 993.76 (MB).
    Completing 50% with 9 violations.
    elapsed time = 00:00:05, memory = 993.76 (MB).
    Completing 60% with 9 violations.
    elapsed time = 00:00:11, memory = 993.76 (MB).
    Completing 70% with 6 violations.
    elapsed time = 00:00:11, memory = 993.76 (MB).
    Completing 80% with 6 violations.
    elapsed time = 00:00:11, memory = 993.76 (MB).
    Completing 90% with 5 violations.
    elapsed time = 00:00:16, memory = 1001.36 (MB).
    Completing 100% with 5 violations.
    elapsed time = 00:00:16, memory = 916.37 (MB).
[INFO DRT-0199]   Number of violations = 5.
Viol/Layer          M2     M3
EOL                  1      0
Metal Spacing        0      1
eolKeepOut           3      0
[INFO DRT-0267] cpu time = 00:00:20, elapsed time = 00:00:17, memory = 1001.24 (MB), peak = 1264.23 (MB)
Total wire length = 1262 um.
Total wire length on LAYER M1 = 0 um.
Total wire length on LAYER M2 = 493 um.
Total wire length on LAYER M3 = 602 um.
Total wire length on LAYER M4 = 127 um.
Total wire length on LAYER M5 = 38 um.
Total wire length on LAYER M6 = 0 um.
Total wire length on LAYER M7 = 0 um.
Total wire length on LAYER M8 = 0 um.
Total wire length on LAYER M9 = 0 um.
Total wire length on LAYER Pad = 0 um.
Total number of vias = 3504.
Up-via summary (total 3504):

---------------
 Active       0
     M1    1347
     M2    1887
     M3     223
     M4      47
     M5       0
     M6       0
     M7       0
     M8       0
     M9       0
---------------
       3504


[INFO DRT-0195] Start 3rd stubborn tiles iteration.
    Completing 10% with 5 violations.
    elapsed time = 00:00:18, memory = 1366.89 (MB).
    Completing 20% with 5 violations.
    elapsed time = 00:00:31, memory = 1599.77 (MB).
    Completing 30% with 5 violations.
    elapsed time = 00:00:49, memory = 1686.05 (MB).
    Completing 40% with 5 violations.
    elapsed time = 00:01:04, memory = 1761.20 (MB).
    Completing 50% with 5 violations.
    elapsed time = 00:01:11, memory = 1575.79 (MB).
    Completing 60% with 1 violations.
    elapsed time = 00:01:28, memory = 1959.54 (MB).
    Completing 70% with 1 violations.
    elapsed time = 00:01:36, memory = 1872.14 (MB).
    Completing 80% with 1 violations.
    elapsed time = 00:01:47, memory = 1871.33 (MB).
    Completing 90% with 1 violations.
    elapsed time = 00:01:56, memory = 1815.08 (MB).
    Completing 100% with 0 violations.
    elapsed time = 00:02:02, memory = 1577.50 (MB).
[INFO DRT-0199]   Number of violations = 0.
[INFO DRT-0267] cpu time = 00:04:42, elapsed time = 00:02:03, memory = 1579.37 (MB), peak = 1976.09 (MB)
Total wire length = 1262 um.
Total wire length on LAYER M1 = 0 um.
Total wire length on LAYER M2 = 491 um.
Total wire length on LAYER M3 = 602 um.
Total wire length on LAYER M4 = 128 um.
Total wire length on LAYER M5 = 39 um.
Total wire length on LAYER M6 = 0 um.
Total wire length on LAYER M7 = 0 um.
Total wire length on LAYER M8 = 0 um.
Total wire length on LAYER M9 = 0 um.
Total wire length on LAYER Pad = 0 um.
Total number of vias = 3507.
Up-via summary (total 3507):

---------------
 Active       0
     M1    1347
     M2    1886
     M3     225
     M4      49
     M5       0
     M6       0
     M7       0
     M8       0
     M9       0
---------------
       3507


[INFO DRT-0198] Complete detail routing.
Total wire length = 1262 um.
Total wire length on LAYER M1 = 0 um.
Total wire length on LAYER M2 = 491 um.
Total wire length on LAYER M3 = 602 um.
Total wire length on LAYER M4 = 128 um.
Total wire length on LAYER M5 = 39 um.
Total wire length on LAYER M6 = 0 um.
Total wire length on LAYER M7 = 0 um.
Total wire length on LAYER M8 = 0 um.
Total wire length on LAYER M9 = 0 um.
Total wire length on LAYER Pad = 0 um.
Total number of vias = 3507.
Up-via summary (total 3507):

---------------
 Active       0
     M1    1347
     M2    1886
     M3     225
     M4      49
     M5       0
     M6       0
     M7       0
     M8       0
     M9       0
---------------
       3507


[INFO DRT-0267] cpu time = 00:06:37, elapsed time = 00:03:15, memory = 1579.52 (MB), peak = 1976.09 (MB)

[INFO DRT-0180] Post processing.
Took 225 seconds: detailed_route -output_drc ./reports/asap7/gcd/base/5_route_drc.rpt -output_maze ./results/asap7/gcd/base/maze.log -bottom_routing_layer M2 -top_routing_layer M7 -droute_end_iter 64 -verbose 1 -drc_report_iter_step 5
source /OpenROAD-flow-scripts/flow/platforms/asap7/fastroute.tcl
[WARNING GRT-0246] No diode with LEF class CORE ANTENNACELL found.
[INFO ANT-0002] Found 0 net violations.
[INFO ANT-0001] Found 0 pin violations.
[INFO ANT-0002] Found 0 net violations.
[INFO ANT-0001] Found 0 pin violations.
Elapsed time: 3:52.35[h:]min:sec. CPU time: user 459.64 sys 12.89 (203%). Peak memory: 2023520KB.
