OpenROAD v2.0-19576-gec1bf1a13 
Features included (+) or not (-): +GPU +GUI +Python : None
This program is licensed under the BSD-3 license. See the LICENSE file for details.
Components of this program may be licensed under more restrictive licenses which must be honored.
[INFO ORD-0030] Using 6 thread(s).
source /OpenROAD-flow-scripts/flow/platforms/asap7/setRC.tcl
Deleted 0 routing obstructions
[INFO RCX-0431] Defined process_corner X with ext_model_index 0
[INFO RCX-0029] Defined extraction corner X
[INFO RCX-0435] Reading extraction model file /OpenROAD-flow-scripts/flow/platforms/asap7/rcx_patterns.rules ...
[INFO RCX-0436] RC segment generation gcd (max_merge_res 50.0) ...
[INFO RCX-0040] Final 2730 rc segments
[INFO RCX-0439] Coupling Cap extraction gcd ...
[INFO RCX-0440] Coupling threshhold is 0.1000 fF, coupling capacitance less than 0.1000 fF will be grounded.
[INFO RCX-0442] 59% of 2942 wires extracted
[INFO RCX-0442] 100% of 2942 wires extracted
[INFO RCX-0045] Extract 492 nets, 3222 rsegs, 3222 caps, 3275 ccs
[INFO RCX-0443] 492 nets finished
[INFO PSM-0040] All shapes on net VDD are connected.
[INFO PSM-0073] Using bump pattern with x-pitch 140.0000um, y-pitch 140.0000um, and size 70.0000um with an reduction factor of 3x.
########## IR report #################
Net              : VDD
Corner           : default
Supply voltage   : 7.70e-01 V
Worstcase voltage: 7.67e-01 V
Average voltage  : 7.69e-01 V
Average IR drop  : 6.88e-04 V
Worstcase IR drop: 2.67e-03 V
Percentage drop  : 0.35 %
######################################
[INFO PSM-0040] All shapes on net VSS are connected.
[INFO PSM-0073] Using bump pattern with x-pitch 140.0000um, y-pitch 140.0000um, and size 70.0000um with an reduction factor of 3x.
########## IR report #################
Net              : VSS
Corner           : default
Supply voltage   : 0.00e+00 V
Worstcase voltage: 2.84e-03 V
Average voltage  : 6.83e-04 V
Average IR drop  : 6.83e-04 V
Worstcase IR drop: 2.84e-03 V
Percentage drop  : 0.37 %
######################################
Cell type report:                       Count       Area
  Fill cell                               869     143.82
  Tap cell                                104       3.03
  Buffer                                   15       2.30
  Clock buffer                              7       0.60
  Timing Repair Buffer                    118       9.14
  Inverter                                 25       1.31
  Clock inverter                            1       0.04
  Sequential cell                          35      10.83
  Multi-Input combinational cell          241      26.04
  Total                                  1415     197.12
Report metrics stage 6, finish...

==========================================================================
finish report_design_area
--------------------------------------------------------------------------
Design area 50 u^2 26% utilization.
[WARNING GUI-0076] QStandardPaths: XDG_RUNTIME_DIR not set, defaulting to '/tmp/runtime-root'
[WARNING GUI-0010] File path does not end with a valid extension, new path is: ./reports/asap7/gcd/base/final_all.webp.png
[WARNING GUI-0010] File path does not end with a valid extension, new path is: ./reports/asap7/gcd/base/final_routing.webp.png
[WARNING GUI-0010] File path does not end with a valid extension, new path is: ./reports/asap7/gcd/base/final_placement.webp.png
[WARNING GUI-0010] File path does not end with a valid extension, new path is: ./reports/asap7/gcd/base/final_ir_drop.webp.png
[WARNING GUI-0010] File path does not end with a valid extension, new path is: ./reports/asap7/gcd/base/final_clocks.webp.png
[WARNING GUI-0076] QXcbConnection: XCB error: 13 (BadGC), sequence: 419, resource id: 0, major code: 72 (PutImage), minor code: 0
[WARNING GUI-0010] File path does not end with a valid extension, new path is: ./reports/asap7/gcd/base/cts_core_clock.webp.png
[WARNING GUI-0010] File path does not end with a valid extension, new path is: ./reports/asap7/gcd/base/cts_core_clock_layout.webp.png
[WARNING GUI-0010] File path does not end with a valid extension, new path is: ./reports/asap7/gcd/base/final_resizer.webp.png
Elapsed time: 0:19.83[h:]min:sec. CPU time: user 14.34 sys 0.74 (76%). Peak memory: 339164KB.
