Using ABC speed script.
Extracting clock period from SDC file: ./results/nangate45/ariane136/base/clock_period.txt
Setting clock period to 6
1. Executing RTLIL frontend.
2. Executing HIERARCHY pass (managing design hierarchy).
2.1. Analyzing design hierarchy..
2.2. Analyzing design hierarchy..
3. Executing SYNTH pass.
3.1. Executing HIERARCHY pass (managing design hierarchy).
3.1.1. Analyzing design hierarchy..
3.1.2. Analyzing design hierarchy..
3.2. Executing PROC pass (convert processes to netlists).
3.2.1. Executing PROC_CLEAN pass (remove empty switches from decision trees).
3.2.2. Executing PROC_RMDEAD pass (remove dead branches from decision trees).
3.2.3. Executing PROC_PRUNE pass (remove redundant assignments in processes).
3.2.4. Executing PROC_INIT pass (extract init attributes).
3.2.5. Executing PROC_ARST pass (detect async resets in processes).
3.2.6. Executing PROC_ROM pass (convert switches to ROMs).
3.2.7. Executing PROC_MUX pass (convert decision trees to multiplexers).
3.2.8. Executing PROC_DLATCH pass (convert process syncs to latches).
3.2.9. Executing PROC_DFF pass (convert process syncs to FFs).
3.2.10. Executing PROC_MEMWR pass (convert process memory writes to cells).
3.2.11. Executing PROC_CLEAN pass (remove empty switches from decision trees).
3.2.12. Executing OPT_EXPR pass (perform const folding).
3.3. Executing OPT_EXPR pass (perform const folding).
3.4. Executing OPT_CLEAN pass (remove unused cells and wires).
3.5. Executing CHECK pass (checking for obvious problems).
Warning: Wire std_nbdcache_0000000080000000.\dirty_wdata_63 is used but has no driver.
Warning: Wire std_nbdcache_0000000080000000.\dirty_wdata_62 is used but has no driver.
Warning: Wire std_nbdcache_0000000080000000.\dirty_wdata_61 is used but has no driver.
Warning: Wire std_nbdcache_0000000080000000.\dirty_wdata_60 is used but has no driver.
Warning: Wire std_nbdcache_0000000080000000.\dirty_wdata_59 is used but has no driver.
Warning: Wire std_nbdcache_0000000080000000.\dirty_wdata_58 is used but has no driver.
Warning: Wire std_nbdcache_0000000080000000.\dirty_wdata_55 is used but has no driver.
Warning: Wire std_nbdcache_0000000080000000.\dirty_wdata_54 is used but has no driver.
Warning: Wire std_nbdcache_0000000080000000.\dirty_wdata_53 is used but has no driver.
Warning: Wire std_nbdcache_0000000080000000.\dirty_wdata_52 is used but has no driver.
Warning: Wire std_nbdcache_0000000080000000.\dirty_wdata_51 is used but has no driver.
Warning: Wire std_nbdcache_0000000080000000.\dirty_wdata_50 is used but has no driver.
Warning: Wire std_nbdcache_0000000080000000.\dirty_wdata_47 is used but has no driver.
Warning: Wire std_nbdcache_0000000080000000.\dirty_wdata_46 is used but has no driver.
Warning: Wire std_nbdcache_0000000080000000.\dirty_wdata_45 is used but has no driver.
Warning: Wire std_nbdcache_0000000080000000.\dirty_wdata_44 is used but has no driver.
Warning: Wire std_nbdcache_0000000080000000.\dirty_wdata_43 is used but has no driver.
Warning: Wire std_nbdcache_0000000080000000.\dirty_wdata_42 is used but has no driver.
Warning: Wire std_nbdcache_0000000080000000.\dirty_wdata_39 is used but has no driver.
Warning: Wire std_nbdcache_0000000080000000.\dirty_wdata_38 is used but has no driver.
Warning: Wire std_nbdcache_0000000080000000.\dirty_wdata_37 is used but has no driver.
Warning: Wire std_nbdcache_0000000080000000.\dirty_wdata_36 is used but has no driver.
Warning: Wire std_nbdcache_0000000080000000.\dirty_wdata_35 is used but has no driver.
Warning: Wire std_nbdcache_0000000080000000.\dirty_wdata_34 is used but has no driver.
Warning: Wire std_nbdcache_0000000080000000.\dirty_wdata_31 is used but has no driver.
Warning: Wire std_nbdcache_0000000080000000.\dirty_wdata_30 is used but has no driver.
Warning: Wire std_nbdcache_0000000080000000.\dirty_wdata_29 is used but has no driver.
Warning: Wire std_nbdcache_0000000080000000.\dirty_wdata_28 is used but has no driver.
Warning: Wire std_nbdcache_0000000080000000.\dirty_wdata_27 is used but has no driver.
Warning: Wire std_nbdcache_0000000080000000.\dirty_wdata_26 is used but has no driver.
Warning: Wire std_nbdcache_0000000080000000.\dirty_wdata_23 is used but has no driver.
Warning: Wire std_nbdcache_0000000080000000.\dirty_wdata_22 is used but has no driver.
Warning: Wire std_nbdcache_0000000080000000.\dirty_wdata_21 is used but has no driver.
Warning: Wire std_nbdcache_0000000080000000.\dirty_wdata_20 is used but has no driver.
Warning: Wire std_nbdcache_0000000080000000.\dirty_wdata_19 is used but has no driver.
Warning: Wire std_nbdcache_0000000080000000.\dirty_wdata_18 is used but has no driver.
Warning: Wire std_nbdcache_0000000080000000.\dirty_wdata_15 is used but has no driver.
Warning: Wire std_nbdcache_0000000080000000.\dirty_wdata_14 is used but has no driver.
Warning: Wire std_nbdcache_0000000080000000.\dirty_wdata_13 is used but has no driver.
Warning: Wire std_nbdcache_0000000080000000.\dirty_wdata_12 is used but has no driver.
Warning: Wire std_nbdcache_0000000080000000.\dirty_wdata_11 is used but has no driver.
Warning: Wire std_nbdcache_0000000080000000.\dirty_wdata_10 is used but has no driver.
Warning: Wire std_nbdcache_0000000080000000.\dirty_wdata [7] is used but has no driver.
Warning: Wire std_nbdcache_0000000080000000.\dirty_wdata [6] is used but has no driver.
Warning: Wire std_nbdcache_0000000080000000.\dirty_wdata [5] is used but has no driver.
Warning: Wire std_nbdcache_0000000080000000.\dirty_wdata [4] is used but has no driver.
Warning: Wire std_nbdcache_0000000080000000.\dirty_wdata [3] is used but has no driver.
Warning: Wire std_nbdcache_0000000080000000.\dirty_wdata [2] is used but has no driver.
3.6. Executing OPT pass (performing simple optimizations).
3.6.1. Executing OPT_EXPR pass (perform const folding).
3.6.2. Executing OPT_MERGE pass (detect identical cells).
3.6.3. Executing OPT_MUXTREE pass (detect dead branches in mux trees).
3.6.4. Executing OPT_REDUCE pass (consolidate $*mux and $reduce_* inputs).
3.6.5. Executing OPT_MERGE pass (detect identical cells).
3.6.6. Executing OPT_DFF pass (perform DFF optimizations).
3.6.7. Executing OPT_CLEAN pass (remove unused cells and wires).
3.6.8. Executing OPT_EXPR pass (perform const folding).
3.6.9. Rerunning OPT passes. (Maybe there is more to do..)
3.6.10. Executing OPT_MUXTREE pass (detect dead branches in mux trees).
3.6.11. Executing OPT_REDUCE pass (consolidate $*mux and $reduce_* inputs).
3.6.12. Executing OPT_MERGE pass (detect identical cells).
3.6.13. Executing OPT_DFF pass (perform DFF optimizations).
3.6.14. Executing OPT_CLEAN pass (remove unused cells and wires).
3.6.15. Executing OPT_EXPR pass (perform const folding).
3.6.16. Rerunning OPT passes. (Maybe there is more to do..)
3.6.17. Executing OPT_MUXTREE pass (detect dead branches in mux trees).
3.6.18. Executing OPT_REDUCE pass (consolidate $*mux and $reduce_* inputs).
3.6.19. Executing OPT_MERGE pass (detect identical cells).
3.6.20. Executing OPT_DFF pass (perform DFF optimizations).
3.6.21. Executing OPT_CLEAN pass (remove unused cells and wires).
3.6.22. Executing OPT_EXPR pass (perform const folding).
3.6.23. Finished OPT passes. (There is nothing left to do.)
3.7. Executing FSM pass (extract and optimize FSM).
3.7.1. Executing FSM_DETECT pass (finding FSMs in design).
3.7.2. Executing FSM_EXTRACT pass (extracting FSM from design).
3.7.3. Executing FSM_OPT pass (simple optimizations of FSMs).
3.7.4. Executing OPT_CLEAN pass (remove unused cells and wires).
3.7.5. Executing FSM_OPT pass (simple optimizations of FSMs).
3.7.6. Executing FSM_RECODE pass (re-assigning FSM state encoding).
3.7.7. Executing FSM_INFO pass (dumping all available information on FSM cells).
3.7.8. Executing FSM_MAP pass (mapping FSMs to basic logic).
3.8. Executing OPT pass (performing simple optimizations).
3.8.1. Executing OPT_EXPR pass (perform const folding).
3.8.2. Executing OPT_MERGE pass (detect identical cells).
3.8.3. Executing OPT_MUXTREE pass (detect dead branches in mux trees).
3.8.4. Executing OPT_REDUCE pass (consolidate $*mux and $reduce_* inputs).
3.8.5. Executing OPT_MERGE pass (detect identical cells).
3.8.6. Executing OPT_DFF pass (perform DFF optimizations).
3.8.7. Executing OPT_CLEAN pass (remove unused cells and wires).
3.8.8. Executing OPT_EXPR pass (perform const folding).
3.8.9. Rerunning OPT passes. (Maybe there is more to do..)
3.8.10. Executing OPT_MUXTREE pass (detect dead branches in mux trees).
3.8.11. Executing OPT_REDUCE pass (consolidate $*mux and $reduce_* inputs).
3.8.12. Executing OPT_MERGE pass (detect identical cells).
3.8.13. Executing OPT_DFF pass (perform DFF optimizations).
3.8.14. Executing OPT_CLEAN pass (remove unused cells and wires).
3.8.15. Executing OPT_EXPR pass (perform const folding).
3.8.16. Rerunning OPT passes. (Maybe there is more to do..)
3.8.17. Executing OPT_MUXTREE pass (detect dead branches in mux trees).
3.8.18. Executing OPT_REDUCE pass (consolidate $*mux and $reduce_* inputs).
3.8.19. Executing OPT_MERGE pass (detect identical cells).
3.8.20. Executing OPT_DFF pass (perform DFF optimizations).
3.8.21. Executing OPT_CLEAN pass (remove unused cells and wires).
3.8.22. Executing OPT_EXPR pass (perform const folding).
3.8.23. Rerunning OPT passes. (Maybe there is more to do..)
3.8.24. Executing OPT_MUXTREE pass (detect dead branches in mux trees).
3.8.25. Executing OPT_REDUCE pass (consolidate $*mux and $reduce_* inputs).
3.8.26. Executing OPT_MERGE pass (detect identical cells).
3.8.27. Executing OPT_DFF pass (perform DFF optimizations).
3.8.28. Executing OPT_CLEAN pass (remove unused cells and wires).
3.8.29. Executing OPT_EXPR pass (perform const folding).
3.8.30. Finished OPT passes. (There is nothing left to do.)
3.9. Executing WREDUCE pass (reducing word size of cells).
3.10. Executing PEEPOPT pass (run peephole optimizers).
3.11. Executing OPT_CLEAN pass (remove unused cells and wires).
3.12. Executing ALUMACC pass (create $alu and $macc cells).
3.13. Executing SHARE pass (SAT-based resource sharing).
3.14. Executing OPT pass (performing simple optimizations).
3.14.1. Executing OPT_EXPR pass (perform const folding).
3.14.2. Executing OPT_MERGE pass (detect identical cells).
3.14.3. Executing OPT_MUXTREE pass (detect dead branches in mux trees).
3.14.4. Executing OPT_REDUCE pass (consolidate $*mux and $reduce_* inputs).
3.14.5. Executing OPT_MERGE pass (detect identical cells).
3.14.6. Executing OPT_DFF pass (perform DFF optimizations).
3.14.7. Executing OPT_CLEAN pass (remove unused cells and wires).
3.14.8. Executing OPT_EXPR pass (perform const folding).
3.14.9. Rerunning OPT passes. (Maybe there is more to do..)
3.14.10. Executing OPT_MUXTREE pass (detect dead branches in mux trees).
3.14.11. Executing OPT_REDUCE pass (consolidate $*mux and $reduce_* inputs).
3.14.12. Executing OPT_MERGE pass (detect identical cells).
3.14.13. Executing OPT_DFF pass (perform DFF optimizations).
3.14.14. Executing OPT_CLEAN pass (remove unused cells and wires).
3.14.15. Executing OPT_EXPR pass (perform const folding).
3.14.16. Finished OPT passes. (There is nothing left to do.)
3.15. Executing MEMORY pass.
3.15.1. Executing OPT_MEM pass (optimize memories).
3.15.2. Executing OPT_MEM_PRIORITY pass (removing unnecessary memory write priority relations).
3.15.3. Executing OPT_MEM_FEEDBACK pass (finding memory read-to-write feedback paths).
3.15.4. Executing MEMORY_BMUX2ROM pass (converting muxes to ROMs).
3.15.5. Executing MEMORY_DFF pass (merging $dff cells to $memrd).
3.15.6. Executing OPT_CLEAN pass (remove unused cells and wires).
3.15.7. Executing MEMORY_SHARE pass (consolidating $memrd/$memwr cells).
3.15.8. Executing OPT_MEM_WIDEN pass (optimize memories where all ports are wide).
3.15.9. Executing OPT_CLEAN pass (remove unused cells and wires).
3.15.10. Executing MEMORY_COLLECT pass (generating $mem cells).
3.16. Executing OPT_CLEAN pass (remove unused cells and wires).
Keep modules above estimated size of 10000 gate equivalents
4. Executing CELLMATCH pass. (match cells)
5. Executing KEEP_HIERARCHY pass.
Warning: Can't determine cost of $macc_v2 cell (11 parameters).
6. Executing SYNTH pass.
6.1. Executing PROC pass (convert processes to netlists).
6.1.1. Executing PROC_CLEAN pass (remove empty switches from decision trees).
6.1.2. Executing PROC_RMDEAD pass (remove dead branches from decision trees).
6.1.3. Executing PROC_PRUNE pass (remove redundant assignments in processes).
6.1.4. Executing PROC_INIT pass (extract init attributes).
6.1.5. Executing PROC_ARST pass (detect async resets in processes).
6.1.6. Executing PROC_ROM pass (convert switches to ROMs).
6.1.7. Executing PROC_MUX pass (convert decision trees to multiplexers).
6.1.8. Executing PROC_DLATCH pass (convert process syncs to latches).
6.1.9. Executing PROC_DFF pass (convert process syncs to FFs).
6.1.10. Executing PROC_MEMWR pass (convert process memory writes to cells).
6.1.11. Executing PROC_CLEAN pass (remove empty switches from decision trees).
6.1.12. Executing OPT_EXPR pass (perform const folding).
6.2. Executing FLATTEN pass (flatten design).
6.3. Executing OPT_EXPR pass (perform const folding).
6.4. Executing OPT_CLEAN pass (remove unused cells and wires).
6.5. Executing CHECK pass (checking for obvious problems).
Warning: Wire std_nbdcache_0000000080000000.\valid_dirty_sram.wdata_i [63] is used but has no driver.
Warning: Wire std_nbdcache_0000000080000000.\valid_dirty_sram.wdata_i [62] is used but has no driver.
Warning: Wire std_nbdcache_0000000080000000.\valid_dirty_sram.wdata_i [61] is used but has no driver.
Warning: Wire std_nbdcache_0000000080000000.\valid_dirty_sram.wdata_i [60] is used but has no driver.
Warning: Wire std_nbdcache_0000000080000000.\valid_dirty_sram.wdata_i [59] is used but has no driver.
Warning: Wire std_nbdcache_0000000080000000.\valid_dirty_sram.wdata_i [58] is used but has no driver.
Warning: Wire std_nbdcache_0000000080000000.\valid_dirty_sram.wdata_i [55] is used but has no driver.
Warning: Wire std_nbdcache_0000000080000000.\valid_dirty_sram.wdata_i [54] is used but has no driver.
Warning: Wire std_nbdcache_0000000080000000.\valid_dirty_sram.wdata_i [53] is used but has no driver.
Warning: Wire std_nbdcache_0000000080000000.\valid_dirty_sram.wdata_i [52] is used but has no driver.
Warning: Wire std_nbdcache_0000000080000000.\valid_dirty_sram.wdata_i [51] is used but has no driver.
Warning: Wire std_nbdcache_0000000080000000.\valid_dirty_sram.wdata_i [50] is used but has no driver.
Warning: Wire std_nbdcache_0000000080000000.\valid_dirty_sram.wdata_i [47] is used but has no driver.
Warning: Wire std_nbdcache_0000000080000000.\valid_dirty_sram.wdata_i [46] is used but has no driver.
Warning: Wire std_nbdcache_0000000080000000.\valid_dirty_sram.wdata_i [45] is used but has no driver.
Warning: Wire std_nbdcache_0000000080000000.\valid_dirty_sram.wdata_i [44] is used but has no driver.
Warning: Wire std_nbdcache_0000000080000000.\valid_dirty_sram.wdata_i [43] is used but has no driver.
Warning: Wire std_nbdcache_0000000080000000.\valid_dirty_sram.wdata_i [42] is used but has no driver.
Warning: Wire std_nbdcache_0000000080000000.\valid_dirty_sram.wdata_i [39] is used but has no driver.
Warning: Wire std_nbdcache_0000000080000000.\valid_dirty_sram.wdata_i [38] is used but has no driver.
Warning: Wire std_nbdcache_0000000080000000.\valid_dirty_sram.wdata_i [37] is used but has no driver.
Warning: Wire std_nbdcache_0000000080000000.\valid_dirty_sram.wdata_i [36] is used but has no driver.
Warning: Wire std_nbdcache_0000000080000000.\valid_dirty_sram.wdata_i [35] is used but has no driver.
Warning: Wire std_nbdcache_0000000080000000.\valid_dirty_sram.wdata_i [34] is used but has no driver.
Warning: Wire std_nbdcache_0000000080000000.\valid_dirty_sram.wdata_i [31] is used but has no driver.
Warning: Wire std_nbdcache_0000000080000000.\valid_dirty_sram.wdata_i [30] is used but has no driver.
Warning: Wire std_nbdcache_0000000080000000.\valid_dirty_sram.wdata_i [29] is used but has no driver.
Warning: Wire std_nbdcache_0000000080000000.\valid_dirty_sram.wdata_i [28] is used but has no driver.
Warning: Wire std_nbdcache_0000000080000000.\valid_dirty_sram.wdata_i [27] is used but has no driver.
Warning: Wire std_nbdcache_0000000080000000.\valid_dirty_sram.wdata_i [26] is used but has no driver.
Warning: Wire std_nbdcache_0000000080000000.\valid_dirty_sram.wdata_i [23] is used but has no driver.
Warning: Wire std_nbdcache_0000000080000000.\valid_dirty_sram.wdata_i [22] is used but has no driver.
Warning: Wire std_nbdcache_0000000080000000.\valid_dirty_sram.wdata_i [21] is used but has no driver.
Warning: Wire std_nbdcache_0000000080000000.\valid_dirty_sram.wdata_i [20] is used but has no driver.
Warning: Wire std_nbdcache_0000000080000000.\valid_dirty_sram.wdata_i [19] is used but has no driver.
Warning: Wire std_nbdcache_0000000080000000.\valid_dirty_sram.wdata_i [18] is used but has no driver.
Warning: Wire std_nbdcache_0000000080000000.\valid_dirty_sram.wdata_i [15] is used but has no driver.
Warning: Wire std_nbdcache_0000000080000000.\valid_dirty_sram.wdata_i [14] is used but has no driver.
Warning: Wire std_nbdcache_0000000080000000.\valid_dirty_sram.wdata_i [13] is used but has no driver.
Warning: Wire std_nbdcache_0000000080000000.\valid_dirty_sram.wdata_i [12] is used but has no driver.
Warning: Wire std_nbdcache_0000000080000000.\valid_dirty_sram.wdata_i [11] is used but has no driver.
Warning: Wire std_nbdcache_0000000080000000.\valid_dirty_sram.wdata_i [10] is used but has no driver.
Warning: Wire std_nbdcache_0000000080000000.\valid_dirty_sram.wdata_i [7] is used but has no driver.
Warning: Wire std_nbdcache_0000000080000000.\valid_dirty_sram.wdata_i [6] is used but has no driver.
Warning: Wire std_nbdcache_0000000080000000.\valid_dirty_sram.wdata_i [5] is used but has no driver.
Warning: Wire std_nbdcache_0000000080000000.\valid_dirty_sram.wdata_i [4] is used but has no driver.
Warning: Wire std_nbdcache_0000000080000000.\valid_dirty_sram.wdata_i [3] is used but has no driver.
Warning: Wire std_nbdcache_0000000080000000.\valid_dirty_sram.wdata_i [2] is used but has no driver.
6.6. Executing OPT pass (performing simple optimizations).
6.6.1. Executing OPT_EXPR pass (perform const folding).
6.6.2. Executing OPT_MERGE pass (detect identical cells).
6.6.3. Executing OPT_MUXTREE pass (detect dead branches in mux trees).
6.6.4. Executing OPT_REDUCE pass (consolidate $*mux and $reduce_* inputs).
6.6.5. Executing OPT_MERGE pass (detect identical cells).
6.6.6. Executing OPT_DFF pass (perform DFF optimizations).
6.6.7. Executing OPT_CLEAN pass (remove unused cells and wires).
6.6.8. Executing OPT_EXPR pass (perform const folding).
6.6.9. Rerunning OPT passes. (Maybe there is more to do..)
6.6.10. Executing OPT_MUXTREE pass (detect dead branches in mux trees).
6.6.11. Executing OPT_REDUCE pass (consolidate $*mux and $reduce_* inputs).
6.6.12. Executing OPT_MERGE pass (detect identical cells).
6.6.13. Executing OPT_DFF pass (perform DFF optimizations).
6.6.14. Executing OPT_CLEAN pass (remove unused cells and wires).
6.6.15. Executing OPT_EXPR pass (perform const folding).
6.6.16. Finished OPT passes. (There is nothing left to do.)
6.7. Executing FSM pass (extract and optimize FSM).
6.7.1. Executing FSM_DETECT pass (finding FSMs in design).
6.7.2. Executing FSM_EXTRACT pass (extracting FSM from design).
6.7.3. Executing FSM_OPT pass (simple optimizations of FSMs).
6.7.4. Executing OPT_CLEAN pass (remove unused cells and wires).
6.7.5. Executing FSM_OPT pass (simple optimizations of FSMs).
6.7.6. Executing FSM_RECODE pass (re-assigning FSM state encoding).
6.7.7. Executing FSM_INFO pass (dumping all available information on FSM cells).
6.7.8. Executing FSM_MAP pass (mapping FSMs to basic logic).
6.8. Executing OPT pass (performing simple optimizations).
6.8.1. Executing OPT_EXPR pass (perform const folding).
6.8.2. Executing OPT_MERGE pass (detect identical cells).
6.8.3. Executing OPT_MUXTREE pass (detect dead branches in mux trees).
6.8.4. Executing OPT_REDUCE pass (consolidate $*mux and $reduce_* inputs).
6.8.5. Executing OPT_MERGE pass (detect identical cells).
6.8.6. Executing OPT_DFF pass (perform DFF optimizations).
6.8.7. Executing OPT_CLEAN pass (remove unused cells and wires).
6.8.8. Executing OPT_EXPR pass (perform const folding).
6.8.9. Finished OPT passes. (There is nothing left to do.)
6.9. Executing WREDUCE pass (reducing word size of cells).
6.10. Executing PEEPOPT pass (run peephole optimizers).
6.11. Executing OPT_CLEAN pass (remove unused cells and wires).
6.12. Executing ALUMACC pass (create $alu and $macc cells).
6.13. Executing SHARE pass (SAT-based resource sharing).
6.14. Executing OPT pass (performing simple optimizations).
6.14.1. Executing OPT_EXPR pass (perform const folding).
6.14.2. Executing OPT_MERGE pass (detect identical cells).
6.14.3. Executing OPT_MUXTREE pass (detect dead branches in mux trees).
6.14.4. Executing OPT_REDUCE pass (consolidate $*mux and $reduce_* inputs).
6.14.5. Executing OPT_MERGE pass (detect identical cells).
6.14.6. Executing OPT_DFF pass (perform DFF optimizations).
6.14.7. Executing OPT_CLEAN pass (remove unused cells and wires).
6.14.8. Executing OPT_EXPR pass (perform const folding).
6.14.9. Rerunning OPT passes. (Maybe there is more to do..)
6.14.10. Executing OPT_MUXTREE pass (detect dead branches in mux trees).
6.14.11. Executing OPT_REDUCE pass (consolidate $*mux and $reduce_* inputs).
6.14.12. Executing OPT_MERGE pass (detect identical cells).
6.14.13. Executing OPT_DFF pass (perform DFF optimizations).
6.14.14. Executing OPT_CLEAN pass (remove unused cells and wires).
6.14.15. Executing OPT_EXPR pass (perform const folding).
6.14.16. Finished OPT passes. (There is nothing left to do.)
6.15. Executing MEMORY pass.
6.15.1. Executing OPT_MEM pass (optimize memories).
6.15.2. Executing OPT_MEM_PRIORITY pass (removing unnecessary memory write priority relations).
6.15.3. Executing OPT_MEM_FEEDBACK pass (finding memory read-to-write feedback paths).
6.15.4. Executing MEMORY_BMUX2ROM pass (converting muxes to ROMs).
6.15.5. Executing MEMORY_DFF pass (merging $dff cells to $memrd).
6.15.6. Executing OPT_CLEAN pass (remove unused cells and wires).
6.15.7. Executing MEMORY_SHARE pass (consolidating $memrd/$memwr cells).
6.15.8. Executing OPT_MEM_WIDEN pass (optimize memories where all ports are wide).
6.15.9. Executing OPT_CLEAN pass (remove unused cells and wires).
6.15.10. Executing MEMORY_COLLECT pass (generating $mem cells).
6.16. Executing OPT_CLEAN pass (remove unused cells and wires).
7. Executing SYNTH pass.
7.1. Executing OPT pass (performing simple optimizations).
7.1.1. Executing OPT_EXPR pass (perform const folding).
7.1.2. Executing OPT_MERGE pass (detect identical cells).
7.1.3. Executing OPT_DFF pass (perform DFF optimizations).
7.1.4. Executing OPT_CLEAN pass (remove unused cells and wires).
7.1.5. Rerunning OPT passes. (Removed registers in this run.)
7.1.6. Executing OPT_EXPR pass (perform const folding).
7.1.7. Executing OPT_MERGE pass (detect identical cells).
7.1.8. Executing OPT_DFF pass (perform DFF optimizations).
7.1.9. Executing OPT_CLEAN pass (remove unused cells and wires).
7.1.10. Finished fast OPT passes.
7.2. Executing MEMORY_MAP pass (converting memories to logic and flip-flops).
7.3. Executing OPT pass (performing simple optimizations).
7.3.1. Executing OPT_EXPR pass (perform const folding).
7.3.2. Executing OPT_MERGE pass (detect identical cells).
7.3.3. Executing OPT_MUXTREE pass (detect dead branches in mux trees).
7.3.4. Executing OPT_REDUCE pass (consolidate $*mux and $reduce_* inputs).
7.3.5. Executing OPT_MERGE pass (detect identical cells).
7.3.6. Executing OPT_SHARE pass.
7.3.7. Executing OPT_DFF pass (perform DFF optimizations).
7.3.8. Executing OPT_CLEAN pass (remove unused cells and wires).
7.3.9. Executing OPT_EXPR pass (perform const folding).
7.3.10. Rerunning OPT passes. (Maybe there is more to do..)
7.3.11. Executing OPT_MUXTREE pass (detect dead branches in mux trees).
7.3.12. Executing OPT_REDUCE pass (consolidate $*mux and $reduce_* inputs).
7.3.13. Executing OPT_MERGE pass (detect identical cells).
7.3.14. Executing OPT_SHARE pass.
7.3.15. Executing OPT_DFF pass (perform DFF optimizations).
7.3.16. Executing OPT_CLEAN pass (remove unused cells and wires).
7.3.17. Executing OPT_EXPR pass (perform const folding).
7.3.18. Rerunning OPT passes. (Maybe there is more to do..)
7.3.19. Executing OPT_MUXTREE pass (detect dead branches in mux trees).
7.3.20. Executing OPT_REDUCE pass (consolidate $*mux and $reduce_* inputs).
7.3.21. Executing OPT_MERGE pass (detect identical cells).
7.3.22. Executing OPT_SHARE pass.
7.3.23. Executing OPT_DFF pass (perform DFF optimizations).
7.3.24. Executing OPT_CLEAN pass (remove unused cells and wires).
7.3.25. Executing OPT_EXPR pass (perform const folding).
7.3.26. Rerunning OPT passes. (Maybe there is more to do..)
7.3.27. Executing OPT_MUXTREE pass (detect dead branches in mux trees).
7.3.28. Executing OPT_REDUCE pass (consolidate $*mux and $reduce_* inputs).
7.3.29. Executing OPT_MERGE pass (detect identical cells).
7.3.30. Executing OPT_SHARE pass.
7.3.31. Executing OPT_DFF pass (perform DFF optimizations).
7.3.32. Executing OPT_CLEAN pass (remove unused cells and wires).
7.3.33. Executing OPT_EXPR pass (perform const folding).
7.3.34. Finished OPT passes. (There is nothing left to do.)
7.4. Executing TECHMAP pass (map to technology primitives).
7.4.1. Executing Verilog-2005 frontend: /opt/oss-cad-suite/lib/../share/yosys/techmap.v
7.4.2. Executing Verilog-2005 frontend: /OpenROAD-flow-scripts/flow/platforms/common/lcu_kogge_stone.v
7.4.3. Continuing TECHMAP pass.
7.5. Executing OPT pass (performing simple optimizations).
7.5.1. Executing OPT_EXPR pass (perform const folding).
7.5.2. Executing OPT_MERGE pass (detect identical cells).
7.5.3. Executing OPT_DFF pass (perform DFF optimizations).
7.5.4. Executing OPT_CLEAN pass (remove unused cells and wires).
7.5.5. Finished fast OPT passes.
7.6. Executing ABC pass (technology mapping using ABC).
7.6.1. Extracting gate netlist of module `\SyncSpRamBeNx64_00000008_00000100_0_2' to `<abc-temp-dir>/input.blif'..
7.6.2. Extracting gate netlist of module `\SyncSpRamBeNx64_00000008_00000100_0_2_d44' to `<abc-temp-dir>/input.blif'..
7.6.3. Extracting gate netlist of module `\SyncSpRamBeNx64_00000008_00000100_0_2_d45' to `<abc-temp-dir>/input.blif'..
7.6.4. Extracting gate netlist of module `\ariane' to `<abc-temp-dir>/input.blif'..
7.6.5. Extracting gate netlist of module `\csr_regfile_0000000000000000_1' to `<abc-temp-dir>/input.blif'..
7.6.6. Extracting gate netlist of module `\ex_stage' to `<abc-temp-dir>/input.blif'..
7.6.7. Extracting gate netlist of module `\frontend_0000000000000000' to `<abc-temp-dir>/input.blif'..
7.6.8. Extracting gate netlist of module `\issue_read_operands' to `<abc-temp-dir>/input.blif'..
7.6.9. Extracting gate netlist of module `\limping_SyncSpRamBeNx64_00000008_00000100_0_2' to `<abc-temp-dir>/input.blif'..
7.6.10. Extracting gate netlist of module `\miss_handler_NR_PORTS3' to `<abc-temp-dir>/input.blif'..
7.6.11. Extracting gate netlist of module `\mmu_16_16_00000001' to `<abc-temp-dir>/input.blif'..
7.6.12. Extracting gate netlist of module `\perf_counters' to `<abc-temp-dir>/input.blif'..
7.6.13. Extracting gate netlist of module `\scoreboard_00000008_00000004' to `<abc-temp-dir>/input.blif'..
7.6.14. Extracting gate netlist of module `\std_nbdcache_0000000080000000' to `<abc-temp-dir>/input.blif'..
7.7. Executing OPT pass (performing simple optimizations).
7.7.1. Executing OPT_EXPR pass (perform const folding).
7.7.2. Executing OPT_MERGE pass (detect identical cells).
7.7.3. Executing OPT_DFF pass (perform DFF optimizations).
7.7.4. Executing OPT_CLEAN pass (remove unused cells and wires).
7.7.5. Rerunning OPT passes. (Removed registers in this run.)
7.7.6. Executing OPT_EXPR pass (perform const folding).
7.7.7. Executing OPT_MERGE pass (detect identical cells).
7.7.8. Executing OPT_DFF pass (perform DFF optimizations).
7.7.9. Executing OPT_CLEAN pass (remove unused cells and wires).
7.7.10. Rerunning OPT passes. (Removed registers in this run.)
7.7.11. Executing OPT_EXPR pass (perform const folding).
7.7.12. Executing OPT_MERGE pass (detect identical cells).
7.7.13. Executing OPT_DFF pass (perform DFF optimizations).
7.7.14. Executing OPT_CLEAN pass (remove unused cells and wires).
7.7.15. Finished fast OPT passes.
7.8. Executing HIERARCHY pass (managing design hierarchy).
7.8.1. Analyzing design hierarchy..
7.8.2. Analyzing design hierarchy..
7.9. Printing statistics.
7.10. Executing CHECK pass (checking for obvious problems).
8. Executing OPT pass (performing simple optimizations).
8.1. Executing OPT_EXPR pass (perform const folding).
8.2. Executing OPT_MERGE pass (detect identical cells).
8.3. Executing OPT_MUXTREE pass (detect dead branches in mux trees).
8.4. Executing OPT_REDUCE pass (consolidate $*mux and $reduce_* inputs).
8.5. Executing OPT_MERGE pass (detect identical cells).
8.6. Executing OPT_DFF pass (perform DFF optimizations).
8.7. Executing OPT_CLEAN pass (remove unused cells and wires).
8.8. Executing OPT_EXPR pass (perform const folding).
8.9. Rerunning OPT passes. (Maybe there is more to do..)
8.10. Executing OPT_MUXTREE pass (detect dead branches in mux trees).
8.11. Executing OPT_REDUCE pass (consolidate $*mux and $reduce_* inputs).
8.12. Executing OPT_MERGE pass (detect identical cells).
8.13. Executing OPT_DFF pass (perform DFF optimizations).
8.14. Executing OPT_CLEAN pass (remove unused cells and wires).
8.15. Executing OPT_EXPR pass (perform const folding).
8.16. Finished OPT passes. (There is nothing left to do.)
9. Executing EXTRACT_FA pass (find and extract full/half adders).
10. Executing TECHMAP pass (map to technology primitives).
10.1. Executing Verilog-2005 frontend: /OpenROAD-flow-scripts/flow/platforms/nangate45/cells_adders.v
10.2. Continuing TECHMAP pass.
11. Executing TECHMAP pass (map to technology primitives).
11.1. Executing Verilog-2005 frontend: /opt/oss-cad-suite/lib/../share/yosys/techmap.v
11.2. Continuing TECHMAP pass.
12. Executing OPT pass (performing simple optimizations).
12.1. Executing OPT_EXPR pass (perform const folding).
12.2. Executing OPT_MERGE pass (detect identical cells).
12.3. Executing OPT_DFF pass (perform DFF optimizations).
12.4. Executing OPT_CLEAN pass (remove unused cells and wires).
12.5. Finished fast OPT passes.
13. Executing TECHMAP pass (map to technology primitives).
13.1. Executing Verilog-2005 frontend: /OpenROAD-flow-scripts/flow/platforms/nangate45/cells_latch.v
13.2. Continuing TECHMAP pass.
14. Executing DFFLIBMAP pass (mapping DFF cells to sequential cells from liberty file).
14.1. Executing DFFLEGALIZE pass (convert FFs to types supported by the target).
15. Executing OPT pass (performing simple optimizations).
15.1. Executing OPT_EXPR pass (perform const folding).
15.2. Executing OPT_MERGE pass (detect identical cells).
15.3. Executing OPT_MUXTREE pass (detect dead branches in mux trees).
15.4. Executing OPT_REDUCE pass (consolidate $*mux and $reduce_* inputs).
15.5. Executing OPT_MERGE pass (detect identical cells).
15.6. Executing OPT_DFF pass (perform DFF optimizations).
15.7. Executing OPT_CLEAN pass (remove unused cells and wires).
15.8. Executing OPT_EXPR pass (perform const folding).
15.9. Rerunning OPT passes. (Maybe there is more to do..)
15.10. Executing OPT_MUXTREE pass (detect dead branches in mux trees).
15.11. Executing OPT_REDUCE pass (consolidate $*mux and $reduce_* inputs).
15.12. Executing OPT_MERGE pass (detect identical cells).
15.13. Executing OPT_DFF pass (perform DFF optimizations).
15.14. Executing OPT_CLEAN pass (remove unused cells and wires).
15.15. Executing OPT_EXPR pass (perform const folding).
15.16. Finished OPT passes. (There is nothing left to do.)
abc -script /OpenROAD-flow-scripts/flow/scripts/abc_speed.script -liberty ./objects/nangate45/ariane136/base/lib/NangateOpenCellLibrary_typical.lib -constr ./objects/nangate45/ariane136/base/abc.constr -dont_use TAPCELL_X1 -dont_use FILLCELL_X1 -dont_use AOI211_X1 -dont_use OAI211_X1 -D 6
16. Executing ABC pass (technology mapping using ABC).
16.1. Extracting gate netlist of module `\SyncSpRamBeNx64_00000008_00000100_0_2' to `<abc-temp-dir>/input.blif'..
16.1.1. Executing ABC.
16.1.2. Re-integrating ABC results.
16.2. Extracting gate netlist of module `\SyncSpRamBeNx64_00000008_00000100_0_2_d44' to `<abc-temp-dir>/input.blif'..
16.2.1. Executing ABC.
16.2.2. Re-integrating ABC results.
16.3. Extracting gate netlist of module `\SyncSpRamBeNx64_00000008_00000100_0_2_d45' to `<abc-temp-dir>/input.blif'..
16.3.1. Executing ABC.
16.3.2. Re-integrating ABC results.
16.4. Extracting gate netlist of module `\ariane' to `<abc-temp-dir>/input.blif'..
16.4.1. Executing ABC.
16.4.2. Re-integrating ABC results.
16.5. Extracting gate netlist of module `\csr_regfile_0000000000000000_1' to `<abc-temp-dir>/input.blif'..
16.5.1. Executing ABC.
16.5.2. Re-integrating ABC results.
16.6. Extracting gate netlist of module `\ex_stage' to `<abc-temp-dir>/input.blif'..
16.6.1. Executing ABC.
16.6.2. Re-integrating ABC results.
16.7. Extracting gate netlist of module `\frontend_0000000000000000' to `<abc-temp-dir>/input.blif'..
16.7.1. Executing ABC.
16.7.2. Re-integrating ABC results.
16.8. Extracting gate netlist of module `\issue_read_operands' to `<abc-temp-dir>/input.blif'..
16.8.1. Executing ABC.
16.8.2. Re-integrating ABC results.
16.9. Extracting gate netlist of module `\limping_SyncSpRamBeNx64_00000008_00000100_0_2' to `<abc-temp-dir>/input.blif'..
16.9.1. Executing ABC.
16.9.2. Re-integrating ABC results.
16.10. Extracting gate netlist of module `\miss_handler_NR_PORTS3' to `<abc-temp-dir>/input.blif'..
16.10.1. Executing ABC.
16.10.2. Re-integrating ABC results.
16.11. Extracting gate netlist of module `\mmu_16_16_00000001' to `<abc-temp-dir>/input.blif'..
16.11.1. Executing ABC.
16.11.2. Re-integrating ABC results.
16.12. Extracting gate netlist of module `\perf_counters' to `<abc-temp-dir>/input.blif'..
16.12.1. Executing ABC.
16.12.2. Re-integrating ABC results.
16.13. Extracting gate netlist of module `\scoreboard_00000008_00000004' to `<abc-temp-dir>/input.blif'..
16.13.1. Executing ABC.
16.13.2. Re-integrating ABC results.
16.14. Extracting gate netlist of module `\std_nbdcache_0000000080000000' to `<abc-temp-dir>/input.blif'..
16.14.1. Executing ABC.
16.14.2. Re-integrating ABC results.
Took 1998 seconds: abc -script /OpenROAD-flow-scripts/flow/scripts/abc_speed.script -liberty ./objects/nangate45/ariane136/base/lib/NangateOpenCellLibrary_typical.lib -constr ./objects/nangate45/ariane136/base/abc.constr -dont_use TAPCELL_X1 -dont_use FILLCELL_X1 -dont_use AOI211_X1 -dont_use OAI211_X1 -D 6
17. Executing SETUNDEF pass (replace undef values with defined constants).
18. Executing SPLITNETS pass (splitting up multi-bit signals).
19. Executing OPT_CLEAN pass (remove unused cells and wires).
20. Executing HILOMAP pass (mapping to constant drivers).
21. Executing INSBUF pass (insert buffer cells for connected wires).
22. Executing CHECK pass (checking for obvious problems).
23. Printing statistics.
24. Executing CHECK pass (checking for obvious problems).
25. Executing Verilog backend.
25.1. Executing BMUXMAP pass.
25.2. Executing DEMUXMAP pass.
exec cp /OpenROAD-flow-scripts/flow/designs/nangate45/ariane136/constraint.sdc ./results/nangate45/ariane136/base/1_synth.sdc
Warnings: 97 unique messages, 100 total
End of script. Logfile hash: e494797edc, CPU: user 1118.04s system 3.46s, MEM: 725.43 MB peak
Yosys 0.51+85 (git sha1 d3aec12fe, clang++ 18.1.8 -fPIC -O3)
Time spent: 48% 2x abc (1032 sec), 11% 1x extract_fa (249 sec), ...
Elapsed time: 52:54.31[h:]min:sec. CPU time: user 2125.31 sys 9.23 (67%). Peak memory: 785720KB.
