OpenROAD v2.0-19576-gec1bf1a13 
Features included (+) or not (-): +GPU +GUI +Python : None
This program is licensed under the BSD-3 license. See the LICENSE file for details.
Components of this program may be licensed under more restrictive licenses which must be honored.
[INFO ORD-0030] Using 6 thread(s).
source /OpenROAD-flow-scripts/flow/platforms/nangate45/setRC.tcl
rtl_macro_placer -max_num_level 2 -halo_width 10 -halo_height 10 -min_ar 0.33 -signature_net_threshold 30 -area_weight 0.1 -wirelength_weight 100.0 -outline_weight 100.0 -boundary_weight 50.0 -notch_weight 10.0 -target_dead_space 0.05 -report_directory ./objects/nangate45/ariane136/base/rtlmp -fence_lx 0.0 -fence_ly 0.0 -fence_ux 100000000.0 -fence_uy 100000000.0 -target_util 0.35
Die Area: (0.00, 0.00) (1500.00, 1500.00),  Floorplan Area: (10.07, 12.60) (1447.99, 1447.60)
	Number of std cell instances: 167231
	Area of std cell instances: 306449.06
	Number of macros: 136
	Area of macros: 429083.53
	Halo width: 10.00
	Halo height: 10.00
	Area of macros with halos: 805287.44
	Area of std cell instances + Area of macros: 735532.62
	Floorplan area: 2063415.25
	Design Utilization: 0.36
	Floorplan Utilization: 0.19
	Manufacturing Grid: 10

Took 2376 seconds: rtl_macro_placer -max_num_level 2 -halo_width 10 -halo_height 10 -min_ar 0.33 -signature_net_threshold 30 -area_weight 0.1 -wirelength_weight 100.0 -outline_weight 100.0 -boundary_weight 50.0 -notch_weight 10.0 -target_dead_space 0.05 -report_directory ./objects/nangate45/ariane136/base/rtlmp -fence_lx 0.0 -fence_ly 0.0 -fence_ux 100000000.0 -fence_uy 100000000.0 -target_util 0.35
Elapsed time: 39:51.19[h:]min:sec. CPU time: user 5477.10 sys 278.16 (240%). Peak memory: 1796988KB.
