OpenROAD v2.0-19576-gec1bf1a13 
Features included (+) or not (-): +GPU +GUI +Python : None
This program is licensed under the BSD-3 license. See the LICENSE file for details.
Components of this program may be licensed under more restrictive licenses which must be honored.
[INFO ORD-0030] Using 6 thread(s).
source /OpenROAD-flow-scripts/flow/platforms/nangate45/setRC.tcl
[INFO PDN-0001] Inserting grid: grid
[INFO PDN-0001] Inserting grid: CORE_macro_grid_1 - i_cache_subsystem.i_icache.sram_block_0__data_sram.genblk1_0__i_ram/macro_mem_0
[INFO PDN-0001] Inserting grid: CORE_macro_grid_1 - i_cache_subsystem.i_icache.sram_block_0__data_sram.genblk1_0__i_ram/macro_mem_1
[INFO PDN-0001] Inserting grid: CORE_macro_grid_1 - i_cache_subsystem.i_icache.sram_block_0__data_sram.genblk1_0__i_ram/macro_mem_2
[INFO PDN-0001] Inserting grid: CORE_macro_grid_1 - i_cache_subsystem.i_icache.sram_block_0__data_sram.genblk1_0__i_ram/macro_mem_3
[INFO PDN-0001] Inserting grid: CORE_macro_grid_1 - i_cache_subsystem.i_icache.sram_block_0__data_sram.genblk1_1__i_ram/macro_mem_0
[INFO PDN-0001] Inserting grid: CORE_macro_grid_1 - i_cache_subsystem.i_icache.sram_block_0__data_sram.genblk1_1__i_ram/macro_mem_1
[INFO PDN-0001] Inserting grid: CORE_macro_grid_1 - i_cache_subsystem.i_icache.sram_block_0__data_sram.genblk1_1__i_ram/macro_mem_2
[INFO PDN-0001] Inserting grid: CORE_macro_grid_1 - i_cache_subsystem.i_icache.sram_block_0__data_sram.genblk1_1__i_ram/macro_mem_3
[INFO PDN-0001] Inserting grid: CORE_macro_grid_1 - i_cache_subsystem.i_icache.sram_block_0__tag_sram.genblk1_0__i_ram/macro_mem_0
[INFO PDN-0001] Inserting grid: CORE_macro_grid_1 - i_cache_subsystem.i_icache.sram_block_0__tag_sram.genblk1_0__i_ram/macro_mem_1
[INFO PDN-0001] Inserting grid: CORE_macro_grid_1 - i_cache_subsystem.i_icache.sram_block_0__tag_sram.genblk1_0__i_ram/macro_mem_2
[INFO PDN-0001] Inserting grid: CORE_macro_grid_1 - i_cache_subsystem.i_icache.sram_block_1__data_sram.genblk1_0__i_ram/macro_mem_0
[INFO PDN-0001] Inserting grid: CORE_macro_grid_1 - i_cache_subsystem.i_icache.sram_block_1__data_sram.genblk1_0__i_ram/macro_mem_1
[INFO PDN-0001] Inserting grid: CORE_macro_grid_1 - i_cache_subsystem.i_icache.sram_block_1__data_sram.genblk1_0__i_ram/macro_mem_2
[INFO PDN-0001] Inserting grid: CORE_macro_grid_1 - i_cache_subsystem.i_icache.sram_block_1__data_sram.genblk1_0__i_ram/macro_mem_3
[INFO PDN-0001] Inserting grid: CORE_macro_grid_1 - i_cache_subsystem.i_icache.sram_block_1__data_sram.genblk1_1__i_ram/macro_mem_0
[INFO PDN-0001] Inserting grid: CORE_macro_grid_1 - i_cache_subsystem.i_icache.sram_block_1__data_sram.genblk1_1__i_ram/macro_mem_1
[INFO PDN-0001] Inserting grid: CORE_macro_grid_1 - i_cache_subsystem.i_icache.sram_block_1__data_sram.genblk1_1__i_ram/macro_mem_2
[INFO PDN-0001] Inserting grid: CORE_macro_grid_1 - i_cache_subsystem.i_icache.sram_block_1__data_sram.genblk1_1__i_ram/macro_mem_3
[INFO PDN-0001] Inserting grid: CORE_macro_grid_1 - i_cache_subsystem.i_icache.sram_block_1__tag_sram.genblk1_0__i_ram/macro_mem_0
[INFO PDN-0001] Inserting grid: CORE_macro_grid_1 - i_cache_subsystem.i_icache.sram_block_1__tag_sram.genblk1_0__i_ram/macro_mem_1
[INFO PDN-0001] Inserting grid: CORE_macro_grid_1 - i_cache_subsystem.i_icache.sram_block_1__tag_sram.genblk1_0__i_ram/macro_mem_2
[INFO PDN-0001] Inserting grid: CORE_macro_grid_1 - i_cache_subsystem.i_icache.sram_block_2__data_sram.genblk1_0__i_ram/macro_mem_0
[INFO PDN-0001] Inserting grid: CORE_macro_grid_1 - i_cache_subsystem.i_icache.sram_block_2__data_sram.genblk1_0__i_ram/macro_mem_1
[INFO PDN-0001] Inserting grid: CORE_macro_grid_1 - i_cache_subsystem.i_icache.sram_block_2__data_sram.genblk1_0__i_ram/macro_mem_2
[INFO PDN-0001] Inserting grid: CORE_macro_grid_1 - i_cache_subsystem.i_icache.sram_block_2__data_sram.genblk1_0__i_ram/macro_mem_3
[INFO PDN-0001] Inserting grid: CORE_macro_grid_1 - i_cache_subsystem.i_icache.sram_block_2__data_sram.genblk1_1__i_ram/macro_mem_0
[INFO PDN-0001] Inserting grid: CORE_macro_grid_1 - i_cache_subsystem.i_icache.sram_block_2__data_sram.genblk1_1__i_ram/macro_mem_1
[INFO PDN-0001] Inserting grid: CORE_macro_grid_1 - i_cache_subsystem.i_icache.sram_block_2__data_sram.genblk1_1__i_ram/macro_mem_2
[INFO PDN-0001] Inserting grid: CORE_macro_grid_1 - i_cache_subsystem.i_icache.sram_block_2__data_sram.genblk1_1__i_ram/macro_mem_3
[INFO PDN-0001] Inserting grid: CORE_macro_grid_1 - i_cache_subsystem.i_icache.sram_block_2__tag_sram.genblk1_0__i_ram/macro_mem_0
[INFO PDN-0001] Inserting grid: CORE_macro_grid_1 - i_cache_subsystem.i_icache.sram_block_2__tag_sram.genblk1_0__i_ram/macro_mem_1
[INFO PDN-0001] Inserting grid: CORE_macro_grid_1 - i_cache_subsystem.i_icache.sram_block_2__tag_sram.genblk1_0__i_ram/macro_mem_2
[INFO PDN-0001] Inserting grid: CORE_macro_grid_1 - i_cache_subsystem.i_icache.sram_block_3__data_sram.genblk1_0__i_ram/macro_mem_0
[INFO PDN-0001] Inserting grid: CORE_macro_grid_1 - i_cache_subsystem.i_icache.sram_block_3__data_sram.genblk1_0__i_ram/macro_mem_1
[INFO PDN-0001] Inserting grid: CORE_macro_grid_1 - i_cache_subsystem.i_icache.sram_block_3__data_sram.genblk1_0__i_ram/macro_mem_2
[INFO PDN-0001] Inserting grid: CORE_macro_grid_1 - i_cache_subsystem.i_icache.sram_block_3__data_sram.genblk1_0__i_ram/macro_mem_3
[INFO PDN-0001] Inserting grid: CORE_macro_grid_1 - i_cache_subsystem.i_icache.sram_block_3__data_sram.genblk1_1__i_ram/macro_mem_0
[INFO PDN-0001] Inserting grid: CORE_macro_grid_1 - i_cache_subsystem.i_icache.sram_block_3__data_sram.genblk1_1__i_ram/macro_mem_1
[INFO PDN-0001] Inserting grid: CORE_macro_grid_1 - i_cache_subsystem.i_icache.sram_block_3__data_sram.genblk1_1__i_ram/macro_mem_2
[INFO PDN-0001] Inserting grid: CORE_macro_grid_1 - i_cache_subsystem.i_icache.sram_block_3__data_sram.genblk1_1__i_ram/macro_mem_3
[INFO PDN-0001] Inserting grid: CORE_macro_grid_1 - i_cache_subsystem.i_icache.sram_block_3__tag_sram.genblk1_0__i_ram/macro_mem_0
[INFO PDN-0001] Inserting grid: CORE_macro_grid_1 - i_cache_subsystem.i_icache.sram_block_3__tag_sram.genblk1_0__i_ram/macro_mem_1
[INFO PDN-0001] Inserting grid: CORE_macro_grid_1 - i_cache_subsystem.i_icache.sram_block_3__tag_sram.genblk1_0__i_ram/macro_mem_2
[INFO PDN-0001] Inserting grid: CORE_macro_grid_1 - i_cache_subsystem.i_nbdcache/sram_block_0__data_sram.genblk1_0__i_ram/macro_mem_0
[INFO PDN-0001] Inserting grid: CORE_macro_grid_1 - i_cache_subsystem.i_nbdcache/sram_block_0__data_sram.genblk1_0__i_ram/macro_mem_1
[INFO PDN-0001] Inserting grid: CORE_macro_grid_1 - i_cache_subsystem.i_nbdcache/sram_block_0__data_sram.genblk1_0__i_ram/macro_mem_2
[INFO PDN-0001] Inserting grid: CORE_macro_grid_1 - i_cache_subsystem.i_nbdcache/sram_block_0__data_sram.genblk1_0__i_ram/macro_mem_3
[INFO PDN-0001] Inserting grid: CORE_macro_grid_1 - i_cache_subsystem.i_nbdcache/sram_block_0__data_sram.genblk1_1__i_ram/macro_mem_0
[INFO PDN-0001] Inserting grid: CORE_macro_grid_1 - i_cache_subsystem.i_nbdcache/sram_block_0__data_sram.genblk1_1__i_ram/macro_mem_1
[INFO PDN-0001] Inserting grid: CORE_macro_grid_1 - i_cache_subsystem.i_nbdcache/sram_block_0__data_sram.genblk1_1__i_ram/macro_mem_2
[INFO PDN-0001] Inserting grid: CORE_macro_grid_1 - i_cache_subsystem.i_nbdcache/sram_block_0__data_sram.genblk1_1__i_ram/macro_mem_3
[INFO PDN-0001] Inserting grid: CORE_macro_grid_1 - i_cache_subsystem.i_nbdcache/sram_block_0__tag_sram.genblk1_0__i_ram/macro_mem_0
[INFO PDN-0001] Inserting grid: CORE_macro_grid_1 - i_cache_subsystem.i_nbdcache/sram_block_0__tag_sram.genblk1_0__i_ram/macro_mem_1
[INFO PDN-0001] Inserting grid: CORE_macro_grid_1 - i_cache_subsystem.i_nbdcache/sram_block_0__tag_sram.genblk1_0__i_ram/macro_mem_2
[INFO PDN-0001] Inserting grid: CORE_macro_grid_1 - i_cache_subsystem.i_nbdcache/sram_block_1__data_sram.genblk1_0__i_ram/macro_mem_0
[INFO PDN-0001] Inserting grid: CORE_macro_grid_1 - i_cache_subsystem.i_nbdcache/sram_block_1__data_sram.genblk1_0__i_ram/macro_mem_1
[INFO PDN-0001] Inserting grid: CORE_macro_grid_1 - i_cache_subsystem.i_nbdcache/sram_block_1__data_sram.genblk1_0__i_ram/macro_mem_2
[INFO PDN-0001] Inserting grid: CORE_macro_grid_1 - i_cache_subsystem.i_nbdcache/sram_block_1__data_sram.genblk1_0__i_ram/macro_mem_3
[INFO PDN-0001] Inserting grid: CORE_macro_grid_1 - i_cache_subsystem.i_nbdcache/sram_block_1__data_sram.genblk1_1__i_ram/macro_mem_0
[INFO PDN-0001] Inserting grid: CORE_macro_grid_1 - i_cache_subsystem.i_nbdcache/sram_block_1__data_sram.genblk1_1__i_ram/macro_mem_1
[INFO PDN-0001] Inserting grid: CORE_macro_grid_1 - i_cache_subsystem.i_nbdcache/sram_block_1__data_sram.genblk1_1__i_ram/macro_mem_2
[INFO PDN-0001] Inserting grid: CORE_macro_grid_1 - i_cache_subsystem.i_nbdcache/sram_block_1__data_sram.genblk1_1__i_ram/macro_mem_3
[INFO PDN-0001] Inserting grid: CORE_macro_grid_1 - i_cache_subsystem.i_nbdcache/sram_block_1__tag_sram.genblk1_0__i_ram/macro_mem_0
[INFO PDN-0001] Inserting grid: CORE_macro_grid_1 - i_cache_subsystem.i_nbdcache/sram_block_1__tag_sram.genblk1_0__i_ram/macro_mem_1
[INFO PDN-0001] Inserting grid: CORE_macro_grid_1 - i_cache_subsystem.i_nbdcache/sram_block_1__tag_sram.genblk1_0__i_ram/macro_mem_2
[INFO PDN-0001] Inserting grid: CORE_macro_grid_1 - i_cache_subsystem.i_nbdcache/sram_block_2__data_sram.genblk1_0__i_ram/macro_mem_0
[INFO PDN-0001] Inserting grid: CORE_macro_grid_1 - i_cache_subsystem.i_nbdcache/sram_block_2__data_sram.genblk1_0__i_ram/macro_mem_1
[INFO PDN-0001] Inserting grid: CORE_macro_grid_1 - i_cache_subsystem.i_nbdcache/sram_block_2__data_sram.genblk1_0__i_ram/macro_mem_2
[INFO PDN-0001] Inserting grid: CORE_macro_grid_1 - i_cache_subsystem.i_nbdcache/sram_block_2__data_sram.genblk1_0__i_ram/macro_mem_3
[INFO PDN-0001] Inserting grid: CORE_macro_grid_1 - i_cache_subsystem.i_nbdcache/sram_block_2__data_sram.genblk1_1__i_ram/macro_mem_0
[INFO PDN-0001] Inserting grid: CORE_macro_grid_1 - i_cache_subsystem.i_nbdcache/sram_block_2__data_sram.genblk1_1__i_ram/macro_mem_1
[INFO PDN-0001] Inserting grid: CORE_macro_grid_1 - i_cache_subsystem.i_nbdcache/sram_block_2__data_sram.genblk1_1__i_ram/macro_mem_2
[INFO PDN-0001] Inserting grid: CORE_macro_grid_1 - i_cache_subsystem.i_nbdcache/sram_block_2__data_sram.genblk1_1__i_ram/macro_mem_3
[INFO PDN-0001] Inserting grid: CORE_macro_grid_1 - i_cache_subsystem.i_nbdcache/sram_block_2__tag_sram.genblk1_0__i_ram/macro_mem_0
[INFO PDN-0001] Inserting grid: CORE_macro_grid_1 - i_cache_subsystem.i_nbdcache/sram_block_2__tag_sram.genblk1_0__i_ram/macro_mem_1
[INFO PDN-0001] Inserting grid: CORE_macro_grid_1 - i_cache_subsystem.i_nbdcache/sram_block_2__tag_sram.genblk1_0__i_ram/macro_mem_2
[INFO PDN-0001] Inserting grid: CORE_macro_grid_1 - i_cache_subsystem.i_nbdcache/sram_block_3__data_sram.genblk1_0__i_ram/macro_mem_0
[INFO PDN-0001] Inserting grid: CORE_macro_grid_1 - i_cache_subsystem.i_nbdcache/sram_block_3__data_sram.genblk1_0__i_ram/macro_mem_1
[INFO PDN-0001] Inserting grid: CORE_macro_grid_1 - i_cache_subsystem.i_nbdcache/sram_block_3__data_sram.genblk1_0__i_ram/macro_mem_2
[INFO PDN-0001] Inserting grid: CORE_macro_grid_1 - i_cache_subsystem.i_nbdcache/sram_block_3__data_sram.genblk1_0__i_ram/macro_mem_3
[INFO PDN-0001] Inserting grid: CORE_macro_grid_1 - i_cache_subsystem.i_nbdcache/sram_block_3__data_sram.genblk1_1__i_ram/macro_mem_0
[INFO PDN-0001] Inserting grid: CORE_macro_grid_1 - i_cache_subsystem.i_nbdcache/sram_block_3__data_sram.genblk1_1__i_ram/macro_mem_1
[INFO PDN-0001] Inserting grid: CORE_macro_grid_1 - i_cache_subsystem.i_nbdcache/sram_block_3__data_sram.genblk1_1__i_ram/macro_mem_2
[INFO PDN-0001] Inserting grid: CORE_macro_grid_1 - i_cache_subsystem.i_nbdcache/sram_block_3__data_sram.genblk1_1__i_ram/macro_mem_3
[INFO PDN-0001] Inserting grid: CORE_macro_grid_1 - i_cache_subsystem.i_nbdcache/sram_block_3__tag_sram.genblk1_0__i_ram/macro_mem_0
[INFO PDN-0001] Inserting grid: CORE_macro_grid_1 - i_cache_subsystem.i_nbdcache/sram_block_3__tag_sram.genblk1_0__i_ram/macro_mem_1
[INFO PDN-0001] Inserting grid: CORE_macro_grid_1 - i_cache_subsystem.i_nbdcache/sram_block_3__tag_sram.genblk1_0__i_ram/macro_mem_2
[INFO PDN-0001] Inserting grid: CORE_macro_grid_1 - i_cache_subsystem.i_nbdcache/sram_block_4__data_sram.genblk1_0__i_ram/macro_mem_0
[INFO PDN-0001] Inserting grid: CORE_macro_grid_1 - i_cache_subsystem.i_nbdcache/sram_block_4__data_sram.genblk1_0__i_ram/macro_mem_1
[INFO PDN-0001] Inserting grid: CORE_macro_grid_1 - i_cache_subsystem.i_nbdcache/sram_block_4__data_sram.genblk1_0__i_ram/macro_mem_2
[INFO PDN-0001] Inserting grid: CORE_macro_grid_1 - i_cache_subsystem.i_nbdcache/sram_block_4__data_sram.genblk1_0__i_ram/macro_mem_3
[INFO PDN-0001] Inserting grid: CORE_macro_grid_1 - i_cache_subsystem.i_nbdcache/sram_block_4__data_sram.genblk1_1__i_ram/macro_mem_0
[INFO PDN-0001] Inserting grid: CORE_macro_grid_1 - i_cache_subsystem.i_nbdcache/sram_block_4__data_sram.genblk1_1__i_ram/macro_mem_1
[INFO PDN-0001] Inserting grid: CORE_macro_grid_1 - i_cache_subsystem.i_nbdcache/sram_block_4__data_sram.genblk1_1__i_ram/macro_mem_2
[INFO PDN-0001] Inserting grid: CORE_macro_grid_1 - i_cache_subsystem.i_nbdcache/sram_block_4__data_sram.genblk1_1__i_ram/macro_mem_3
[INFO PDN-0001] Inserting grid: CORE_macro_grid_1 - i_cache_subsystem.i_nbdcache/sram_block_4__tag_sram.genblk1_0__i_ram/macro_mem_0
[INFO PDN-0001] Inserting grid: CORE_macro_grid_1 - i_cache_subsystem.i_nbdcache/sram_block_4__tag_sram.genblk1_0__i_ram/macro_mem_1
[INFO PDN-0001] Inserting grid: CORE_macro_grid_1 - i_cache_subsystem.i_nbdcache/sram_block_4__tag_sram.genblk1_0__i_ram/macro_mem_2
[INFO PDN-0001] Inserting grid: CORE_macro_grid_1 - i_cache_subsystem.i_nbdcache/sram_block_5__data_sram.genblk1_0__i_ram/macro_mem_0
[INFO PDN-0001] Inserting grid: CORE_macro_grid_1 - i_cache_subsystem.i_nbdcache/sram_block_5__data_sram.genblk1_0__i_ram/macro_mem_1
[INFO PDN-0001] Inserting grid: CORE_macro_grid_1 - i_cache_subsystem.i_nbdcache/sram_block_5__data_sram.genblk1_0__i_ram/macro_mem_2
[INFO PDN-0001] Inserting grid: CORE_macro_grid_1 - i_cache_subsystem.i_nbdcache/sram_block_5__data_sram.genblk1_0__i_ram/macro_mem_3
[INFO PDN-0001] Inserting grid: CORE_macro_grid_1 - i_cache_subsystem.i_nbdcache/sram_block_5__data_sram.genblk1_1__i_ram/macro_mem_0
[INFO PDN-0001] Inserting grid: CORE_macro_grid_1 - i_cache_subsystem.i_nbdcache/sram_block_5__data_sram.genblk1_1__i_ram/macro_mem_1
[INFO PDN-0001] Inserting grid: CORE_macro_grid_1 - i_cache_subsystem.i_nbdcache/sram_block_5__data_sram.genblk1_1__i_ram/macro_mem_2
[INFO PDN-0001] Inserting grid: CORE_macro_grid_1 - i_cache_subsystem.i_nbdcache/sram_block_5__data_sram.genblk1_1__i_ram/macro_mem_3
[INFO PDN-0001] Inserting grid: CORE_macro_grid_1 - i_cache_subsystem.i_nbdcache/sram_block_5__tag_sram.genblk1_0__i_ram/macro_mem_0
[INFO PDN-0001] Inserting grid: CORE_macro_grid_1 - i_cache_subsystem.i_nbdcache/sram_block_5__tag_sram.genblk1_0__i_ram/macro_mem_1
[INFO PDN-0001] Inserting grid: CORE_macro_grid_1 - i_cache_subsystem.i_nbdcache/sram_block_5__tag_sram.genblk1_0__i_ram/macro_mem_2
[INFO PDN-0001] Inserting grid: CORE_macro_grid_1 - i_cache_subsystem.i_nbdcache/sram_block_6__data_sram.genblk1_0__i_ram/macro_mem_0
[INFO PDN-0001] Inserting grid: CORE_macro_grid_1 - i_cache_subsystem.i_nbdcache/sram_block_6__data_sram.genblk1_0__i_ram/macro_mem_1
[INFO PDN-0001] Inserting grid: CORE_macro_grid_1 - i_cache_subsystem.i_nbdcache/sram_block_6__data_sram.genblk1_0__i_ram/macro_mem_2
[INFO PDN-0001] Inserting grid: CORE_macro_grid_1 - i_cache_subsystem.i_nbdcache/sram_block_6__data_sram.genblk1_0__i_ram/macro_mem_3
[INFO PDN-0001] Inserting grid: CORE_macro_grid_1 - i_cache_subsystem.i_nbdcache/sram_block_6__data_sram.genblk1_1__i_ram/macro_mem_0
[INFO PDN-0001] Inserting grid: CORE_macro_grid_1 - i_cache_subsystem.i_nbdcache/sram_block_6__data_sram.genblk1_1__i_ram/macro_mem_1
[INFO PDN-0001] Inserting grid: CORE_macro_grid_1 - i_cache_subsystem.i_nbdcache/sram_block_6__data_sram.genblk1_1__i_ram/macro_mem_2
[INFO PDN-0001] Inserting grid: CORE_macro_grid_1 - i_cache_subsystem.i_nbdcache/sram_block_6__data_sram.genblk1_1__i_ram/macro_mem_3
[INFO PDN-0001] Inserting grid: CORE_macro_grid_1 - i_cache_subsystem.i_nbdcache/sram_block_6__tag_sram.genblk1_0__i_ram/macro_mem_0
[INFO PDN-0001] Inserting grid: CORE_macro_grid_1 - i_cache_subsystem.i_nbdcache/sram_block_6__tag_sram.genblk1_0__i_ram/macro_mem_1
[INFO PDN-0001] Inserting grid: CORE_macro_grid_1 - i_cache_subsystem.i_nbdcache/sram_block_6__tag_sram.genblk1_0__i_ram/macro_mem_2
[INFO PDN-0001] Inserting grid: CORE_macro_grid_1 - i_cache_subsystem.i_nbdcache/sram_block_7__data_sram.genblk1_0__i_ram/macro_mem_0
[INFO PDN-0001] Inserting grid: CORE_macro_grid_1 - i_cache_subsystem.i_nbdcache/sram_block_7__data_sram.genblk1_0__i_ram/macro_mem_1
[INFO PDN-0001] Inserting grid: CORE_macro_grid_1 - i_cache_subsystem.i_nbdcache/sram_block_7__data_sram.genblk1_0__i_ram/macro_mem_2
[INFO PDN-0001] Inserting grid: CORE_macro_grid_1 - i_cache_subsystem.i_nbdcache/sram_block_7__data_sram.genblk1_0__i_ram/macro_mem_3
[INFO PDN-0001] Inserting grid: CORE_macro_grid_1 - i_cache_subsystem.i_nbdcache/sram_block_7__data_sram.genblk1_1__i_ram/macro_mem_0
[INFO PDN-0001] Inserting grid: CORE_macro_grid_1 - i_cache_subsystem.i_nbdcache/sram_block_7__data_sram.genblk1_1__i_ram/macro_mem_1
[INFO PDN-0001] Inserting grid: CORE_macro_grid_1 - i_cache_subsystem.i_nbdcache/sram_block_7__data_sram.genblk1_1__i_ram/macro_mem_2
[INFO PDN-0001] Inserting grid: CORE_macro_grid_1 - i_cache_subsystem.i_nbdcache/sram_block_7__data_sram.genblk1_1__i_ram/macro_mem_3
[INFO PDN-0001] Inserting grid: CORE_macro_grid_1 - i_cache_subsystem.i_nbdcache/sram_block_7__tag_sram.genblk1_0__i_ram/macro_mem_0
[INFO PDN-0001] Inserting grid: CORE_macro_grid_1 - i_cache_subsystem.i_nbdcache/sram_block_7__tag_sram.genblk1_0__i_ram/macro_mem_1
[INFO PDN-0001] Inserting grid: CORE_macro_grid_1 - i_cache_subsystem.i_nbdcache/sram_block_7__tag_sram.genblk1_0__i_ram/macro_mem_2
[INFO PDN-0001] Inserting grid: CORE_macro_grid_1 - i_cache_subsystem.i_nbdcache/valid_dirty_sram.genblk1_0__i_ram/macro_mem_0
[INFO PDN-0001] Inserting grid: CORE_macro_grid_1 - i_cache_subsystem.i_nbdcache/valid_dirty_sram.genblk1_0__i_ram/macro_mem_1
[INFO PDN-0001] Inserting grid: CORE_macro_grid_1 - i_cache_subsystem.i_nbdcache/valid_dirty_sram.genblk1_0__i_ram/macro_mem_2
[INFO PDN-0001] Inserting grid: CORE_macro_grid_1 - i_cache_subsystem.i_nbdcache/valid_dirty_sram.genblk1_0__i_ram/macro_mem_3
[WARNING PDN-0110] No via inserted between metal4 and metal7 at (13.8550, 430.5700) - (14.3350, 431.2850) on VDD
[WARNING PDN-0110] No via inserted between metal4 and metal7 at (13.8550, 1049.9150) - (14.3350, 1050.3000) on VDD
[WARNING PDN-0110] No via inserted between metal4 and metal7 at (39.8300, 928.9000) - (40.3100, 929.3250) on VDD
[WARNING PDN-0110] No via inserted between metal4 and metal7 at (39.8300, 988.9000) - (40.3100, 990.0150) on VDD
[WARNING PDN-0110] No via inserted between metal4 and metal7 at (39.8300, 1439.9650) - (40.3100, 1440.3000) on VDD
[WARNING PDN-0110] No via inserted between metal4 and metal7 at (67.8300, 974.4650) - (68.3100, 975.3000) on VSS
[WARNING PDN-0110] No via inserted between metal4 and metal7 at (67.8300, 1035.1550) - (68.3100, 1035.3000) on VSS
[WARNING PDN-0110] No via inserted between metal4 and metal7 at (67.8300, 1393.9000) - (68.3100, 1394.8250) on VSS
[WARNING PDN-0110] No via inserted between metal4 and metal7 at (95.8300, 928.9000) - (96.3100, 929.3250) on VDD
[WARNING PDN-0110] No via inserted between metal4 and metal7 at (95.8300, 988.9000) - (96.3100, 990.0150) on VDD
[WARNING PDN-0110] No via inserted between metal4 and metal7 at (95.8300, 1439.9650) - (96.3100, 1440.3000) on VDD
[WARNING PDN-0110] No via inserted between metal4 and metal7 at (107.0950, 18.1150) - (107.5750, 19.1700) on VDD
[WARNING PDN-0110] No via inserted between metal4 and metal7 at (107.0950, 308.9700) - (107.5750, 309.4850) on VDD
[WARNING PDN-0110] No via inserted between metal4 and metal7 at (107.0950, 369.7700) - (107.5750, 371.0850) on VDD
[WARNING PDN-0110] No via inserted between metal4 and metal7 at (107.0950, 430.5700) - (107.5750, 431.2850) on VDD
[WARNING PDN-0110] No via inserted between metal4 and metal7 at (107.0950, 490.5700) - (107.5750, 491.4850) on VDD
[WARNING PDN-0110] No via inserted between metal4 and metal7 at (107.9350, 793.9000) - (108.4150, 795.2850) on VSS
[WARNING PDN-0110] No via inserted between metal4 and metal7 at (123.8300, 974.4650) - (124.3100, 975.3000) on VSS
[WARNING PDN-0110] No via inserted between metal4 and metal7 at (123.8300, 1035.1550) - (124.3100, 1035.3000) on VSS
[WARNING PDN-0110] No via inserted between metal4 and metal7 at (151.8300, 928.9000) - (152.3100, 929.3250) on VDD
[WARNING PDN-0110] No via inserted between metal4 and metal7 at (151.8300, 988.9000) - (152.3100, 990.0150) on VDD
[WARNING PDN-0110] No via inserted between metal4 and metal7 at (179.8300, 974.4650) - (180.3100, 975.3000) on VSS
[WARNING PDN-0110] No via inserted between metal4 and metal7 at (179.8300, 1035.1550) - (180.3100, 1035.3000) on VSS
[WARNING PDN-0110] No via inserted between metal4 and metal7 at (205.3750, 1334.1150) - (205.8550, 1335.3000) on VSS
[WARNING PDN-0110] No via inserted between metal4 and metal7 at (235.8300, 1333.9000) - (236.3100, 1334.2850) on VSS
[WARNING PDN-0110] No via inserted between metal4 and metal7 at (235.8300, 1393.9000) - (236.3100, 1394.8250) on VSS
[WARNING PDN-0110] No via inserted between metal4 and metal7 at (263.8300, 1379.3450) - (264.3100, 1380.3000) on VDD
[WARNING PDN-0110] No via inserted between metal4 and metal7 at (263.8300, 1439.9650) - (264.3100, 1440.3000) on VDD
[WARNING PDN-0110] No via inserted between metal4 and metal7 at (291.8300, 1333.9000) - (292.3100, 1334.2850) on VSS
[WARNING PDN-0110] No via inserted between metal4 and metal7 at (291.8300, 1393.9000) - (292.3100, 1394.8250) on VSS
[WARNING PDN-0110] No via inserted between metal4 and metal7 at (302.5350, 18.1150) - (303.0150, 19.1700) on VDD
[WARNING PDN-0110] No via inserted between metal4 and metal7 at (302.5350, 1258.9000) - (303.0150, 1260.0850) on VDD
[WARNING PDN-0110] No via inserted between metal4 and metal7 at (302.5350, 1318.9000) - (303.0150, 1320.2850) on VDD
[WARNING PDN-0110] No via inserted between metal4 and metal7 at (319.8300, 1379.3450) - (320.3100, 1380.3000) on VDD
[WARNING PDN-0110] No via inserted between metal4 and metal7 at (319.8300, 1439.9650) - (320.3100, 1440.3000) on VDD
[WARNING PDN-0110] No via inserted between metal4 and metal7 at (347.8300, 1333.9000) - (348.3100, 1334.2850) on VSS
[WARNING PDN-0110] No via inserted between metal4 and metal7 at (347.8300, 1393.9000) - (348.3100, 1394.8250) on VSS
[WARNING PDN-0110] No via inserted between metal4 and metal7 at (375.8300, 1379.3450) - (376.3100, 1380.3000) on VDD
[WARNING PDN-0110] No via inserted between metal4 and metal7 at (375.8300, 1439.9650) - (376.3100, 1440.3000) on VDD
[WARNING PDN-0110] No via inserted between metal4 and metal7 at (400.5350, 1258.9000) - (401.0150, 1260.0850) on VDD
[WARNING PDN-0110] No via inserted between metal4 and metal7 at (431.8300, 1379.3450) - (432.3100, 1380.3000) on VDD
[WARNING PDN-0110] No via inserted between metal4 and metal7 at (431.8300, 1439.9650) - (432.3100, 1440.3000) on VDD
[WARNING PDN-0110] No via inserted between metal4 and metal7 at (459.8300, 1333.9000) - (460.3100, 1334.2850) on VSS
[WARNING PDN-0110] No via inserted between metal4 and metal7 at (459.8300, 1393.9000) - (460.3100, 1394.8250) on VSS
[WARNING PDN-0110] No via inserted between metal4 and metal7 at (487.8300, 1379.3450) - (488.3100, 1380.3000) on VDD
[WARNING PDN-0110] No via inserted between metal4 and metal7 at (487.8300, 1439.9650) - (488.3100, 1440.3000) on VDD
[WARNING PDN-0110] No via inserted between metal4 and metal7 at (497.9750, 18.1150) - (498.4550, 19.1700) on VDD
[WARNING PDN-0110] No via inserted between metal4 and metal7 at (497.9750, 1258.9000) - (498.4550, 1260.0850) on VDD
[WARNING PDN-0110] No via inserted between metal4 and metal7 at (497.9750, 1318.9000) - (498.4550, 1320.2850) on VDD
[WARNING PDN-0110] No via inserted between metal4 and metal7 at (515.8300, 1333.9000) - (516.3100, 1334.2850) on VSS
[WARNING PDN-0110] No via inserted between metal4 and metal7 at (515.8300, 1393.9000) - (516.3100, 1394.8250) on VSS
[WARNING PDN-0110] No via inserted between metal4 and metal7 at (543.8300, 1379.3450) - (544.3100, 1380.3000) on VDD
[WARNING PDN-0110] No via inserted between metal4 and metal7 at (543.8300, 1439.9650) - (544.3100, 1440.3000) on VDD
[WARNING PDN-0110] No via inserted between metal4 and metal7 at (571.8300, 1333.9000) - (572.3100, 1334.2850) on VSS
[WARNING PDN-0110] No via inserted between metal4 and metal7 at (571.8300, 1393.9000) - (572.3100, 1394.8250) on VSS
[WARNING PDN-0110] No via inserted between metal4 and metal7 at (595.9750, 1334.1150) - (596.4550, 1335.3000) on VSS
[WARNING PDN-0110] No via inserted between metal4 and metal7 at (627.8300, 1333.9000) - (628.3100, 1334.2850) on VSS
[WARNING PDN-0110] No via inserted between metal4 and metal7 at (627.8300, 1393.9000) - (628.3100, 1394.8250) on VSS
[WARNING PDN-0110] No via inserted between metal4 and metal7 at (655.8300, 1379.3450) - (656.3100, 1380.3000) on VDD
[WARNING PDN-0110] No via inserted between metal4 and metal7 at (655.8300, 1439.9650) - (656.3100, 1440.3000) on VDD
[WARNING PDN-0110] No via inserted between metal4 and metal7 at (683.8300, 1333.9000) - (684.3100, 1334.2850) on VSS
[WARNING PDN-0110] No via inserted between metal4 and metal7 at (683.8300, 1393.9000) - (684.3100, 1394.8250) on VSS
[WARNING PDN-0110] No via inserted between metal4 and metal7 at (693.4150, 18.1150) - (693.8950, 19.1700) on VDD
[WARNING PDN-0110] No via inserted between metal4 and metal7 at (711.8300, 1379.3450) - (712.3100, 1380.3000) on VDD
[WARNING PDN-0110] No via inserted between metal4 and metal7 at (711.8300, 1439.9650) - (712.3100, 1440.3000) on VDD
[WARNING PDN-0110] No via inserted between metal4 and metal7 at (739.8300, 1333.9000) - (740.3100, 1334.2850) on VSS
[WARNING PDN-0110] No via inserted between metal4 and metal7 at (739.8300, 1393.9000) - (740.3100, 1394.8250) on VSS
[WARNING PDN-0110] No via inserted between metal4 and metal7 at (767.8300, 1379.3450) - (768.3100, 1380.3000) on VDD
[WARNING PDN-0110] No via inserted between metal4 and metal7 at (767.8300, 1439.9650) - (768.3100, 1440.3000) on VDD
[WARNING PDN-0110] No via inserted between metal4 and metal7 at (823.8300, 1379.3450) - (824.3100, 1380.3000) on VDD
[WARNING PDN-0110] No via inserted between metal4 and metal7 at (823.8300, 1439.9650) - (824.3100, 1440.3000) on VDD
[WARNING PDN-0110] No via inserted between metal4 and metal7 at (851.8300, 1333.9000) - (852.3100, 1334.2850) on VSS
[WARNING PDN-0110] No via inserted between metal4 and metal7 at (851.8300, 1393.9000) - (852.3100, 1394.8250) on VSS
[WARNING PDN-0110] No via inserted between metal4 and metal7 at (879.8300, 1379.3450) - (880.3100, 1380.3000) on VDD
[WARNING PDN-0110] No via inserted between metal4 and metal7 at (879.8300, 1439.9650) - (880.3100, 1440.3000) on VDD
[WARNING PDN-0110] No via inserted between metal4 and metal7 at (888.8550, 18.1150) - (889.3350, 19.1700) on VDD
[WARNING PDN-0110] No via inserted between metal4 and metal7 at (907.8300, 1333.9000) - (908.3100, 1334.2850) on VSS
[WARNING PDN-0110] No via inserted between metal4 and metal7 at (907.8300, 1393.9000) - (908.3100, 1394.8250) on VSS
[WARNING PDN-0110] No via inserted between metal4 and metal7 at (935.8300, 1379.3450) - (936.3100, 1380.3000) on VDD
[WARNING PDN-0110] No via inserted between metal4 and metal7 at (935.8300, 1439.9650) - (936.3100, 1440.3000) on VDD
[WARNING PDN-0110] No via inserted between metal4 and metal7 at (963.8300, 1333.9000) - (964.3100, 1334.2850) on VSS
[WARNING PDN-0110] No via inserted between metal4 and metal7 at (963.8300, 1393.9000) - (964.3100, 1394.8250) on VSS
[WARNING PDN-0110] No via inserted between metal4 and metal7 at (986.8550, 1334.1150) - (987.3350, 1335.3000) on VSS
[WARNING PDN-0110] No via inserted between metal4 and metal7 at (1019.8300, 1333.9000) - (1020.3100, 1334.2850) on VSS
[WARNING PDN-0110] No via inserted between metal4 and metal7 at (1019.8300, 1393.9000) - (1020.3100, 1394.8250) on VSS
[WARNING PDN-0110] No via inserted between metal4 and metal7 at (1047.8300, 1379.3450) - (1048.3100, 1380.3000) on VDD
[WARNING PDN-0110] No via inserted between metal4 and metal7 at (1047.8300, 1439.9650) - (1048.3100, 1440.3000) on VDD
[WARNING PDN-0110] No via inserted between metal4 and metal7 at (1075.8300, 1333.9000) - (1076.3100, 1334.2850) on VSS
[WARNING PDN-0110] No via inserted between metal4 and metal7 at (1075.8300, 1393.9000) - (1076.3100, 1394.8250) on VSS
[WARNING PDN-0110] No via inserted between metal4 and metal7 at (1084.2950, 18.1150) - (1084.7750, 19.1700) on VDD
[WARNING PDN-0110] No via inserted between metal4 and metal7 at (1103.8300, 1379.3450) - (1104.3100, 1380.3000) on VDD
[WARNING PDN-0110] No via inserted between metal4 and metal7 at (1103.8300, 1439.9650) - (1104.3100, 1440.3000) on VDD
[WARNING PDN-0110] No via inserted between metal4 and metal7 at (1131.8300, 1333.9000) - (1132.3100, 1334.2850) on VSS
[WARNING PDN-0110] No via inserted between metal4 and metal7 at (1131.8300, 1393.9000) - (1132.3100, 1394.8250) on VSS
[WARNING PDN-0110] No via inserted between metal4 and metal7 at (1159.8300, 1379.3450) - (1160.3100, 1380.3000) on VDD
[WARNING PDN-0110] No via inserted between metal4 and metal7 at (1159.8300, 1439.9650) - (1160.3100, 1440.3000) on VDD
[WARNING PDN-0110] No via inserted between metal4 and metal7 at (1215.8300, 1379.3450) - (1216.3100, 1380.3000) on VDD
[WARNING PDN-0110] No via inserted between metal4 and metal7 at (1215.8300, 1439.9650) - (1216.3100, 1440.3000) on VDD
[WARNING PDN-0110] No via inserted between metal4 and metal7 at (1243.8300, 1333.9000) - (1244.3100, 1334.2850) on VSS
[WARNING PDN-0110] No via inserted between metal4 and metal7 at (1243.8300, 1393.9000) - (1244.3100, 1394.8250) on VSS
[WARNING PDN-0110] No via inserted between metal4 and metal7 at (1271.8300, 1379.3450) - (1272.3100, 1380.3000) on VDD
[WARNING PDN-0110] No via inserted between metal4 and metal7 at (1271.8300, 1439.9650) - (1272.3100, 1440.3000) on VDD
[WARNING PDN-0110] No via inserted between metal4 and metal7 at (1383.8300, 1379.3450) - (1384.3100, 1380.3000) on VDD
[WARNING PDN-0110] No via inserted between metal4 and metal7 at (1383.8300, 1439.9650) - (1384.3100, 1440.3000) on VDD
[WARNING PDN-0110] No via inserted between metal4 and metal7 at (1411.8300, 1333.9000) - (1412.3100, 1334.2850) on VSS
[WARNING PDN-0110] No via inserted between metal4 and metal7 at (1411.8300, 1393.9000) - (1412.3100, 1394.8250) on VSS
[WARNING PDN-0110] No via inserted between metal4 and metal7 at (1439.8300, 1379.3450) - (1440.3100, 1380.3000) on VDD
[WARNING PDN-0110] No via inserted between metal4 and metal7 at (1439.8300, 1439.9650) - (1440.3100, 1440.3000) on VDD
[WARNING PDN-0110] No via inserted between metal4 and metal7 at (1443.5350, 18.1150) - (1444.0150, 19.1700) on VDD
[WARNING PDN-0110] No via inserted between metal4 and metal7 at (1443.5350, 1179.3700) - (1444.0150, 1180.2850) on VDD
[WARNING PDN-0110] No via inserted between metal6 and metal7 at (179.8300, 1266.5700) - (180.2450, 1267.9700) on VSS
Elapsed time: 0:41.18[h:]min:sec. CPU time: user 39.91 sys 1.03 (99%). Peak memory: 622116KB.
