OpenROAD v2.0-19576-gec1bf1a13 
Features included (+) or not (-): +GPU +GUI +Python : None
This program is licensed under the BSD-3 license. See the LICENSE file for details.
Components of this program may be licensed under more restrictive licenses which must be honored.
[INFO ORD-0030] Using 6 thread(s).
source /OpenROAD-flow-scripts/flow/platforms/nangate45/setRC.tcl
Perform port buffering...
[INFO RSZ-0027] Inserted 91 input buffers.
[INFO RSZ-0028] Inserted 224 output buffers.
Perform buffer insertion and gate resizing...
repair_design -verbose
[INFO RSZ-0058] Using max wire length 640um.
Iteration |   Area    | Resized | Buffers | Nets repaired | Remaining
---------------------------------------------------------------------
        0 |     +0.0% |       0 |       0 |             0 |    199740
     1000 |     -0.0% |      57 |       0 |             0 |    198740
     2000 |     -0.0% |      93 |       0 |             0 |    197740
     3000 |     -0.0% |     115 |       0 |             0 |    196740
     4000 |     -0.0% |     124 |       0 |             0 |    195740
     5000 |     -0.0% |     135 |       0 |             0 |    194740
     6000 |     -0.0% |     146 |       0 |             0 |    193740
     7000 |     -0.0% |     176 |       0 |             0 |    192740
     8000 |     -0.0% |     185 |       0 |             0 |    191740
     9000 |     -0.0% |     189 |       0 |             0 |    190740
    10000 |     -0.0% |     230 |       0 |             0 |    189740
    11000 |     -0.0% |     231 |       0 |             0 |    188740
    12000 |     -0.0% |     244 |       0 |             0 |    187740
    13000 |     -0.0% |     254 |       0 |             0 |    186740
    14000 |     -0.0% |     279 |       0 |             0 |    185740
    15000 |     -0.0% |     291 |       1 |             1 |    184740
    16000 |     -0.0% |     298 |       1 |             1 |    183740
    17000 |     -0.0% |     303 |       1 |             1 |    182740
    18000 |     -0.0% |     317 |       3 |             3 |    181740
    19000 |     -0.0% |     329 |       3 |             3 |    180740
    20000 |     -0.0% |     329 |       3 |             3 |    179740
    21000 |     -0.0% |     330 |       3 |             3 |    178740
    22000 |     -0.0% |     338 |       3 |             3 |    177740
    23000 |     -0.0% |     347 |       3 |             3 |    176740
    24000 |     -0.0% |     348 |       3 |             3 |    175740
    25000 |     -0.0% |     348 |       3 |             3 |    174740
    26000 |     -0.0% |     352 |       4 |             4 |    173740
    27000 |     +0.0% |     493 |      29 |            29 |    172740
    28000 |     +0.1% |     854 |     109 |           108 |    171740
    29000 |     +0.1% |     964 |     118 |           116 |    170740
    30000 |     +0.1% |    1007 |     121 |           119 |    169740
    31000 |     +0.1% |    1072 |     133 |           131 |    168740
    32000 |     +0.2% |    1176 |     144 |           142 |    167740
    33000 |     +0.2% |    1204 |     151 |           149 |    166740
    34000 |     +0.2% |    1214 |     153 |           151 |    165740
    35000 |     +0.2% |    1225 |     153 |           151 |    164740
    36000 |     +0.2% |    1232 |     153 |           151 |    163740
    37000 |     +0.2% |    1239 |     153 |           151 |    162740
    38000 |     +0.2% |    1239 |     153 |           151 |    161740
    39000 |     +0.2% |    1239 |     153 |           151 |    160740
    40000 |     +0.2% |    1243 |     153 |           151 |    159740
    41000 |     +0.2% |    1251 |     153 |           151 |    158740
    42000 |     +0.2% |    1255 |     153 |           151 |    157740
    43000 |     +0.2% |    1264 |     153 |           151 |    156740
    44000 |     +0.2% |    1270 |     153 |           151 |    155740
    45000 |     +0.2% |    1278 |     153 |           151 |    154740
    46000 |     +0.2% |    1290 |     153 |           151 |    153740
    47000 |     +0.2% |    1304 |     153 |           151 |    152740
    48000 |     +0.2% |    1333 |     153 |           151 |    151740
    49000 |     +0.2% |    1360 |     153 |           151 |    150740
    50000 |     +0.2% |    1381 |     154 |           152 |    149740
    51000 |     +0.2% |    1402 |     154 |           152 |    148740
    52000 |     +0.2% |    1414 |     154 |           152 |    147740
    53000 |     +0.2% |    1422 |     154 |           152 |    146740
    54000 |     +0.2% |    1431 |     154 |           152 |    145740
    55000 |     +0.2% |    1449 |     154 |           152 |    144740
    56000 |     +0.2% |    1494 |     155 |           153 |    143740
    57000 |     +0.2% |    1510 |     155 |           153 |    142740
    58000 |     +0.2% |    1534 |     155 |           153 |    141740
    59000 |     +0.2% |    1570 |     155 |           153 |    140740
    60000 |     +0.2% |    1588 |     155 |           153 |    139740
    61000 |     +0.2% |    1600 |     155 |           153 |    138740
    62000 |     +0.2% |    1627 |     155 |           153 |    137740
    63000 |     +0.2% |    1638 |     155 |           153 |    136740
    64000 |     +0.2% |    1667 |     155 |           153 |    135740
    65000 |     +0.2% |    1702 |     155 |           153 |    134740
    66000 |     +0.2% |    1719 |     155 |           153 |    133740
    67000 |     +0.2% |    1731 |     155 |           153 |    132740
    68000 |     +0.2% |    1757 |     155 |           153 |    131740
    69000 |     +0.2% |    1777 |     155 |           153 |    130740
    70000 |     +0.2% |    1780 |     155 |           153 |    129740
    71000 |     +0.2% |    1790 |     155 |           153 |    128740
    72000 |     +0.2% |    1795 |     155 |           153 |    127740
    73000 |     +0.2% |    1810 |     155 |           153 |    126740
    74000 |     +0.2% |    1830 |     155 |           153 |    125740
    75000 |     +0.2% |    1838 |     155 |           153 |    124740
    76000 |     +0.2% |    1855 |     155 |           153 |    123740
    77000 |     +0.2% |    1868 |     155 |           153 |    122740
    78000 |     +0.2% |    1892 |     155 |           153 |    121740
    79000 |     +0.2% |    1900 |     155 |           153 |    120740
    80000 |     +0.2% |    1907 |     155 |           153 |    119740
    81000 |     +0.2% |    1931 |     155 |           153 |    118740
    82000 |     +0.2% |    1970 |     155 |           153 |    117740
    83000 |     +0.2% |    1992 |     155 |           153 |    116740
    84000 |     +0.2% |    2002 |     155 |           153 |    115740
    85000 |     +0.2% |    2003 |     155 |           153 |    114740
    86000 |     +0.2% |    2050 |     157 |           155 |    113740
    87000 |     +0.2% |    2073 |     157 |           155 |    112740
    88000 |     +0.2% |    2090 |     157 |           155 |    111740
    89000 |     +0.2% |    2115 |     157 |           155 |    110740
    90000 |     +0.2% |    2165 |     157 |           155 |    109740
    91000 |     +0.2% |    2165 |     157 |           155 |    108740
    92000 |     +0.2% |    2175 |     157 |           155 |    107740
    93000 |     +0.2% |    2212 |     157 |           155 |    106740
    94000 |     +0.2% |    2247 |     157 |           155 |    105740
    95000 |     +0.2% |    2261 |     157 |           155 |    104740
    96000 |     +0.2% |    2275 |     157 |           155 |    103740
    97000 |     +0.2% |    2298 |     157 |           155 |    102740
    98000 |     +0.2% |    2300 |     157 |           155 |    101740
    99000 |     +0.2% |    2303 |     157 |           155 |    100740
   100000 |     +0.2% |    2312 |     157 |           155 |     99740
   101000 |     +0.2% |    2426 |     157 |           155 |     98740
   102000 |     +0.2% |    2459 |     157 |           155 |     97740
   103000 |     +0.2% |    2474 |     157 |           155 |     96740
   104000 |     +0.2% |    2502 |     157 |           155 |     95740
   105000 |     +0.2% |    2516 |     157 |           155 |     94740
   106000 |     +0.2% |    2516 |     157 |           155 |     93740
   107000 |     +0.2% |    2527 |     157 |           155 |     92740
   108000 |     +0.2% |    2602 |     169 |           167 |     91740
   109000 |     +0.2% |    2604 |     169 |           167 |     90740
   110000 |     +0.2% |    2616 |     169 |           167 |     89740
   111000 |     +0.2% |    2619 |     169 |           167 |     88740
   112000 |     +0.2% |    2643 |     169 |           167 |     87740
   113000 |     +0.2% |    2665 |     169 |           167 |     86740
   114000 |     +0.2% |    2673 |     169 |           167 |     85740
   115000 |     +0.2% |    2676 |     169 |           167 |     84740
   116000 |     +0.2% |    2727 |     169 |           167 |     83740
   117000 |     +0.2% |    2750 |     169 |           167 |     82740
   118000 |     +0.2% |    2771 |     169 |           167 |     81740
   119000 |     +0.2% |    2780 |     169 |           167 |     80740
   120000 |     +0.2% |    2795 |     169 |           167 |     79740
   121000 |     +0.2% |    2816 |     169 |           167 |     78740
   122000 |     +0.2% |    2820 |     169 |           167 |     77740
   123000 |     +0.2% |    2894 |     169 |           167 |     76740
   124000 |     +0.2% |    2913 |     169 |           167 |     75740
   125000 |     +0.2% |    2934 |     169 |           167 |     74740
   126000 |     +0.2% |    2948 |     169 |           167 |     73740
   127000 |     +0.2% |    2958 |     169 |           167 |     72740
   128000 |     +0.2% |    2972 |     169 |           167 |     71740
   129000 |     +0.2% |    3013 |     169 |           167 |     70740
   130000 |     +0.2% |    3019 |     169 |           167 |     69740
   131000 |     +0.2% |    3041 |     169 |           167 |     68740
   132000 |     +0.2% |    3059 |     169 |           167 |     67740
   133000 |     +0.2% |    3073 |     169 |           167 |     66740
   134000 |     +0.2% |    3119 |     169 |           167 |     65740
   135000 |     +0.2% |    3137 |     169 |           167 |     64740
   136000 |     +0.2% |    3153 |     169 |           167 |     63740
   137000 |     +0.2% |    3161 |     169 |           167 |     62740
   138000 |     +0.2% |    3202 |     169 |           167 |     61740
   139000 |     +0.2% |    3233 |     169 |           167 |     60740
   140000 |     +0.2% |    3260 |     169 |           167 |     59740
   141000 |     +0.2% |    3300 |     169 |           167 |     58740
   142000 |     +0.2% |    3318 |     169 |           167 |     57740
   143000 |     +0.3% |    3348 |     169 |           167 |     56740
   144000 |     +0.3% |    3409 |     188 |           186 |     55740
   145000 |     +0.3% |    3420 |     188 |           186 |     54740
   146000 |     +0.3% |    3433 |     188 |           186 |     53740
   147000 |     +0.4% |    3808 |     278 |           276 |     52740
   148000 |     +0.4% |    3824 |     278 |           276 |     51740
   149000 |     +0.4% |    3837 |     278 |           276 |     50740
   150000 |     +0.4% |    3849 |     278 |           276 |     49740
   151000 |     +0.4% |    3857 |     278 |           276 |     48740
   152000 |     +0.4% |    3874 |     278 |           276 |     47740
   153000 |     +0.4% |    3942 |     278 |           276 |     46740
   154000 |     +0.4% |    3943 |     278 |           276 |     45740
   155000 |     +0.4% |    3943 |     278 |           276 |     44740
   156000 |     +0.4% |    3948 |     278 |           276 |     43740
   157000 |     +0.4% |    3951 |     278 |           276 |     42740
   158000 |     +0.4% |    3959 |     278 |           276 |     41740
   159000 |     +0.4% |    3970 |     278 |           276 |     40740
   160000 |     +0.4% |    3983 |     278 |           276 |     39740
   161000 |     +0.4% |    3991 |     278 |           276 |     38740
   162000 |     +0.4% |    3998 |     278 |           276 |     37740
   163000 |     +0.4% |    3998 |     280 |           278 |     36740
   164000 |     +0.4% |    3999 |     280 |           278 |     35740
   165000 |     +0.4% |    3999 |     280 |           278 |     34740
   166000 |     +0.4% |    4004 |     280 |           278 |     33740
   167000 |     +0.4% |    4004 |     280 |           278 |     32740
   168000 |     +0.4% |    4004 |     280 |           278 |     31740
   169000 |     +0.4% |    4009 |     280 |           278 |     30740
   170000 |     +0.4% |    4022 |     280 |           278 |     29740
   171000 |     +0.4% |    4024 |     280 |           278 |     28740
   172000 |     +0.4% |    4024 |     280 |           278 |     27740
   173000 |     +0.4% |    4025 |     280 |           278 |     26740
   174000 |     +0.4% |    4030 |     280 |           278 |     25740
   175000 |     +0.4% |    4035 |     280 |           278 |     24740
   176000 |     +0.4% |    4039 |     280 |           278 |     23740
   177000 |     +0.4% |    4044 |     280 |           278 |     22740
   178000 |     +0.4% |    4079 |     281 |           279 |     21740
   179000 |     +0.4% |    4079 |     285 |           283 |     20740
   180000 |     +0.4% |    4091 |     285 |           283 |     19740
   181000 |     +0.4% |    4091 |     285 |           283 |     18740
   182000 |     +0.4% |    4093 |     285 |           283 |     17740
   183000 |     +0.4% |    4093 |     285 |           283 |     16740
   184000 |     +0.4% |    4096 |     285 |           283 |     15740
   185000 |     +0.4% |    4096 |     285 |           283 |     14740
   186000 |     +0.4% |    4096 |     285 |           283 |     13740
   187000 |     +0.4% |    4096 |     285 |           283 |     12740
   188000 |     +0.4% |    4102 |     285 |           283 |     11740
   189000 |     +0.4% |    4102 |     285 |           283 |     10740
   190000 |     +0.4% |    4102 |     285 |           283 |      9740
   191000 |     +0.4% |    4102 |     285 |           283 |      8740
   192000 |     +0.4% |    4102 |     285 |           283 |      7740
   193000 |     +0.4% |    4104 |     285 |           283 |      6740
   194000 |     +0.4% |    4162 |     285 |           283 |      5740
   195000 |     +0.4% |    4190 |     285 |           283 |      4740
   196000 |     +0.4% |    4300 |     285 |           283 |      3740
   197000 |     +0.4% |    4318 |     286 |           284 |      2740
   198000 |     +0.4% |    4318 |     286 |           284 |      1740
   199000 |     +0.4% |    4318 |     352 |           350 |       740
    final |     +0.4% |    4318 |     358 |           356 |         0
---------------------------------------------------------------------
[INFO RSZ-0036] Found 2 capacitance violations.
[INFO RSZ-0037] Found 354 long wires.
[INFO RSZ-0039] Resized 4318 instances.
[INFO RSZ-0038] Inserted 358 buffers in 356 nets.
Took 124 seconds: repair_design -verbose
Repair tie lo fanout...
[INFO RSZ-0042] Inserted 1376 tie LOGIC0_X1 instances.
Repair tie hi fanout...
[INFO RSZ-0042] Inserted 2194 tie LOGIC1_X1 instances.
Floating nets: 
Report metrics stage 3, resizer...

==========================================================================
resizer report_design_area
--------------------------------------------------------------------------
Design area 802060 u^2 39% utilization.
Instance count before 185873, after 190054
Pin count before 648777, after 653631
Elapsed time: 8:13.34[h:]min:sec. CPU time: user 588.29 sys 59.59 (131%). Peak memory: 1232432KB.
