OpenROAD v2.0-19576-gec1bf1a13 
Features included (+) or not (-): +GPU +GUI +Python : None
This program is licensed under the BSD-3 license. See the LICENSE file for details.
Components of this program may be licensed under more restrictive licenses which must be honored.
[INFO ORD-0030] Using 6 thread(s).
source /OpenROAD-flow-scripts/flow/platforms/nangate45/setRC.tcl
Placement Analysis
---------------------------------
total displacement     140261.6 u
average displacement        0.7 u
max displacement           24.4 u
original HPWL         7133167.7 u
legalized HPWL        7219678.4 u
delta HPWL                    1 %

Detailed placement improvement.
Importing netlist into detailed improver.
[INFO DPO-0100] Creating network with 190054 cells, 495 terminals, 203606 edges, 654126 pins, and 0 blockages.
[INFO DPO-0109] Network stats: inst 190549, edges 203606, pins 654126
[INFO DPO-0110] Number of regions is 1
[INFO DPO-0401] Setting random seed to 1.
[INFO DPO-0402] Setting maximum displacement 5 1 to 14000 2800 units.
[INFO DPO-0320] Collected 20502 fixed cells.
[INFO DPO-0318] Collected 174520 single height cells.
[INFO DPO-0321] Collected 0 wide cells.
[INFO DPO-0322] Image (20140, 25200) - (2895980, 2895200)
[INFO DPO-0310] Assigned 174520 cells into segments.  Movement in X-direction is 0.000000, movement in Y-direction is 0.000000.
[INFO DPO-0313] Found 0 cells in wrong regions.
[INFO DPO-0315] Found 0 row alignment problems.
[INFO DPO-0314] Found 0 site alignment problems.
[INFO DPO-0311] Found 0 overlaps between adjacent cells.
[INFO DPO-0312] Found 0 edge spacing violations and 0 padding violations.
[INFO DPO-0303] Running algorithm for independent set matching.
[INFO DPO-0300] Set matching objective is wirelength.
[INFO DPO-0301] Pass   1 of matching; objective is 1.491208e+10.
[INFO DPO-0302] End of matching; objective is 1.490901e+10, improvement is 0.02 percent.
[INFO DPO-0303] Running algorithm for global swaps.
[INFO DPO-0306] Pass   1 of global swaps; hpwl is 1.477614e+10.
[INFO DPO-0307] End of global swaps; objective is 1.477614e+10, improvement is 0.89 percent.
[INFO DPO-0303] Running algorithm for vertical swaps.
[INFO DPO-0308] Pass   1 of vertical swaps; hpwl is 1.475113e+10.
[INFO DPO-0309] End of vertical swaps; objective is 1.475113e+10, improvement is 0.17 percent.
[INFO DPO-0303] Running algorithm for reordering.
[INFO DPO-0304] Pass   1 of reordering; objective is 1.474323e+10.
[INFO DPO-0305] End of reordering; objective is 1.474323e+10, improvement is 0.05 percent.
[INFO DPO-0303] Running algorithm for random improvement.
[INFO DPO-0324] Random improver is using displacement generator.
[INFO DPO-0325] Random improver is using hpwl objective.
[INFO DPO-0326] Random improver cost string is (a).
[INFO DPO-0332] End of pass, Generator displacement called 3490400 times.
[INFO DPO-0335] Generator displacement, Cumulative attempts 3490400, swaps 277120, moves 1383437 since last reset.
[INFO DPO-0333] End of pass, Objective hpwl, Initial cost 1.467177e+10, Scratch cost 1.459784e+10, Incremental cost 1.459784e+10, Mismatch? N
[INFO DPO-0338] End of pass, Total cost is 1.459784e+10.
[INFO DPO-0327] Pass   1 of random improver; improvement in cost is 0.50 percent.
[INFO DPO-0328] End of random improver; improvement is 0.503899 percent.
[INFO DPO-0380] Cell flipping.
[INFO DPO-0382] Changed 87441 cell orientations for row compatibility.
[INFO DPO-0383] Performed 57296 cell flips.
[INFO DPO-0384] End of flipping; objective is 1.459520e+10, improvement is 0.51 percent.
[INFO DPO-0313] Found 0 cells in wrong regions.
[INFO DPO-0315] Found 0 row alignment problems.
[INFO DPO-0314] Found 0 site alignment problems.
[INFO DPO-0311] Found 0 overlaps between adjacent cells.
[INFO DPO-0312] Found 0 edge spacing violations and 0 padding violations.
Detailed Improvement Results
------------------------------------------
Original HPWL          7219678.4 u
Final HPWL             7059672.4 u
Delta HPWL                  -2.2 %

[INFO DPL-0020] Mirrored 12123 instances
[INFO DPL-0021] HPWL before          7059672.4 u
[INFO DPL-0022] HPWL after           7057928.0 u
[INFO DPL-0023] HPWL delta               -0.0 %
[INFO FLW-0012] Placement violations .
Report metrics stage 3, detailed place...

==========================================================================
detailed place report_design_area
--------------------------------------------------------------------------
Design area 802060 u^2 39% utilization.
Elapsed time: 8:23.88[h:]min:sec. CPU time: user 582.23 sys 55.41 (126%). Peak memory: 2107496KB.
