
==========================================================================
floorplan final report_tns
--------------------------------------------------------------------------
tns -1127.72

==========================================================================
floorplan final report_wns
--------------------------------------------------------------------------
wns -36.44

==========================================================================
floorplan final report_worst_slack
--------------------------------------------------------------------------
worst slack -36.44

==========================================================================
floorplan final report_checks -path_delay min
--------------------------------------------------------------------------
Startpoint: text_in_r[90]$_DFFE_PP_
            (rising edge-triggered flip-flop clocked by clk)
Endpoint: text_in_r[90]$_DFFE_PP_
          (rising edge-triggered flip-flop clocked by clk)
Path Group: clk
Path Type: min

Fanout     Cap    Slew   Delay    Time   Description
-----------------------------------------------------------------------------
                  0.00    0.00    0.00   clock clk (rise edge)
                          0.00    0.00   clock network delay (ideal)
                  0.00    0.00    0.00 ^ text_in_r[90]$_DFFE_PP_/CLK (DFFHQNx1_ASAP7_75t_R)
     2    0.91   13.84   33.05   33.05 ^ text_in_r[90]$_DFFE_PP_/QN (DFFHQNx1_ASAP7_75t_R)
                                         _00502_ (net)
                 13.84    0.00   33.05 ^ _31124_/B (NOR2x1_ASAP7_75t_R)
     1    0.51    7.39    8.05   41.10 v _31124_/Y (NOR2x1_ASAP7_75t_R)
                                         _07902_ (net)
                  7.39    0.00   41.10 v _31125_/B (AO21x1_ASAP7_75t_R)
     1    0.55    5.86   12.52   53.62 v _31125_/Y (AO21x1_ASAP7_75t_R)
                                         _01404_ (net)
                  5.86    0.00   53.62 v text_in_r[90]$_DFFE_PP_/D (DFFHQNx1_ASAP7_75t_R)
                                 53.62   data arrival time

                  0.00    0.00    0.00   clock clk (rise edge)
                          0.00    0.00   clock network delay (ideal)
                          0.00    0.00   clock reconvergence pessimism
                                  0.00 ^ text_in_r[90]$_DFFE_PP_/CLK (DFFHQNx1_ASAP7_75t_R)
                          8.66    8.66   library hold time
                                  8.66   data required time
-----------------------------------------------------------------------------
                                  8.66   data required time
                                -53.62   data arrival time
-----------------------------------------------------------------------------
                                 44.96   slack (MET)



==========================================================================
floorplan final report_checks -path_delay max
--------------------------------------------------------------------------
Startpoint: sa01_sr[0]$_DFF_P_ (rising edge-triggered flip-flop clocked by clk)
Endpoint: sa01_sr[7]$_DFF_P_ (rising edge-triggered flip-flop clocked by clk)
Path Group: clk
Path Type: max

Fanout     Cap    Slew   Delay    Time   Description
-----------------------------------------------------------------------------
                  0.00    0.00    0.00   clock clk (rise edge)
                          0.00    0.00   clock network delay (ideal)
                  0.00    0.00    0.00 ^ sa01_sr[0]$_DFF_P_/CLK (DFFHQNx1_ASAP7_75t_R)
     2    1.91   19.74   36.13   36.13 v sa01_sr[0]$_DFF_P_/QN (DFFHQNx1_ASAP7_75t_R)
                                         _00740_ (net)
                 19.74    0.00   36.13 v _19697_/A (BUFx6f_ASAP7_75t_R)
     5    5.15    8.13   17.65   53.79 v _19697_/Y (BUFx6f_ASAP7_75t_R)
                                         _11362_ (net)
                  8.13    0.00   53.79 v _19699_/B (XOR2x2_ASAP7_75t_R)
     6    6.44   23.06   31.55   85.34 v _19699_/Y (XOR2x2_ASAP7_75t_R)
                                         _11364_ (net)
                 23.06    0.00   85.34 v _19702_/A (XOR2x2_ASAP7_75t_R)
     3    2.63   14.49   34.93  120.27 ^ _19702_/Y (XOR2x2_ASAP7_75t_R)
                                         _11367_ (net)
                 14.49    0.00  120.27 ^ _19711_/B (XNOR2x2_ASAP7_75t_R)
     3    3.62   15.77   35.14  155.41 v _19711_/Y (XNOR2x2_ASAP7_75t_R)
                                         _11376_ (net)
                 15.77    0.00  155.41 v _19712_/B (NOR2x1p5_ASAP7_75t_R)
     2    2.32   18.07   13.00  168.41 ^ _19712_/Y (NOR2x1p5_ASAP7_75t_R)
                                         _11377_ (net)
                 18.07    0.00  168.41 ^ _19852_/A1 (OAI21x1_ASAP7_75t_R)
     4    4.55   27.54   16.07  184.48 v _19852_/Y (OAI21x1_ASAP7_75t_R)
                                         _11512_ (net)
                 27.54    0.00  184.48 v _19999_/A (NAND2x2_ASAP7_75t_R)
     7    6.55   31.41   24.85  209.33 ^ _19999_/Y (NAND2x2_ASAP7_75t_R)
                                         _15819_ (net)
                 31.41    0.00  209.33 ^ _31257_/A (HAxp5_ASAP7_75t_R)
     4    3.20   51.64   52.79  262.12 ^ _31257_/SN (HAxp5_ASAP7_75t_R)
                                         _00504_ (net)
                 51.64    0.00  262.12 ^ _19800_/A (INVx1_ASAP7_75t_R)
     3    3.70   29.00   22.94  285.06 v _19800_/Y (INVx1_ASAP7_75t_R)
                                         _11460_ (net)
                 29.00    0.00  285.06 v _19801_/B (AOI21x1_ASAP7_75t_R)
     8    8.99   60.00   36.33  321.39 ^ _19801_/Y (AOI21x1_ASAP7_75t_R)
                                         _11461_ (net)
                 60.00    0.00  321.39 ^ _19972_/A (NOR2x2_ASAP7_75t_R)
     7    8.55   38.59   33.57  354.96 v _19972_/Y (NOR2x2_ASAP7_75t_R)
                                         _11632_ (net)
                 38.59    0.00  354.96 v _20415_/B (NAND2x1p5_ASAP7_75t_R)
     1    1.38   16.83   15.57  370.53 ^ _20415_/Y (NAND2x1p5_ASAP7_75t_R)
                                         _12067_ (net)
                 16.83    0.00  370.53 ^ _20416_/B (OAI21x1_ASAP7_75t_R)
     1    0.61   10.15    8.78  379.31 v _20416_/Y (OAI21x1_ASAP7_75t_R)
                                         _12068_ (net)
                 10.15    0.00  379.31 v _20417_/A1 (AO21x1_ASAP7_75t_R)
     1    1.08    9.38   16.88  396.19 v _20417_/Y (AO21x1_ASAP7_75t_R)
                                         _12069_ (net)
                  9.38    0.00  396.19 v _20425_/A2 (OAI21x1_ASAP7_75t_R)
     1    1.06   16.22    9.55  405.74 ^ _20425_/Y (OAI21x1_ASAP7_75t_R)
                                         _12077_ (net)
                 16.22    0.00  405.74 ^ _20426_/B (NAND2x1_ASAP7_75t_R)
     1    1.38   12.34   10.28  416.02 v _20426_/Y (NAND2x1_ASAP7_75t_R)
                                         _12078_ (net)
                 12.34    0.00  416.02 v _20427_/B (OAI21x1_ASAP7_75t_R)
     1    0.62   13.40    5.98  422.01 ^ _20427_/Y (OAI21x1_ASAP7_75t_R)
                                         _00047_ (net)
                 13.40    0.00  422.01 ^ sa01_sr[7]$_DFF_P_/D (DFFHQNx1_ASAP7_75t_R)
                                422.01   data arrival time

                  0.00  400.00  400.00   clock clk (rise edge)
                          0.00  400.00   clock network delay (ideal)
                          0.00  400.00   clock reconvergence pessimism
                                400.00 ^ sa01_sr[7]$_DFF_P_/CLK (DFFHQNx1_ASAP7_75t_R)
                        -14.44  385.56   library setup time
                                385.56   data required time
-----------------------------------------------------------------------------
                                385.56   data required time
                               -422.01   data arrival time
-----------------------------------------------------------------------------
                                -36.44   slack (VIOLATED)



==========================================================================
floorplan final report_checks -unconstrained
--------------------------------------------------------------------------
Startpoint: sa01_sr[0]$_DFF_P_ (rising edge-triggered flip-flop clocked by clk)
Endpoint: sa01_sr[7]$_DFF_P_ (rising edge-triggered flip-flop clocked by clk)
Path Group: clk
Path Type: max

Fanout     Cap    Slew   Delay    Time   Description
-----------------------------------------------------------------------------
                  0.00    0.00    0.00   clock clk (rise edge)
                          0.00    0.00   clock network delay (ideal)
                  0.00    0.00    0.00 ^ sa01_sr[0]$_DFF_P_/CLK (DFFHQNx1_ASAP7_75t_R)
     2    1.91   19.74   36.13   36.13 v sa01_sr[0]$_DFF_P_/QN (DFFHQNx1_ASAP7_75t_R)
                                         _00740_ (net)
                 19.74    0.00   36.13 v _19697_/A (BUFx6f_ASAP7_75t_R)
     5    5.15    8.13   17.65   53.79 v _19697_/Y (BUFx6f_ASAP7_75t_R)
                                         _11362_ (net)
                  8.13    0.00   53.79 v _19699_/B (XOR2x2_ASAP7_75t_R)
     6    6.44   23.06   31.55   85.34 v _19699_/Y (XOR2x2_ASAP7_75t_R)
                                         _11364_ (net)
                 23.06    0.00   85.34 v _19702_/A (XOR2x2_ASAP7_75t_R)
     3    2.63   14.49   34.93  120.27 ^ _19702_/Y (XOR2x2_ASAP7_75t_R)
                                         _11367_ (net)
                 14.49    0.00  120.27 ^ _19711_/B (XNOR2x2_ASAP7_75t_R)
     3    3.62   15.77   35.14  155.41 v _19711_/Y (XNOR2x2_ASAP7_75t_R)
                                         _11376_ (net)
                 15.77    0.00  155.41 v _19712_/B (NOR2x1p5_ASAP7_75t_R)
     2    2.32   18.07   13.00  168.41 ^ _19712_/Y (NOR2x1p5_ASAP7_75t_R)
                                         _11377_ (net)
                 18.07    0.00  168.41 ^ _19852_/A1 (OAI21x1_ASAP7_75t_R)
     4    4.55   27.54   16.07  184.48 v _19852_/Y (OAI21x1_ASAP7_75t_R)
                                         _11512_ (net)
                 27.54    0.00  184.48 v _19999_/A (NAND2x2_ASAP7_75t_R)
     7    6.55   31.41   24.85  209.33 ^ _19999_/Y (NAND2x2_ASAP7_75t_R)
                                         _15819_ (net)
                 31.41    0.00  209.33 ^ _31257_/A (HAxp5_ASAP7_75t_R)
     4    3.20   51.64   52.79  262.12 ^ _31257_/SN (HAxp5_ASAP7_75t_R)
                                         _00504_ (net)
                 51.64    0.00  262.12 ^ _19800_/A (INVx1_ASAP7_75t_R)
     3    3.70   29.00   22.94  285.06 v _19800_/Y (INVx1_ASAP7_75t_R)
                                         _11460_ (net)
                 29.00    0.00  285.06 v _19801_/B (AOI21x1_ASAP7_75t_R)
     8    8.99   60.00   36.33  321.39 ^ _19801_/Y (AOI21x1_ASAP7_75t_R)
                                         _11461_ (net)
                 60.00    0.00  321.39 ^ _19972_/A (NOR2x2_ASAP7_75t_R)
     7    8.55   38.59   33.57  354.96 v _19972_/Y (NOR2x2_ASAP7_75t_R)
                                         _11632_ (net)
                 38.59    0.00  354.96 v _20415_/B (NAND2x1p5_ASAP7_75t_R)
     1    1.38   16.83   15.57  370.53 ^ _20415_/Y (NAND2x1p5_ASAP7_75t_R)
                                         _12067_ (net)
                 16.83    0.00  370.53 ^ _20416_/B (OAI21x1_ASAP7_75t_R)
     1    0.61   10.15    8.78  379.31 v _20416_/Y (OAI21x1_ASAP7_75t_R)
                                         _12068_ (net)
                 10.15    0.00  379.31 v _20417_/A1 (AO21x1_ASAP7_75t_R)
     1    1.08    9.38   16.88  396.19 v _20417_/Y (AO21x1_ASAP7_75t_R)
                                         _12069_ (net)
                  9.38    0.00  396.19 v _20425_/A2 (OAI21x1_ASAP7_75t_R)
     1    1.06   16.22    9.55  405.74 ^ _20425_/Y (OAI21x1_ASAP7_75t_R)
                                         _12077_ (net)
                 16.22    0.00  405.74 ^ _20426_/B (NAND2x1_ASAP7_75t_R)
     1    1.38   12.34   10.28  416.02 v _20426_/Y (NAND2x1_ASAP7_75t_R)
                                         _12078_ (net)
                 12.34    0.00  416.02 v _20427_/B (OAI21x1_ASAP7_75t_R)
     1    0.62   13.40    5.98  422.01 ^ _20427_/Y (OAI21x1_ASAP7_75t_R)
                                         _00047_ (net)
                 13.40    0.00  422.01 ^ sa01_sr[7]$_DFF_P_/D (DFFHQNx1_ASAP7_75t_R)
                                422.01   data arrival time

                  0.00  400.00  400.00   clock clk (rise edge)
                          0.00  400.00   clock network delay (ideal)
                          0.00  400.00   clock reconvergence pessimism
                                400.00 ^ sa01_sr[7]$_DFF_P_/CLK (DFFHQNx1_ASAP7_75t_R)
                        -14.44  385.56   library setup time
                                385.56   data required time
-----------------------------------------------------------------------------
                                385.56   data required time
                               -422.01   data arrival time
-----------------------------------------------------------------------------
                                -36.44   slack (VIOLATED)



==========================================================================
floorplan final report_power
--------------------------------------------------------------------------
Group                  Internal  Switching    Leakage      Total
                          Power      Power      Power      Power (Watts)
----------------------------------------------------------------
Sequential             4.47e-03   6.46e-04   8.60e-08   5.11e-03   4.6%
Combinational          4.20e-02   6.37e-02   1.01e-06   1.06e-01  95.4%
Clock                  0.00e+00   0.00e+00   0.00e+00   0.00e+00   0.0%
Macro                  0.00e+00   0.00e+00   0.00e+00   0.00e+00   0.0%
Pad                    0.00e+00   0.00e+00   0.00e+00   0.00e+00   0.0%
----------------------------------------------------------------
Total                  4.65e-02   6.43e-02   1.10e-06   1.11e-01 100.0%
                          41.9%      58.1%       0.0%
