OpenROAD v2.0-19576-gec1bf1a13 
Features included (+) or not (-): +GPU +GUI +Python : None
This program is licensed under the BSD-3 license. See the LICENSE file for details.
Components of this program may be licensed under more restrictive licenses which must be honored.
[INFO ORD-0030] Using 6 thread(s).
source /OpenROAD-flow-scripts/flow/platforms/asap7/setRC.tcl
global_placement -skip_io -density 0.65 -pad_left 0 -pad_right 0
[INFO GPL-0002] DBU: 1000
[INFO GPL-0003] SiteSize: (  0.054  0.270 ) um
[INFO GPL-0004] CoreBBox: (  2.052  2.160 ) ( 67.446 67.230 ) um
[INFO GPL-0006] NumInstances:             16732
[INFO GPL-0007] NumPlaceInstances:        16007
[INFO GPL-0008] NumFixedInstances:          725
[INFO GPL-0009] NumDummyInstances:            0
[INFO GPL-0010] NumNets:                  16543
[INFO GPL-0011] NumPins:                  54053
[INFO GPL-0012] DieBBox:  (  0.000  0.000 ) ( 69.479 69.479 ) um
[INFO GPL-0013] CoreBBox: (  2.052  2.160 ) ( 67.446 67.230 ) um
[INFO GPL-0016] CoreArea:              4255.188 um^2
[INFO GPL-0017] NonPlaceInstsArea:       21.141 um^2
[INFO GPL-0018] PlaceInstsArea:        1729.975 um^2
[INFO GPL-0019] Util:                    40.859 %
[INFO GPL-0020] StdInstsArea:          1729.975 um^2
[INFO GPL-0021] MacroInstsArea:           0.000 um^2
[INFO GPL-0031] FillerInit:NumGCells:     25891
[INFO GPL-0032] FillerInit:NumGNets:      16543
[INFO GPL-0033] FillerInit:NumGPins:      54053
[INFO GPL-0023] TargetDensity:            0.650
[INFO GPL-0024] AvrgPlaceInstArea:        0.108 um^2
[INFO GPL-0025] IdealBinArea:             0.166 um^2
[INFO GPL-0026] IdealBinCnt:              25591
[INFO GPL-0027] TotalBinArea:          4255.188 um^2
[INFO GPL-0028] BinCnt:       128    128
[INFO GPL-0029] BinSize: (  0.511  0.509 )
[INFO GPL-0030] NumBins: 16384
[NesterovSolve] Iter:    1 overflow: 0.986 HPWL: 20160291
[NesterovSolve] Iter:   10 overflow: 0.995 HPWL: 2168664
[NesterovSolve] Iter:   20 overflow: 0.995 HPWL: 1769880
[NesterovSolve] Iter:   30 overflow: 0.995 HPWL: 1730816
[NesterovSolve] Iter:   40 overflow: 0.995 HPWL: 1721084
[NesterovSolve] Iter:   50 overflow: 0.995 HPWL: 1716267
[NesterovSolve] Iter:   60 overflow: 0.995 HPWL: 1716640
[NesterovSolve] Iter:   70 overflow: 0.995 HPWL: 1728347
[NesterovSolve] Iter:   80 overflow: 0.995 HPWL: 1765347
[NesterovSolve] Iter:   90 overflow: 0.994 HPWL: 1885374
[NesterovSolve] Iter:  100 overflow: 0.993 HPWL: 2182538
[NesterovSolve] Iter:  110 overflow: 0.990 HPWL: 2709474
[NesterovSolve] Iter:  120 overflow: 0.986 HPWL: 3421886
[NesterovSolve] Iter:  130 overflow: 0.980 HPWL: 4231126
[NesterovSolve] Iter:  140 overflow: 0.971 HPWL: 5141004
[NesterovSolve] Iter:  150 overflow: 0.962 HPWL: 6199561
[NesterovSolve] Iter:  160 overflow: 0.951 HPWL: 7455660
[NesterovSolve] Iter:  170 overflow: 0.936 HPWL: 8964371
[NesterovSolve] Iter:  180 overflow: 0.919 HPWL: 10783642
[NesterovSolve] Iter:  190 overflow: 0.898 HPWL: 12858603
[NesterovSolve] Iter:  200 overflow: 0.875 HPWL: 15129931
[NesterovSolve] Iter:  210 overflow: 0.848 HPWL: 17721227
[NesterovSolve] Iter:  220 overflow: 0.820 HPWL: 20513376
[NesterovSolve] Iter:  230 overflow: 0.792 HPWL: 22902502
[NesterovSolve] Iter:  240 overflow: 0.764 HPWL: 25312447
[NesterovSolve] Iter:  250 overflow: 0.734 HPWL: 27301255
[NesterovSolve] Iter:  260 overflow: 0.702 HPWL: 29432153
[NesterovSolve] Iter:  270 overflow: 0.666 HPWL: 31370896
[NesterovSolve] Iter:  280 overflow: 0.628 HPWL: 33024233
[NesterovSolve] Iter:  290 overflow: 0.592 HPWL: 34578315
[NesterovSolve] Iter:  300 overflow: 0.554 HPWL: 36239665
[NesterovSolve] Iter:  310 overflow: 0.511 HPWL: 38038942
[NesterovSolve] Iter:  320 overflow: 0.464 HPWL: 39829881
[NesterovSolve] Iter:  330 overflow: 0.404 HPWL: 41785241
[NesterovSolve] Iter:  340 overflow: 0.331 HPWL: 43960999
[NesterovSolve] Iter:  350 overflow: 0.278 HPWL: 45398940
[NesterovSolve] Iter:  360 overflow: 0.233 HPWL: 46649942
[NesterovSolve] Iter:  370 overflow: 0.196 HPWL: 47543302
[NesterovSolve] Iter:  380 overflow: 0.166 HPWL: 48225230
[NesterovSolve] Iter:  390 overflow: 0.141 HPWL: 48738371
[NesterovSolve] Iter:  400 overflow: 0.122 HPWL: 49105035
[NesterovSolve] Iter:  410 overflow: 0.104 HPWL: 49395604
[NesterovSolve] Finished with Overflow: 0.098909
Took 33 seconds: global_placement -skip_io -density 0.65 -pad_left 0 -pad_right 0
Elapsed time: 0:39.56[h:]min:sec. CPU time: user 73.41 sys 0.69 (187%). Peak memory: 262352KB.
