OpenROAD v2.0-19576-gec1bf1a13 
Features included (+) or not (-): +GPU +GUI +Python : None
This program is licensed under the BSD-3 license. See the LICENSE file for details.
Components of this program may be licensed under more restrictive licenses which must be honored.
[INFO ORD-0030] Using 6 thread(s).
source /OpenROAD-flow-scripts/flow/platforms/asap7/setRC.tcl
source /OpenROAD-flow-scripts/flow/platforms/asap7/fastroute.tcl
global_placement -density 0.65 -pad_left 0 -pad_right 0 -routability_driven -timing_driven
[INFO GPL-0002] DBU: 1000
[INFO GPL-0003] SiteSize: (  0.054  0.270 ) um
[INFO GPL-0004] CoreBBox: (  2.052  2.160 ) ( 67.446 67.230 ) um
[INFO GPL-0006] NumInstances:             16732
[INFO GPL-0007] NumPlaceInstances:        16007
[INFO GPL-0008] NumFixedInstances:          725
[INFO GPL-0009] NumDummyInstances:            0
[INFO GPL-0010] NumNets:                  16543
[INFO GPL-0011] NumPins:                  54441
[INFO GPL-0012] DieBBox:  (  0.000  0.000 ) ( 69.479 69.479 ) um
[INFO GPL-0013] CoreBBox: (  2.052  2.160 ) ( 67.446 67.230 ) um
[INFO GPL-0016] CoreArea:              4255.188 um^2
[INFO GPL-0017] NonPlaceInstsArea:       21.141 um^2
[INFO GPL-0018] PlaceInstsArea:        1729.975 um^2
[INFO GPL-0019] Util:                    40.859 %
[INFO GPL-0020] StdInstsArea:          1729.975 um^2
[INFO GPL-0021] MacroInstsArea:           0.000 um^2
[InitialPlace]  Iter: 1 CG residual: 0.00001064 HPWL: 71715465
[InitialPlace]  Iter: 2 CG residual: 0.00000088 HPWL: 29408694
[InitialPlace]  Iter: 3 CG residual: 0.00000076 HPWL: 29289287
[InitialPlace]  Iter: 4 CG residual: 0.00000075 HPWL: 29457218
[InitialPlace]  Iter: 5 CG residual: 0.00000066 HPWL: 29391451
[INFO GPL-0031] FillerInit:NumGCells:     25891
[INFO GPL-0032] FillerInit:NumGNets:      16543
[INFO GPL-0033] FillerInit:NumGPins:      54441
[INFO GPL-0023] TargetDensity:            0.650
[INFO GPL-0024] AvrgPlaceInstArea:        0.108 um^2
[INFO GPL-0025] IdealBinArea:             0.166 um^2
[INFO GPL-0026] IdealBinCnt:              25591
[INFO GPL-0027] TotalBinArea:          4255.188 um^2
[INFO GPL-0028] BinCnt:       128    128
[INFO GPL-0029] BinSize: (  0.511  0.509 )
[INFO GPL-0030] NumBins: 16384
[NesterovSolve] Iter:    1 overflow: 0.951 HPWL: 29241616
[NesterovSolve] Iter:   10 overflow: 0.861 HPWL: 26122814
[NesterovSolve] Iter:   20 overflow: 0.839 HPWL: 26341226
[NesterovSolve] Iter:   30 overflow: 0.842 HPWL: 25809866
[NesterovSolve] Iter:   40 overflow: 0.837 HPWL: 25683275
[NesterovSolve] Iter:   50 overflow: 0.834 HPWL: 25518398
[NesterovSolve] Iter:   60 overflow: 0.831 HPWL: 25479760
[NesterovSolve] Iter:   70 overflow: 0.827 HPWL: 25503793
[NesterovSolve] Iter:   80 overflow: 0.824 HPWL: 25508266
[NesterovSolve] Iter:   90 overflow: 0.823 HPWL: 25534788
[NesterovSolve] Iter:  100 overflow: 0.821 HPWL: 25580227
[NesterovSolve] Iter:  110 overflow: 0.821 HPWL: 25619678
[NesterovSolve] Iter:  120 overflow: 0.821 HPWL: 25671571
[NesterovSolve] Iter:  130 overflow: 0.820 HPWL: 25736877
[NesterovSolve] Iter:  140 overflow: 0.818 HPWL: 25869910
[NesterovSolve] Iter:  150 overflow: 0.816 HPWL: 26122981
[NesterovSolve] Iter:  160 overflow: 0.810 HPWL: 26623360
[NesterovSolve] Iter:  170 overflow: 0.801 HPWL: 27450686
[NesterovSolve] Iter:  180 overflow: 0.788 HPWL: 28520912
[INFO GPL-0100] Timing-driven iteration 1/5, virtual: true.
[INFO GPL-0101]    Iter: 183, overflow: 0.784, keep rsz at: 0.3, HPWL: 28846537
Iteration |   Area    | Resized | Buffers | Nets repaired | Remaining
---------------------------------------------------------------------
        0 |     +0.0% |       0 |       0 |             0 |     16543
    final |     +8.2% |    3502 |       0 |             0 |         0
---------------------------------------------------------------------
[INFO RSZ-0039] Resized 3502 instances.
[INFO GPL-0106] Timing-driven: worst slack -6.83e-11
[INFO GPL-0103] Timing-driven: weighted 1652 nets.
[NesterovSolve] Iter:  190 overflow: 0.774 HPWL: 29155154
[NesterovSolve] Iter:  200 overflow: 0.759 HPWL: 30454374
[NesterovSolve] Iter:  210 overflow: 0.742 HPWL: 32186226
[NesterovSolve] Iter:  220 overflow: 0.719 HPWL: 34329663
[NesterovSolve] Iter:  230 overflow: 0.695 HPWL: 36008665
[NesterovSolve] Iter:  240 overflow: 0.673 HPWL: 37894572
[NesterovSolve] Iter:  250 overflow: 0.650 HPWL: 39458451
[INFO GPL-0100] Timing-driven iteration 2/5, virtual: true.
[INFO GPL-0101]    Iter: 256, overflow: 0.634, keep rsz at: 0.3, HPWL: 40460387
Iteration |   Area    | Resized | Buffers | Nets repaired | Remaining
---------------------------------------------------------------------
        0 |     +0.0% |       0 |       0 |             0 |     16543
    final |     +8.7% |    3560 |       0 |             0 |         0
---------------------------------------------------------------------
[INFO RSZ-0039] Resized 3560 instances.
[INFO GPL-0106] Timing-driven: worst slack -9.06e-11
[INFO GPL-0103] Timing-driven: weighted 1653 nets.
[NesterovSolve] Iter:  260 overflow: 0.623 HPWL: 41139555
[INFO GPL-0088] Routability snapshot saved at iter = 267
[NesterovSolve] Iter:  270 overflow: 0.593 HPWL: 42788992
[NesterovSolve] Iter:  280 overflow: 0.560 HPWL: 44631951
[NesterovSolve] Iter:  290 overflow: 0.520 HPWL: 46531780
[NesterovSolve] Iter:  300 overflow: 0.475 HPWL: 48277779
[NesterovSolve] Iter:  310 overflow: 0.418 HPWL: 50122699
[NesterovSolve] Iter:  320 overflow: 0.349 HPWL: 52292918
[INFO GPL-0075] Routability iteration: 1
[INFO GPL-0036] TileBBox: (    0    0 ) (  540  540 ) DBU
[INFO GPL-0038] TileCnt:     128  128
[INFO GPL-0040] NumTiles: 16384
[INFO GPL-0081] TotalRouteOverflow: 0.3535
[INFO GPL-0082] OverflowTileCnt: 6
[INFO GPL-0083] 0.5%RC: 0.9313
[INFO GPL-0084] 1.0%RC: 0.8964
[INFO GPL-0085] 2.0%RC: 0.8539
[INFO GPL-0086] 5.0%RC: 0.7914
[INFO GPL-0087] FinalRC: 0.9138733
[INFO GPL-0077] FinalRC lower than targetRC(1.0100), routability not needed.
[NesterovSolve] Iter:  330 overflow: 0.290 HPWL: 53955573
[INFO GPL-0100] Timing-driven iteration 3/5, virtual: false.
[INFO GPL-0101]    Iter: 331, overflow: 0.285, keep rsz at: 0.3, HPWL: 54093187
Iteration |   Area    | Resized | Buffers | Nets repaired | Remaining
---------------------------------------------------------------------
        0 |     +0.0% |       0 |       0 |             0 |     16543
    final |     +9.6% |    3636 |       0 |             0 |         0
---------------------------------------------------------------------
[INFO RSZ-0039] Resized 3636 instances.
[INFO GPL-0106] Timing-driven: worst slack -9.9e-11
[INFO GPL-0103] Timing-driven: weighted 1652 nets.
[INFO GPL-0107] Timing-driven: repair_design delta area: 166.460 um^2 (+9.62%)
[INFO GPL-0108] Timing-driven: repair_design, gpl cells created: 0 (+0.00%)
[INFO GPL-0109] Timing-driven: inserted buffers as reported by repair_design: 0
[INFO GPL-0110] Timing-driven: new target density: 0.6893146
[NesterovSolve] Iter:  340 overflow: 0.228 HPWL: 50962786
[INFO GPL-0100] Timing-driven iteration 4/5, virtual: false.
[INFO GPL-0101]    Iter: 348, overflow: 0.200, keep rsz at: 0.3, HPWL: 50666982
Iteration |   Area    | Resized | Buffers | Nets repaired | Remaining
---------------------------------------------------------------------
        0 |     +0.0% |       0 |       0 |             0 |     16543
    final |     +1.2% |     518 |       0 |             0 |         0
---------------------------------------------------------------------
[INFO RSZ-0039] Resized 518 instances.
[INFO GPL-0106] Timing-driven: worst slack -1.03e-10
[INFO GPL-0103] Timing-driven: weighted 1652 nets.
[INFO GPL-0107] Timing-driven: repair_design delta area: 22.453 um^2 (+1.18%)
[INFO GPL-0108] Timing-driven: repair_design, gpl cells created: 0 (+0.00%)
[INFO GPL-0109] Timing-driven: inserted buffers as reported by repair_design: 0
[INFO GPL-0110] Timing-driven: new target density: 0.6946176
[NesterovSolve] Iter:  350 overflow: 0.192 HPWL: 50687810
[NesterovSolve] Iter:  360 overflow: 0.165 HPWL: 50791688
[INFO GPL-0100] Timing-driven iteration 5/5, virtual: false.
[INFO GPL-0101]    Iter: 369, overflow: 0.145, keep rsz at: 0.3, HPWL: 50777333
Iteration |   Area    | Resized | Buffers | Nets repaired | Remaining
---------------------------------------------------------------------
        0 |     +0.0% |       0 |       0 |             0 |     16543
    final |     +0.4% |     263 |       0 |             0 |         0
---------------------------------------------------------------------
[INFO RSZ-0039] Resized 263 instances.
[INFO GPL-0106] Timing-driven: worst slack -1.03e-10
[INFO GPL-0103] Timing-driven: weighted 1653 nets.
[INFO GPL-0107] Timing-driven: repair_design delta area: 7.596 um^2 (+0.40%)
[INFO GPL-0108] Timing-driven: repair_design, gpl cells created: 0 (+0.00%)
[INFO GPL-0109] Timing-driven: inserted buffers as reported by repair_design: 0
[INFO GPL-0110] Timing-driven: new target density: 0.69641167
[NesterovSolve] Iter:  370 overflow: 0.143 HPWL: 50799474
[NesterovSolve] Iter:  380 overflow: 0.121 HPWL: 50822763
[NesterovSolve] Iter:  390 overflow: 0.103 HPWL: 50856185
[NesterovSolve] Finished with Overflow: 0.099594
Took 148 seconds: global_placement -density 0.65 -pad_left 0 -pad_right 0 -routability_driven -timing_driven
Report metrics stage 3, global place...

==========================================================================
global place report_design_area
--------------------------------------------------------------------------
Design area 1926 u^2 45% utilization.
Elapsed time: 2:58.54[h:]min:sec. CPU time: user 269.51 sys 35.12 (170%). Peak memory: 684644KB.
