OpenROAD v2.0-19576-gec1bf1a13 
Features included (+) or not (-): +GPU +GUI +Python : None
This program is licensed under the BSD-3 license. See the LICENSE file for details.
Components of this program may be licensed under more restrictive licenses which must be honored.
[INFO ORD-0030] Using 6 thread(s).
source /OpenROAD-flow-scripts/flow/platforms/asap7/setRC.tcl
Placement Analysis
---------------------------------
total displacement       3894.5 u
average displacement        0.2 u
max displacement            1.6 u
original HPWL           60313.5 u
legalized HPWL          63390.5 u
delta HPWL                    5 %

Detailed placement improvement.
Importing netlist into detailed improver.
[INFO DPO-0100] Creating network with 17119 cells, 388 terminals, 16930 edges, 55215 pins, and 0 blockages.
[INFO DPO-0109] Network stats: inst 17507, edges 16930, pins 55215
[INFO DPO-0110] Number of regions is 1
[INFO DPO-0401] Setting random seed to 1.
[INFO DPO-0402] Setting maximum displacement 5 1 to 1350 270 units.
[INFO DPO-0320] Collected 1113 fixed cells.
[INFO DPO-0318] Collected 16394 single height cells.
[INFO DPO-0321] Collected 0 wide cells.
[INFO DPO-0322] Image (2052, 2160) - (67446, 67230)
[INFO DPO-0310] Assigned 16394 cells into segments.  Movement in X-direction is 0.000000, movement in Y-direction is 0.000000.
[INFO DPO-0313] Found 0 cells in wrong regions.
[INFO DPO-0315] Found 0 row alignment problems.
[INFO DPO-0314] Found 0 site alignment problems.
[INFO DPO-0311] Found 0 overlaps between adjacent cells.
[INFO DPO-0312] Found 0 edge spacing violations and 0 padding violations.
[INFO DPO-0303] Running algorithm for independent set matching.
[INFO DPO-0300] Set matching objective is wirelength.
[INFO DPO-0301] Pass   1 of matching; objective is 6.345855e+07.
[INFO DPO-0302] End of matching; objective is 6.335407e+07, improvement is 0.16 percent.
[INFO DPO-0303] Running algorithm for global swaps.
[INFO DPO-0306] Pass   1 of global swaps; hpwl is 6.253531e+07.
[INFO DPO-0306] Pass   2 of global swaps; hpwl is 6.236030e+07.
[INFO DPO-0307] End of global swaps; objective is 6.236030e+07, improvement is 1.57 percent.
[INFO DPO-0303] Running algorithm for vertical swaps.
[INFO DPO-0308] Pass   1 of vertical swaps; hpwl is 6.221327e+07.
[INFO DPO-0309] End of vertical swaps; objective is 6.221327e+07, improvement is 0.24 percent.
[INFO DPO-0303] Running algorithm for reordering.
[INFO DPO-0304] Pass   1 of reordering; objective is 6.198571e+07.
[INFO DPO-0305] End of reordering; objective is 6.198571e+07, improvement is 0.37 percent.
[INFO DPO-0303] Running algorithm for random improvement.
[INFO DPO-0324] Random improver is using displacement generator.
[INFO DPO-0325] Random improver is using hpwl objective.
[INFO DPO-0326] Random improver cost string is (a).
[INFO DPO-0332] End of pass, Generator displacement called 327880 times.
[INFO DPO-0335] Generator displacement, Cumulative attempts 327880, swaps 75161, moves 51007 since last reset.
[INFO DPO-0333] End of pass, Objective hpwl, Initial cost 6.186313e+07, Scratch cost 6.123520e+07, Incremental cost 6.123520e+07, Mismatch? N
[INFO DPO-0338] End of pass, Total cost is 6.123520e+07.
[INFO DPO-0327] Pass   1 of random improver; improvement in cost is 1.02 percent.
[INFO DPO-0332] End of pass, Generator displacement called 327880 times.
[INFO DPO-0335] Generator displacement, Cumulative attempts 655760, swaps 146169, moves 101387 since last reset.
[INFO DPO-0333] End of pass, Objective hpwl, Initial cost 6.123520e+07, Scratch cost 6.097399e+07, Incremental cost 6.097399e+07, Mismatch? N
[INFO DPO-0338] End of pass, Total cost is 6.097399e+07.
[INFO DPO-0327] Pass   2 of random improver; improvement in cost is 0.43 percent.
[INFO DPO-0328] End of random improver; improvement is 1.437263 percent.
[INFO DPO-0380] Cell flipping.
[INFO DPO-0382] Changed 8140 cell orientations for row compatibility.
[INFO DPO-0383] Performed 4858 cell flips.
[INFO DPO-0384] End of flipping; objective is 6.060668e+07, improvement is 0.80 percent.
[INFO DPO-0313] Found 0 cells in wrong regions.
[INFO DPO-0315] Found 0 row alignment problems.
[INFO DPO-0314] Found 0 site alignment problems.
[INFO DPO-0311] Found 0 overlaps between adjacent cells.
[INFO DPO-0312] Found 0 edge spacing violations and 0 padding violations.
Detailed Improvement Results
------------------------------------------
Original HPWL            63390.5 u
Final HPWL               60435.2 u
Delta HPWL                  -4.7 %

[INFO DPL-0020] Mirrored 6191 instances
[INFO DPL-0021] HPWL before           60435.2 u
[INFO DPL-0022] HPWL after            60399.4 u
[INFO DPL-0023] HPWL delta               -0.1 %
[INFO FLW-0012] Placement violations .
Report metrics stage 3, detailed place...

==========================================================================
detailed place report_design_area
--------------------------------------------------------------------------
Design area 1957 u^2 46% utilization.
Elapsed time: 0:56.78[h:]min:sec. CPU time: user 61.91 sys 5.45 (118%). Peak memory: 332800KB.
