OpenROAD v2.0-19576-gec1bf1a13 
Features included (+) or not (-): +GPU +GUI +Python : None
This program is licensed under the BSD-3 license. See the LICENSE file for details.
Components of this program may be licensed under more restrictive licenses which must be honored.
[INFO ORD-0030] Using 6 thread(s).
source /OpenROAD-flow-scripts/flow/platforms/asap7/setRC.tcl
clock_tree_synthesis -sink_clustering_enable -balance_levels -sink_clustering_size 50 -sink_clustering_max_diameter 20
[INFO CTS-0050] Root buffer is BUFx16f_ASAP7_75t_R.
[INFO CTS-0051] Sink buffer is BUFx24_ASAP7_75t_R.
[INFO CTS-0052] The following clock buffers will be used for CTS:
                    BUFx16f_ASAP7_75t_R
                    BUFx24_ASAP7_75t_R
[INFO CTS-0049] Characterization buffer is BUFx24_ASAP7_75t_R.
[INFO CTS-0007] Net "clk" found for clock "clk".
[INFO CTS-0010]  Clock net "clk" has 562 sinks.
[INFO CTS-0008] TritonCTS found 1 clock nets.
[INFO CTS-0097] Characterization used 2 buffer(s) types.
[INFO CTS-0200] 0 placement blockages have been identified.
[INFO CTS-0201] 0 placed hard macros will be treated like blockages.
[INFO CTS-0027] Generating H-Tree topology for net clk.
[INFO CTS-0028]  Total number of sinks: 562.
[INFO CTS-0029]  Sinks will be clustered in groups of up to 50 and with maximum cluster diameter of 20.0 um.
[INFO CTS-0030]  Number of static layers: 0.
[INFO CTS-0020]  Wire segment unit: 1350  dbu (1 um).
[INFO CTS-0204] A clustering solution was found from clustering size of 50 and clustering diameter of 20.
[INFO CTS-0205] Better solution may be possible if either -sink_clustering_size, -sink_clustering_max_diameter, or both options are omitted to enable automatic clustering.
[INFO CTS-0019]  Total number of sinks after clustering: 22.
[INFO CTS-0024]  Normalized sink region: [(5.44963, 4.73333), (43.6114, 48.1143)].
[INFO CTS-0025]     Width:  38.1617.
[INFO CTS-0026]     Height: 43.3810.
 Level 1
    Direction: Vertical
    Sinks per sub-region: 11
    Sub-region size: 38.1617 X 21.6905
[INFO CTS-0034]     Segment length (rounded): 10.
[INFO CTS-0032]  Stop criterion found. Max number of sinks is 15.
[INFO CTS-0035]  Number of sinks covered: 22.
[INFO CTS-0018]     Created 25 clock buffers.
[INFO CTS-0012]     Minimum number of buffers in the clock path: 3.
[INFO CTS-0013]     Maximum number of buffers in the clock path: 3.
[INFO CTS-0015]     Created 25 clock nets.
[INFO CTS-0016]     Fanout distribution for the current clock = 4:1, 6:1, 7:1, 9:1, 11:3, 12:2, 14:3, 19:1, 21:1, 24:2, 38:2, 45:1, 50:5..
[INFO CTS-0017]     Max level of the clock tree: 1.
[INFO CTS-0098] Clock net "clk"
[INFO CTS-0099]  Sinks 582
[INFO CTS-0100]  Leaf buffers 22
[INFO CTS-0101]  Average sink wire length 80.81 um
[INFO CTS-0102]  Path depth 3 - 3
[INFO CTS-0207]  Leaf load cells 20
Took 16 seconds: clock_tree_synthesis -sink_clustering_enable -balance_levels -sink_clustering_size 50 -sink_clustering_max_diameter 20
[INFO RSZ-0058] Using max wire length 162um.
Placement Analysis
---------------------------------
total displacement        149.7 u
average displacement        0.0 u
max displacement            1.7 u
original HPWL           60937.7 u
legalized HPWL          61745.2 u
delta HPWL                    1 %

repair_timing -verbose -setup_margin 0 -hold_margin 0 -repair_tns 100
[INFO RSZ-0094] Found 160 endpoints with setup violations.
[INFO RSZ-0099] Repairing 160 out of 160 (100.00%) violating endpoints...
   Iter   | Removed | Resized | Inserted | Cloned |  Pin  |   Area   |    WNS   |   TNS      |  Viol  | Worst
          | Buffers |  Gates  | Buffers  |  Gates | Swaps |          |          |            | Endpts | Endpt
--------------------------------------------------------------------------------------------------------------
        0 |       0 |       0 |        0 |      0 |     0 |    +0.0% |  -98.469 |   -10142.2 |    160 | sa22_sr\[2\]$_DFF_P_/D
       10 |       0 |       0 |       19 |      0 |     4 |    +0.1% |  -85.422 |    -9214.8 |    160 | sa32_sr\[1\]$_DFF_P_/D
       20 |       0 |       0 |       42 |      0 |     7 |    +0.1% |  -75.269 |    -8414.6 |    160 | sa23_sr\[3\]$_DFF_P_/D
       30 |       0 |       0 |       63 |      0 |    11 |    +0.2% |  -68.909 |    -7392.7 |    160 | u0.u0.d\[2\]$_DFF_P_/D
       40 |       0 |       0 |       77 |      0 |    16 |    +0.2% |  -65.861 |    -6728.8 |    160 | sa33_sr\[7\]$_DFF_P_/D
       50 |       0 |       0 |       93 |      0 |    21 |    +0.3% |  -58.427 |    -6245.8 |    160 | sa21_sr\[6\]$_DFF_P_/D
       60 |       0 |       0 |      114 |      0 |    25 |    +0.3% |  -56.224 |    -6085.6 |    160 | sa00_sr\[3\]$_DFF_P_/D
       70 |       0 |       0 |      135 |      0 |    27 |    +0.4% |  -50.344 |    -5767.7 |    160 | sa20_sr\[5\]$_DFF_P_/D
       80 |       0 |       0 |      145 |      0 |    33 |    +0.4% |  -48.300 |    -5628.5 |    160 | u0.u3.d\[2\]$_DFF_P_/D
       90 |       0 |       0 |      160 |      0 |    37 |    +0.4% |  -47.216 |    -5093.8 |    160 | sa00_sr\[3\]$_DFF_P_/D
      100 |       0 |       0 |      176 |      1 |    40 |    +0.5% |  -44.558 |    -4869.0 |    160 | sa33_sr\[7\]$_DFF_P_/D
      110 |       0 |       0 |      190 |      2 |    43 |    +0.5% |  -43.445 |    -4647.8 |    160 | sa32_sr\[2\]$_DFF_P_/D
      120 |       0 |       1 |      205 |      2 |    47 |    +0.6% |  -41.111 |    -4530.7 |    160 | sa21_sr\[7\]$_DFF_P_/D
      130 |       0 |       2 |      219 |      2 |    51 |    +0.6% |  -39.531 |    -4422.8 |    160 | sa12_sr\[3\]$_DFF_P_/D
      140 |       0 |       2 |      234 |      2 |    55 |    +0.6% |  -38.681 |    -4292.3 |    160 | u0.u2.d\[1\]$_DFF_P_/D
      150 |       0 |       2 |      243 |      2 |    61 |    +0.7% |  -37.389 |    -4110.2 |    160 | sa00_sr\[3\]$_DFF_P_/D
      160 |       0 |       4 |      252 |      2 |    65 |    +0.7% |  -36.896 |    -4017.1 |    160 | sa22_sr\[2\]$_DFF_P_/D
      170 |       0 |       4 |      263 |      2 |    70 |    +0.7% |  -35.699 |    -3951.7 |    160 | sa31_sr\[0\]$_DFF_P_/D
      180 |       0 |       4 |      274 |      2 |    75 |    +0.8% |  -36.426 |    -3836.6 |    160 | sa11_sr\[1\]$_DFF_P_/D
      190 |       0 |       5 |      282 |      2 |    80 |    +0.8% |  -34.793 |    -3745.3 |    160 | sa03_sr\[1\]$_DFF_P_/D
      200 |       0 |       5 |      299 |      2 |    83 |    +0.8% |  -34.233 |    -3644.9 |    160 | sa30_sr\[3\]$_DFF_P_/D
      210 |       0 |       6 |      305 |      2 |    89 |    +0.8% |  -33.214 |    -3571.9 |    160 | sa11_sr\[1\]$_DFF_P_/D
      220 |       0 |       8 |      317 |      2 |    93 |    +0.9% |  -33.194 |    -3504.3 |    160 | sa32_sr\[1\]$_DFF_P_/D
      230 |       1 |       8 |      330 |      3 |    96 |    +0.9% |  -31.658 |    -3292.1 |    160 | sa03_sr\[3\]$_DFF_P_/D
      240 |       1 |       9 |      335 |      4 |   102 |    +0.9% |  -34.981 |    -3239.0 |    160 | sa33_sr\[1\]$_DFF_P_/D
      250 |       1 |       9 |      345 |      4 |   108 |    +0.9% |  -30.632 |    -3189.8 |    160 | sa32_sr\[1\]$_DFF_P_/D
      252 |       1 |      10 |      345 |      4 |   109 |    +0.9% |  -30.141 |    -3168.5 |    160 | sa10_sr\[4\]$_DFF_P_/D
      260 |       1 |      10 |      354 |      4 |   113 |    +1.0% |  -30.141 |    -3137.7 |    160 | sa10_sr\[4\]$_DFF_P_/D
      270 |       1 |      11 |      362 |      5 |   118 |    +1.0% |  -30.141 |    -3116.6 |    160 | sa10_sr\[4\]$_DFF_P_/D
      276 |       1 |      11 |      366 |      5 |   118 |    +1.0% |  -30.141 |    -3106.1 |    160 | sa10_sr\[4\]$_DFF_P_/D
      280 |       1 |      12 |      368 |      6 |   118 |    +1.0% |  -30.141 |    -3095.1 |    160 | sa10_sr\[4\]$_DFF_P_/D
      290 |       1 |      15 |      370 |      7 |   123 |    +1.0% |  -30.141 |    -3045.4 |    160 | sa10_sr\[4\]$_DFF_P_/D
      291 |       1 |      15 |      370 |      7 |   123 |    +1.0% |  -30.141 |    -3045.4 |    160 | sa10_sr\[4\]$_DFF_P_/D
      300 |       1 |      15 |      373 |      7 |   130 |    +1.0% |  -30.141 |    -3023.5 |    160 | sa10_sr\[4\]$_DFF_P_/D
      309 |       1 |      15 |      378 |      7 |   132 |    +1.1% |  -30.141 |    -2964.5 |    160 | sa10_sr\[4\]$_DFF_P_/D
      310 |       1 |      15 |      378 |      7 |   132 |    +1.1% |  -30.141 |    -2964.5 |    160 | sa10_sr\[4\]$_DFF_P_/D
      313 |       1 |      16 |      378 |      7 |   134 |    +1.1% |  -30.141 |    -2966.3 |    160 | sa10_sr\[4\]$_DFF_P_/D
      320 |       2 |      17 |      383 |      8 |   135 |    +1.1% |  -30.141 |    -2931.6 |    160 | sa10_sr\[4\]$_DFF_P_/D
      326 |       2 |      18 |      381 |      8 |   134 |    +1.1% |  -30.141 |    -2892.3 |    160 | sa10_sr\[4\]$_DFF_P_/D
      330 |       2 |      18 |      383 |      8 |   136 |    +1.1% |  -30.141 |    -2893.0 |    160 | sa10_sr\[4\]$_DFF_P_/D
      335 |       2 |      18 |      387 |      8 |   139 |    +1.1% |  -30.141 |    -2880.5 |    158 | sa10_sr\[4\]$_DFF_P_/D
      340 |       2 |      19 |      390 |      8 |   141 |    +1.1% |  -30.141 |    -2897.2 |    158 | sa10_sr\[4\]$_DFF_P_/D
      346 |       2 |      19 |      388 |      8 |   139 |    +1.1% |  -30.141 |    -2880.5 |    158 | sa10_sr\[4\]$_DFF_P_/D
      350 |       2 |      21 |      391 |      8 |   139 |    +1.1% |  -30.141 |    -2897.7 |    158 | sa10_sr\[4\]$_DFF_P_/D
      353 |       2 |      20 |      389 |      8 |   139 |    +1.1% |  -30.141 |    -2880.5 |    158 | sa10_sr\[4\]$_DFF_P_/D
      360 |       2 |      21 |      389 |      8 |   144 |    +1.1% |  -31.023 |    -2890.0 |    158 | sa01_sr\[7\]$_DFF_P_/D
      361 |       2 |      20 |      389 |      8 |   139 |    +1.1% |  -30.141 |    -2880.5 |    158 | sa10_sr\[4\]$_DFF_P_/D
      366 |       2 |      21 |      389 |      8 |   140 |    +1.1% |  -30.141 |    -2881.0 |    158 | sa10_sr\[4\]$_DFF_P_/D
      370 |       2 |      22 |      389 |      8 |   142 |    +1.1% |  -30.141 |    -2873.1 |    158 | sa10_sr\[4\]$_DFF_P_/D
      376 |       2 |      23 |      391 |      9 |   145 |    +1.1% |  -30.141 |    -2850.9 |    158 | sa10_sr\[4\]$_DFF_P_/D
      380 |       2 |      24 |      394 |      9 |   146 |    +1.1% |  -30.141 |    -2870.8 |    158 | sa10_sr\[4\]$_DFF_P_/D
      384 |       2 |      24 |      392 |      9 |   145 |    +1.1% |  -30.141 |    -2850.9 |    158 | sa10_sr\[4\]$_DFF_P_/D
      389 |       2 |      24 |      392 |      9 |   146 |    +1.1% |  -30.141 |    -2850.9 |    158 | sa10_sr\[4\]$_DFF_P_/D
      390 |       2 |      24 |      392 |      9 |   146 |    +1.1% |  -30.141 |    -2850.9 |    158 | sa10_sr\[4\]$_DFF_P_/D
      390 |       2 |      24 |      392 |      9 |   146 |    +1.1% |  -30.141 |    -2850.9 |    158 | sa10_sr\[4\]$_DFF_P_/D
      400 |       2 |      28 |      395 |      9 |   150 |    +1.1% |  -30.141 |    -2865.7 |    158 | sa10_sr\[4\]$_DFF_P_/D
      402 |       2 |      26 |      393 |      9 |   147 |    +1.1% |  -30.141 |    -2850.5 |    158 | sa10_sr\[4\]$_DFF_P_/D
      407 |       2 |      26 |      393 |      9 |   147 |    +1.1% |  -30.141 |    -2850.5 |    158 | sa10_sr\[4\]$_DFF_P_/D
      410 |       2 |      27 |      393 |      9 |   148 |    +1.1% |  -30.141 |    -2847.7 |    158 | sa10_sr\[4\]$_DFF_P_/D
      420 |       2 |      30 |      395 |      9 |   154 |    +1.1% |  -30.141 |    -2827.5 |    158 | sa10_sr\[4\]$_DFF_P_/D
      420 |       2 |      28 |      395 |      9 |   149 |    +1.1% |  -30.141 |    -2825.9 |    158 | sa10_sr\[4\]$_DFF_P_/D
      427 |       2 |      28 |      395 |      9 |   149 |    +1.1% |  -30.141 |    -2825.9 |    158 | sa10_sr\[4\]$_DFF_P_/D
      430 |       2 |      28 |      395 |      9 |   151 |    +1.1% |  -30.141 |    -2828.8 |    158 | sa10_sr\[4\]$_DFF_P_/D
      433 |       2 |      28 |      395 |      9 |   149 |    +1.1% |  -30.141 |    -2825.9 |    158 | sa10_sr\[4\]$_DFF_P_/D
      437 |       2 |      28 |      397 |      9 |   150 |    +1.1% |  -30.141 |    -2800.4 |    158 | sa10_sr\[4\]$_DFF_P_/D
      440 |       2 |      28 |      397 |      9 |   152 |    +1.1% |  -30.141 |    -2802.0 |    158 | sa10_sr\[4\]$_DFF_P_/D
      442 |       2 |      28 |      397 |      9 |   153 |    +1.1% |  -30.055 |    -2802.2 |    158 | sa20_sr\[4\]$_DFF_P_/D
      450 |       4 |      28 |      404 |      9 |   155 |    +1.1% |  -30.055 |    -2786.5 |    158 | sa20_sr\[4\]$_DFF_P_/D
      460 |       4 |      28 |      415 |     11 |   159 |    +1.1% |  -29.802 |    -2660.4 |    158 | sa10_sr\[4\]$_DFF_P_/D
      470 |       4 |      31 |      415 |     11 |   166 |    +1.1% |  -29.802 |    -2658.9 |    158 | sa10_sr\[4\]$_DFF_P_/D
      472 |       4 |      29 |      415 |     11 |   160 |    +1.1% |  -29.802 |    -2659.5 |    158 | sa10_sr\[4\]$_DFF_P_/D
      480 |       4 |      30 |      421 |     11 |   164 |    +1.2% |  -29.802 |    -2613.7 |    158 | sa10_sr\[4\]$_DFF_P_/D
      490 |       4 |      31 |      426 |     11 |   171 |    +1.2% |  -29.802 |    -2640.4 |    158 | sa10_sr\[4\]$_DFF_P_/D
      496 |       4 |      33 |      425 |     11 |   164 |    +1.2% |  -29.802 |    -2605.3 |    158 | sa10_sr\[4\]$_DFF_P_/D
      500 |       4 |      34 |      428 |     11 |   165 |    +1.2% |  -29.802 |    -2593.9 |    158 | sa10_sr\[4\]$_DFF_P_/D
      508 |       4 |      34 |      428 |     11 |   168 |    +1.2% |  -29.709 |    -2596.0 |    158 | sa10_sr\[4\]$_DFF_P_/D
      510 |       4 |      34 |      428 |     11 |   169 |    +1.2% |  -29.709 |    -2594.2 |    158 | sa10_sr\[4\]$_DFF_P_/D
      520 |       4 |      37 |      431 |     11 |   175 |    +1.2% |  -29.709 |    -2592.9 |    158 | sa10_sr\[4\]$_DFF_P_/D
      520 |       4 |      36 |      431 |     11 |   171 |    +1.2% |  -29.709 |    -2591.3 |    158 | sa10_sr\[4\]$_DFF_P_/D
      528 |       4 |      37 |      431 |     11 |   171 |    +1.2% |  -29.709 |    -2588.3 |    158 | sa10_sr\[4\]$_DFF_P_/D
      530 |       4 |      37 |      431 |     11 |   172 |    +1.2% |  -29.709 |    -2587.8 |    158 | sa10_sr\[4\]$_DFF_P_/D
      537 |       4 |      39 |      431 |     11 |   173 |    +1.2% |  -29.709 |    -2588.0 |    158 | sa10_sr\[4\]$_DFF_P_/D
      540 |       4 |      39 |      433 |     11 |   174 |    +1.2% |  -29.709 |    -2574.0 |    158 | sa10_sr\[4\]$_DFF_P_/D
      546 |       4 |      40 |      435 |     11 |   174 |    +1.2% |  -29.709 |    -2565.9 |    158 | sa10_sr\[4\]$_DFF_P_/D
      550 |       4 |      40 |      437 |     11 |   176 |    +1.2% |  -29.676 |    -2564.7 |    158 | sa10_sr\[4\]$_DFF_P_/D
      552 |       4 |      40 |      437 |     11 |   175 |    +1.2% |  -29.676 |    -2563.0 |    158 | sa10_sr\[4\]$_DFF_P_/D
      559 |       5 |      41 |      437 |     11 |   179 |    +1.2% |  -29.676 |    -2546.9 |    158 | sa10_sr\[4\]$_DFF_P_/D
      560 |       5 |      41 |      437 |     11 |   179 |    +1.2% |  -29.676 |    -2546.9 |    158 | sa10_sr\[4\]$_DFF_P_/D
      564 |       5 |      41 |      437 |     11 |   179 |    +1.2% |  -29.676 |    -2546.9 |    158 | sa10_sr\[4\]$_DFF_P_/D
      568 |       5 |      41 |      437 |     11 |   179 |    +1.2% |  -29.676 |    -2546.9 |    158 | sa10_sr\[4\]$_DFF_P_/D
      570 |       5 |      41 |      437 |     11 |   180 |    +1.2% |  -29.676 |    -2546.0 |    158 | sa10_sr\[4\]$_DFF_P_/D
      573 |       5 |      41 |      437 |     11 |   182 |    +1.2% |  -29.676 |    -2543.5 |    158 | sa10_sr\[4\]$_DFF_P_/D
      580 |       5 |      41 |      443 |     11 |   187 |    +1.2% |  -29.676 |    -2544.5 |    158 | sa10_sr\[4\]$_DFF_P_/D
      580 |       5 |      41 |      443 |     11 |   184 |    +1.2% |  -29.676 |    -2542.8 |    158 | sa10_sr\[4\]$_DFF_P_/D
      590 |       6 |      43 |      448 |     11 |   188 |    +1.2% |  -29.676 |    -2545.8 |    158 | sa10_sr\[4\]$_DFF_P_/D
      590 |       5 |      41 |      445 |     11 |   184 |    +1.2% |  -29.676 |    -2542.0 |    158 | sa10_sr\[4\]$_DFF_P_/D
      600 |       5 |      44 |      450 |     11 |   189 |    +1.3% |  -29.676 |    -2538.6 |    158 | sa10_sr\[4\]$_DFF_P_/D
      602 |       5 |      44 |      450 |     11 |   186 |    +1.3% |  -29.676 |    -2536.4 |    158 | sa10_sr\[4\]$_DFF_P_/D
      610 |       5 |      44 |      463 |     11 |   189 |    +1.3% |  -29.676 |    -2444.2 |    158 | sa10_sr\[4\]$_DFF_P_/D
      620 |       5 |      45 |      471 |     11 |   194 |    +1.3% |  -29.676 |    -2429.0 |    158 | sa10_sr\[4\]$_DFF_P_/D
      627 |       5 |      46 |      473 |     12 |   198 |    +1.3% |  -29.676 |    -2427.7 |    156 | sa10_sr\[4\]$_DFF_P_/D
      630 |       5 |      46 |      476 |     12 |   199 |    +1.3% |  -29.676 |    -2369.4 |    156 | sa10_sr\[4\]$_DFF_P_/D
      640 |       5 |      48 |      478 |     12 |   206 |    +1.3% |  -29.676 |    -2356.5 |    156 | sa10_sr\[4\]$_DFF_P_/D
      645 |       5 |      48 |      478 |     13 |   207 |    +1.3% |  -29.676 |    -2357.9 |    156 | sa10_sr\[4\]$_DFF_P_/D
      650 |       5 |      48 |      486 |     13 |   209 |    +1.4% |  -29.676 |    -2357.4 |    156 | sa10_sr\[4\]$_DFF_P_/D
      656 |       5 |      48 |      487 |     13 |   208 |    +1.4% |  -29.676 |    -2354.9 |    156 | sa10_sr\[4\]$_DFF_P_/D
      660 |       5 |      49 |      490 |     13 |   209 |    +1.4% |  -29.676 |    -2340.9 |    156 | sa10_sr\[4\]$_DFF_P_/D
      667 |       5 |      50 |      490 |     14 |   209 |    +1.4% |  -29.676 |    -2340.0 |    156 | sa10_sr\[4\]$_DFF_P_/D
      670 |       5 |      50 |      493 |     14 |   210 |    +1.4% |  -29.676 |    -2337.0 |    156 | sa10_sr\[4\]$_DFF_P_/D
      674 |       5 |      50 |      493 |     14 |   213 |    +1.4% |  -29.676 |    -2336.8 |    156 | sa10_sr\[4\]$_DFF_P_/D
      676 |       5 |      50 |      493 |     14 |   214 |    +1.4% |  -29.676 |    -2336.6 |    156 | sa10_sr\[4\]$_DFF_P_/D
      680 |       5 |      50 |      498 |     14 |   215 |    +1.4% |  -29.676 |    -2326.2 |    156 | sa10_sr\[4\]$_DFF_P_/D
      683 |       5 |      50 |      500 |     14 |   217 |    +1.4% |  -29.676 |    -2318.8 |    154 | sa10_sr\[4\]$_DFF_P_/D
      689 |       5 |      50 |      500 |     14 |   217 |    +1.4% |  -29.676 |    -2318.8 |    154 | sa10_sr\[4\]$_DFF_P_/D
      690 |       5 |      50 |      500 |     14 |   217 |    +1.4% |  -29.676 |    -2318.8 |    154 | sa10_sr\[4\]$_DFF_P_/D
      695 |       5 |      51 |      505 |     14 |   219 |    +1.4% |  -29.676 |    -2307.4 |    152 | sa10_sr\[4\]$_DFF_P_/D
      700 |       5 |      51 |      511 |     14 |   221 |    +1.4% |  -29.676 |    -2259.5 |    151 | sa10_sr\[4\]$_DFF_P_/D
      700 |       5 |      51 |      511 |     14 |   221 |    +1.4% |  -29.676 |    -2259.5 |    150 | sa10_sr\[4\]$_DFF_P_/D
      701 |       5 |      51 |      511 |     14 |   221 |    +1.4% |  -29.676 |    -2259.5 |    149 | sa10_sr\[4\]$_DFF_P_/D
      707 |       5 |      52 |      511 |     14 |   224 |    +1.4% |  -29.676 |    -2257.6 |    149 | sa10_sr\[4\]$_DFF_P_/D
      710 |       5 |      53 |      511 |     14 |   225 |    +1.4% |  -31.311 |    -2275.6 |    149 | sa01_sr\[5\]$_DFF_P_/D
      712 |       5 |      52 |      511 |     14 |   224 |    +1.4% |  -29.676 |    -2257.6 |    149 | sa10_sr\[4\]$_DFF_P_/D
      717 |       5 |      52 |      511 |     14 |   224 |    +1.4% |  -29.676 |    -2257.6 |    149 | sa10_sr\[4\]$_DFF_P_/D
      720 |       5 |      52 |      514 |     14 |   225 |    +1.4% |  -29.676 |    -2253.2 |    149 | sa10_sr\[4\]$_DFF_P_/D
      726 |       5 |      54 |      514 |     14 |   226 |    +1.4% |  -29.676 |    -2245.4 |    149 | sa10_sr\[4\]$_DFF_P_/D
      730 |       5 |      54 |      514 |     14 |   229 |    +1.4% |  -29.676 |    -2240.1 |    149 | sa10_sr\[4\]$_DFF_P_/D
      733 |       5 |      54 |      514 |     14 |   229 |    +1.4% |  -29.676 |    -2240.1 |    149 | sa10_sr\[4\]$_DFF_P_/D
      737 |       5 |      54 |      518 |     14 |   231 |    +1.5% |  -29.676 |    -2236.7 |    147 | sa10_sr\[4\]$_DFF_P_/D
      740 |       5 |      54 |      522 |     14 |   231 |    +1.5% |  -29.676 |    -2228.4 |    147 | sa10_sr\[4\]$_DFF_P_/D
      750 |       5 |      57 |      524 |     14 |   237 |    +1.5% |  -29.676 |    -2280.6 |    147 | sa10_sr\[4\]$_DFF_P_/D
      754 |       5 |      57 |      523 |     14 |   232 |    +1.5% |  -29.676 |    -2226.7 |    147 | sa10_sr\[4\]$_DFF_P_/D
      760 |       5 |      57 |      525 |     14 |   236 |    +1.5% |  -29.676 |    -2296.1 |    147 | sa10_sr\[4\]$_DFF_P_/D
      770 |       5 |      58 |      537 |     14 |   240 |    +1.5% |  -29.676 |    -2282.0 |    147 | sa10_sr\[4\]$_DFF_P_/D
      775 |       5 |      57 |      537 |     14 |   237 |    +1.5% |  -29.676 |    -2276.1 |    147 | sa10_sr\[4\]$_DFF_P_/D
      780 |       5 |      58 |      537 |     14 |   240 |    +1.5% |  -29.676 |    -2273.9 |    147 | sa10_sr\[4\]$_DFF_P_/D
      782 |       5 |      58 |      537 |     14 |   238 |    +1.5% |  -29.676 |    -2271.2 |    147 | sa10_sr\[4\]$_DFF_P_/D
      790 |       6 |      59 |      540 |     14 |   242 |    +1.5% |  -29.676 |    -2278.6 |    147 | sa10_sr\[4\]$_DFF_P_/D
      793 |       5 |      59 |      541 |     14 |   242 |    +1.5% |  -29.676 |    -2265.6 |    147 | sa10_sr\[4\]$_DFF_P_/D
      800 |       5 |      60 |      541 |     14 |   247 |    +1.5% |  -29.676 |    -2266.2 |    147 | sa10_sr\[4\]$_DFF_P_/D
      809 |       5 |      60 |      542 |     14 |   248 |    +1.5% |  -29.676 |    -2266.0 |    147 | sa10_sr\[4\]$_DFF_P_/D
      810 |       5 |      60 |      542 |     14 |   248 |    +1.5% |  -29.676 |    -2266.0 |    147 | sa10_sr\[4\]$_DFF_P_/D
      810 |       5 |      60 |      542 |     14 |   248 |    +1.5% |  -29.676 |    -2266.0 |    146 | sa10_sr\[4\]$_DFF_P_/D
      817 |       5 |      60 |      542 |     14 |   253 |    +1.5% |  -29.676 |    -2261.8 |    146 | sa10_sr\[4\]$_DFF_P_/D
      820 |       5 |      60 |      547 |     14 |   253 |    +1.5% |  -29.676 |    -2249.4 |    146 | sa10_sr\[4\]$_DFF_P_/D
      824 |       5 |      60 |      547 |     14 |   257 |    +1.5% |  -29.676 |    -2247.3 |    146 | sa10_sr\[4\]$_DFF_P_/D
      830 |       5 |      61 |      549 |     14 |   260 |    +1.5% |  -29.676 |    -2244.2 |    146 | sa10_sr\[4\]$_DFF_P_/D
      832 |       5 |      61 |      549 |     14 |   257 |    +1.5% |  -29.676 |    -2243.1 |    146 | sa10_sr\[4\]$_DFF_P_/D
      837 |       5 |      62 |      549 |     14 |   260 |    +1.5% |  -29.676 |    -2237.4 |    146 | sa10_sr\[4\]$_DFF_P_/D
      840 |       5 |      62 |      549 |     14 |   262 |    +1.5% |  -29.676 |    -2240.3 |    146 | sa10_sr\[4\]$_DFF_P_/D
      843 |       5 |      62 |      549 |     14 |   260 |    +1.5% |  -29.676 |    -2237.4 |    146 | sa10_sr\[4\]$_DFF_P_/D
      850 |       5 |      62 |      549 |     14 |   266 |    +1.5% |  -29.676 |    -2239.0 |    146 | sa10_sr\[4\]$_DFF_P_/D
      851 |       5 |      62 |      549 |     14 |   260 |    +1.5% |  -29.676 |    -2237.4 |    146 | sa10_sr\[4\]$_DFF_P_/D
      857 |       5 |      62 |      549 |     14 |   264 |    +1.5% |  -29.676 |    -2235.2 |    146 | sa10_sr\[4\]$_DFF_P_/D
      860 |       5 |      62 |      551 |     14 |   265 |    +1.5% |  -29.676 |    -2160.0 |    146 | sa10_sr\[4\]$_DFF_P_/D
      869 |       5 |      62 |      560 |     15 |   269 |    +1.6% |  -29.676 |    -2074.5 |    144 | sa10_sr\[4\]$_DFF_P_/D
      870 |       5 |      62 |      560 |     15 |   269 |    +1.6% |  -29.676 |    -2074.5 |    144 | sa10_sr\[4\]$_DFF_P_/D
      880 |       5 |      64 |      567 |     15 |   274 |    +1.6% |  -29.676 |    -1981.8 |    144 | sa10_sr\[4\]$_DFF_P_/D
      888 |       5 |      67 |      567 |     16 |   277 |    +1.6% |  -29.676 |    -1974.8 |    144 | sa10_sr\[4\]$_DFF_P_/D
      889 |       5 |      67 |      567 |     16 |   277 |    +1.6% |  -29.676 |    -1974.8 |    143 | sa10_sr\[4\]$_DFF_P_/D
      890 |       5 |      67 |      567 |     16 |   277 |    +1.6% |  -29.676 |    -1974.8 |    143 | sa10_sr\[4\]$_DFF_P_/D
      890 |       5 |      67 |      567 |     16 |   277 |    +1.6% |  -29.676 |    -1974.8 |    142 | sa10_sr\[4\]$_DFF_P_/D
      895 |       5 |      67 |      567 |     16 |   279 |    +1.6% |  -29.676 |    -1974.6 |    142 | sa10_sr\[4\]$_DFF_P_/D
      900 |       5 |      68 |      567 |     16 |   282 |    +1.6% |  -29.676 |    -1979.0 |    142 | sa10_sr\[4\]$_DFF_P_/D
      900 |       5 |      67 |      567 |     16 |   279 |    +1.6% |  -29.676 |    -1974.6 |    142 | sa10_sr\[4\]$_DFF_P_/D
      906 |       5 |      67 |      567 |     16 |   279 |    +1.6% |  -29.676 |    -1974.6 |    142 | sa10_sr\[4\]$_DFF_P_/D
      908 |       5 |      68 |      567 |     16 |   279 |    +1.6% |  -29.676 |    -1973.8 |    140 | sa10_sr\[4\]$_DFF_P_/D
      910 |       5 |      69 |      567 |     16 |   279 |    +1.6% |  -31.556 |    -1990.0 |    140 | sa01_sr\[5\]$_DFF_P_/D
      915 |       5 |      68 |      567 |     16 |   279 |    +1.6% |  -29.676 |    -1973.8 |    140 | sa10_sr\[4\]$_DFF_P_/D
      916 |       5 |      68 |      567 |     16 |   279 |    +1.6% |  -29.676 |    -1973.8 |    139 | sa10_sr\[4\]$_DFF_P_/D
      920 |       5 |      69 |      571 |     16 |   279 |    +1.6% |  -29.676 |    -1969.0 |    139 | sa10_sr\[4\]$_DFF_P_/D
      929 |       5 |      69 |      573 |     16 |   285 |    +1.6% |  -29.676 |    -1954.4 |    139 | sa10_sr\[4\]$_DFF_P_/D
      930 |       5 |      69 |      573 |     16 |   285 |    +1.6% |  -29.676 |    -1954.4 |    139 | sa10_sr\[4\]$_DFF_P_/D
      938 |       5 |      71 |      573 |     16 |   287 |    +1.6% |  -29.676 |    -1957.3 |    139 | sa10_sr\[4\]$_DFF_P_/D
      939 |       5 |      71 |      573 |     16 |   287 |    +1.6% |  -29.676 |    -1957.3 |    138 | sa10_sr\[4\]$_DFF_P_/D
      940 |       5 |      71 |      573 |     16 |   287 |    +1.6% |  -29.676 |    -1957.3 |    138 | sa10_sr\[4\]$_DFF_P_/D
      945 |       5 |      71 |      573 |     16 |   292 |    +1.6% |  -29.676 |    -1954.9 |    138 | sa10_sr\[4\]$_DFF_P_/D
      946 |       5 |      71 |      573 |     16 |   292 |    +1.6% |  -29.676 |    -1954.9 |    137 | sa10_sr\[4\]$_DFF_P_/D
      950 |       5 |      71 |      579 |     16 |   293 |    +1.6% |  -29.676 |    -1889.8 |    137 | sa10_sr\[4\]$_DFF_P_/D
      960 |       5 |      73 |      588 |     16 |   298 |    +1.6% |  -29.676 |    -1848.7 |    137 | sa10_sr\[4\]$_DFF_P_/D
      961 |       5 |      73 |      586 |     16 |   297 |    +1.6% |  -29.676 |    -1851.8 |    137 | sa10_sr\[4\]$_DFF_P_/D
      967 |       5 |      73 |      586 |     16 |   297 |    +1.6% |  -29.676 |    -1851.8 |    137 | sa10_sr\[4\]$_DFF_P_/D
      968 |       5 |      73 |      586 |     16 |   297 |    +1.6% |  -29.676 |    -1851.8 |    136 | sa10_sr\[4\]$_DFF_P_/D
      970 |       5 |      73 |      586 |     16 |   298 |    +1.6% |  -29.676 |    -1850.6 |    136 | sa10_sr\[4\]$_DFF_P_/D
      973 |       5 |      73 |      586 |     16 |   301 |    +1.6% |  -29.676 |    -1848.2 |    136 | sa10_sr\[4\]$_DFF_P_/D
      979 |       5 |      75 |      586 |     16 |   303 |    +1.6% |  -29.676 |    -1843.9 |    136 | sa10_sr\[4\]$_DFF_P_/D
      980 |       5 |      75 |      586 |     16 |   303 |    +1.6% |  -29.676 |    -1843.9 |    136 | sa10_sr\[4\]$_DFF_P_/D
      984 |       5 |      75 |      586 |     16 |   303 |    +1.6% |  -29.676 |    -1843.9 |    136 | sa10_sr\[4\]$_DFF_P_/D
      988 |       5 |      75 |      589 |     16 |   305 |    +1.6% |  -29.676 |    -1838.7 |    134 | sa10_sr\[4\]$_DFF_P_/D
      989 |       5 |      75 |      589 |     16 |   305 |    +1.6% |  -29.676 |    -1838.7 |    133 | sa10_sr\[4\]$_DFF_P_/D
      990 |       5 |      75 |      589 |     16 |   305 |    +1.6% |  -29.676 |    -1838.7 |    133 | sa10_sr\[4\]$_DFF_P_/D
     1000 |       5 |      79 |      589 |     16 |   311 |    +1.6% |  -29.676 |    -1810.7 |    133 | sa10_sr\[4\]$_DFF_P_/D
     1002 |       5 |      81 |      589 |     16 |   311 |    +1.6% |  -29.676 |    -1809.4 |    133 | sa10_sr\[4\]$_DFF_P_/D
     1008 |       5 |      81 |      589 |     16 |   311 |    +1.6% |  -29.676 |    -1809.4 |    133 | sa10_sr\[4\]$_DFF_P_/D
     1010 |       5 |      81 |      591 |     16 |   311 |    +1.6% |  -29.676 |    -1808.8 |    133 | sa10_sr\[4\]$_DFF_P_/D
     1015 |       5 |      81 |      591 |     16 |   311 |    +1.6% |  -29.676 |    -1808.8 |    133 | sa10_sr\[4\]$_DFF_P_/D
     1020 |       5 |      81 |      591 |     16 |   315 |    +1.6% |  -29.676 |    -1810.0 |    133 | sa10_sr\[4\]$_DFF_P_/D
     1025 |       5 |      83 |      591 |     16 |   316 |    +1.6% |  -29.676 |    -1802.3 |    133 | sa10_sr\[4\]$_DFF_P_/D
     1029 |       5 |      85 |      591 |     16 |   317 |    +1.6% |  -29.676 |    -1803.8 |    131 | sa10_sr\[4\]$_DFF_P_/D
     1030 |       5 |      85 |      591 |     16 |   317 |    +1.6% |  -29.676 |    -1803.8 |    131 | sa10_sr\[4\]$_DFF_P_/D
     1037 |       5 |      86 |      594 |     16 |   318 |    +1.7% |  -29.676 |    -1801.3 |    131 | sa10_sr\[4\]$_DFF_P_/D
     1038 |       5 |      86 |      594 |     16 |   318 |    +1.7% |  -29.676 |    -1801.3 |    130 | sa10_sr\[4\]$_DFF_P_/D
     1039 |       5 |      86 |      594 |     16 |   318 |    +1.7% |  -29.676 |    -1801.3 |    129 | sa10_sr\[4\]$_DFF_P_/D
     1040 |       5 |      86 |      594 |     16 |   318 |    +1.7% |  -29.676 |    -1801.3 |    129 | sa10_sr\[4\]$_DFF_P_/D
     1044 |       5 |      86 |      594 |     16 |   318 |    +1.7% |  -29.676 |    -1801.3 |    129 | sa10_sr\[4\]$_DFF_P_/D
     1050 |       5 |      86 |      596 |     16 |   322 |    +1.7% |  -29.676 |    -1803.6 |    129 | sa10_sr\[4\]$_DFF_P_/D
     1053 |       5 |      86 |      596 |     16 |   319 |    +1.7% |  -29.676 |    -1799.3 |    129 | sa10_sr\[4\]$_DFF_P_/D
     1060 |       5 |      86 |      596 |     16 |   325 |    +1.7% |  -29.676 |    -1798.6 |    129 | sa10_sr\[4\]$_DFF_P_/D
     1060 |       5 |      86 |      596 |     16 |   325 |    +1.7% |  -29.676 |    -1798.6 |    129 | sa10_sr\[4\]$_DFF_P_/D
     1064 |       5 |      86 |      596 |     16 |   327 |    +1.7% |  -29.676 |    -1796.0 |    129 | sa10_sr\[4\]$_DFF_P_/D
     1069 |       5 |      86 |      596 |     16 |   327 |    +1.7% |  -29.676 |    -1796.0 |    129 | sa10_sr\[4\]$_DFF_P_/D
     1070 |       5 |      86 |      596 |     16 |   327 |    +1.7% |  -29.676 |    -1796.0 |    129 | sa10_sr\[4\]$_DFF_P_/D
     1078 |       5 |      88 |      598 |     16 |   329 |    +1.7% |  -29.676 |    -1791.0 |    129 | sa10_sr\[4\]$_DFF_P_/D
     1080 |       5 |      88 |      598 |     16 |   330 |    +1.7% |  -29.676 |    -1792.4 |    129 | sa10_sr\[4\]$_DFF_P_/D
     1082 |       5 |      88 |      598 |     16 |   329 |    +1.7% |  -29.676 |    -1791.0 |    129 | sa10_sr\[4\]$_DFF_P_/D
     1085 |       5 |      88 |      598 |     16 |   331 |    +1.7% |  -29.676 |    -1789.7 |    129 | sa10_sr\[4\]$_DFF_P_/D
     1086 |       5 |      88 |      598 |     16 |   331 |    +1.7% |  -29.676 |    -1789.7 |    128 | sa10_sr\[4\]$_DFF_P_/D
     1087 |       5 |      88 |      598 |     16 |   331 |    +1.7% |  -29.676 |    -1789.7 |    127 | sa10_sr\[4\]$_DFF_P_/D
     1090 |       5 |      88 |      598 |     16 |   333 |    +1.7% |  -29.676 |    -1790.2 |    127 | sa10_sr\[4\]$_DFF_P_/D
     1092 |       5 |      88 |      598 |     16 |   331 |    +1.7% |  -29.676 |    -1789.7 |    127 | sa10_sr\[4\]$_DFF_P_/D
     1100 |       5 |      88 |      612 |     16 |   333 |    +1.7% |  -29.676 |    -1740.9 |    127 | sa10_sr\[4\]$_DFF_P_/D
     1110 |       5 |      90 |      614 |     17 |   339 |    +1.7% |  -29.676 |    -1742.6 |    127 | sa10_sr\[4\]$_DFF_P_/D
     1120 |       5 |      94 |      616 |     17 |   344 |    +1.7% |  -29.676 |    -1723.0 |    127 | sa10_sr\[4\]$_DFF_P_/D
     1125 |       5 |      94 |      616 |     17 |   344 |    +1.7% |  -29.676 |    -1723.0 |    127 | sa10_sr\[4\]$_DFF_P_/D
     1130 |       5 |      94 |      619 |     17 |   347 |    +1.7% |  -29.676 |    -1721.4 |    127 | sa10_sr\[4\]$_DFF_P_/D
     1131 |       5 |      94 |      622 |     17 |   347 |    +1.7% |  -29.676 |    -1707.5 |    125 | sa10_sr\[4\]$_DFF_P_/D
     1132 |       5 |      94 |      622 |     17 |   347 |    +1.7% |  -29.676 |    -1707.5 |    124 | sa10_sr\[4\]$_DFF_P_/D
     1139 |       5 |      96 |      622 |     17 |   351 |    +1.7% |  -29.676 |    -1706.5 |    124 | sa10_sr\[4\]$_DFF_P_/D
     1140 |       5 |      96 |      622 |     17 |   351 |    +1.7% |  -29.676 |    -1706.5 |    124 | sa10_sr\[4\]$_DFF_P_/D
     1150 |       5 |      96 |      634 |     17 |   357 |    +1.8% |  -29.676 |    -1623.7 |    123 | sa10_sr\[4\]$_DFF_P_/D
     1150 |       5 |      96 |      634 |     17 |   357 |    +1.8% |  -29.676 |    -1623.7 |    122 | sa10_sr\[4\]$_DFF_P_/D
     1159 |       5 |      98 |      634 |     17 |   359 |    +1.8% |  -29.676 |    -1624.7 |    122 | sa10_sr\[4\]$_DFF_P_/D
     1160 |       5 |      98 |      634 |     17 |   359 |    +1.8% |  -29.676 |    -1624.7 |    122 | sa10_sr\[4\]$_DFF_P_/D
     1160 |       5 |      98 |      634 |     17 |   359 |    +1.8% |  -29.676 |    -1624.7 |    121 | sa10_sr\[4\]$_DFF_P_/D
     1161 |       5 |      98 |      634 |     17 |   359 |    +1.8% |  -29.676 |    -1624.7 |    120 | sa10_sr\[4\]$_DFF_P_/D
     1164 |       5 |      98 |      634 |     17 |   361 |    +1.8% |  -29.676 |    -1622.9 |    118 | sa10_sr\[4\]$_DFF_P_/D
     1170 |       5 |      99 |      634 |     17 |   365 |    +1.8% |  -29.676 |    -1624.4 |    118 | sa10_sr\[4\]$_DFF_P_/D
     1172 |       5 |      99 |      634 |     17 |   361 |    +1.8% |  -29.676 |    -1622.9 |    118 | sa10_sr\[4\]$_DFF_P_/D
     1173 |       5 |      99 |      634 |     17 |   361 |    +1.8% |  -29.676 |    -1622.9 |    117 | sa10_sr\[4\]$_DFF_P_/D
     1180 |       5 |      99 |      636 |     17 |   366 |    +1.8% |  -29.676 |    -1625.2 |    117 | sa10_sr\[4\]$_DFF_P_/D
     1180 |       5 |      99 |      636 |     17 |   363 |    +1.8% |  -29.676 |    -1620.0 |    117 | sa10_sr\[4\]$_DFF_P_/D
     1181 |       5 |      99 |      636 |     17 |   363 |    +1.8% |  -29.676 |    -1620.0 |    116 | sa10_sr\[4\]$_DFF_P_/D
     1188 |       5 |      99 |      636 |     17 |   363 |    +1.8% |  -29.676 |    -1620.0 |    116 | sa10_sr\[4\]$_DFF_P_/D
     1190 |       5 |     100 |      636 |     17 |   363 |    +1.8% |  -29.676 |    -1617.5 |    116 | sa10_sr\[4\]$_DFF_P_/D
     1195 |       5 |     100 |      636 |     17 |   364 |    +1.8% |  -29.676 |    -1616.4 |    116 | sa10_sr\[4\]$_DFF_P_/D
     1196 |       5 |     100 |      636 |     17 |   364 |    +1.8% |  -29.676 |    -1616.4 |    115 | sa10_sr\[4\]$_DFF_P_/D
     1199 |       5 |     100 |      639 |     17 |   365 |    +1.8% |  -29.676 |    -1619.2 |    113 | sa10_sr\[4\]$_DFF_P_/D
     1200 |       5 |     100 |      639 |     17 |   365 |    +1.8% |  -29.676 |    -1619.2 |    113 | sa10_sr\[4\]$_DFF_P_/D
     1200 |       5 |     100 |      639 |     17 |   365 |    +1.8% |  -29.676 |    -1619.2 |    112 | sa10_sr\[4\]$_DFF_P_/D
     1201 |       5 |     100 |      639 |     17 |   365 |    +1.8% |  -29.676 |    -1619.2 |    111 | sa10_sr\[4\]$_DFF_P_/D
     1206 |       5 |     100 |      639 |     17 |   365 |    +1.8% |  -29.676 |    -1619.2 |    111 | sa10_sr\[4\]$_DFF_P_/D
     1210 |       5 |     101 |      641 |     17 |   366 |    +1.8% |  -29.676 |    -1604.4 |    111 | sa10_sr\[4\]$_DFF_P_/D
     1211 |       5 |     102 |      641 |     17 |   366 |    +1.8% |  -29.676 |    -1603.3 |    109 | sa10_sr\[4\]$_DFF_P_/D
     1212 |       5 |     102 |      641 |     17 |   366 |    +1.8% |  -29.676 |    -1603.3 |    108 | sa10_sr\[4\]$_DFF_P_/D
     1213 |       5 |     102 |      641 |     17 |   366 |    +1.8% |  -29.676 |    -1603.3 |    107 | sa10_sr\[4\]$_DFF_P_/D
     1217 |       6 |     102 |      645 |     18 |   366 |    +1.8% |  -29.676 |    -1555.0 |    105 | sa10_sr\[4\]$_DFF_P_/D
     1218 |       6 |     102 |      645 |     18 |   366 |    +1.8% |  -29.676 |    -1555.0 |    104 | sa10_sr\[4\]$_DFF_P_/D
     1219 |       6 |     102 |      645 |     18 |   366 |    +1.8% |  -29.676 |    -1555.0 |    103 | sa10_sr\[4\]$_DFF_P_/D
     1220 |       6 |     102 |      645 |     18 |   366 |    +1.8% |  -29.676 |    -1555.0 |    103 | sa10_sr\[4\]$_DFF_P_/D
     1228 |       6 |     104 |      647 |     18 |   371 |    +1.8% |  -29.676 |    -1548.8 |    101 | sa10_sr\[4\]$_DFF_P_/D
     1229 |       6 |     104 |      647 |     18 |   371 |    +1.8% |  -29.676 |    -1548.8 |    100 | sa10_sr\[4\]$_DFF_P_/D
     1230 |       6 |     104 |      647 |     18 |   371 |    +1.8% |  -29.676 |    -1548.8 |    100 | sa10_sr\[4\]$_DFF_P_/D
     1231 |       6 |     104 |      649 |     18 |   371 |    +1.8% |  -29.676 |    -1538.3 |     98 | sa10_sr\[4\]$_DFF_P_/D
     1232 |       6 |     104 |      649 |     18 |   371 |    +1.8% |  -29.676 |    -1538.3 |     97 | sa10_sr\[4\]$_DFF_P_/D
     1236 |       6 |     104 |      653 |     18 |   373 |    +1.8% |  -29.676 |    -1532.1 |     95 | sa10_sr\[4\]$_DFF_P_/D
     1237 |       6 |     104 |      653 |     18 |   373 |    +1.8% |  -29.676 |    -1532.1 |     94 | sa10_sr\[4\]$_DFF_P_/D
     1238 |       6 |     104 |      653 |     18 |   373 |    +1.8% |  -29.676 |    -1532.1 |     93 | sa10_sr\[4\]$_DFF_P_/D
     1240 |       6 |     104 |      653 |     18 |   374 |    +1.8% |  -29.676 |    -1531.0 |     93 | sa10_sr\[4\]$_DFF_P_/D
     1241 |       6 |     105 |      653 |     18 |   374 |    +1.8% |  -29.676 |    -1530.6 |     91 | sa10_sr\[4\]$_DFF_P_/D
     1242 |       6 |     105 |      653 |     18 |   374 |    +1.8% |  -29.676 |    -1530.6 |     90 | sa10_sr\[4\]$_DFF_P_/D
     1243 |       6 |     105 |      653 |     18 |   374 |    +1.8% |  -29.676 |    -1530.6 |     89 | sa10_sr\[4\]$_DFF_P_/D
     1244 |       6 |     105 |      653 |     18 |   374 |    +1.8% |  -29.676 |    -1530.6 |     88 | sa10_sr\[4\]$_DFF_P_/D
     1245 |       6 |     105 |      653 |     18 |   374 |    +1.8% |  -29.676 |    -1530.6 |     87 | sa10_sr\[4\]$_DFF_P_/D
     1246 |       6 |     105 |      653 |     18 |   374 |    +1.8% |  -29.676 |    -1530.6 |     86 | sa10_sr\[4\]$_DFF_P_/D
     1250 |       6 |     105 |      655 |     18 |   376 |    +1.8% |  -29.676 |    -1537.3 |     86 | sa10_sr\[4\]$_DFF_P_/D
     1253 |       6 |     105 |      654 |     18 |   375 |    +1.8% |  -29.676 |    -1529.1 |     86 | sa10_sr\[4\]$_DFF_P_/D
     1260 |       6 |     106 |      660 |     18 |   378 |    +1.9% |  -29.676 |    -1465.5 |     86 | sa10_sr\[4\]$_DFF_P_/D
     1270 |       6 |     109 |      666 |     18 |   383 |    +1.9% |  -29.812 |    -1501.9 |     86 | sa21_sr\[1\]$_DFF_P_/D
     1280 |       6 |     111 |      666 |     19 |   390 |    +1.9% |  -29.812 |    -1491.0 |     86 | sa21_sr\[1\]$_DFF_P_/D
     1283 |       6 |     108 |      665 |     18 |   378 |    +1.9% |  -29.676 |    -1465.2 |     86 | sa10_sr\[4\]$_DFF_P_/D
     1284 |       6 |     108 |      665 |     18 |   378 |    +1.9% |  -29.676 |    -1465.2 |     85 | sa10_sr\[4\]$_DFF_P_/D
     1285 |       6 |     108 |      665 |     18 |   378 |    +1.9% |  -29.676 |    -1465.2 |     84 | sa10_sr\[4\]$_DFF_P_/D
     1290 |       6 |     111 |      665 |     18 |   379 |    +1.9% |  -31.264 |    -1446.8 |     84 | sa21_sr\[1\]$_DFF_P_/D
     1300 |       6 |     114 |      667 |     19 |   384 |    +1.9% |  -29.812 |    -1495.5 |     84 | sa21_sr\[1\]$_DFF_P_/D
     1306 |       6 |     111 |      667 |     18 |   378 |    +1.9% |  -29.676 |    -1465.2 |     84 | sa10_sr\[4\]$_DFF_P_/D
     1310 |       6 |     113 |      667 |     18 |   379 |    +1.9% |  -31.264 |    -1444.0 |     84 | sa21_sr\[1\]$_DFF_P_/D
     1320 |       6 |     118 |      669 |     19 |   382 |    +1.9% |  -29.812 |    -1481.4 |     84 | sa21_sr\[1\]$_DFF_P_/D
     1324 |       6 |     114 |      668 |     18 |   378 |    +1.9% |  -29.676 |    -1465.2 |     84 | sa10_sr\[4\]$_DFF_P_/D
     1330 |       6 |     117 |      670 |     18 |   379 |    +1.9% |  -29.812 |    -1501.7 |     84 | sa21_sr\[1\]$_DFF_P_/D
     1340 |       6 |     120 |      670 |     20 |   384 |    +1.9% |  -29.812 |    -1492.9 |     84 | sa21_sr\[1\]$_DFF_P_/D
     1350 |       6 |     124 |      670 |     22 |   388 |    +1.9% |  -29.812 |    -1465.6 |     84 | sa21_sr\[1\]$_DFF_P_/D
     1351 |       6 |     118 |      669 |     18 |   378 |    +1.9% |  -29.676 |    -1465.2 |     84 | sa10_sr\[4\]$_DFF_P_/D
     1360 |       6 |     122 |      673 |     19 |   379 |    +1.9% |  -29.812 |    -1505.5 |     84 | sa21_sr\[1\]$_DFF_P_/D
     1370 |       6 |     126 |      673 |     22 |   382 |    +1.9% |  -29.812 |    -1462.3 |     84 | sa21_sr\[1\]$_DFF_P_/D
     1372 |       6 |     120 |      672 |     18 |   378 |    +1.9% |  -29.676 |    -1458.3 |     84 | sa10_sr\[4\]$_DFF_P_/D
     1380 |       6 |     124 |      674 |     19 |   379 |    +1.9% |  -29.812 |    -1477.8 |     84 | sa21_sr\[1\]$_DFF_P_/D
     1386 |       6 |     122 |      673 |     18 |   378 |    +1.9% |  -29.676 |    -1458.3 |     84 | sa10_sr\[4\]$_DFF_P_/D
     1390 |       6 |     125 |      673 |     18 |   378 |    +1.9% |  -31.264 |    -1433.6 |     84 | sa21_sr\[1\]$_DFF_P_/D
     1400 |       6 |     128 |      675 |     19 |   383 |    +1.9% |  -29.812 |    -1473.0 |     84 | sa21_sr\[1\]$_DFF_P_/D
     1400 |       6 |     124 |      674 |     18 |   378 |    +1.9% |  -29.676 |    -1458.3 |     84 | sa10_sr\[4\]$_DFF_P_/D
     1410 |       6 |     127 |      678 |     19 |   381 |    +1.9% |  -29.812 |    -1502.0 |     84 | sa21_sr\[1\]$_DFF_P_/D
     1420 |       6 |     132 |      678 |     21 |   384 |    +1.9% |  -29.812 |    -1463.6 |     84 | sa21_sr\[1\]$_DFF_P_/D
     1422 |       6 |     126 |      677 |     18 |   379 |    +1.9% |  -29.676 |    -1456.2 |     84 | sa10_sr\[4\]$_DFF_P_/D
     1423 |       6 |     126 |      677 |     18 |   379 |    +1.9% |  -29.676 |    -1456.2 |     83 | sa10_sr\[4\]$_DFF_P_/D
    1424* |       6 |     126 |      677 |     18 |   379 |    +1.9% |  -29.676 |    -1456.2 |    105 | sa10_sr\[4\]$_DFF_P_/D
    1425* |       6 |     126 |      677 |     18 |   379 |    +1.9% |  -29.676 |    -1456.2 |    105 | sa10_sr\[4\]$_DFF_P_/D
    1426* |       6 |     126 |      677 |     18 |   379 |    +1.9% |  -29.676 |    -1456.2 |    105 | sa10_sr\[4\]$_DFF_P_/D
    1427* |       6 |     126 |      677 |     18 |   379 |    +1.9% |  -29.676 |    -1456.2 |    105 | sa10_sr\[4\]$_DFF_P_/D
    1428* |       6 |     126 |      677 |     18 |   379 |    +1.9% |  -29.676 |    -1456.2 |    105 | sa10_sr\[4\]$_DFF_P_/D
    1429* |       6 |     126 |      677 |     18 |   379 |    +1.9% |  -29.676 |    -1456.2 |    105 | sa10_sr\[4\]$_DFF_P_/D
    1430* |       6 |     126 |      677 |     18 |   379 |    +1.9% |  -29.676 |    -1456.2 |    105 | sa10_sr\[4\]$_DFF_P_/D
    1431* |       6 |     127 |      677 |     18 |   379 |    +1.9% |  -29.676 |    -1454.1 |    105 | sa10_sr\[4\]$_DFF_P_/D
    1432* |       6 |     127 |      677 |     18 |   379 |    +1.9% |  -29.676 |    -1454.1 |    105 | sa10_sr\[4\]$_DFF_P_/D
    1433* |       6 |     127 |      677 |     18 |   379 |    +1.9% |  -29.676 |    -1454.1 |    105 | sa10_sr\[4\]$_DFF_P_/D
    1434* |       6 |     127 |      677 |     18 |   379 |    +1.9% |  -29.676 |    -1454.1 |    105 | sa10_sr\[4\]$_DFF_P_/D
    1435* |       6 |     127 |      677 |     18 |   379 |    +1.9% |  -29.676 |    -1454.1 |    105 | sa10_sr\[4\]$_DFF_P_/D
    1436* |       6 |     127 |      677 |     18 |   379 |    +1.9% |  -29.676 |    -1454.1 |    105 | sa10_sr\[4\]$_DFF_P_/D
    1437* |       6 |     127 |      677 |     18 |   379 |    +1.9% |  -29.676 |    -1454.1 |    105 | sa10_sr\[4\]$_DFF_P_/D
    1438* |       6 |     127 |      677 |     18 |   379 |    +1.9% |  -29.676 |    -1454.1 |    105 | sa10_sr\[4\]$_DFF_P_/D
    1439* |       6 |     127 |      677 |     18 |   379 |    +1.9% |  -29.676 |    -1454.1 |    105 | sa10_sr\[4\]$_DFF_P_/D
    1440* |       6 |     127 |      677 |     18 |   379 |    +1.9% |  -29.676 |    -1454.1 |    105 | sa10_sr\[4\]$_DFF_P_/D
    1440* |       6 |     127 |      677 |     18 |   379 |    +1.9% |  -29.676 |    -1454.1 |    105 | sa10_sr\[4\]$_DFF_P_/D
    1441* |       6 |     127 |      677 |     18 |   379 |    +1.9% |  -29.676 |    -1454.1 |    105 | sa10_sr\[4\]$_DFF_P_/D
    1442* |       6 |     127 |      677 |     18 |   379 |    +1.9% |  -29.676 |    -1454.1 |    105 | sa10_sr\[4\]$_DFF_P_/D
    1443* |       6 |     127 |      677 |     18 |   379 |    +1.9% |  -29.676 |    -1454.1 |    105 | sa10_sr\[4\]$_DFF_P_/D
    1444* |       6 |     127 |      677 |     18 |   379 |    +1.9% |  -29.676 |    -1454.1 |    105 | sa10_sr\[4\]$_DFF_P_/D
    1445* |       6 |     127 |      677 |     18 |   379 |    +1.9% |  -29.676 |    -1454.1 |    105 | sa10_sr\[4\]$_DFF_P_/D
    1446* |       6 |     127 |      677 |     18 |   379 |    +1.9% |  -29.676 |    -1454.1 |    105 | sa10_sr\[4\]$_DFF_P_/D
    1447* |       6 |     127 |      677 |     18 |   379 |    +1.9% |  -29.676 |    -1454.1 |    105 | sa10_sr\[4\]$_DFF_P_/D
    1448* |       6 |     127 |      677 |     18 |   379 |    +1.9% |  -29.676 |    -1454.1 |    105 | sa10_sr\[4\]$_DFF_P_/D
    1449* |       6 |     127 |      677 |     18 |   379 |    +1.9% |  -29.676 |    -1454.1 |    105 | sa10_sr\[4\]$_DFF_P_/D
    1450* |       6 |     127 |      677 |     18 |   379 |    +1.9% |  -29.676 |    -1454.1 |    105 | sa10_sr\[4\]$_DFF_P_/D
    1450* |       6 |     127 |      677 |     18 |   379 |    +1.9% |  -29.676 |    -1454.1 |    105 | sa10_sr\[4\]$_DFF_P_/D
    1451* |       6 |     127 |      677 |     18 |   379 |    +1.9% |  -29.676 |    -1454.1 |    105 | sa10_sr\[4\]$_DFF_P_/D
    1452* |       6 |     127 |      677 |     18 |   379 |    +1.9% |  -29.676 |    -1454.1 |    105 | sa10_sr\[4\]$_DFF_P_/D
    1453* |       6 |     127 |      677 |     18 |   379 |    +1.9% |  -29.676 |    -1454.1 |    105 | sa10_sr\[4\]$_DFF_P_/D
    1454* |       6 |     127 |      677 |     18 |   379 |    +1.9% |  -29.676 |    -1454.1 |    105 | sa10_sr\[4\]$_DFF_P_/D
    1455* |       6 |     127 |      677 |     18 |   379 |    +1.9% |  -29.676 |    -1454.1 |    105 | sa10_sr\[4\]$_DFF_P_/D
    1456* |       6 |     127 |      677 |     18 |   379 |    +1.9% |  -29.676 |    -1454.1 |    105 | sa10_sr\[4\]$_DFF_P_/D
    1457* |       6 |     127 |      677 |     18 |   379 |    +1.9% |  -29.676 |    -1454.1 |    105 | sa10_sr\[4\]$_DFF_P_/D
    1459* |       6 |     128 |      677 |     18 |   379 |    +1.9% |  -29.676 |    -1453.1 |    105 | sa10_sr\[4\]$_DFF_P_/D
    1460* |       6 |     128 |      677 |     18 |   379 |    +1.9% |  -29.676 |    -1453.1 |    105 | sa10_sr\[4\]$_DFF_P_/D
    1460* |       6 |     128 |      677 |     18 |   379 |    +1.9% |  -29.676 |    -1453.1 |    105 | sa10_sr\[4\]$_DFF_P_/D
    1461* |       6 |     128 |      677 |     18 |   379 |    +1.9% |  -29.676 |    -1453.1 |    105 | sa10_sr\[4\]$_DFF_P_/D
    1462* |       6 |     128 |      677 |     18 |   379 |    +1.9% |  -29.676 |    -1453.1 |    105 | sa10_sr\[4\]$_DFF_P_/D
    1463* |       6 |     128 |      677 |     18 |   379 |    +1.9% |  -29.676 |    -1453.1 |    105 | sa10_sr\[4\]$_DFF_P_/D
    1464* |       6 |     128 |      677 |     18 |   379 |    +1.9% |  -29.676 |    -1453.1 |    105 | sa10_sr\[4\]$_DFF_P_/D
    1465* |       6 |     128 |      677 |     18 |   379 |    +1.9% |  -29.676 |    -1453.1 |    105 | sa10_sr\[4\]$_DFF_P_/D
    1466* |       6 |     128 |      677 |     18 |   379 |    +1.9% |  -29.676 |    -1453.1 |    105 | sa10_sr\[4\]$_DFF_P_/D
    1467* |       6 |     128 |      677 |     18 |   379 |    +1.9% |  -29.676 |    -1453.1 |    105 | sa10_sr\[4\]$_DFF_P_/D
    1468* |       6 |     128 |      677 |     18 |   379 |    +1.9% |  -29.676 |    -1453.1 |    105 | sa10_sr\[4\]$_DFF_P_/D
    1469* |       6 |     128 |      677 |     18 |   379 |    +1.9% |  -29.676 |    -1453.1 |    105 | sa10_sr\[4\]$_DFF_P_/D
    1470* |       6 |     128 |      677 |     18 |   379 |    +1.9% |  -29.676 |    -1453.1 |    105 | sa10_sr\[4\]$_DFF_P_/D
    1470* |       6 |     128 |      677 |     18 |   379 |    +1.9% |  -29.676 |    -1453.1 |    105 | sa10_sr\[4\]$_DFF_P_/D
    1471* |       6 |     128 |      677 |     18 |   379 |    +1.9% |  -29.676 |    -1453.1 |    105 | sa10_sr\[4\]$_DFF_P_/D
    1472* |       6 |     128 |      677 |     18 |   379 |    +1.9% |  -29.676 |    -1453.1 |    105 | sa10_sr\[4\]$_DFF_P_/D
    1473* |       6 |     128 |      677 |     18 |   379 |    +1.9% |  -29.676 |    -1453.1 |    105 | sa10_sr\[4\]$_DFF_P_/D
    1474* |       6 |     128 |      677 |     18 |   379 |    +1.9% |  -29.676 |    -1453.1 |    105 | sa10_sr\[4\]$_DFF_P_/D
    1475* |       6 |     128 |      677 |     18 |   379 |    +1.9% |  -29.676 |    -1453.1 |    105 | sa10_sr\[4\]$_DFF_P_/D
    1476* |       6 |     128 |      677 |     18 |   379 |    +1.9% |  -29.676 |    -1453.1 |    105 | sa10_sr\[4\]$_DFF_P_/D
    1477* |       6 |     128 |      677 |     18 |   379 |    +1.9% |  -29.676 |    -1453.1 |    105 | sa10_sr\[4\]$_DFF_P_/D
    1478* |       6 |     128 |      677 |     18 |   379 |    +1.9% |  -29.676 |    -1453.1 |    105 | sa10_sr\[4\]$_DFF_P_/D
    1479* |       6 |     128 |      677 |     18 |   379 |    +1.9% |  -29.676 |    -1453.1 |    105 | sa10_sr\[4\]$_DFF_P_/D
    1480* |       6 |     128 |      677 |     18 |   379 |    +1.9% |  -29.676 |    -1453.1 |    105 | sa10_sr\[4\]$_DFF_P_/D
    1480* |       6 |     128 |      677 |     18 |   379 |    +1.9% |  -29.676 |    -1453.1 |    105 | sa10_sr\[4\]$_DFF_P_/D
    1481* |       6 |     128 |      677 |     18 |   379 |    +1.9% |  -29.676 |    -1453.1 |    105 | sa10_sr\[4\]$_DFF_P_/D
    1482* |       6 |     128 |      677 |     18 |   379 |    +1.9% |  -29.676 |    -1453.1 |    105 | sa10_sr\[4\]$_DFF_P_/D
    1483* |       6 |     128 |      677 |     18 |   379 |    +1.9% |  -29.676 |    -1453.1 |    105 | sa10_sr\[4\]$_DFF_P_/D
    1485* |       6 |     129 |      677 |     18 |   379 |    +1.9% |  -29.676 |    -1451.5 |    105 | sa10_sr\[4\]$_DFF_P_/D
    1486* |       6 |     129 |      677 |     18 |   379 |    +1.9% |  -29.676 |    -1451.5 |    105 | sa10_sr\[4\]$_DFF_P_/D
    1487* |       6 |     129 |      677 |     18 |   379 |    +1.9% |  -29.676 |    -1451.5 |    105 | sa10_sr\[4\]$_DFF_P_/D
    1488* |       6 |     129 |      677 |     18 |   379 |    +1.9% |  -29.676 |    -1451.5 |    105 | sa10_sr\[4\]$_DFF_P_/D
    1489* |       6 |     129 |      677 |     18 |   379 |    +1.9% |  -29.676 |    -1451.5 |    105 | sa10_sr\[4\]$_DFF_P_/D
    1490* |       6 |     129 |      677 |     18 |   379 |    +1.9% |  -29.676 |    -1451.5 |    105 | sa10_sr\[4\]$_DFF_P_/D
    1490* |       6 |     129 |      677 |     18 |   379 |    +1.9% |  -29.676 |    -1451.5 |    105 | sa10_sr\[4\]$_DFF_P_/D
    1492* |       6 |     130 |      677 |     18 |   379 |    +1.9% |  -29.676 |    -1451.4 |    105 | sa10_sr\[4\]$_DFF_P_/D
    1493* |       6 |     130 |      677 |     18 |   379 |    +1.9% |  -29.676 |    -1451.4 |    105 | sa10_sr\[4\]$_DFF_P_/D
    1494* |       6 |     130 |      677 |     18 |   379 |    +1.9% |  -29.676 |    -1451.4 |    105 | sa10_sr\[4\]$_DFF_P_/D
    1495* |       6 |     130 |      677 |     18 |   379 |    +1.9% |  -29.676 |    -1451.4 |    105 | sa10_sr\[4\]$_DFF_P_/D
    1496* |       6 |     130 |      677 |     18 |   379 |    +1.9% |  -29.676 |    -1451.4 |    105 | sa10_sr\[4\]$_DFF_P_/D
    1497* |       6 |     130 |      677 |     18 |   379 |    +1.9% |  -29.676 |    -1451.4 |    105 | sa10_sr\[4\]$_DFF_P_/D
    1499* |       6 |     131 |      677 |     18 |   379 |    +1.9% |  -29.676 |    -1447.8 |    105 | sa10_sr\[4\]$_DFF_P_/D
    1500* |       6 |     131 |      677 |     18 |   379 |    +1.9% |  -29.676 |    -1447.8 |    105 | sa10_sr\[4\]$_DFF_P_/D
    1501* |       6 |     131 |      677 |     18 |   379 |    +1.9% |  -29.676 |    -1447.8 |    105 | sa10_sr\[4\]$_DFF_P_/D
    1502* |       6 |     131 |      677 |     18 |   379 |    +1.9% |  -29.676 |    -1447.8 |    105 | sa10_sr\[4\]$_DFF_P_/D
    1503* |       6 |     131 |      677 |     18 |   379 |    +1.9% |  -29.676 |    -1447.8 |    105 | sa10_sr\[4\]$_DFF_P_/D
    1504* |       6 |     131 |      677 |     18 |   379 |    +1.9% |  -29.676 |    -1447.8 |    105 | sa10_sr\[4\]$_DFF_P_/D
    1505* |       6 |     131 |      677 |     18 |   379 |    +1.9% |  -29.676 |    -1447.8 |    105 | sa10_sr\[4\]$_DFF_P_/D
    1506* |       6 |     131 |      677 |     18 |   379 |    +1.9% |  -29.676 |    -1447.8 |    105 | sa10_sr\[4\]$_DFF_P_/D
    1507* |       6 |     131 |      677 |     18 |   379 |    +1.9% |  -29.676 |    -1447.8 |    105 | sa10_sr\[4\]$_DFF_P_/D
    1509* |       6 |     132 |      677 |     18 |   379 |    +1.9% |  -29.676 |    -1447.2 |    105 | sa10_sr\[4\]$_DFF_P_/D
    1510* |       6 |     132 |      677 |     18 |   379 |    +1.9% |  -29.676 |    -1447.2 |    105 | sa10_sr\[4\]$_DFF_P_/D
    1510* |       6 |     132 |      677 |     18 |   379 |    +1.9% |  -29.676 |    -1447.2 |    105 | sa10_sr\[4\]$_DFF_P_/D
    1511* |       6 |     132 |      677 |     18 |   379 |    +1.9% |  -29.676 |    -1447.2 |    105 | sa10_sr\[4\]$_DFF_P_/D
    1512* |       6 |     132 |      677 |     18 |   379 |    +1.9% |  -29.676 |    -1447.2 |    105 | sa10_sr\[4\]$_DFF_P_/D
    1513* |       6 |     132 |      677 |     18 |   379 |    +1.9% |  -29.676 |    -1447.2 |    105 | sa10_sr\[4\]$_DFF_P_/D
    1514* |       6 |     132 |      677 |     18 |   379 |    +1.9% |  -29.676 |    -1447.2 |    105 | sa10_sr\[4\]$_DFF_P_/D
    1515* |       6 |     132 |      677 |     18 |   379 |    +1.9% |  -29.676 |    -1447.2 |    105 | sa10_sr\[4\]$_DFF_P_/D
    1516* |       6 |     132 |      677 |     18 |   379 |    +1.9% |  -29.676 |    -1447.2 |    105 | sa10_sr\[4\]$_DFF_P_/D
    1517* |       6 |     132 |      677 |     18 |   379 |    +1.9% |  -29.676 |    -1447.2 |    105 | sa10_sr\[4\]$_DFF_P_/D
    1518* |       6 |     132 |      677 |     18 |   379 |    +1.9% |  -29.676 |    -1447.2 |    105 | sa10_sr\[4\]$_DFF_P_/D
    1519* |       6 |     132 |      677 |     18 |   379 |    +1.9% |  -29.676 |    -1447.2 |    105 | sa10_sr\[4\]$_DFF_P_/D
    1520* |       6 |     132 |      677 |     18 |   379 |    +1.9% |  -29.676 |    -1447.2 |    105 | sa10_sr\[4\]$_DFF_P_/D
    1520* |       6 |     132 |      677 |     18 |   379 |    +1.9% |  -29.676 |    -1447.2 |    105 | sa10_sr\[4\]$_DFF_P_/D
    1521* |       6 |     132 |      677 |     18 |   379 |    +1.9% |  -29.676 |    -1447.2 |    105 | sa10_sr\[4\]$_DFF_P_/D
    1523* |       6 |     133 |      677 |     18 |   379 |    +1.9% |  -29.676 |    -1446.2 |    105 | sa10_sr\[4\]$_DFF_P_/D
    1524* |       6 |     133 |      677 |     18 |   379 |    +1.9% |  -29.676 |    -1446.2 |    105 | sa10_sr\[4\]$_DFF_P_/D
    1525* |       6 |     133 |      677 |     18 |   379 |    +1.9% |  -29.676 |    -1446.2 |    105 | sa10_sr\[4\]$_DFF_P_/D
    1526* |       6 |     133 |      677 |     18 |   379 |    +1.9% |  -29.676 |    -1446.2 |    105 | sa10_sr\[4\]$_DFF_P_/D
    1527* |       6 |     133 |      677 |     18 |   379 |    +1.9% |  -29.676 |    -1446.2 |    105 | sa10_sr\[4\]$_DFF_P_/D
    1529* |       6 |     134 |      677 |     18 |   379 |    +1.9% |  -29.676 |    -1445.6 |    105 | sa10_sr\[4\]$_DFF_P_/D
    1530* |       6 |     134 |      677 |     18 |   379 |    +1.9% |  -29.676 |    -1445.6 |    105 | sa10_sr\[4\]$_DFF_P_/D
    1530* |       6 |     134 |      677 |     18 |   379 |    +1.9% |  -29.676 |    -1445.6 |    105 | sa10_sr\[4\]$_DFF_P_/D
    1531* |       6 |     134 |      677 |     18 |   379 |    +1.9% |  -29.676 |    -1445.6 |    105 | sa10_sr\[4\]$_DFF_P_/D
    1532* |       6 |     134 |      677 |     18 |   379 |    +1.9% |  -29.676 |    -1445.6 |    105 | sa10_sr\[4\]$_DFF_P_/D
    1533* |       6 |     134 |      677 |     18 |   379 |    +1.9% |  -29.676 |    -1445.6 |    105 | sa10_sr\[4\]$_DFF_P_/D
    1534* |       6 |     134 |      677 |     18 |   379 |    +1.9% |  -29.676 |    -1445.6 |    105 | sa10_sr\[4\]$_DFF_P_/D
    1535* |       6 |     134 |      677 |     18 |   379 |    +1.9% |  -29.676 |    -1445.6 |    105 | sa10_sr\[4\]$_DFF_P_/D
    1536* |       6 |     134 |      677 |     18 |   379 |    +1.9% |  -29.676 |    -1445.6 |    105 | sa10_sr\[4\]$_DFF_P_/D
    final |       6 |     134 |      677 |     18 |   379 |    +1.9% |  -29.676 |    -1445.6 |    105 | sa10_sr\[4\]$_DFF_P_/D
--------------------------------------------------------------------------------------------------------------
[INFO RSZ-0059] Removed 6 buffers.
[INFO RSZ-0040] Inserted 410 buffers.
[INFO RSZ-0041] Resized 134 instances.
[INFO RSZ-0043] Swapped pins on 379 instances.
[INFO RSZ-0049] Cloned 18 instances.
[WARNING RSZ-0062] Unable to repair all setup violations.
[INFO RSZ-0033] No hold violations found.
Took 141 seconds: repair_timing -verbose -setup_margin 0 -hold_margin 0 -repair_tns 100
Repair timing output passed equivalence test
Placement Analysis
---------------------------------
total displacement        374.4 u
average displacement        0.0 u
max displacement            2.2 u
original HPWL           62503.5 u
legalized HPWL          62793.0 u
delta HPWL                    0 %

Report metrics stage 4, cts final...

==========================================================================
cts final report_design_area
--------------------------------------------------------------------------
Design area 2013 u^2 47% utilization.
Elapsed time: 5:53.12[h:]min:sec. CPU time: user 431.38 sys 127.13 (158%). Peak memory: 686440KB.
