OpenROAD v2.0-19576-gec1bf1a13 
Features included (+) or not (-): +GPU +GUI +Python : None
This program is licensed under the BSD-3 license. See the LICENSE file for details.
Components of this program may be licensed under more restrictive licenses which must be honored.
[INFO ORD-0030] Using 6 thread(s).
[INFO ODB-0227] LEF file: /OpenROAD-flow-scripts/flow/platforms/asap7/lef/asap7_tech_1x_201209.lef, created 24 layers, 9 vias
[INFO ODB-0227] LEF file: /OpenROAD-flow-scripts/flow/platforms/asap7/lef/asap7sc7p5t_28_R_1x_220121a.lef, created 212 library cells
source /OpenROAD-flow-scripts/flow/platforms/asap7/setRC.tcl

==========================================================================
Floorplan check_setup
--------------------------------------------------------------------------
Warning: There is 1 unconstrained endpoint.
number instances in verilog is 55774
[WARNING IFP-0028] Core area lower left (2.000, 2.000) snapped to (2.052, 2.160).
[INFO IFP-0001] Added 531 rows of 2660 site asap7sc7p5t.
source /OpenROAD-flow-scripts/flow/platforms/asap7/openRoad/make_tracks.tcl
repair_timing -verbose -setup_margin 0 -repair_tns 100
[WARNING RSZ-0021] no estimated parasitics. Using wire load models.
[INFO RSZ-0098] No setup violations found
[INFO RSZ-0033] No hold violations found.
Default units for flow
 time 1ps
 capacitance 1fF
 resistance 1kohm
 voltage 1v
 current 1mA
 power 1pW
 distance 1um
Report metrics stage 2, floorplan final...

==========================================================================
floorplan final report_design_area
--------------------------------------------------------------------------
Design area 6197 u^2 30% utilization.
Writing DEF File
Elapsed time: 2:07.92[h:]min:sec. CPU time: user 134.04 sys 9.02 (111%). Peak memory: 467652KB.
