OpenROAD v2.0-19576-gec1bf1a13 
Features included (+) or not (-): +GPU +GUI +Python : None
This program is licensed under the BSD-3 license. See the LICENSE file for details.
Components of this program may be licensed under more restrictive licenses which must be honored.
[INFO ORD-0030] Using 6 thread(s).
source /OpenROAD-flow-scripts/flow/platforms/asap7/setRC.tcl
Perform port buffering...
[INFO RSZ-0027] Inserted 18 input buffers.
[INFO RSZ-0028] Inserted 26 output buffers.
Perform buffer insertion and gate resizing...
repair_design -verbose
[INFO RSZ-0058] Using max wire length 162um.
Iteration |   Area    | Resized | Buffers | Nets repaired | Remaining
---------------------------------------------------------------------
        0 |     +0.0% |       0 |       0 |             0 |     63807
     1000 |     -0.0% |       1 |       0 |             0 |     62807
     2000 |     +0.0% |      11 |       0 |             0 |     61807
     3000 |     -0.0% |      17 |       0 |             0 |     60807
     4000 |     +0.0% |      22 |       0 |             0 |     59807
     5000 |     +0.0% |      27 |       0 |             0 |     58807
     6000 |     +0.0% |      41 |       0 |             0 |     57807
     7000 |     +0.0% |      43 |       0 |             0 |     56807
     8000 |     +0.0% |      46 |       0 |             0 |     55807
     9000 |     +0.0% |      46 |       0 |             0 |     54807
    10000 |     +0.0% |      46 |       0 |             0 |     53807
    11000 |     +0.0% |      46 |       0 |             0 |     52807
    12000 |     +0.0% |      46 |       0 |             0 |     51807
    13000 |     +0.0% |      48 |       0 |             0 |     50807
    14000 |     +0.0% |      48 |       0 |             0 |     49807
    15000 |     +0.0% |      48 |       0 |             0 |     48807
    16000 |     +0.0% |      48 |       0 |             0 |     47807
    17000 |     +0.0% |      48 |       0 |             0 |     46807
    18000 |     +0.0% |      51 |       0 |             0 |     45807
    19000 |     +0.0% |      51 |       0 |             0 |     44807
    20000 |     +0.0% |      51 |       0 |             0 |     43807
    21000 |     +0.0% |      51 |       0 |             0 |     42807
    22000 |     +0.0% |      51 |       0 |             0 |     41807
    23000 |     +0.0% |      51 |       0 |             0 |     40807
    24000 |     +0.0% |      52 |       0 |             0 |     39807
    25000 |     +0.0% |      53 |       0 |             0 |     38807
    26000 |     +0.0% |      53 |       0 |             0 |     37807
    27000 |     +0.0% |      56 |       0 |             0 |     36807
    28000 |     +0.0% |      59 |       0 |             0 |     35807
    29000 |     +0.0% |      59 |       0 |             0 |     34807
    30000 |     +0.0% |      62 |       0 |             0 |     33807
    31000 |     +0.0% |      63 |       0 |             0 |     32807
    32000 |     +0.0% |      66 |       0 |             0 |     31807
    33000 |     +0.0% |      66 |       0 |             0 |     30807
    34000 |     +0.0% |      68 |       0 |             0 |     29807
    35000 |     +0.0% |      69 |       0 |             0 |     28807
    36000 |     +0.0% |      74 |       0 |             0 |     27807
    37000 |     +0.0% |      82 |       0 |             0 |     26807
    38000 |     +0.0% |      83 |       0 |             0 |     25807
    39000 |     +0.0% |      84 |       1 |             1 |     24807
    40000 |     +0.0% |      84 |       1 |             1 |     23807
    41000 |     +0.0% |      86 |       1 |             1 |     22807
    42000 |     +0.0% |      96 |       1 |             1 |     21807
    43000 |     +0.0% |     101 |       1 |             1 |     20807
    44000 |     +0.0% |     104 |       1 |             1 |     19807
    45000 |     +0.0% |     104 |       1 |             1 |     18807
    46000 |     +0.0% |     121 |       3 |             3 |     17807
    47000 |     +0.0% |     146 |       3 |             3 |     16807
    48000 |     +0.0% |     155 |       3 |             3 |     15807
    49000 |     +0.0% |     156 |       3 |             3 |     14807
    50000 |     +0.0% |     161 |       3 |             3 |     13807
    51000 |     +0.0% |     167 |       4 |             4 |     12807
    52000 |     +0.0% |     180 |       5 |             5 |     11807
    53000 |     +0.0% |     180 |       5 |             5 |     10807
    54000 |     +0.0% |     180 |       5 |             5 |      9807
    55000 |     +0.0% |     184 |       5 |             5 |      8807
    56000 |     +0.0% |     188 |       5 |             5 |      7807
    57000 |     +0.0% |     189 |       5 |             5 |      6807
    58000 |     +0.0% |     210 |       5 |             5 |      5807
    59000 |     +0.0% |     215 |       5 |             5 |      4807
    60000 |     +0.0% |     219 |       5 |             5 |      3807
    61000 |     +0.0% |     219 |       5 |             5 |      2807
    62000 |     +0.0% |     221 |       5 |             5 |      1807
    63000 |     +0.0% |     224 |       5 |             5 |       807
    final |     +0.0% |     237 |       5 |             5 |         0
---------------------------------------------------------------------
[INFO RSZ-0037] Found 5 long wires.
[INFO RSZ-0039] Resized 237 instances.
[INFO RSZ-0038] Inserted 5 buffers in 5 nets.
Took 50 seconds: repair_design -verbose
Repair tie lo fanout...
[INFO RSZ-0042] Inserted 1 tie TIELOx1_ASAP7_75t_R instances.
Repair tie hi fanout...
[INFO RSZ-0042] Inserted 65 tie TIEHIx1_ASAP7_75t_R instances.
Floating nets: 
Report metrics stage 3, resizer...

==========================================================================
resizer report_design_area
--------------------------------------------------------------------------
Design area 6707 u^2 33% utilization.
Instance count before 58183, after 58296
Pin count before 183477, after 183639
Elapsed time: 3:34.57[h:]min:sec. CPU time: user 239.16 sys 27.92 (124%). Peak memory: 744152KB.
