OpenROAD v2.0-19576-gec1bf1a13 
Features included (+) or not (-): +GPU +GUI +Python : None
This program is licensed under the BSD-3 license. See the LICENSE file for details.
Components of this program may be licensed under more restrictive licenses which must be honored.
[INFO ORD-0030] Using 6 thread(s).
source /OpenROAD-flow-scripts/flow/platforms/asap7/setRC.tcl
Placement Analysis
---------------------------------
total displacement      12401.1 u
average displacement        0.2 u
max displacement            1.2 u
original HPWL          226888.2 u
legalized HPWL         236868.8 u
delta HPWL                    4 %

Detailed placement improvement.
Importing netlist into detailed improver.
[INFO DPO-0100] Creating network with 58296 cells, 47 terminals, 63876 edges, 183686 pins, and 0 blockages.
[INFO DPO-0109] Network stats: inst 58343, edges 63876, pins 183686
[INFO DPO-0110] Number of regions is 1
[INFO DPO-0401] Setting random seed to 1.
[INFO DPO-0402] Setting maximum displacement 5 1 to 1350 270 units.
[INFO DPO-0320] Collected 2441 fixed cells.
[INFO DPO-0318] Collected 55902 single height cells.
[INFO DPO-0321] Collected 0 wide cells.
[INFO DPO-0322] Image (2052, 2160) - (145692, 145530)
[INFO DPO-0310] Assigned 55902 cells into segments.  Movement in X-direction is 0.000000, movement in Y-direction is 0.000000.
[INFO DPO-0313] Found 0 cells in wrong regions.
[INFO DPO-0315] Found 0 row alignment problems.
[INFO DPO-0314] Found 0 site alignment problems.
[INFO DPO-0311] Found 0 overlaps between adjacent cells.
[INFO DPO-0312] Found 0 edge spacing violations and 0 padding violations.
[INFO DPO-0303] Running algorithm for independent set matching.
[INFO DPO-0300] Set matching objective is wirelength.
[INFO DPO-0301] Pass   1 of matching; objective is 2.369194e+08.
[INFO DPO-0302] End of matching; objective is 2.366557e+08, improvement is 0.11 percent.
[INFO DPO-0303] Running algorithm for global swaps.
[INFO DPO-0306] Pass   1 of global swaps; hpwl is 2.345655e+08.
[INFO DPO-0307] End of global swaps; objective is 2.345655e+08, improvement is 0.88 percent.
[INFO DPO-0303] Running algorithm for vertical swaps.
[INFO DPO-0308] Pass   1 of vertical swaps; hpwl is 2.340513e+08.
[INFO DPO-0309] End of vertical swaps; objective is 2.340513e+08, improvement is 0.22 percent.
[INFO DPO-0303] Running algorithm for reordering.
[INFO DPO-0304] Pass   1 of reordering; objective is 2.336387e+08.
[INFO DPO-0305] End of reordering; objective is 2.336387e+08, improvement is 0.18 percent.
[INFO DPO-0303] Running algorithm for random improvement.
[INFO DPO-0324] Random improver is using displacement generator.
[INFO DPO-0325] Random improver is using hpwl objective.
[INFO DPO-0326] Random improver cost string is (a).
[INFO DPO-0332] End of pass, Generator displacement called 1118040 times.
[INFO DPO-0335] Generator displacement, Cumulative attempts 1118040, swaps 180207, moves 268933 since last reset.
[INFO DPO-0333] End of pass, Objective hpwl, Initial cost 2.333947e+08, Scratch cost 2.321235e+08, Incremental cost 2.321235e+08, Mismatch? N
[INFO DPO-0338] End of pass, Total cost is 2.321235e+08.
[INFO DPO-0327] Pass   1 of random improver; improvement in cost is 0.54 percent.
[INFO DPO-0328] End of random improver; improvement is 0.544672 percent.
[INFO DPO-0380] Cell flipping.
[INFO DPO-0382] Changed 28044 cell orientations for row compatibility.
[INFO DPO-0383] Performed 18589 cell flips.
[INFO DPO-0384] End of flipping; objective is 2.292860e+08, improvement is 1.33 percent.
[INFO DPO-0313] Found 0 cells in wrong regions.
[INFO DPO-0315] Found 0 row alignment problems.
[INFO DPO-0314] Found 0 site alignment problems.
[INFO DPO-0311] Found 0 overlaps between adjacent cells.
[INFO DPO-0312] Found 0 edge spacing violations and 0 padding violations.
Detailed Improvement Results
------------------------------------------
Original HPWL           236868.8 u
Final HPWL              228817.2 u
Delta HPWL                  -3.4 %

[INFO DPL-0020] Mirrored 9649 instances
[INFO DPL-0021] HPWL before          228817.2 u
[INFO DPL-0022] HPWL after           228556.8 u
[INFO DPL-0023] HPWL delta               -0.1 %
[INFO FLW-0012] Placement violations .
Report metrics stage 3, detailed place...

==========================================================================
detailed place report_design_area
--------------------------------------------------------------------------
Design area 6707 u^2 33% utilization.
Elapsed time: 3:33.07[h:]min:sec. CPU time: user 234.60 sys 23.29 (121%). Peak memory: 696552KB.
