OpenROAD v2.0-19576-gec1bf1a13 
Features included (+) or not (-): +GPU +GUI +Python : None
This program is licensed under the BSD-3 license. See the LICENSE file for details.
Components of this program may be licensed under more restrictive licenses which must be honored.
[INFO ORD-0030] Using 6 thread(s).
source /OpenROAD-flow-scripts/flow/platforms/nangate45/setRC.tcl
Perform port buffering...
[INFO RSZ-0027] Inserted 18 input buffers.
[INFO RSZ-0028] Inserted 26 output buffers.
Perform buffer insertion and gate resizing...
repair_design -verbose
[INFO RSZ-0058] Using max wire length 640um.
Iteration |   Area    | Resized | Buffers | Nets repaired | Remaining
---------------------------------------------------------------------
        0 |     +0.0% |       0 |       0 |             0 |     73178
     1000 |     +0.0% |       6 |       0 |             0 |     72178
     2000 |     +0.0% |      22 |       0 |             0 |     71178
     3000 |     +0.0% |      34 |       0 |             0 |     70178
     4000 |     +0.0% |      34 |       0 |             0 |     69178
     5000 |     +0.0% |      35 |       0 |             0 |     68178
     6000 |     +0.0% |      38 |       0 |             0 |     67178
     7000 |     +0.0% |      43 |       0 |             0 |     66178
     8000 |     +0.0% |      45 |       0 |             0 |     65178
     9000 |     +0.0% |      45 |       0 |             0 |     64178
    10000 |     +0.0% |      47 |       0 |             0 |     63178
    11000 |     +0.0% |      47 |       0 |             0 |     62178
    12000 |     +0.0% |      47 |       0 |             0 |     61178
    13000 |     +0.0% |      47 |       0 |             0 |     60178
    14000 |     +0.0% |      51 |       0 |             0 |     59178
    15000 |     +0.0% |      51 |       0 |             0 |     58178
    16000 |     +0.0% |      52 |       0 |             0 |     57178
    17000 |     +0.0% |      53 |       0 |             0 |     56178
    18000 |     +0.0% |      53 |       0 |             0 |     55178
    19000 |     +0.0% |      53 |       0 |             0 |     54178
    20000 |     +0.0% |      55 |       0 |             0 |     53178
    21000 |     +0.0% |      57 |       0 |             0 |     52178
    22000 |     +0.0% |      58 |       0 |             0 |     51178
    23000 |     +0.0% |      63 |       0 |             0 |     50178
    24000 |     +0.0% |      64 |       0 |             0 |     49178
    25000 |     +0.0% |      64 |       0 |             0 |     48178
    26000 |     +0.0% |      64 |       0 |             0 |     47178
    27000 |     +0.0% |      69 |       0 |             0 |     46178
    28000 |     +0.0% |      69 |       0 |             0 |     45178
    29000 |     +0.0% |      69 |       0 |             0 |     44178
    30000 |     +0.0% |      69 |       0 |             0 |     43178
    31000 |     +0.0% |      73 |       0 |             0 |     42178
    32000 |     +0.0% |      77 |       0 |             0 |     41178
    33000 |     +0.0% |      77 |       0 |             0 |     40178
    34000 |     +0.0% |      77 |       0 |             0 |     39178
    35000 |     +0.0% |      77 |       0 |             0 |     38178
    36000 |     +0.0% |      82 |       0 |             0 |     37178
    37000 |     +0.0% |      84 |       0 |             0 |     36178
    38000 |     +0.0% |      84 |       0 |             0 |     35178
    39000 |     +0.0% |      85 |       0 |             0 |     34178
    40000 |     +0.0% |      87 |       0 |             0 |     33178
    41000 |     +0.0% |      95 |       1 |             1 |     32178
    42000 |     +0.0% |     100 |       1 |             1 |     31178
    43000 |     +0.0% |     108 |       1 |             1 |     30178
    44000 |     +0.0% |     108 |       1 |             1 |     29178
    45000 |     +0.0% |     110 |       2 |             2 |     28178
    46000 |     +0.0% |     115 |       2 |             2 |     27178
    47000 |     +0.0% |     116 |       2 |             2 |     26178
    48000 |     +0.0% |     119 |       2 |             2 |     25178
    49000 |     +0.0% |     121 |       2 |             2 |     24178
    50000 |     +0.0% |     122 |       2 |             2 |     23178
    51000 |     +0.0% |     127 |       2 |             2 |     22178
    52000 |     +0.0% |     129 |       2 |             2 |     21178
    53000 |     +0.0% |     136 |       2 |             2 |     20178
    54000 |     +0.1% |     139 |       2 |             2 |     19178
    55000 |     +0.1% |     142 |       2 |             2 |     18178
    56000 |     +0.1% |     158 |       2 |             2 |     17178
    57000 |     +0.1% |     162 |       3 |             3 |     16178
    58000 |     +0.1% |     166 |       3 |             3 |     15178
    59000 |     +0.1% |     171 |       3 |             3 |     14178
    60000 |     +0.2% |     184 |       5 |             5 |     13178
    61000 |     +0.2% |     184 |       5 |             5 |     12178
    62000 |     +0.2% |     184 |       5 |             5 |     11178
    63000 |     +0.2% |     186 |       5 |             5 |     10178
    64000 |     +0.2% |     190 |       5 |             5 |      9178
    65000 |     +0.2% |     205 |       5 |             5 |      8178
    66000 |     +0.2% |     210 |       5 |             5 |      7178
    67000 |     +0.2% |     210 |       5 |             5 |      6178
    68000 |     +0.2% |     212 |       5 |             5 |      5178
    69000 |     +0.2% |     212 |       5 |             5 |      4178
    70000 |     +0.2% |     212 |       5 |             5 |      3178
    71000 |     +0.2% |     212 |       5 |             5 |      2178
    72000 |     +0.2% |     213 |       5 |             5 |      1178
    73000 |     +0.2% |     213 |       5 |             5 |       178
    final |     +0.2% |     224 |       6 |             6 |         0
---------------------------------------------------------------------
[INFO RSZ-0036] Found 2 capacitance violations.
[INFO RSZ-0037] Found 4 long wires.
[INFO RSZ-0039] Resized 224 instances.
[INFO RSZ-0038] Inserted 6 buffers in 6 nets.
Took 34 seconds: repair_design -verbose
Repair tie lo fanout...
[INFO RSZ-0042] Inserted 1 tie LOGIC0_X1 instances.
Repair tie hi fanout...
Floating nets: 
Report metrics stage 3, resizer...

==========================================================================
resizer report_design_area
--------------------------------------------------------------------------
Design area 95837 u^2 48% utilization.
Instance count before 61893, after 61943
Pin count before 197493, after 197593
Elapsed time: 2:46.26[h:]min:sec. CPU time: user 192.15 sys 18.19 (126%). Peak memory: 536584KB.
