OpenROAD v2.0-19576-gec1bf1a13 
Features included (+) or not (-): +GPU +GUI +Python : None
This program is licensed under the BSD-3 license. See the LICENSE file for details.
Components of this program may be licensed under more restrictive licenses which must be honored.
[INFO ORD-0030] Using 6 thread(s).
source /OpenROAD-flow-scripts/flow/platforms/nangate45/setRC.tcl
Placement Analysis
---------------------------------
total displacement      50619.0 u
average displacement        0.8 u
max displacement            3.7 u
original HPWL          900534.4 u
legalized HPWL         937664.1 u
delta HPWL                    4 %

Detailed placement improvement.
Importing netlist into detailed improver.
[INFO DPO-0100] Creating network with 61943 cells, 47 terminals, 73184 edges, 197640 pins, and 0 blockages.
[INFO DPO-0109] Network stats: inst 61990, edges 73184, pins 197640
[INFO DPO-0110] Number of regions is 1
[INFO DPO-0401] Setting random seed to 1.
[INFO DPO-0402] Setting maximum displacement 5 1 to 14000 2800 units.
[INFO DPO-0320] Collected 1163 fixed cells.
[INFO DPO-0318] Collected 60827 single height cells.
[INFO DPO-0321] Collected 0 wide cells.
[INFO DPO-0322] Image (2280, 2800) - (894900, 893200)
[INFO DPO-0310] Assigned 60827 cells into segments.  Movement in X-direction is 0.000000, movement in Y-direction is 0.000000.
[INFO DPO-0313] Found 0 cells in wrong regions.
[INFO DPO-0315] Found 0 row alignment problems.
[INFO DPO-0314] Found 0 site alignment problems.
[INFO DPO-0311] Found 0 overlaps between adjacent cells.
[INFO DPO-0312] Found 0 edge spacing violations and 0 padding violations.
[INFO DPO-0303] Running algorithm for independent set matching.
[INFO DPO-0300] Set matching objective is wirelength.
[INFO DPO-0301] Pass   1 of matching; objective is 1.887269e+09.
[INFO DPO-0302] End of matching; objective is 1.885537e+09, improvement is 0.09 percent.
[INFO DPO-0303] Running algorithm for global swaps.
[INFO DPO-0306] Pass   1 of global swaps; hpwl is 1.865409e+09.
[INFO DPO-0306] Pass   2 of global swaps; hpwl is 1.861562e+09.
[INFO DPO-0307] End of global swaps; objective is 1.861562e+09, improvement is 1.27 percent.
[INFO DPO-0303] Running algorithm for vertical swaps.
[INFO DPO-0308] Pass   1 of vertical swaps; hpwl is 1.857972e+09.
[INFO DPO-0309] End of vertical swaps; objective is 1.857972e+09, improvement is 0.19 percent.
[INFO DPO-0303] Running algorithm for reordering.
[INFO DPO-0304] Pass   1 of reordering; objective is 1.854925e+09.
[INFO DPO-0305] End of reordering; objective is 1.854925e+09, improvement is 0.16 percent.
[INFO DPO-0303] Running algorithm for random improvement.
[INFO DPO-0324] Random improver is using displacement generator.
[INFO DPO-0325] Random improver is using hpwl objective.
[INFO DPO-0326] Random improver cost string is (a).
[INFO DPO-0332] End of pass, Generator displacement called 1216540 times.
[INFO DPO-0335] Generator displacement, Cumulative attempts 1216540, swaps 184364, moves 343179 since last reset.
[INFO DPO-0333] End of pass, Objective hpwl, Initial cost 1.853149e+09, Scratch cost 1.842764e+09, Incremental cost 1.842764e+09, Mismatch? N
[INFO DPO-0338] End of pass, Total cost is 1.842764e+09.
[INFO DPO-0327] Pass   1 of random improver; improvement in cost is 0.56 percent.
[INFO DPO-0328] End of random improver; improvement is 0.560418 percent.
[INFO DPO-0380] Cell flipping.
[INFO DPO-0382] Changed 30525 cell orientations for row compatibility.
[INFO DPO-0383] Performed 19507 cell flips.
[INFO DPO-0384] End of flipping; objective is 1.833166e+09, improvement is 0.62 percent.
[INFO DPO-0313] Found 0 cells in wrong regions.
[INFO DPO-0315] Found 0 row alignment problems.
[INFO DPO-0314] Found 0 site alignment problems.
[INFO DPO-0311] Found 0 overlaps between adjacent cells.
[INFO DPO-0312] Found 0 edge spacing violations and 0 padding violations.
Detailed Improvement Results
------------------------------------------
Original HPWL           937664.1 u
Final HPWL              908709.0 u
Delta HPWL                  -3.1 %

[INFO DPL-0020] Mirrored 4854 instances
[INFO DPL-0021] HPWL before          908709.0 u
[INFO DPL-0022] HPWL after           908138.4 u
[INFO DPL-0023] HPWL delta               -0.1 %
[INFO FLW-0012] Placement violations .
Report metrics stage 3, detailed place...

==========================================================================
detailed place report_design_area
--------------------------------------------------------------------------
Design area 95837 u^2 48% utilization.
Elapsed time: 2:53.24[h:]min:sec. CPU time: user 194.47 sys 15.37 (121%). Peak memory: 518496KB.
